[0.000000] (-) TimerEvent: {}
[0.000235] (puma560_description) JobQueued: {'identifier': 'puma560_description', 'dependencies': OrderedDict()}
[0.000269] (puma560_description) JobStarted: {'identifier': 'puma560_description'}
[0.005295] (puma560_description) JobProgress: {'identifier': 'puma560_description', 'progress': 'cmake'}
[0.005381] (puma560_description) Command: {'cmd': ['/usr/bin/cmake', '/home/ROS/ros_ws/src/puma560_description', '-DCMAKE_INSTALL_PREFIX=/home/ROS/ros_ws/src/puma560_description/install/puma560_description'], 'cwd': '/home/ROS/ros_ws/src/puma560_description/build/puma560_description', 'env': OrderedDict([('HOSTNAME', 'thallys'), ('SHLVL', '1'), ('LIBGL_ALWAYS_SOFTWARE', '1'), ('LD_LIBRARY_PATH', '/opt/ros/humble/opt/rviz_ogre_vendor/lib:/opt/ros/humble/lib/x86_64-linux-gnu:/opt/ros/humble/lib'), ('HOME', '/home/ros_ws'), ('OLDPWD', '/home/ROS/ros_ws/src'), ('ROS_PYTHON_VERSION', '3'), ('COLCON_PREFIX_PATH', '/home/ROS/ros_ws/install'), ('ROS_DISTRO', 'humble'), ('_', '/usr/bin/colcon'), ('ROS_VERSION', '2'), ('TERM', 'xterm'), ('ROS_LOCALHOST_ONLY', '0'), ('QT_X11_NO_MITSHM', '1'), ('PATH', '/opt/ros/humble/bin:/usr/local/sbin:/usr/local/bin:/usr/sbin:/usr/bin:/sbin:/bin'), ('XDG_RUNTIME_DIR', '/tmp/runtime-ros_ws'), ('DISPLAY', ':1'), ('LANG', 'C.UTF-8'), ('AMENT_PREFIX_PATH', '/opt/ros/humble'), ('PWD', '/home/ROS/ros_ws/src/puma560_description/build/puma560_description'), ('LC_ALL', 'C.UTF-8'), ('PYTHONPATH', '/opt/ros/humble/lib/python3.10/site-packages:/opt/ros/humble/local/lib/python3.10/dist-packages'), ('NVIDIA_VISIBLE_DEVICES', 'all'), ('TZ', 'America/Sao_Paulo'), ('COLCON', '1'), ('CMAKE_PREFIX_PATH', '/opt/ros/humble')]), 'shell': False}
[0.042784] (puma560_description) StdoutLine: {'line': b'-- The C compiler identification is GNU 11.4.0\n'}
[0.087707] (puma560_description) StdoutLine: {'line': b'-- The CXX compiler identification is GNU 11.4.0\n'}
[0.092869] (puma560_description) StdoutLine: {'line': b'-- Detecting C compiler ABI info\n'}
[0.099458] (-) TimerEvent: {}
[0.166392] (puma560_description) StdoutLine: {'line': b'-- Detecting C compiler ABI info - done\n'}
[0.174120] (puma560_description) StdoutLine: {'line': b'-- Check for working C compiler: /usr/bin/cc - skipped\n'}
[0.174321] (puma560_description) StdoutLine: {'line': b'-- Detecting C compile features\n'}
[0.174525] (puma560_description) StdoutLine: {'line': b'-- Detecting C compile features - done\n'}
[0.176712] (puma560_description) StdoutLine: {'line': b'-- Detecting CXX compiler ABI info\n'}
[0.199671] (-) TimerEvent: {}
[0.252852] (puma560_description) StdoutLine: {'line': b'-- Detecting CXX compiler ABI info - done\n'}
[0.258622] (puma560_description) StdoutLine: {'line': b'-- Check for working CXX compiler: /usr/bin/c++ - skipped\n'}
[0.258948] (puma560_description) StdoutLine: {'line': b'-- Detecting CXX compile features\n'}
[0.259669] (puma560_description) StdoutLine: {'line': b'-- Detecting CXX compile features - done\n'}
[0.262254] (puma560_description) StdoutLine: {'line': b'-- Found ament_cmake: 1.3.9 (/opt/ros/humble/share/ament_cmake/cmake)\n'}
[0.299836] (-) TimerEvent: {}
[0.366861] (puma560_description) StdoutLine: {'line': b'-- Found Python3: /usr/bin/python3 (found version "3.10.12") found components: Interpreter \n'}
[0.399960] (-) TimerEvent: {}
[0.441529] (puma560_description) StdoutLine: {'line': b'-- Found urdf: 2.6.0 (/opt/ros/humble/share/urdf/cmake)\n'}
[0.489508] (puma560_description) StdoutLine: {'line': b'-- Found xacro: 2.0.8 (/opt/ros/humble/share/xacro/cmake)\n'}
[0.490823] (puma560_description) StdoutLine: {'line': b'-- Found ament_lint_auto: 0.12.11 (/opt/ros/humble/share/ament_lint_auto/cmake)\n'}
[0.500067] (-) TimerEvent: {}
[0.549272] (puma560_description) StdoutLine: {'line': b"-- Added test 'cppcheck' to perform static code analysis on C / C++ code\n"}
[0.549403] (puma560_description) StdoutLine: {'line': b'-- Configured cppcheck include dirs: \n'}
[0.549443] (puma560_description) StdoutLine: {'line': b'-- Configured cppcheck exclude dirs and/or files: \n'}
[0.550624] (puma560_description) StdoutLine: {'line': b"-- Added test 'lint_cmake' to check CMake code style\n"}
[0.553148] (puma560_description) StdoutLine: {'line': b"-- Added test 'uncrustify' to check C / C++ code style\n"}
[0.553229] (puma560_description) StdoutLine: {'line': b'-- Configured uncrustify additional arguments: \n'}
[0.553715] (puma560_description) StdoutLine: {'line': b"-- Added test 'xmllint' to check XML markup files\n"}
[0.554460] (puma560_description) StdoutLine: {'line': b'-- Configuring done\n'}
[0.556228] (puma560_description) StdoutLine: {'line': b'-- Generating done\n'}
[0.556864] (puma560_description) StdoutLine: {'line': b'-- Build files have been written to: /home/ROS/ros_ws/src/puma560_description/build/puma560_description\n'}
[0.560638] (puma560_description) CommandEnded: {'returncode': 0}
[0.561760] (puma560_description) JobProgress: {'identifier': 'puma560_description', 'progress': 'build'}
[0.561876] (puma560_description) Command: {'cmd': ['/usr/bin/cmake', '--build', '/home/ROS/ros_ws/src/puma560_description/build/puma560_description', '--', '-j20', '-l20'], 'cwd': '/home/ROS/ros_ws/src/puma560_description/build/puma560_description', 'env': OrderedDict([('HOSTNAME', 'thallys'), ('SHLVL', '1'), ('LIBGL_ALWAYS_SOFTWARE', '1'), ('LD_LIBRARY_PATH', '/opt/ros/humble/opt/rviz_ogre_vendor/lib:/opt/ros/humble/lib/x86_64-linux-gnu:/opt/ros/humble/lib'), ('HOME', '/home/ros_ws'), ('OLDPWD', '/home/ROS/ros_ws/src'), ('ROS_PYTHON_VERSION', '3'), ('COLCON_PREFIX_PATH', '/home/ROS/ros_ws/install'), ('ROS_DISTRO', 'humble'), ('_', '/usr/bin/colcon'), ('ROS_VERSION', '2'), ('TERM', 'xterm'), ('ROS_LOCALHOST_ONLY', '0'), ('QT_X11_NO_MITSHM', '1'), ('PATH', '/opt/ros/humble/bin:/usr/local/sbin:/usr/local/bin:/usr/sbin:/usr/bin:/sbin:/bin'), ('XDG_RUNTIME_DIR', '/tmp/runtime-ros_ws'), ('DISPLAY', ':1'), ('LANG', 'C.UTF-8'), ('AMENT_PREFIX_PATH', '/opt/ros/humble'), ('PWD', '/home/ROS/ros_ws/src/puma560_description/build/puma560_description'), ('LC_ALL', 'C.UTF-8'), ('PYTHONPATH', '/opt/ros/humble/lib/python3.10/site-packages:/opt/ros/humble/local/lib/python3.10/dist-packages'), ('NVIDIA_VISIBLE_DEVICES', 'all'), ('TZ', 'America/Sao_Paulo'), ('COLCON', '1'), ('CMAKE_PREFIX_PATH', '/opt/ros/humble')]), 'shell': False}
[0.598271] (puma560_description) CommandEnded: {'returncode': 0}
[0.600397] (-) TimerEvent: {}
[0.620656] (puma560_description) JobProgress: {'identifier': 'puma560_description', 'progress': 'install'}
[0.627777] (puma560_description) Command: {'cmd': ['/usr/bin/cmake', '--install', '/home/ROS/ros_ws/src/puma560_description/build/puma560_description'], 'cwd': '/home/ROS/ros_ws/src/puma560_description/build/puma560_description', 'env': OrderedDict([('HOSTNAME', 'thallys'), ('SHLVL', '1'), ('LIBGL_ALWAYS_SOFTWARE', '1'), ('LD_LIBRARY_PATH', '/opt/ros/humble/opt/rviz_ogre_vendor/lib:/opt/ros/humble/lib/x86_64-linux-gnu:/opt/ros/humble/lib'), ('HOME', '/home/ros_ws'), ('OLDPWD', '/home/ROS/ros_ws/src'), ('ROS_PYTHON_VERSION', '3'), ('COLCON_PREFIX_PATH', '/home/ROS/ros_ws/install'), ('ROS_DISTRO', 'humble'), ('_', '/usr/bin/colcon'), ('ROS_VERSION', '2'), ('TERM', 'xterm'), ('ROS_LOCALHOST_ONLY', '0'), ('QT_X11_NO_MITSHM', '1'), ('PATH', '/opt/ros/humble/bin:/usr/local/sbin:/usr/local/bin:/usr/sbin:/usr/bin:/sbin:/bin'), ('XDG_RUNTIME_DIR', '/tmp/runtime-ros_ws'), ('DISPLAY', ':1'), ('LANG', 'C.UTF-8'), ('AMENT_PREFIX_PATH', '/opt/ros/humble'), ('PWD', '/home/ROS/ros_ws/src/puma560_description/build/puma560_description'), ('LC_ALL', 'C.UTF-8'), ('PYTHONPATH', '/opt/ros/humble/lib/python3.10/site-packages:/opt/ros/humble/local/lib/python3.10/dist-packages'), ('NVIDIA_VISIBLE_DEVICES', 'all'), ('TZ', 'America/Sao_Paulo'), ('COLCON', '1'), ('CMAKE_PREFIX_PATH', '/opt/ros/humble')]), 'shell': False}
[0.633464] (puma560_description) StdoutLine: {'line': b'-- Install configuration: ""\n'}
[0.633664] (puma560_description) StdoutLine: {'line': b'-- Installing: /home/ROS/ros_ws/src/puma560_description/install/puma560_description/share/ament_index/resource_index/package_run_dependencies/puma560_description\n'}
[0.633824] (puma560_description) StdoutLine: {'line': b'-- Installing: /home/ROS/ros_ws/src/puma560_description/install/puma560_description/share/ament_index/resource_index/parent_prefix_path/puma560_description\n'}
[0.633987] (puma560_description) StdoutLine: {'line': b'-- Installing: /home/ROS/ros_ws/src/puma560_description/install/puma560_description/share/puma560_description/environment/ament_prefix_path.sh\n'}
[0.634139] (puma560_description) StdoutLine: {'line': b'-- Installing: /home/ROS/ros_ws/src/puma560_description/install/puma560_description/share/puma560_description/environment/ament_prefix_path.dsv\n'}
[0.634306] (puma560_description) StdoutLine: {'line': b'-- Installing: /home/ROS/ros_ws/src/puma560_description/install/puma560_description/share/puma560_description/environment/path.sh\n'}
[0.634474] (puma560_description) StdoutLine: {'line': b'-- Installing: /home/ROS/ros_ws/src/puma560_description/install/puma560_description/share/puma560_description/environment/path.dsv\n'}
[0.634659] (puma560_description) StdoutLine: {'line': b'-- Installing: /home/ROS/ros_ws/src/puma560_description/install/puma560_description/share/puma560_description/local_setup.bash\n'}
[0.634810] (puma560_description) StdoutLine: {'line': b'-- Installing: /home/ROS/ros_ws/src/puma560_description/install/puma560_description/share/puma560_description/local_setup.sh\n'}
[0.634991] (puma560_description) StdoutLine: {'line': b'-- Installing: /home/ROS/ros_ws/src/puma560_description/install/puma560_description/share/puma560_description/local_setup.zsh\n'}
[0.635141] (puma560_description) StdoutLine: {'line': b'-- Installing: /home/ROS/ros_ws/src/puma560_description/install/puma560_description/share/puma560_description/local_setup.dsv\n'}
[0.635266] (puma560_description) StdoutLine: {'line': b'-- Installing: /home/ROS/ros_ws/src/puma560_description/install/puma560_description/share/puma560_description/package.dsv\n'}
[0.635389] (puma560_description) StdoutLine: {'line': b'-- Installing: /home/ROS/ros_ws/src/puma560_description/install/puma560_description/share/ament_index/resource_index/packages/puma560_description\n'}
[0.635514] (puma560_description) StdoutLine: {'line': b'-- Installing: /home/ROS/ros_ws/src/puma560_description/install/puma560_description/share/puma560_description/cmake/puma560_descriptionConfig.cmake\n'}
[0.635638] (puma560_description) StdoutLine: {'line': b'-- Installing: /home/ROS/ros_ws/src/puma560_description/install/puma560_description/share/puma560_description/cmake/puma560_descriptionConfig-version.cmake\n'}
[0.635769] (puma560_description) StdoutLine: {'line': b'-- Installing: /home/ROS/ros_ws/src/puma560_description/install/puma560_description/share/puma560_description/package.xml\n'}
[0.636678] (puma560_description) CommandEnded: {'returncode': 0}
[0.679521] (puma560_description) JobEnded: {'identifier': 'puma560_description', 'rc': 0}
[0.680397] (-) EventReactorShutdown: {}
