[0.000000] (-) TimerEvent: {}
[0.000166] (puma560_description) JobQueued: {'identifier': 'puma560_description', 'dependencies': OrderedDict()}
[0.000199] (robot_description) JobQueued: {'identifier': 'robot_description', 'dependencies': OrderedDict()}
[0.000220] (puma560_description) JobStarted: {'identifier': 'puma560_description'}
[0.004059] (robot_description) JobStarted: {'identifier': 'robot_description'}
[0.006895] (puma560_description) JobProgress: {'identifier': 'puma560_description', 'progress': 'cmake'}
[0.007195] (puma560_description) JobProgress: {'identifier': 'puma560_description', 'progress': 'build'}
[0.007573] (puma560_description) Command: {'cmd': ['/usr/bin/cmake', '--build', '/home/ros2_ws/build/puma560_description', '--', '-j20', '-l20'], 'cwd': '/home/ros2_ws/build/puma560_description', 'env': OrderedDict([('HOSTNAME', 'thallys'), ('SHLVL', '1'), ('LD_LIBRARY_PATH', '/opt/ros/humble/opt/rviz_ogre_vendor/lib:/opt/ros/humble/lib/x86_64-linux-gnu:/opt/ros/humble/lib'), ('HOME', '/home/ros2_ws'), ('ROS_PYTHON_VERSION', '3'), ('COLCON_PREFIX_PATH', '/home/ros2_ws/install'), ('ROS_DISTRO', 'humble'), ('_', '/usr/bin/colcon'), ('ROS_VERSION', '2'), ('TERM', 'xterm'), ('ROS_LOCALHOST_ONLY', '0'), ('QT_X11_NO_MITSHM', '1'), ('PATH', '/opt/ros/humble/bin:/usr/local/sbin:/usr/local/bin:/usr/sbin:/usr/bin:/sbin:/bin'), ('XDG_RUNTIME_DIR', '/tmp/runtime-ros2_ws'), ('DISPLAY', ':1'), ('LANG', 'C.UTF-8'), ('AMENT_PREFIX_PATH', '/home/ros2_ws/install/robot_description:/home/ros2_ws/install/puma560_description:/opt/ros/humble'), ('PWD', '/home/ros2_ws/build/puma560_description'), ('LC_ALL', 'C.UTF-8'), ('GAZEBO_PLUGIN_PATH', '/usr/lib/x86_64-linux-gnu/gazebo-11/plugins:'), ('PYTHONPATH', '/opt/ros/humble/lib/python3.10/site-packages:/opt/ros/humble/local/lib/python3.10/dist-packages'), ('TZ', 'America/Sao_Paulo'), ('COLCON', '1'), ('CMAKE_PREFIX_PATH', '/home/ros2_ws/install/robot_description:/home/ros2_ws/install/puma560_description:/opt/ros/humble')]), 'shell': False}
[0.009420] (robot_description) JobProgress: {'identifier': 'robot_description', 'progress': 'cmake'}
[0.009641] (robot_description) JobProgress: {'identifier': 'robot_description', 'progress': 'build'}
[0.009958] (robot_description) Command: {'cmd': ['/usr/bin/cmake', '--build', '/home/ros2_ws/build/robot_description', '--', '-j20', '-l20'], 'cwd': '/home/ros2_ws/build/robot_description', 'env': OrderedDict([('HOSTNAME', 'thallys'), ('SHLVL', '1'), ('LD_LIBRARY_PATH', '/opt/ros/humble/opt/rviz_ogre_vendor/lib:/opt/ros/humble/lib/x86_64-linux-gnu:/opt/ros/humble/lib'), ('HOME', '/home/ros2_ws'), ('ROS_PYTHON_VERSION', '3'), ('COLCON_PREFIX_PATH', '/home/ros2_ws/install'), ('ROS_DISTRO', 'humble'), ('_', '/usr/bin/colcon'), ('ROS_VERSION', '2'), ('TERM', 'xterm'), ('ROS_LOCALHOST_ONLY', '0'), ('QT_X11_NO_MITSHM', '1'), ('PATH', '/opt/ros/humble/bin:/usr/local/sbin:/usr/local/bin:/usr/sbin:/usr/bin:/sbin:/bin'), ('XDG_RUNTIME_DIR', '/tmp/runtime-ros2_ws'), ('DISPLAY', ':1'), ('LANG', 'C.UTF-8'), ('AMENT_PREFIX_PATH', '/home/ros2_ws/install/robot_description:/home/ros2_ws/install/puma560_description:/opt/ros/humble'), ('PWD', '/home/ros2_ws/build/robot_description'), ('LC_ALL', 'C.UTF-8'), ('GAZEBO_PLUGIN_PATH', '/usr/lib/x86_64-linux-gnu/gazebo-11/plugins:'), ('PYTHONPATH', '/opt/ros/humble/lib/python3.10/site-packages:/opt/ros/humble/local/lib/python3.10/dist-packages'), ('TZ', 'America/Sao_Paulo'), ('COLCON', '1'), ('CMAKE_PREFIX_PATH', '/home/ros2_ws/install/robot_description:/home/ros2_ws/install/puma560_description:/opt/ros/humble')]), 'shell': False}
[0.034664] (robot_description) CommandEnded: {'returncode': 0}
[0.035644] (puma560_description) CommandEnded: {'returncode': 0}
[0.047092] (robot_description) JobProgress: {'identifier': 'robot_description', 'progress': 'install'}
[0.051445] (robot_description) Command: {'cmd': ['/usr/bin/cmake', '--install', '/home/ros2_ws/build/robot_description'], 'cwd': '/home/ros2_ws/build/robot_description', 'env': OrderedDict([('HOSTNAME', 'thallys'), ('SHLVL', '1'), ('LD_LIBRARY_PATH', '/opt/ros/humble/opt/rviz_ogre_vendor/lib:/opt/ros/humble/lib/x86_64-linux-gnu:/opt/ros/humble/lib'), ('HOME', '/home/ros2_ws'), ('ROS_PYTHON_VERSION', '3'), ('COLCON_PREFIX_PATH', '/home/ros2_ws/install'), ('ROS_DISTRO', 'humble'), ('_', '/usr/bin/colcon'), ('ROS_VERSION', '2'), ('TERM', 'xterm'), ('ROS_LOCALHOST_ONLY', '0'), ('QT_X11_NO_MITSHM', '1'), ('PATH', '/opt/ros/humble/bin:/usr/local/sbin:/usr/local/bin:/usr/sbin:/usr/bin:/sbin:/bin'), ('XDG_RUNTIME_DIR', '/tmp/runtime-ros2_ws'), ('DISPLAY', ':1'), ('LANG', 'C.UTF-8'), ('AMENT_PREFIX_PATH', '/home/ros2_ws/install/robot_description:/home/ros2_ws/install/puma560_description:/opt/ros/humble'), ('PWD', '/home/ros2_ws/build/robot_description'), ('LC_ALL', 'C.UTF-8'), ('GAZEBO_PLUGIN_PATH', '/usr/lib/x86_64-linux-gnu/gazebo-11/plugins:'), ('PYTHONPATH', '/opt/ros/humble/lib/python3.10/site-packages:/opt/ros/humble/local/lib/python3.10/dist-packages'), ('TZ', 'America/Sao_Paulo'), ('COLCON', '1'), ('CMAKE_PREFIX_PATH', '/home/ros2_ws/install/robot_description:/home/ros2_ws/install/puma560_description:/opt/ros/humble')]), 'shell': False}
[0.052278] (puma560_description) JobProgress: {'identifier': 'puma560_description', 'progress': 'install'}
[0.052695] (puma560_description) Command: {'cmd': ['/usr/bin/cmake', '--install', '/home/ros2_ws/build/puma560_description'], 'cwd': '/home/ros2_ws/build/puma560_description', 'env': OrderedDict([('HOSTNAME', 'thallys'), ('SHLVL', '1'), ('LD_LIBRARY_PATH', '/opt/ros/humble/opt/rviz_ogre_vendor/lib:/opt/ros/humble/lib/x86_64-linux-gnu:/opt/ros/humble/lib'), ('HOME', '/home/ros2_ws'), ('ROS_PYTHON_VERSION', '3'), ('COLCON_PREFIX_PATH', '/home/ros2_ws/install'), ('ROS_DISTRO', 'humble'), ('_', '/usr/bin/colcon'), ('ROS_VERSION', '2'), ('TERM', 'xterm'), ('ROS_LOCALHOST_ONLY', '0'), ('QT_X11_NO_MITSHM', '1'), ('PATH', '/opt/ros/humble/bin:/usr/local/sbin:/usr/local/bin:/usr/sbin:/usr/bin:/sbin:/bin'), ('XDG_RUNTIME_DIR', '/tmp/runtime-ros2_ws'), ('DISPLAY', ':1'), ('LANG', 'C.UTF-8'), ('AMENT_PREFIX_PATH', '/home/ros2_ws/install/robot_description:/home/ros2_ws/install/puma560_description:/opt/ros/humble'), ('PWD', '/home/ros2_ws/build/puma560_description'), ('LC_ALL', 'C.UTF-8'), ('GAZEBO_PLUGIN_PATH', '/usr/lib/x86_64-linux-gnu/gazebo-11/plugins:'), ('PYTHONPATH', '/opt/ros/humble/lib/python3.10/site-packages:/opt/ros/humble/local/lib/python3.10/dist-packages'), ('TZ', 'America/Sao_Paulo'), ('COLCON', '1'), ('CMAKE_PREFIX_PATH', '/home/ros2_ws/install/robot_description:/home/ros2_ws/install/puma560_description:/opt/ros/humble')]), 'shell': False}
[0.055450] (robot_description) StdoutLine: {'line': b'-- Install configuration: ""\n'}
[0.055557] (robot_description) StdoutLine: {'line': b'-- Up-to-date: /home/ros2_ws/install/robot_description/share/robot_description/launch\n'}
[0.055616] (robot_description) StdoutLine: {'line': b'-- Up-to-date: /home/ros2_ws/install/robot_description/share/robot_description/launch/display.launch.py\n'}
[0.055661] (robot_description) StdoutLine: {'line': b'-- Up-to-date: /home/ros2_ws/install/robot_description/share/robot_description/launch/display.launch.yaml\n'}
[0.055711] (robot_description) StdoutLine: {'line': b'-- Up-to-date: /home/ros2_ws/install/robot_description/share/robot_description/launch/test.py\n'}
[0.055762] (robot_description) StdoutLine: {'line': b'-- Up-to-date: /home/ros2_ws/install/robot_description/share/robot_description/urdf\n'}
[0.055810] (robot_description) StdoutLine: {'line': b'-- Up-to-date: /home/ros2_ws/install/robot_description/share/robot_description/urdf/robot_example.urdf\n'}
[0.055859] (robot_description) StdoutLine: {'line': b'-- Up-to-date: /home/ros2_ws/install/robot_description/share/robot_description/config\n'}
[0.055902] (robot_description) StdoutLine: {'line': b'-- Up-to-date: /home/ros2_ws/install/robot_description/share/robot_description/config/config.rviz\n'}
[0.055936] (robot_description) StdoutLine: {'line': b'-- Up-to-date: /home/ros2_ws/install/robot_description/share/ament_index/resource_index/package_run_dependencies/robot_description\n'}
[0.055972] (robot_description) StdoutLine: {'line': b'-- Up-to-date: /home/ros2_ws/install/robot_description/share/ament_index/resource_index/parent_prefix_path/robot_description\n'}
[0.056019] (robot_description) StdoutLine: {'line': b'-- Up-to-date: /home/ros2_ws/install/robot_description/share/robot_description/environment/ament_prefix_path.sh\n'}
[0.056074] (robot_description) StdoutLine: {'line': b'-- Up-to-date: /home/ros2_ws/install/robot_description/share/robot_description/environment/ament_prefix_path.dsv\n'}
[0.056118] (robot_description) StdoutLine: {'line': b'-- Up-to-date: /home/ros2_ws/install/robot_description/share/robot_description/environment/path.sh\n'}
[0.056152] (robot_description) StdoutLine: {'line': b'-- Up-to-date: /home/ros2_ws/install/robot_description/share/robot_description/environment/path.dsv\n'}
[0.056186] (robot_description) StdoutLine: {'line': b'-- Up-to-date: /home/ros2_ws/install/robot_description/share/robot_description/local_setup.bash\n'}
[0.056219] (robot_description) StdoutLine: {'line': b'-- Up-to-date: /home/ros2_ws/install/robot_description/share/robot_description/local_setup.sh\n'}
[0.056250] (robot_description) StdoutLine: {'line': b'-- Up-to-date: /home/ros2_ws/install/robot_description/share/robot_description/local_setup.zsh\n'}
[0.056283] (robot_description) StdoutLine: {'line': b'-- Up-to-date: /home/ros2_ws/install/robot_description/share/robot_description/local_setup.dsv\n'}
[0.056316] (robot_description) StdoutLine: {'line': b'-- Installing: /home/ros2_ws/install/robot_description/share/robot_description/package.dsv\n'}
[0.056349] (robot_description) StdoutLine: {'line': b'-- Up-to-date: /home/ros2_ws/install/robot_description/share/ament_index/resource_index/packages/robot_description\n'}
[0.056381] (robot_description) StdoutLine: {'line': b'-- Up-to-date: /home/ros2_ws/install/robot_description/share/robot_description/cmake/robot_descriptionConfig.cmake\n'}
[0.056412] (robot_description) StdoutLine: {'line': b'-- Up-to-date: /home/ros2_ws/install/robot_description/share/robot_description/cmake/robot_descriptionConfig-version.cmake\n'}
[0.056446] (robot_description) StdoutLine: {'line': b'-- Up-to-date: /home/ros2_ws/install/robot_description/share/robot_description/package.xml\n'}
[0.057163] (robot_description) CommandEnded: {'returncode': 0}
[0.058235] (puma560_description) StdoutLine: {'line': b'-- Install configuration: ""\n'}
[0.058507] (puma560_description) StdoutLine: {'line': b'-- Up-to-date: /home/ros2_ws/install/puma560_description/share/puma560_description/launch\n'}
[0.058567] (puma560_description) StdoutLine: {'line': b'-- Up-to-date: /home/ros2_ws/install/puma560_description/share/puma560_description/launch/puma_display.launch.py\n'}
[0.058612] (puma560_description) StdoutLine: {'line': b'-- Installing: /home/ros2_ws/install/puma560_description/share/puma560_description/launch/puma_gazebo.launch.py\n'}
[0.058674] (puma560_description) StdoutLine: {'line': b'-- Up-to-date: /home/ros2_ws/install/puma560_description/share/puma560_description/urdf\n'}
[0.058716] (puma560_description) StdoutLine: {'line': b'-- Up-to-date: /home/ros2_ws/install/puma560_description/share/puma560_description/urdf/puma560_description.urdf.xacro\n'}
[0.058759] (puma560_description) StdoutLine: {'line': b'-- Up-to-date: /home/ros2_ws/install/puma560_description/share/puma560_description/urdf/cores.xacro\n'}
[0.058835] (puma560_description) StdoutLine: {'line': b'-- Up-to-date: /home/ros2_ws/install/puma560_description/share/puma560_description/config\n'}
[0.058878] (puma560_description) StdoutLine: {'line': b'-- Up-to-date: /home/ros2_ws/install/puma560_description/share/puma560_description/config/link2_inertia.yaml\n'}
[0.058922] (puma560_description) StdoutLine: {'line': b'-- Up-to-date: /home/ros2_ws/install/puma560_description/share/puma560_description/meshes\n'}
[0.058981] (puma560_description) StdoutLine: {'line': b'-- Up-to-date: /home/ros2_ws/install/puma560_description/share/puma560_description/meshes/link_5.STL\n'}
[0.059026] (puma560_description) StdoutLine: {'line': b'-- Up-to-date: /home/ros2_ws/install/puma560_description/share/puma560_description/meshes/link_1.STL\n'}
[0.059140] (puma560_description) StdoutLine: {'line': b'-- Up-to-date: /home/ros2_ws/install/puma560_description/share/puma560_description/meshes/link_4.STL\n'}
[0.059186] (puma560_description) StdoutLine: {'line': b'-- Up-to-date: /home/ros2_ws/install/puma560_description/share/puma560_description/meshes/base_link.STL\n'}
[0.059231] (puma560_description) StdoutLine: {'line': b'-- Up-to-date: /home/ros2_ws/install/puma560_description/share/puma560_description/meshes/link_3.STL\n'}
[0.059299] (puma560_description) StdoutLine: {'line': b'-- Up-to-date: /home/ros2_ws/install/puma560_description/share/puma560_description/meshes/link_2.STL\n'}
[0.059344] (puma560_description) StdoutLine: {'line': b'-- Up-to-date: /home/ros2_ws/install/puma560_description/share/puma560_description/rviz2\n'}
[0.059388] (puma560_description) StdoutLine: {'line': b'-- Up-to-date: /home/ros2_ws/install/puma560_description/share/puma560_description/rviz2/display_puma560.rviz\n'}
[0.059430] (puma560_description) StdoutLine: {'line': b'-- Up-to-date: /home/ros2_ws/install/puma560_description/share/ament_index/resource_index/package_run_dependencies/puma560_description\n'}
[0.059474] (puma560_description) StdoutLine: {'line': b'-- Up-to-date: /home/ros2_ws/install/puma560_description/share/ament_index/resource_index/parent_prefix_path/puma560_description\n'}
[0.059517] (puma560_description) StdoutLine: {'line': b'-- Up-to-date: /home/ros2_ws/install/puma560_description/share/puma560_description/environment/ament_prefix_path.sh\n'}
[0.059565] (puma560_description) StdoutLine: {'line': b'-- Up-to-date: /home/ros2_ws/install/puma560_description/share/puma560_description/environment/ament_prefix_path.dsv\n'}
[0.059609] (puma560_description) StdoutLine: {'line': b'-- Up-to-date: /home/ros2_ws/install/puma560_description/share/puma560_description/environment/path.sh\n'}
[0.059651] (puma560_description) StdoutLine: {'line': b'-- Up-to-date: /home/ros2_ws/install/puma560_description/share/puma560_description/environment/path.dsv\n'}
[0.059692] (puma560_description) StdoutLine: {'line': b'-- Up-to-date: /home/ros2_ws/install/puma560_description/share/puma560_description/local_setup.bash\n'}
[0.059732] (puma560_description) StdoutLine: {'line': b'-- Up-to-date: /home/ros2_ws/install/puma560_description/share/puma560_description/local_setup.sh\n'}
[0.059774] (puma560_description) StdoutLine: {'line': b'-- Up-to-date: /home/ros2_ws/install/puma560_description/share/puma560_description/local_setup.zsh\n'}
[0.059819] (puma560_description) StdoutLine: {'line': b'-- Up-to-date: /home/ros2_ws/install/puma560_description/share/puma560_description/local_setup.dsv\n'}
[0.059860] (puma560_description) StdoutLine: {'line': b'-- Installing: /home/ros2_ws/install/puma560_description/share/puma560_description/package.dsv\n'}
[0.059901] (puma560_description) StdoutLine: {'line': b'-- Up-to-date: /home/ros2_ws/install/puma560_description/share/ament_index/resource_index/packages/puma560_description\n'}
[0.059944] (puma560_description) StdoutLine: {'line': b'-- Up-to-date: /home/ros2_ws/install/puma560_description/share/puma560_description/cmake/puma560_descriptionConfig.cmake\n'}
[0.059986] (puma560_description) StdoutLine: {'line': b'-- Up-to-date: /home/ros2_ws/install/puma560_description/share/puma560_description/cmake/puma560_descriptionConfig-version.cmake\n'}
[0.060065] (puma560_description) StdoutLine: {'line': b'-- Up-to-date: /home/ros2_ws/install/puma560_description/share/puma560_description/package.xml\n'}
[0.070315] (puma560_description) CommandEnded: {'returncode': 0}
[0.086600] (robot_description) JobEnded: {'identifier': 'robot_description', 'rc': 0}
[0.094386] (puma560_description) JobEnded: {'identifier': 'puma560_description', 'rc': 0}
[0.094730] (-) EventReactorShutdown: {}
