[0.000000] (-) TimerEvent: {}
[0.000196] (puma560_description) JobQueued: {'identifier': 'puma560_description', 'dependencies': OrderedDict()}
[0.000244] (robot_description) JobQueued: {'identifier': 'robot_description', 'dependencies': OrderedDict()}
[0.000276] (puma560_description) JobStarted: {'identifier': 'puma560_description'}
[0.011148] (robot_description) JobStarted: {'identifier': 'robot_description'}
[0.016512] (puma560_description) JobProgress: {'identifier': 'puma560_description', 'progress': 'cmake'}
[0.018209] (puma560_description) JobProgress: {'identifier': 'puma560_description', 'progress': 'build'}
[0.018375] (puma560_description) Command: {'cmd': ['/usr/bin/cmake', '--build', '/home/ros2_ws/ros2_ws/build/puma560_description', '--', '-j20', '-l20'], 'cwd': '/home/ros2_ws/ros2_ws/build/puma560_description', 'env': OrderedDict([('HOSTNAME', 'thallys'), ('SHLVL', '1'), ('LIBGL_ALWAYS_SOFTWARE', '1'), ('LD_LIBRARY_PATH', '/opt/ros/humble/opt/rviz_ogre_vendor/lib:/opt/ros/humble/lib/x86_64-linux-gnu:/opt/ros/humble/lib'), ('HOME', '/home/ros2_ws'), ('ROS_PYTHON_VERSION', '3'), ('COLCON_PREFIX_PATH', '/home/ros2_ws/ros2_ws/install'), ('ROS_DISTRO', 'humble'), ('_', '/usr/bin/colcon'), ('ROS_VERSION', '2'), ('TERM', 'xterm'), ('ROS_LOCALHOST_ONLY', '0'), ('QT_X11_NO_MITSHM', '1'), ('PATH', '/opt/ros/humble/bin:/usr/local/sbin:/usr/local/bin:/usr/sbin:/usr/bin:/sbin:/bin'), ('XDG_RUNTIME_DIR', '/tmp/runtime-ros2_ws'), ('DISPLAY', ':1'), ('LANG', 'C.UTF-8'), ('AMENT_PREFIX_PATH', '/home/ros2_ws/ros2_ws/install/robot_description:/home/ros2_ws/ros2_ws/install/puma560_description:/opt/ros/humble'), ('PWD', '/home/ros2_ws/ros2_ws/build/puma560_description'), ('LC_ALL', 'C.UTF-8'), ('PYTHONPATH', '/opt/ros/humble/lib/python3.10/site-packages:/opt/ros/humble/local/lib/python3.10/dist-packages'), ('NVIDIA_VISIBLE_DEVICES', 'all'), ('TZ', 'America/Sao_Paulo'), ('COLCON', '1'), ('CMAKE_PREFIX_PATH', '/home/ros2_ws/ros2_ws/install/robot_description:/home/ros2_ws/ros2_ws/install/puma560_description:/opt/ros/humble')]), 'shell': False}
[0.022189] (robot_description) JobProgress: {'identifier': 'robot_description', 'progress': 'cmake'}
[0.024413] (robot_description) JobProgress: {'identifier': 'robot_description', 'progress': 'build'}
[0.024943] (robot_description) Command: {'cmd': ['/usr/bin/cmake', '--build', '/home/ros2_ws/ros2_ws/build/robot_description', '--', '-j20', '-l20'], 'cwd': '/home/ros2_ws/ros2_ws/build/robot_description', 'env': OrderedDict([('HOSTNAME', 'thallys'), ('SHLVL', '1'), ('LIBGL_ALWAYS_SOFTWARE', '1'), ('LD_LIBRARY_PATH', '/opt/ros/humble/opt/rviz_ogre_vendor/lib:/opt/ros/humble/lib/x86_64-linux-gnu:/opt/ros/humble/lib'), ('HOME', '/home/ros2_ws'), ('ROS_PYTHON_VERSION', '3'), ('COLCON_PREFIX_PATH', '/home/ros2_ws/ros2_ws/install'), ('ROS_DISTRO', 'humble'), ('_', '/usr/bin/colcon'), ('ROS_VERSION', '2'), ('TERM', 'xterm'), ('ROS_LOCALHOST_ONLY', '0'), ('QT_X11_NO_MITSHM', '1'), ('PATH', '/opt/ros/humble/bin:/usr/local/sbin:/usr/local/bin:/usr/sbin:/usr/bin:/sbin:/bin'), ('XDG_RUNTIME_DIR', '/tmp/runtime-ros2_ws'), ('DISPLAY', ':1'), ('LANG', 'C.UTF-8'), ('AMENT_PREFIX_PATH', '/home/ros2_ws/ros2_ws/install/robot_description:/home/ros2_ws/ros2_ws/install/puma560_description:/opt/ros/humble'), ('PWD', '/home/ros2_ws/ros2_ws/build/robot_description'), ('LC_ALL', 'C.UTF-8'), ('PYTHONPATH', '/opt/ros/humble/lib/python3.10/site-packages:/opt/ros/humble/local/lib/python3.10/dist-packages'), ('NVIDIA_VISIBLE_DEVICES', 'all'), ('TZ', 'America/Sao_Paulo'), ('COLCON', '1'), ('CMAKE_PREFIX_PATH', '/home/ros2_ws/ros2_ws/install/robot_description:/home/ros2_ws/ros2_ws/install/puma560_description:/opt/ros/humble')]), 'shell': False}
[0.098962] (-) TimerEvent: {}
[0.113453] (puma560_description) CommandEnded: {'returncode': 0}
[0.115611] (robot_description) CommandEnded: {'returncode': 0}
[0.147748] (puma560_description) JobProgress: {'identifier': 'puma560_description', 'progress': 'install'}
[0.158972] (puma560_description) Command: {'cmd': ['/usr/bin/cmake', '--install', '/home/ros2_ws/ros2_ws/build/puma560_description'], 'cwd': '/home/ros2_ws/ros2_ws/build/puma560_description', 'env': OrderedDict([('HOSTNAME', 'thallys'), ('SHLVL', '1'), ('LIBGL_ALWAYS_SOFTWARE', '1'), ('LD_LIBRARY_PATH', '/opt/ros/humble/opt/rviz_ogre_vendor/lib:/opt/ros/humble/lib/x86_64-linux-gnu:/opt/ros/humble/lib'), ('HOME', '/home/ros2_ws'), ('ROS_PYTHON_VERSION', '3'), ('COLCON_PREFIX_PATH', '/home/ros2_ws/ros2_ws/install'), ('ROS_DISTRO', 'humble'), ('_', '/usr/bin/colcon'), ('ROS_VERSION', '2'), ('TERM', 'xterm'), ('ROS_LOCALHOST_ONLY', '0'), ('QT_X11_NO_MITSHM', '1'), ('PATH', '/opt/ros/humble/bin:/usr/local/sbin:/usr/local/bin:/usr/sbin:/usr/bin:/sbin:/bin'), ('XDG_RUNTIME_DIR', '/tmp/runtime-ros2_ws'), ('DISPLAY', ':1'), ('LANG', 'C.UTF-8'), ('AMENT_PREFIX_PATH', '/home/ros2_ws/ros2_ws/install/robot_description:/home/ros2_ws/ros2_ws/install/puma560_description:/opt/ros/humble'), ('PWD', '/home/ros2_ws/ros2_ws/build/puma560_description'), ('LC_ALL', 'C.UTF-8'), ('PYTHONPATH', '/opt/ros/humble/lib/python3.10/site-packages:/opt/ros/humble/local/lib/python3.10/dist-packages'), ('NVIDIA_VISIBLE_DEVICES', 'all'), ('TZ', 'America/Sao_Paulo'), ('COLCON', '1'), ('CMAKE_PREFIX_PATH', '/home/ros2_ws/ros2_ws/install/robot_description:/home/ros2_ws/ros2_ws/install/puma560_description:/opt/ros/humble')]), 'shell': False}
[0.160264] (robot_description) JobProgress: {'identifier': 'robot_description', 'progress': 'install'}
[0.161559] (robot_description) Command: {'cmd': ['/usr/bin/cmake', '--install', '/home/ros2_ws/ros2_ws/build/robot_description'], 'cwd': '/home/ros2_ws/ros2_ws/build/robot_description', 'env': OrderedDict([('HOSTNAME', 'thallys'), ('SHLVL', '1'), ('LIBGL_ALWAYS_SOFTWARE', '1'), ('LD_LIBRARY_PATH', '/opt/ros/humble/opt/rviz_ogre_vendor/lib:/opt/ros/humble/lib/x86_64-linux-gnu:/opt/ros/humble/lib'), ('HOME', '/home/ros2_ws'), ('ROS_PYTHON_VERSION', '3'), ('COLCON_PREFIX_PATH', '/home/ros2_ws/ros2_ws/install'), ('ROS_DISTRO', 'humble'), ('_', '/usr/bin/colcon'), ('ROS_VERSION', '2'), ('TERM', 'xterm'), ('ROS_LOCALHOST_ONLY', '0'), ('QT_X11_NO_MITSHM', '1'), ('PATH', '/opt/ros/humble/bin:/usr/local/sbin:/usr/local/bin:/usr/sbin:/usr/bin:/sbin:/bin'), ('XDG_RUNTIME_DIR', '/tmp/runtime-ros2_ws'), ('DISPLAY', ':1'), ('LANG', 'C.UTF-8'), ('AMENT_PREFIX_PATH', '/home/ros2_ws/ros2_ws/install/robot_description:/home/ros2_ws/ros2_ws/install/puma560_description:/opt/ros/humble'), ('PWD', '/home/ros2_ws/ros2_ws/build/robot_description'), ('LC_ALL', 'C.UTF-8'), ('PYTHONPATH', '/opt/ros/humble/lib/python3.10/site-packages:/opt/ros/humble/local/lib/python3.10/dist-packages'), ('NVIDIA_VISIBLE_DEVICES', 'all'), ('TZ', 'America/Sao_Paulo'), ('COLCON', '1'), ('CMAKE_PREFIX_PATH', '/home/ros2_ws/ros2_ws/install/robot_description:/home/ros2_ws/ros2_ws/install/puma560_description:/opt/ros/humble')]), 'shell': False}
[0.168810] (puma560_description) StdoutLine: {'line': b'-- Install configuration: ""\n'}
[0.169283] (puma560_description) StdoutLine: {'line': b'-- Up-to-date: /home/ros2_ws/ros2_ws/install/puma560_description/share/puma560_description/launch\n'}
[0.169492] (puma560_description) StdoutLine: {'line': b'-- Up-to-date: /home/ros2_ws/ros2_ws/install/puma560_description/share/puma560_description/launch/display.launch.py\n'}
[0.169580] (puma560_description) StdoutLine: {'line': b'-- Up-to-date: /home/ros2_ws/ros2_ws/install/puma560_description/share/puma560_description/urdf\n'}
[0.169868] (puma560_description) StdoutLine: {'line': b'-- Up-to-date: /home/ros2_ws/ros2_ws/install/puma560_description/share/puma560_description/urdf/description.txt\n'}
[0.170045] (puma560_description) StdoutLine: {'line': b'-- Up-to-date: /home/ros2_ws/ros2_ws/install/puma560_description/share/puma560_description/urdf/material.xacro\n'}
[0.170126] (puma560_description) StdoutLine: {'line': b'-- Up-to-date: /home/ros2_ws/ros2_ws/install/puma560_description/share/puma560_description/urdf/puma560_description.xacro\n'}
[0.170429] (puma560_description) StdoutLine: {'line': b'-- Up-to-date: /home/ros2_ws/ros2_ws/install/puma560_description/share/puma560_description/config\n'}
[0.170554] (puma560_description) StdoutLine: {'line': b'-- Up-to-date: /home/ros2_ws/ros2_ws/install/puma560_description/share/puma560_description/meshes\n'}
[0.170649] (puma560_description) StdoutLine: {'line': b'-- Up-to-date: /home/ros2_ws/ros2_ws/install/puma560_description/share/puma560_description/meshes/link_5.STL\n'}
[0.170716] (puma560_description) StdoutLine: {'line': b'-- Up-to-date: /home/ros2_ws/ros2_ws/install/puma560_description/share/puma560_description/meshes/link_1.STL\n'}
[0.170822] (puma560_description) StdoutLine: {'line': b'-- Up-to-date: /home/ros2_ws/ros2_ws/install/puma560_description/share/puma560_description/meshes/link_4.STL\n'}
[0.170886] (puma560_description) StdoutLine: {'line': b'-- Up-to-date: /home/ros2_ws/ros2_ws/install/puma560_description/share/puma560_description/meshes/base_link.STL\n'}
[0.170949] (puma560_description) StdoutLine: {'line': b'-- Up-to-date: /home/ros2_ws/ros2_ws/install/puma560_description/share/puma560_description/meshes/link_3.STL\n'}
[0.171008] (puma560_description) StdoutLine: {'line': b'-- Up-to-date: /home/ros2_ws/ros2_ws/install/puma560_description/share/puma560_description/meshes/link_2.STL\n'}
[0.171067] (puma560_description) StdoutLine: {'line': b'-- Up-to-date: /home/ros2_ws/ros2_ws/install/puma560_description/share/puma560_description/rviz2\n'}
[0.171125] (puma560_description) StdoutLine: {'line': b'-- Up-to-date: /home/ros2_ws/ros2_ws/install/puma560_description/share/puma560_description/rviz2/puma560_config.rviz\n'}
[0.171182] (puma560_description) StdoutLine: {'line': b'-- Up-to-date: /home/ros2_ws/ros2_ws/install/puma560_description/share/ament_index/resource_index/package_run_dependencies/puma560_description\n'}
[0.171242] (puma560_description) StdoutLine: {'line': b'-- Up-to-date: /home/ros2_ws/ros2_ws/install/puma560_description/share/ament_index/resource_index/parent_prefix_path/puma560_description\n'}
[0.171298] (puma560_description) StdoutLine: {'line': b'-- Up-to-date: /home/ros2_ws/ros2_ws/install/puma560_description/share/puma560_description/environment/ament_prefix_path.sh\n'}
[0.171356] (puma560_description) StdoutLine: {'line': b'-- Up-to-date: /home/ros2_ws/ros2_ws/install/puma560_description/share/puma560_description/environment/ament_prefix_path.dsv\n'}
[0.171413] (puma560_description) StdoutLine: {'line': b'-- Up-to-date: /home/ros2_ws/ros2_ws/install/puma560_description/share/puma560_description/environment/path.sh\n'}
[0.171472] (puma560_description) StdoutLine: {'line': b'-- Up-to-date: /home/ros2_ws/ros2_ws/install/puma560_description/share/puma560_description/environment/path.dsv\n'}
[0.171540] (puma560_description) StdoutLine: {'line': b'-- Up-to-date: /home/ros2_ws/ros2_ws/install/puma560_description/share/puma560_description/local_setup.bash\n'}
[0.171602] (puma560_description) StdoutLine: {'line': b'-- Up-to-date: /home/ros2_ws/ros2_ws/install/puma560_description/share/puma560_description/local_setup.sh\n'}
[0.171663] (puma560_description) StdoutLine: {'line': b'-- Up-to-date: /home/ros2_ws/ros2_ws/install/puma560_description/share/puma560_description/local_setup.zsh\n'}
[0.172137] (puma560_description) StdoutLine: {'line': b'-- Up-to-date: /home/ros2_ws/ros2_ws/install/puma560_description/share/puma560_description/local_setup.dsv\n'}
[0.172344] (puma560_description) StdoutLine: {'line': b'-- Installing: /home/ros2_ws/ros2_ws/install/puma560_description/share/puma560_description/package.dsv\n'}
[0.172476] (puma560_description) StdoutLine: {'line': b'-- Up-to-date: /home/ros2_ws/ros2_ws/install/puma560_description/share/ament_index/resource_index/packages/puma560_description\n'}
[0.172545] (puma560_description) StdoutLine: {'line': b'-- Up-to-date: /home/ros2_ws/ros2_ws/install/puma560_description/share/puma560_description/cmake/puma560_descriptionConfig.cmake\n'}
[0.172699] (puma560_description) StdoutLine: {'line': b'-- Up-to-date: /home/ros2_ws/ros2_ws/install/puma560_description/share/puma560_description/cmake/puma560_descriptionConfig-version.cmake\n'}
[0.172971] (puma560_description) StdoutLine: {'line': b'-- Up-to-date: /home/ros2_ws/ros2_ws/install/puma560_description/share/puma560_description/package.xml\n'}
[0.173105] (robot_description) StdoutLine: {'line': b'-- Install configuration: ""\n'}
[0.173326] (robot_description) StdoutLine: {'line': b'-- Up-to-date: /home/ros2_ws/ros2_ws/install/robot_description/share/robot_description/launch\n'}
[0.173489] (robot_description) StdoutLine: {'line': b'-- Up-to-date: /home/ros2_ws/ros2_ws/install/robot_description/share/robot_description/launch/display.launch.py\n'}
[0.173555] (robot_description) StdoutLine: {'line': b'-- Up-to-date: /home/ros2_ws/ros2_ws/install/robot_description/share/robot_description/launch/display.launch.yaml\n'}
[0.173619] (robot_description) StdoutLine: {'line': b'-- Up-to-date: /home/ros2_ws/ros2_ws/install/robot_description/share/robot_description/launch/test.py\n'}
[0.173681] (robot_description) StdoutLine: {'line': b'-- Up-to-date: /home/ros2_ws/ros2_ws/install/robot_description/share/robot_description/urdf\n'}
[0.173746] (robot_description) StdoutLine: {'line': b'-- Up-to-date: /home/ros2_ws/ros2_ws/install/robot_description/share/robot_description/urdf/robot_example.urdf\n'}
[0.173822] (robot_description) StdoutLine: {'line': b'-- Up-to-date: /home/ros2_ws/ros2_ws/install/robot_description/share/robot_description/config\n'}
[0.173884] (robot_description) StdoutLine: {'line': b'-- Up-to-date: /home/ros2_ws/ros2_ws/install/robot_description/share/robot_description/config/config.rviz\n'}
[0.173946] (robot_description) StdoutLine: {'line': b'-- Up-to-date: /home/ros2_ws/ros2_ws/install/robot_description/share/ament_index/resource_index/package_run_dependencies/robot_description\n'}
[0.174009] (robot_description) StdoutLine: {'line': b'-- Up-to-date: /home/ros2_ws/ros2_ws/install/robot_description/share/ament_index/resource_index/parent_prefix_path/robot_description\n'}
[0.174070] (robot_description) StdoutLine: {'line': b'-- Up-to-date: /home/ros2_ws/ros2_ws/install/robot_description/share/robot_description/environment/ament_prefix_path.sh\n'}
[0.174134] (robot_description) StdoutLine: {'line': b'-- Up-to-date: /home/ros2_ws/ros2_ws/install/robot_description/share/robot_description/environment/ament_prefix_path.dsv\n'}
[0.174212] (robot_description) StdoutLine: {'line': b'-- Up-to-date: /home/ros2_ws/ros2_ws/install/robot_description/share/robot_description/environment/path.sh\n'}
[0.174274] (robot_description) StdoutLine: {'line': b'-- Up-to-date: /home/ros2_ws/ros2_ws/install/robot_description/share/robot_description/environment/path.dsv\n'}
[0.174352] (robot_description) StdoutLine: {'line': b'-- Up-to-date: /home/ros2_ws/ros2_ws/install/robot_description/share/robot_description/local_setup.bash\n'}
[0.174415] (robot_description) StdoutLine: {'line': b'-- Up-to-date: /home/ros2_ws/ros2_ws/install/robot_description/share/robot_description/local_setup.sh\n'}
[0.174476] (robot_description) StdoutLine: {'line': b'-- Up-to-date: /home/ros2_ws/ros2_ws/install/robot_description/share/robot_description/local_setup.zsh\n'}
[0.174537] (robot_description) StdoutLine: {'line': b'-- Up-to-date: /home/ros2_ws/ros2_ws/install/robot_description/share/robot_description/local_setup.dsv\n'}
[0.174596] (robot_description) StdoutLine: {'line': b'-- Installing: /home/ros2_ws/ros2_ws/install/robot_description/share/robot_description/package.dsv\n'}
[0.174664] (robot_description) StdoutLine: {'line': b'-- Up-to-date: /home/ros2_ws/ros2_ws/install/robot_description/share/ament_index/resource_index/packages/robot_description\n'}
[0.174729] (robot_description) StdoutLine: {'line': b'-- Up-to-date: /home/ros2_ws/ros2_ws/install/robot_description/share/robot_description/cmake/robot_descriptionConfig.cmake\n'}
[0.174863] (robot_description) StdoutLine: {'line': b'-- Up-to-date: /home/ros2_ws/ros2_ws/install/robot_description/share/robot_description/cmake/robot_descriptionConfig-version.cmake\n'}
[0.175325] (robot_description) StdoutLine: {'line': b'-- Up-to-date: /home/ros2_ws/ros2_ws/install/robot_description/share/robot_description/package.xml\n'}
[0.175989] (puma560_description) CommandEnded: {'returncode': 0}
[0.200076] (-) TimerEvent: {}
[0.204480] (robot_description) CommandEnded: {'returncode': 0}
[0.242956] (puma560_description) JobEnded: {'identifier': 'puma560_description', 'rc': 0}
[0.255494] (robot_description) JobEnded: {'identifier': 'robot_description', 'rc': 0}
[0.256851] (-) EventReactorShutdown: {}
