[0.212s] DEBUG:colcon:Command line arguments: ['/usr/bin/colcon', 'build']
[0.212s] DEBUG:colcon:Parsed command line arguments: Namespace(log_base=None, log_level=None, verb_name='build', build_base='build', install_base='install', merge_install=False, symlink_install=False, test_result_base=None, continue_on_error=False, executor='parallel', parallel_workers=20, event_handlers=None, ignore_user_meta=False, metas=['./colcon.meta'], base_paths=['.'], packages_ignore=None, packages_ignore_regex=None, paths=None, packages_up_to=None, packages_up_to_regex=None, packages_above=None, packages_above_and_dependencies=None, packages_above_depth=None, packages_select_by_dep=None, packages_skip_by_dep=None, packages_skip_up_to=None, packages_select_build_failed=False, packages_skip_build_finished=False, packages_select_test_failures=False, packages_skip_test_passed=False, packages_select=None, packages_skip=None, packages_select_regex=None, packages_skip_regex=None, packages_start=None, packages_end=None, cmake_args=None, cmake_target=None, cmake_target_skip_unavailable=False, cmake_clean_cache=False, cmake_clean_first=False, cmake_force_configure=False, ament_cmake_args=None, catkin_cmake_args=None, catkin_skip_building_tests=False, mixin_files=None, mixin=None, verb_parser=<colcon_mixin.mixin.mixin_argument.MixinArgumentDecorator object at 0x79240a96bb80>, verb_extension=<colcon_core.verb.build.BuildVerb object at 0x79240aaa42e0>, main=<bound method BuildVerb.main of <colcon_core.verb.build.BuildVerb object at 0x79240aaa42e0>>, mixin_verb=('build',))
[0.391s] Level 1:colcon.colcon_core.package_discovery:discover_packages(colcon_meta) check parameters
[0.391s] Level 1:colcon.colcon_core.package_discovery:discover_packages(recursive) check parameters
[0.391s] Level 1:colcon.colcon_core.package_discovery:discover_packages(ignore) check parameters
[0.391s] Level 1:colcon.colcon_core.package_discovery:discover_packages(path) check parameters
[0.391s] Level 1:colcon.colcon_core.package_discovery:discover_packages(colcon_meta) discover
[0.391s] Level 1:colcon.colcon_core.package_discovery:discover_packages(recursive) discover
[0.391s] INFO:colcon.colcon_core.package_discovery:Crawling recursively for packages in '/home/ros2_ws/ros2_ws'
[0.391s] Level 1:colcon.colcon_core.package_identification:_identify(.) by extensions ['ignore', 'ignore_ament_install']
[0.391s] Level 1:colcon.colcon_core.package_identification:_identify(.) by extension 'ignore'
[0.391s] Level 1:colcon.colcon_core.package_identification:_identify(.) by extension 'ignore_ament_install'
[0.391s] Level 1:colcon.colcon_core.package_identification:_identify(.) by extensions ['colcon_pkg']
[0.391s] Level 1:colcon.colcon_core.package_identification:_identify(.) by extension 'colcon_pkg'
[0.391s] Level 1:colcon.colcon_core.package_identification:_identify(.) by extensions ['colcon_meta']
[0.391s] Level 1:colcon.colcon_core.package_identification:_identify(.) by extension 'colcon_meta'
[0.391s] Level 1:colcon.colcon_core.package_identification:_identify(.) by extensions ['ros']
[0.391s] Level 1:colcon.colcon_core.package_identification:_identify(.) by extension 'ros'
[0.406s] Level 1:colcon.colcon_core.package_identification:_identify(.) by extensions ['cmake', 'python']
[0.406s] Level 1:colcon.colcon_core.package_identification:_identify(.) by extension 'cmake'
[0.406s] Level 1:colcon.colcon_core.package_identification:_identify(.) by extension 'python'
[0.406s] Level 1:colcon.colcon_core.package_identification:_identify(.) by extensions ['python_setup_py']
[0.406s] Level 1:colcon.colcon_core.package_identification:_identify(.) by extension 'python_setup_py'
[0.406s] Level 1:colcon.colcon_core.package_identification:_identify(build) by extensions ['ignore', 'ignore_ament_install']
[0.406s] Level 1:colcon.colcon_core.package_identification:_identify(build) by extension 'ignore'
[0.406s] Level 1:colcon.colcon_core.package_identification:_identify(build) ignored
[0.407s] Level 1:colcon.colcon_core.package_identification:_identify(install) by extensions ['ignore', 'ignore_ament_install']
[0.407s] Level 1:colcon.colcon_core.package_identification:_identify(install) by extension 'ignore'
[0.407s] Level 1:colcon.colcon_core.package_identification:_identify(install) ignored
[0.407s] Level 1:colcon.colcon_core.package_identification:_identify(log) by extensions ['ignore', 'ignore_ament_install']
[0.407s] Level 1:colcon.colcon_core.package_identification:_identify(log) by extension 'ignore'
[0.407s] Level 1:colcon.colcon_core.package_identification:_identify(log) ignored
[0.407s] Level 1:colcon.colcon_core.package_identification:_identify(src) by extensions ['ignore', 'ignore_ament_install']
[0.407s] Level 1:colcon.colcon_core.package_identification:_identify(src) by extension 'ignore'
[0.407s] Level 1:colcon.colcon_core.package_identification:_identify(src) by extension 'ignore_ament_install'
[0.407s] Level 1:colcon.colcon_core.package_identification:_identify(src) by extensions ['colcon_pkg']
[0.407s] Level 1:colcon.colcon_core.package_identification:_identify(src) by extension 'colcon_pkg'
[0.407s] Level 1:colcon.colcon_core.package_identification:_identify(src) by extensions ['colcon_meta']
[0.407s] Level 1:colcon.colcon_core.package_identification:_identify(src) by extension 'colcon_meta'
[0.407s] Level 1:colcon.colcon_core.package_identification:_identify(src) by extensions ['ros']
[0.407s] Level 1:colcon.colcon_core.package_identification:_identify(src) by extension 'ros'
[0.407s] Level 1:colcon.colcon_core.package_identification:_identify(src) by extensions ['cmake', 'python']
[0.408s] Level 1:colcon.colcon_core.package_identification:_identify(src) by extension 'cmake'
[0.408s] Level 1:colcon.colcon_core.package_identification:_identify(src) by extension 'python'
[0.408s] Level 1:colcon.colcon_core.package_identification:_identify(src) by extensions ['python_setup_py']
[0.408s] Level 1:colcon.colcon_core.package_identification:_identify(src) by extension 'python_setup_py'
[0.408s] Level 1:colcon.colcon_core.package_identification:_identify(src/puma560_description) by extensions ['ignore', 'ignore_ament_install']
[0.408s] Level 1:colcon.colcon_core.package_identification:_identify(src/puma560_description) by extension 'ignore'
[0.408s] Level 1:colcon.colcon_core.package_identification:_identify(src/puma560_description) by extension 'ignore_ament_install'
[0.408s] Level 1:colcon.colcon_core.package_identification:_identify(src/puma560_description) by extensions ['colcon_pkg']
[0.408s] Level 1:colcon.colcon_core.package_identification:_identify(src/puma560_description) by extension 'colcon_pkg'
[0.408s] Level 1:colcon.colcon_core.package_identification:_identify(src/puma560_description) by extensions ['colcon_meta']
[0.408s] Level 1:colcon.colcon_core.package_identification:_identify(src/puma560_description) by extension 'colcon_meta'
[0.408s] Level 1:colcon.colcon_core.package_identification:_identify(src/puma560_description) by extensions ['ros']
[0.408s] Level 1:colcon.colcon_core.package_identification:_identify(src/puma560_description) by extension 'ros'
[0.411s] DEBUG:colcon.colcon_core.package_identification:Package 'src/puma560_description' with type 'ros.ament_cmake' and name 'puma560_description'
[0.411s] Level 1:colcon.colcon_core.package_identification:_identify(src/robot_description) by extensions ['ignore', 'ignore_ament_install']
[0.412s] Level 1:colcon.colcon_core.package_identification:_identify(src/robot_description) by extension 'ignore'
[0.412s] Level 1:colcon.colcon_core.package_identification:_identify(src/robot_description) by extension 'ignore_ament_install'
[0.412s] Level 1:colcon.colcon_core.package_identification:_identify(src/robot_description) by extensions ['colcon_pkg']
[0.412s] Level 1:colcon.colcon_core.package_identification:_identify(src/robot_description) by extension 'colcon_pkg'
[0.412s] Level 1:colcon.colcon_core.package_identification:_identify(src/robot_description) by extensions ['colcon_meta']
[0.412s] Level 1:colcon.colcon_core.package_identification:_identify(src/robot_description) by extension 'colcon_meta'
[0.412s] Level 1:colcon.colcon_core.package_identification:_identify(src/robot_description) by extensions ['ros']
[0.412s] Level 1:colcon.colcon_core.package_identification:_identify(src/robot_description) by extension 'ros'
[0.413s] DEBUG:colcon.colcon_core.package_identification:Package 'src/robot_description' with type 'ros.ament_cmake' and name 'robot_description'
[0.413s] Level 1:colcon.colcon_core.package_discovery:discover_packages(recursive) using defaults
[0.413s] Level 1:colcon.colcon_core.package_discovery:discover_packages(ignore) discover
[0.413s] Level 1:colcon.colcon_core.package_discovery:discover_packages(ignore) using defaults
[0.413s] Level 1:colcon.colcon_core.package_discovery:discover_packages(path) discover
[0.413s] Level 1:colcon.colcon_core.package_discovery:discover_packages(path) using defaults
[0.440s] Level 5:colcon.colcon_core.verb:set package 'puma560_description' build argument 'cmake_args' from command line to 'None'
[0.440s] Level 5:colcon.colcon_core.verb:set package 'puma560_description' build argument 'cmake_target' from command line to 'None'
[0.440s] Level 5:colcon.colcon_core.verb:set package 'puma560_description' build argument 'cmake_target_skip_unavailable' from command line to 'False'
[0.440s] Level 5:colcon.colcon_core.verb:set package 'puma560_description' build argument 'cmake_clean_cache' from command line to 'False'
[0.440s] Level 5:colcon.colcon_core.verb:set package 'puma560_description' build argument 'cmake_clean_first' from command line to 'False'
[0.440s] Level 5:colcon.colcon_core.verb:set package 'puma560_description' build argument 'cmake_force_configure' from command line to 'False'
[0.440s] Level 5:colcon.colcon_core.verb:set package 'puma560_description' build argument 'ament_cmake_args' from command line to 'None'
[0.440s] Level 5:colcon.colcon_core.verb:set package 'puma560_description' build argument 'catkin_cmake_args' from command line to 'None'
[0.440s] Level 5:colcon.colcon_core.verb:set package 'puma560_description' build argument 'catkin_skip_building_tests' from command line to 'False'
[0.440s] DEBUG:colcon.colcon_core.verb:Building package 'puma560_description' with the following arguments: {'ament_cmake_args': None, 'build_base': '/home/ros2_ws/ros2_ws/build/puma560_description', 'catkin_cmake_args': None, 'catkin_skip_building_tests': False, 'cmake_args': None, 'cmake_clean_cache': False, 'cmake_clean_first': False, 'cmake_force_configure': False, 'cmake_target': None, 'cmake_target_skip_unavailable': False, 'install_base': '/home/ros2_ws/ros2_ws/install/puma560_description', 'merge_install': False, 'path': '/home/ros2_ws/ros2_ws/src/puma560_description', 'symlink_install': False, 'test_result_base': None}
[0.441s] Level 5:colcon.colcon_core.verb:set package 'robot_description' build argument 'cmake_args' from command line to 'None'
[0.441s] Level 5:colcon.colcon_core.verb:set package 'robot_description' build argument 'cmake_target' from command line to 'None'
[0.441s] Level 5:colcon.colcon_core.verb:set package 'robot_description' build argument 'cmake_target_skip_unavailable' from command line to 'False'
[0.441s] Level 5:colcon.colcon_core.verb:set package 'robot_description' build argument 'cmake_clean_cache' from command line to 'False'
[0.441s] Level 5:colcon.colcon_core.verb:set package 'robot_description' build argument 'cmake_clean_first' from command line to 'False'
[0.441s] Level 5:colcon.colcon_core.verb:set package 'robot_description' build argument 'cmake_force_configure' from command line to 'False'
[0.441s] Level 5:colcon.colcon_core.verb:set package 'robot_description' build argument 'ament_cmake_args' from command line to 'None'
[0.441s] Level 5:colcon.colcon_core.verb:set package 'robot_description' build argument 'catkin_cmake_args' from command line to 'None'
[0.441s] Level 5:colcon.colcon_core.verb:set package 'robot_description' build argument 'catkin_skip_building_tests' from command line to 'False'
[0.441s] DEBUG:colcon.colcon_core.verb:Building package 'robot_description' with the following arguments: {'ament_cmake_args': None, 'build_base': '/home/ros2_ws/ros2_ws/build/robot_description', 'catkin_cmake_args': None, 'catkin_skip_building_tests': False, 'cmake_args': None, 'cmake_clean_cache': False, 'cmake_clean_first': False, 'cmake_force_configure': False, 'cmake_target': None, 'cmake_target_skip_unavailable': False, 'install_base': '/home/ros2_ws/ros2_ws/install/robot_description', 'merge_install': False, 'path': '/home/ros2_ws/ros2_ws/src/robot_description', 'symlink_install': False, 'test_result_base': None}
[0.441s] INFO:colcon.colcon_core.executor:Executing jobs using 'parallel' executor
[0.442s] DEBUG:colcon.colcon_parallel_executor.executor.parallel:run_until_complete
[0.443s] INFO:colcon.colcon_ros.task.ament_cmake.build:Building ROS package in '/home/ros2_ws/ros2_ws/src/puma560_description' with build type 'ament_cmake'
[0.443s] INFO:colcon.colcon_cmake.task.cmake.build:Building CMake package in '/home/ros2_ws/ros2_ws/src/puma560_description'
[0.447s] INFO:colcon.colcon_core.plugin_system:Skipping extension 'colcon_core.shell.bat': Not used on non-Windows systems
[0.447s] INFO:colcon.colcon_core.shell:Skip shell extension 'powershell' for command environment: Not usable outside of PowerShell
[0.447s] DEBUG:colcon.colcon_core.shell:Skip shell extension 'dsv' for command environment
[0.454s] INFO:colcon.colcon_ros.task.ament_cmake.build:Building ROS package in '/home/ros2_ws/ros2_ws/src/robot_description' with build type 'ament_cmake'
[0.454s] INFO:colcon.colcon_cmake.task.cmake.build:Building CMake package in '/home/ros2_ws/ros2_ws/src/robot_description'
[0.455s] INFO:colcon.colcon_core.shell:Skip shell extension 'powershell' for command environment: Not usable outside of PowerShell
[0.455s] DEBUG:colcon.colcon_core.shell:Skip shell extension 'dsv' for command environment
[0.462s] DEBUG:colcon.colcon_core.event_handler.log_command:Invoking command in '/home/ros2_ws/ros2_ws/build/puma560_description': CMAKE_PREFIX_PATH=${CMAKE_PREFIX_PATH}:/opt/ros/humble /usr/bin/cmake --build /home/ros2_ws/ros2_ws/build/puma560_description -- -j20 -l20
[0.469s] DEBUG:colcon.colcon_core.event_handler.log_command:Invoking command in '/home/ros2_ws/ros2_ws/build/robot_description': CMAKE_PREFIX_PATH=${CMAKE_PREFIX_PATH}:/opt/ros/humble /usr/bin/cmake --build /home/ros2_ws/ros2_ws/build/robot_description -- -j20 -l20
[0.558s] DEBUG:colcon.colcon_core.event_handler.log_command:Invoked command in '/home/ros2_ws/ros2_ws/build/puma560_description' returned '0': CMAKE_PREFIX_PATH=${CMAKE_PREFIX_PATH}:/opt/ros/humble /usr/bin/cmake --build /home/ros2_ws/ros2_ws/build/puma560_description -- -j20 -l20
[0.560s] DEBUG:colcon.colcon_core.event_handler.log_command:Invoked command in '/home/ros2_ws/ros2_ws/build/robot_description' returned '0': CMAKE_PREFIX_PATH=${CMAKE_PREFIX_PATH}:/opt/ros/humble /usr/bin/cmake --build /home/ros2_ws/ros2_ws/build/robot_description -- -j20 -l20
[0.602s] DEBUG:colcon.colcon_core.event_handler.log_command:Invoking command in '/home/ros2_ws/ros2_ws/build/puma560_description': CMAKE_PREFIX_PATH=${CMAKE_PREFIX_PATH}:/opt/ros/humble /usr/bin/cmake --install /home/ros2_ws/ros2_ws/build/puma560_description
[0.605s] DEBUG:colcon.colcon_core.event_handler.log_command:Invoking command in '/home/ros2_ws/ros2_ws/build/robot_description': CMAKE_PREFIX_PATH=${CMAKE_PREFIX_PATH}:/opt/ros/humble /usr/bin/cmake --install /home/ros2_ws/ros2_ws/build/robot_description
[0.619s] Level 1:colcon.colcon_core.environment:create_environment_scripts_only(puma560_description)
[0.619s] DEBUG:colcon.colcon_core.event_handler.log_command:Invoked command in '/home/ros2_ws/ros2_ws/build/puma560_description' returned '0': CMAKE_PREFIX_PATH=${CMAKE_PREFIX_PATH}:/opt/ros/humble /usr/bin/cmake --install /home/ros2_ws/ros2_ws/build/puma560_description
[0.625s] Level 1:colcon.colcon_core.environment:checking '/home/ros2_ws/ros2_ws/install/puma560_description' for CMake module files
[0.626s] Level 1:colcon.colcon_core.environment:checking '/home/ros2_ws/ros2_ws/install/puma560_description' for CMake config files
[0.627s] Level 1:colcon.colcon_core.shell:create_environment_hook('puma560_description', 'cmake_prefix_path')
[0.627s] INFO:colcon.colcon_core.shell:Creating environment hook '/home/ros2_ws/ros2_ws/install/puma560_description/share/puma560_description/hook/cmake_prefix_path.ps1'
[0.628s] INFO:colcon.colcon_core.shell:Creating environment descriptor '/home/ros2_ws/ros2_ws/install/puma560_description/share/puma560_description/hook/cmake_prefix_path.dsv'
[0.629s] INFO:colcon.colcon_core.shell:Creating environment hook '/home/ros2_ws/ros2_ws/install/puma560_description/share/puma560_description/hook/cmake_prefix_path.sh'
[0.631s] Level 1:colcon.colcon_core.environment:checking '/home/ros2_ws/ros2_ws/install/puma560_description/bin'
[0.631s] Level 1:colcon.colcon_core.environment:checking '/home/ros2_ws/ros2_ws/install/puma560_description/lib/pkgconfig/puma560_description.pc'
[0.635s] Level 1:colcon.colcon_core.environment:checking '/home/ros2_ws/ros2_ws/install/puma560_description/lib/python3.10/site-packages'
[0.636s] Level 1:colcon.colcon_core.environment:checking '/home/ros2_ws/ros2_ws/install/puma560_description/bin'
[0.636s] INFO:colcon.colcon_core.shell:Creating package script '/home/ros2_ws/ros2_ws/install/puma560_description/share/puma560_description/package.ps1'
[0.637s] INFO:colcon.colcon_core.shell:Creating package descriptor '/home/ros2_ws/ros2_ws/install/puma560_description/share/puma560_description/package.dsv'
[0.638s] INFO:colcon.colcon_core.shell:Creating package script '/home/ros2_ws/ros2_ws/install/puma560_description/share/puma560_description/package.sh'
[0.640s] INFO:colcon.colcon_core.shell:Creating package script '/home/ros2_ws/ros2_ws/install/puma560_description/share/puma560_description/package.bash'
[0.641s] INFO:colcon.colcon_core.shell:Creating package script '/home/ros2_ws/ros2_ws/install/puma560_description/share/puma560_description/package.zsh'
[0.644s] Level 1:colcon.colcon_core.environment:create_file_with_runtime_dependencies(/home/ros2_ws/ros2_ws/install/puma560_description/share/colcon-core/packages/puma560_description)
[0.647s] Level 1:colcon.colcon_core.environment:create_environment_scripts_only(robot_description)
[0.647s] Level 1:colcon.colcon_core.environment:checking '/home/ros2_ws/ros2_ws/install/robot_description' for CMake module files
[0.648s] DEBUG:colcon.colcon_core.event_handler.log_command:Invoked command in '/home/ros2_ws/ros2_ws/build/robot_description' returned '0': CMAKE_PREFIX_PATH=${CMAKE_PREFIX_PATH}:/opt/ros/humble /usr/bin/cmake --install /home/ros2_ws/ros2_ws/build/robot_description
[0.649s] Level 1:colcon.colcon_core.environment:checking '/home/ros2_ws/ros2_ws/install/robot_description' for CMake config files
[0.649s] Level 1:colcon.colcon_core.shell:create_environment_hook('robot_description', 'cmake_prefix_path')
[0.649s] INFO:colcon.colcon_core.shell:Creating environment hook '/home/ros2_ws/ros2_ws/install/robot_description/share/robot_description/hook/cmake_prefix_path.ps1'
[0.650s] INFO:colcon.colcon_core.shell:Creating environment descriptor '/home/ros2_ws/ros2_ws/install/robot_description/share/robot_description/hook/cmake_prefix_path.dsv'
[0.650s] INFO:colcon.colcon_core.shell:Creating environment hook '/home/ros2_ws/ros2_ws/install/robot_description/share/robot_description/hook/cmake_prefix_path.sh'
[0.651s] Level 1:colcon.colcon_core.environment:checking '/home/ros2_ws/ros2_ws/install/robot_description/bin'
[0.651s] Level 1:colcon.colcon_core.environment:checking '/home/ros2_ws/ros2_ws/install/robot_description/lib/pkgconfig/robot_description.pc'
[0.652s] Level 1:colcon.colcon_core.environment:checking '/home/ros2_ws/ros2_ws/install/robot_description/lib/python3.10/site-packages'
[0.652s] Level 1:colcon.colcon_core.environment:checking '/home/ros2_ws/ros2_ws/install/robot_description/bin'
[0.652s] INFO:colcon.colcon_core.shell:Creating package script '/home/ros2_ws/ros2_ws/install/robot_description/share/robot_description/package.ps1'
[0.653s] INFO:colcon.colcon_core.shell:Creating package descriptor '/home/ros2_ws/ros2_ws/install/robot_description/share/robot_description/package.dsv'
[0.653s] INFO:colcon.colcon_core.shell:Creating package script '/home/ros2_ws/ros2_ws/install/robot_description/share/robot_description/package.sh'
[0.654s] INFO:colcon.colcon_core.shell:Creating package script '/home/ros2_ws/ros2_ws/install/robot_description/share/robot_description/package.bash'
[0.654s] INFO:colcon.colcon_core.shell:Creating package script '/home/ros2_ws/ros2_ws/install/robot_description/share/robot_description/package.zsh'
[0.655s] Level 1:colcon.colcon_core.environment:create_file_with_runtime_dependencies(/home/ros2_ws/ros2_ws/install/robot_description/share/colcon-core/packages/robot_description)
[0.679s] Level 1:colcon.colcon_core.environment:create_environment_scripts_only(puma560_description)
[0.679s] Level 1:colcon.colcon_core.environment:checking '/home/ros2_ws/ros2_ws/install/puma560_description' for CMake module files
[0.680s] Level 1:colcon.colcon_core.environment:checking '/home/ros2_ws/ros2_ws/install/puma560_description' for CMake config files
[0.680s] Level 1:colcon.colcon_core.shell:create_environment_hook('puma560_description', 'cmake_prefix_path')
[0.680s] INFO:colcon.colcon_core.shell:Creating environment hook '/home/ros2_ws/ros2_ws/install/puma560_description/share/puma560_description/hook/cmake_prefix_path.ps1'
[0.681s] INFO:colcon.colcon_core.shell:Creating environment descriptor '/home/ros2_ws/ros2_ws/install/puma560_description/share/puma560_description/hook/cmake_prefix_path.dsv'
[0.681s] INFO:colcon.colcon_core.shell:Creating environment hook '/home/ros2_ws/ros2_ws/install/puma560_description/share/puma560_description/hook/cmake_prefix_path.sh'
[0.682s] Level 1:colcon.colcon_core.environment:checking '/home/ros2_ws/ros2_ws/install/puma560_description/bin'
[0.682s] Level 1:colcon.colcon_core.environment:checking '/home/ros2_ws/ros2_ws/install/puma560_description/lib/pkgconfig/puma560_description.pc'
[0.682s] Level 1:colcon.colcon_core.environment:checking '/home/ros2_ws/ros2_ws/install/puma560_description/lib/python3.10/site-packages'
[0.683s] Level 1:colcon.colcon_core.environment:checking '/home/ros2_ws/ros2_ws/install/puma560_description/bin'
[0.683s] INFO:colcon.colcon_core.shell:Creating package script '/home/ros2_ws/ros2_ws/install/puma560_description/share/puma560_description/package.ps1'
[0.684s] INFO:colcon.colcon_core.shell:Creating package descriptor '/home/ros2_ws/ros2_ws/install/puma560_description/share/puma560_description/package.dsv'
[0.684s] INFO:colcon.colcon_core.shell:Creating package script '/home/ros2_ws/ros2_ws/install/puma560_description/share/puma560_description/package.sh'
[0.685s] INFO:colcon.colcon_core.shell:Creating package script '/home/ros2_ws/ros2_ws/install/puma560_description/share/puma560_description/package.bash'
[0.685s] INFO:colcon.colcon_core.shell:Creating package script '/home/ros2_ws/ros2_ws/install/puma560_description/share/puma560_description/package.zsh'
[0.686s] Level 1:colcon.colcon_core.environment:create_file_with_runtime_dependencies(/home/ros2_ws/ros2_ws/install/puma560_description/share/colcon-core/packages/puma560_description)
[0.689s] Level 1:colcon.colcon_core.environment:create_environment_scripts_only(robot_description)
[0.689s] Level 1:colcon.colcon_core.environment:checking '/home/ros2_ws/ros2_ws/install/robot_description' for CMake module files
[0.690s] Level 1:colcon.colcon_core.environment:checking '/home/ros2_ws/ros2_ws/install/robot_description' for CMake config files
[0.690s] Level 1:colcon.colcon_core.shell:create_environment_hook('robot_description', 'cmake_prefix_path')
[0.690s] INFO:colcon.colcon_core.shell:Creating environment hook '/home/ros2_ws/ros2_ws/install/robot_description/share/robot_description/hook/cmake_prefix_path.ps1'
[0.691s] INFO:colcon.colcon_core.shell:Creating environment descriptor '/home/ros2_ws/ros2_ws/install/robot_description/share/robot_description/hook/cmake_prefix_path.dsv'
[0.691s] INFO:colcon.colcon_core.shell:Creating environment hook '/home/ros2_ws/ros2_ws/install/robot_description/share/robot_description/hook/cmake_prefix_path.sh'
[0.692s] Level 1:colcon.colcon_core.environment:checking '/home/ros2_ws/ros2_ws/install/robot_description/bin'
[0.693s] Level 1:colcon.colcon_core.environment:checking '/home/ros2_ws/ros2_ws/install/robot_description/lib/pkgconfig/robot_description.pc'
[0.693s] Level 1:colcon.colcon_core.environment:checking '/home/ros2_ws/ros2_ws/install/robot_description/lib/python3.10/site-packages'
[0.693s] Level 1:colcon.colcon_core.environment:checking '/home/ros2_ws/ros2_ws/install/robot_description/bin'
[0.694s] INFO:colcon.colcon_core.shell:Creating package script '/home/ros2_ws/ros2_ws/install/robot_description/share/robot_description/package.ps1'
[0.695s] INFO:colcon.colcon_core.shell:Creating package descriptor '/home/ros2_ws/ros2_ws/install/robot_description/share/robot_description/package.dsv'
[0.696s] INFO:colcon.colcon_core.shell:Creating package script '/home/ros2_ws/ros2_ws/install/robot_description/share/robot_description/package.sh'
[0.697s] INFO:colcon.colcon_core.shell:Creating package script '/home/ros2_ws/ros2_ws/install/robot_description/share/robot_description/package.bash'
[0.698s] INFO:colcon.colcon_core.shell:Creating package script '/home/ros2_ws/ros2_ws/install/robot_description/share/robot_description/package.zsh'
[0.698s] Level 1:colcon.colcon_core.environment:create_file_with_runtime_dependencies(/home/ros2_ws/ros2_ws/install/robot_description/share/colcon-core/packages/robot_description)
[0.698s] DEBUG:colcon.colcon_parallel_executor.executor.parallel:closing loop
[0.699s] DEBUG:colcon.colcon_parallel_executor.executor.parallel:loop closed
[0.699s] DEBUG:colcon.colcon_parallel_executor.executor.parallel:run_until_complete finished with '0'
[0.699s] DEBUG:colcon.colcon_core.event_reactor:joining thread
[0.716s] INFO:colcon.colcon_core.plugin_system:Skipping extension 'colcon_notification.desktop_notification.notify_send': Could not find 'notify-send'
[0.716s] INFO:colcon.colcon_core.plugin_system:Skipping extension 'colcon_notification.desktop_notification.terminal_notifier': Not used on non-Darwin systems
[0.716s] INFO:colcon.colcon_core.plugin_system:Skipping extension 'colcon_notification.desktop_notification.win32': Not used on non-Windows systems
[0.716s] INFO:colcon.colcon_notification.desktop_notification:Sending desktop notification using 'notify2'
[0.722s] DEBUG:colcon.colcon_notification.desktop_notification.notify2:Failed to initialize notify2: org.freedesktop.DBus.Error.Spawn.ExecFailed: /usr/bin/dbus-launch terminated abnormally without any error message
[0.723s] DEBUG:colcon.colcon_core.event_reactor:joined thread
[0.724s] INFO:colcon.colcon_core.shell:Creating prefix script '/home/ros2_ws/ros2_ws/install/local_setup.ps1'
[0.726s] INFO:colcon.colcon_core.shell:Creating prefix util module '/home/ros2_ws/ros2_ws/install/_local_setup_util_ps1.py'
[0.728s] INFO:colcon.colcon_core.shell:Creating prefix chain script '/home/ros2_ws/ros2_ws/install/setup.ps1'
[0.730s] INFO:colcon.colcon_core.shell:Creating prefix script '/home/ros2_ws/ros2_ws/install/local_setup.sh'
[0.731s] INFO:colcon.colcon_core.shell:Creating prefix util module '/home/ros2_ws/ros2_ws/install/_local_setup_util_sh.py'
[0.732s] INFO:colcon.colcon_core.shell:Creating prefix chain script '/home/ros2_ws/ros2_ws/install/setup.sh'
[0.734s] INFO:colcon.colcon_core.shell:Creating prefix script '/home/ros2_ws/ros2_ws/install/local_setup.bash'
[0.735s] INFO:colcon.colcon_core.shell:Creating prefix chain script '/home/ros2_ws/ros2_ws/install/setup.bash'
[0.737s] INFO:colcon.colcon_core.shell:Creating prefix script '/home/ros2_ws/ros2_ws/install/local_setup.zsh'
[0.738s] INFO:colcon.colcon_core.shell:Creating prefix chain script '/home/ros2_ws/ros2_ws/install/setup.zsh'
