(2024-10-27T21:51:14.403198334) (2024-10-27T21:51:14.403215233) [Msg] Ignition Gazebo Server v6.16.0
(2024-10-27T21:51:14.407232831) (2024-10-27T21:51:14.407243065) [Msg] Loading SDF world file[/usr/share/ignition/ignition-gazebo6/worlds/empty.sdf].
(2024-10-27T21:51:14.453470755) (2024-10-27T21:51:14.453476137) [Msg] Serving entity system service on [/entity/system/add]
(2024-10-27T21:51:14.470980192) (2024-10-27T21:51:14.470985678) [Dbg] [Physics.cc:804] Loaded [ignition::physics::dartsim::Plugin] from library [/usr/lib/x86_64-linux-gnu/ign-physics-5/engine-plugins/libignition-physics-dartsim-plugin.so]
(2024-10-27T21:51:14.471015818) (2024-10-27T21:51:14.471017923) [Dbg] [SystemManager.cc:70] Loaded system [gz::sim::systems::Physics] for entity [1]
(2024-10-27T21:51:14.472343313) (2024-10-27T21:51:14.472348186) [Msg] Create service on [/world/empty/create]
(2024-10-27T21:51:14.472408175) (2024-10-27T21:51:14.472410481) [Msg] Remove service on [/world/empty/remove]
(2024-10-27T21:51:14.472449896) (2024-10-27T21:51:14.472452136) [Msg] Pose service on [/world/empty/set_pose]
(2024-10-27T21:51:14.472483034) (2024-10-27T21:51:14.472485221) [Msg] Pose service on [/world/empty/set_pose_vector]
(2024-10-27T21:51:14.472547753) (2024-10-27T21:51:14.472549888) [Msg] Light configuration service on [/world/empty/light_config]
(2024-10-27T21:51:14.472624413) (2024-10-27T21:51:14.472626895) [Msg] Physics service on [/world/empty/set_physics]
(2024-10-27T21:51:14.472676760) (2024-10-27T21:51:14.472679077) [Msg] SphericalCoordinates service on [/world/empty/set_spherical_coordinates]
(2024-10-27T21:51:14.472707477) (2024-10-27T21:51:14.472709697) [Msg] Enable collision service on [/world/empty/enable_collision]
(2024-10-27T21:51:14.472732299) (2024-10-27T21:51:14.472734478) [Msg] Disable collision service on [/world/empty/disable_collision]
(2024-10-27T21:51:14.472798996) (2024-10-27T21:51:14.472801317) [Msg] Material service on [/world/empty/visual_config]
(2024-10-27T21:51:14.472841187) (2024-10-27T21:51:14.472843443) [Msg] Material service on [/world/empty/wheel_slip]
(2024-10-27T21:51:14.472857186) (2024-10-27T21:51:14.472859392) [Dbg] [SystemManager.cc:70] Loaded system [gz::sim::systems::UserCommands] for entity [1]
(2024-10-27T21:51:14.473925786) (2024-10-27T21:51:14.473929410) [Dbg] [SystemManager.cc:70] Loaded system [gz::sim::systems::SceneBroadcaster] for entity [1]
(2024-10-27T21:51:14.474728535) (2024-10-27T21:51:14.474732338) [Dbg] [SystemManager.cc:70] Loaded system [gz::sim::systems::Contact] for entity [1]
(2024-10-27T21:51:14.474921077) (2024-10-27T21:51:14.474923879) [Msg] Loaded level [3]
(2024-10-27T21:51:14.475051707) (2024-10-27T21:51:14.475054386) [Msg] Serving world controls on [/world/empty/control], [/world/empty/control/state] and [/world/empty/playback/control]
(2024-10-27T21:51:14.475107188) (2024-10-27T21:51:14.475109453) [Msg] Serving GUI information on [/world/empty/gui/info]
(2024-10-27T21:51:14.475120099) (2024-10-27T21:51:14.475122477) [Msg] World [empty] initialized with [1ms] physics profile.
(2024-10-27T21:51:14.475187939) (2024-10-27T21:51:14.475190508) [Msg] Serving world SDF generation service on [/world/empty/generate_world_sdf]
(2024-10-27T21:51:14.475235345) (2024-10-27T21:51:14.475237643) [Msg] Serving world names on [/gazebo/worlds]
(2024-10-27T21:51:14.475261505) (2024-10-27T21:51:14.475263760) [Msg] Resource path add service on [/gazebo/resource_paths/add].
(2024-10-27T21:51:14.475288707) (2024-10-27T21:51:14.475290961) [Msg] Resource path get service on [/gazebo/resource_paths/get].
(2024-10-27T21:51:14.475313206) (2024-10-27T21:51:14.475315473) [Msg] Resource path resolve service on [/gazebo/resource_paths/resolve].
(2024-10-27T21:51:14.475350964) (2024-10-27T21:51:14.475353277) [Msg] Resource paths published on [/gazebo/resource_paths].
(2024-10-27T21:51:14.475394050) (2024-10-27T21:51:14.475396377) [Msg] Server control service on [/server_control].
(2024-10-27T21:51:16.301562818) (2024-10-27T21:51:16.301581408) [Msg] Found no publishers on /stats, adding root stats topic
(2024-10-27T21:51:16.301849639) (2024-10-27T21:51:16.301875388) [Msg] Found no publishers on /clock, adding root clock topic
(2024-10-27T21:51:16.302051353) (2024-10-27T21:51:16.302061487) [Dbg] [SimulationRunner.cc:496] Creating PostUpdate worker threads: 3
(2024-10-27T21:51:16.302112717) (2024-10-27T21:51:16.302120946) [Dbg] [SimulationRunner.cc:507] Creating postupdate worker thread (0)
(2024-10-27T21:51:16.302237691) (2024-10-27T21:51:16.302247310) [Dbg] [SimulationRunner.cc:507] Creating postupdate worker thread (1)
(2024-10-27T21:51:16.740082949) (2024-10-27T21:51:16.740090582) [Dbg] [SystemManager.cc:70] Loaded system [ign_ros2_control::IgnitionROS2ControlPlugin] for entity [10]
(2024-10-27T21:51:16.740183066) (2024-10-27T21:51:16.740186262) [Dbg] [UserCommands.cc:1303] Created entity [10] named [puma560]
(2024-10-27T21:51:16.825770624) (2024-10-27T21:51:16.825779861) [Msg] Serving scene information on [/world/empty/scene/info]
(2024-10-27T21:51:16.825850780) (2024-10-27T21:51:16.825854584) [Msg] Serving graph information on [/world/empty/scene/graph]
(2024-10-27T21:51:16.825961916) (2024-10-27T21:51:16.825966252) [Msg] Serving full state on [/world/empty/state]
(2024-10-27T21:51:16.826002519) (2024-10-27T21:51:16.826008680) [Msg] Serving full state (async) on [/world/empty/state_async]
(2024-10-27T21:51:16.826063874) (2024-10-27T21:51:16.826067193) [Msg] Publishing scene information on [/world/empty/scene/info]
(2024-10-27T21:51:16.826140865) (2024-10-27T21:51:16.826146148) [Msg] Publishing entity deletions on [/world/empty/scene/deletion]
(2024-10-27T21:51:16.826179253) (2024-10-27T21:51:16.826183769) [Msg] Publishing state changes on [/world/empty/state]
(2024-10-27T21:51:16.826257019) (2024-10-27T21:51:16.826263773) [Msg] Publishing pose messages on [/world/empty/pose/info]
(2024-10-27T21:51:16.826337338) (2024-10-27T21:51:16.826343868) [Msg] Publishing dynamic pose messages on [/world/empty/dynamic_pose/info]
(2024-10-27T21:51:16.826584394) (2024-10-27T21:51:16.826591605) [Dbg] [EntityComponentManager.cc:1623] Updated state thread iterators: 20 threads processing around 2 entities each.
(2024-10-27T21:51:16.828094644) (2024-10-27T21:51:16.828120190) [Wrn] [Component.hh:144] Trying to serialize component with data type [N3sdf3v125WorldE], which doesn't have `operator<<`. Component will not be serialized.
((2024-10-27T21:51:16.830264924) (2024-10-27T21:51:16.830307063) ) ([Dbg] [SimulationRunner.cc:523] 2024-10-27T21:51:16.830338443) Exiting postupdate worker thread (0)
Exiting postupdate worker thread (1)
(2024-10-27T21:51:16.830543028) (2024-10-27T21:51:16.830559483) [Dbg] [SimulationRunner.cc:496] Creating PostUpdate worker threads: 4
(2024-10-27T21:51:16.830609756) (2024-10-27T21:51:16.830621234) [Dbg] [SimulationRunner.cc:507] Creating postupdate worker thread (0)
(2024-10-27T21:51:16.830719755) (2024-10-27T21:51:16.830732427) [Dbg] [SimulationRunner.cc:507] Creating postupdate worker thread (1)
(2024-10-27T21:51:16.830810997) (2024-10-27T21:51:16.830824213) [Dbg] [SimulationRunner.cc:507] Creating postupdate worker thread (2)
(2024-10-27T21:52:08.54241672) (2024-10-27T21:52:08.54249719) [Dbg] [SignalHandler.cc:141] Received signal[2].
(2024-10-27T21:52:08.54268871) (2024-10-27T21:52:08.54272849) [Dbg] [ServerPrivate.cc:110] Server received signal[2]
(2024-10-27T21:52:08.54549454) (2024-10-27T21:52:08.54553161) [Dbg] [gz.cc:410] Shutting down ign-gazebo-server
(2024-10-27T21:52:08.56130882) (2024-10-27T21:52:08.56139267) ([Dbg] [SimulationRunner.cc:523] Exiting postupdate worker thread (22024-10-27T21:52:08.56153310)2024-10-27T21:52:08.56153310)) (2024-10-27T21:52:08.56171851) 
(2024-10-27T21:52:08.56196988) (2024-10-27T21:52:08.56208526) Exiting postupdate worker thread ([Dbg] [SimulationRunner.cc:523] 0[Dbg] [SimulationRunner.cc:523] 0)
Exiting postupdate worker thread (1)
