[0.009s] Invoking command in '/home/ros2_ws/build/pub_sub': CMAKE_PREFIX_PATH=${CMAKE_PREFIX_PATH}:/opt/ros/humble /usr/bin/cmake --build /home/ros2_ws/build/pub_sub -- -j20 -l20
[0.035s] [35m[1mConsolidate compiler generated dependencies of target publicador_cpp[0m
[0.048s] [100%] Built target publicador_cpp
[0.055s] Invoked command in '/home/ros2_ws/build/pub_sub' returned '0': CMAKE_PREFIX_PATH=${CMAKE_PREFIX_PATH}:/opt/ros/humble /usr/bin/cmake --build /home/ros2_ws/build/pub_sub -- -j20 -l20
[0.071s] Invoking command in '/home/ros2_ws/build/pub_sub': CMAKE_PREFIX_PATH=${CMAKE_PREFIX_PATH}:/opt/ros/humble /usr/bin/cmake --install /home/ros2_ws/build/pub_sub
[0.075s] -- Install configuration: ""
[0.075s] -- Up-to-date: /home/ros2_ws/install/pub_sub/lib/pub_sub/publicador_cpp
[0.075s] -- Up-to-date: /home/ros2_ws/install/pub_sub/share/ament_index/resource_index/package_run_dependencies/pub_sub
[0.075s] -- Up-to-date: /home/ros2_ws/install/pub_sub/share/ament_index/resource_index/parent_prefix_path/pub_sub
[0.075s] -- Up-to-date: /home/ros2_ws/install/pub_sub/share/pub_sub/environment/ament_prefix_path.sh
[0.075s] -- Up-to-date: /home/ros2_ws/install/pub_sub/share/pub_sub/environment/ament_prefix_path.dsv
[0.075s] -- Up-to-date: /home/ros2_ws/install/pub_sub/share/pub_sub/environment/path.sh
[0.075s] -- Up-to-date: /home/ros2_ws/install/pub_sub/share/pub_sub/environment/path.dsv
[0.075s] -- Up-to-date: /home/ros2_ws/install/pub_sub/share/pub_sub/local_setup.bash
[0.076s] -- Up-to-date: /home/ros2_ws/install/pub_sub/share/pub_sub/local_setup.sh
[0.076s] -- Up-to-date: /home/ros2_ws/install/pub_sub/share/pub_sub/local_setup.zsh
[0.076s] -- Up-to-date: /home/ros2_ws/install/pub_sub/share/pub_sub/local_setup.dsv
[0.076s] -- Installing: /home/ros2_ws/install/pub_sub/share/pub_sub/package.dsv
[0.076s] -- Up-to-date: /home/ros2_ws/install/pub_sub/share/ament_index/resource_index/packages/pub_sub
[0.076s] -- Up-to-date: /home/ros2_ws/install/pub_sub/share/pub_sub/cmake/pub_subConfig.cmake
[0.076s] -- Up-to-date: /home/ros2_ws/install/pub_sub/share/pub_sub/cmake/pub_subConfig-version.cmake
[0.076s] -- Up-to-date: /home/ros2_ws/install/pub_sub/share/pub_sub/package.xml
[0.076s] Invoked command in '/home/ros2_ws/build/pub_sub' returned '0': CMAKE_PREFIX_PATH=${CMAKE_PREFIX_PATH}:/opt/ros/humble /usr/bin/cmake --install /home/ros2_ws/build/pub_sub
