[0.008s] Invoking command in '/home/ROS/ros2_ws/build/puma560_description': CMAKE_PREFIX_PATH=${CMAKE_PREFIX_PATH}:/opt/ros/humble /usr/bin/cmake /home/ROS/ros2_ws/src/puma560_description -DCMAKE_INSTALL_PREFIX=/home/ROS/ros2_ws/install/puma560_description
[0.101s] -- The C compiler identification is GNU 11.4.0
[0.167s] -- The CXX compiler identification is GNU 11.4.0
[0.173s] -- Detecting C compiler ABI info
[0.223s] -- Detecting C compiler ABI info - done
[0.226s] -- Check for working C compiler: /usr/bin/cc - skipped
[0.227s] -- Detecting C compile features
[0.227s] -- Detecting C compile features - done
[0.230s] -- Detecting CXX compiler ABI info
[0.272s] -- Detecting CXX compiler ABI info - done
[0.275s] -- Check for working CXX compiler: /usr/bin/c++ - skipped
[0.275s] -- Detecting CXX compile features
[0.275s] -- Detecting CXX compile features - done
[0.278s] -- Found ament_cmake: 1.3.9 (/opt/ros/humble/share/ament_cmake/cmake)
[0.359s] -- Found Python3: /usr/bin/python3 (found version "3.10.12") found components: Interpreter 
[0.412s] -- Found xacro: 2.0.8 (/opt/ros/humble/share/xacro/cmake)
[0.413s] -- Found ament_lint_auto: 0.12.11 (/opt/ros/humble/share/ament_lint_auto/cmake)
[0.454s] -- Added test 'flake8' to check Python code syntax and style conventions
[0.454s] -- Added test 'lint_cmake' to check CMake code style
[0.454s] -- Added test 'pep257' to check Python code against some of the docstring style conventions in PEP 257
[0.455s] -- Added test 'xmllint' to check XML markup files
[0.456s] -- Configuring done
[0.457s] -- Generating done
[0.457s] -- Build files have been written to: /home/ROS/ros2_ws/build/puma560_description
[0.460s] Invoked command in '/home/ROS/ros2_ws/build/puma560_description' returned '0': CMAKE_PREFIX_PATH=${CMAKE_PREFIX_PATH}:/opt/ros/humble /usr/bin/cmake /home/ROS/ros2_ws/src/puma560_description -DCMAKE_INSTALL_PREFIX=/home/ROS/ros2_ws/install/puma560_description
[0.461s] Invoking command in '/home/ROS/ros2_ws/build/puma560_description': CMAKE_PREFIX_PATH=${CMAKE_PREFIX_PATH}:/opt/ros/humble /usr/bin/cmake --build /home/ROS/ros2_ws/build/puma560_description -- -j20 -l20
[0.478s] Invoked command in '/home/ROS/ros2_ws/build/puma560_description' returned '0': CMAKE_PREFIX_PATH=${CMAKE_PREFIX_PATH}:/opt/ros/humble /usr/bin/cmake --build /home/ROS/ros2_ws/build/puma560_description -- -j20 -l20
[0.496s] Invoking command in '/home/ROS/ros2_ws/build/puma560_description': CMAKE_PREFIX_PATH=${CMAKE_PREFIX_PATH}:/opt/ros/humble /usr/bin/cmake --install /home/ROS/ros2_ws/build/puma560_description
[0.503s] -- Install configuration: ""
[0.503s] -- Installing: /home/ROS/ros2_ws/install/puma560_description/share/puma560_description/launch
[0.503s] -- Installing: /home/ROS/ros2_ws/install/puma560_description/share/puma560_description/launch/display.launch.py
[0.503s] -- Installing: /home/ROS/ros2_ws/install/puma560_description/share/puma560_description/urdf
[0.503s] -- Installing: /home/ROS/ros2_ws/install/puma560_description/share/puma560_description/urdf/description.txt
[0.504s] -- Installing: /home/ROS/ros2_ws/install/puma560_description/share/puma560_description/urdf/puma560_description.xacro
[0.504s] -- Installing: /home/ROS/ros2_ws/install/puma560_description/share/puma560_description/urdf/material.xacro
[0.504s] -- Installing: /home/ROS/ros2_ws/install/puma560_description/share/puma560_description/config
[0.505s] -- Installing: /home/ROS/ros2_ws/install/puma560_description/share/puma560_description/meshes
[0.505s] -- Installing: /home/ROS/ros2_ws/install/puma560_description/share/puma560_description/meshes/link_4.STL
[0.505s] -- Installing: /home/ROS/ros2_ws/install/puma560_description/share/puma560_description/meshes/link_2.STL
[0.505s] -- Installing: /home/ROS/ros2_ws/install/puma560_description/share/puma560_description/meshes/link_3.STL
[0.506s] -- Installing: /home/ROS/ros2_ws/install/puma560_description/share/puma560_description/meshes/link_1.STL
[0.506s] -- Installing: /home/ROS/ros2_ws/install/puma560_description/share/puma560_description/meshes/base_link.STL
[0.508s] -- Installing: /home/ROS/ros2_ws/install/puma560_description/share/puma560_description/meshes/link_5.STL
[0.508s] -- Installing: /home/ROS/ros2_ws/install/puma560_description/share/ament_index/resource_index/package_run_dependencies/puma560_description
[0.508s] -- Installing: /home/ROS/ros2_ws/install/puma560_description/share/ament_index/resource_index/parent_prefix_path/puma560_description
[0.508s] -- Installing: /home/ROS/ros2_ws/install/puma560_description/share/puma560_description/environment/ament_prefix_path.sh
[0.508s] -- Installing: /home/ROS/ros2_ws/install/puma560_description/share/puma560_description/environment/ament_prefix_path.dsv
[0.508s] -- Installing: /home/ROS/ros2_ws/install/puma560_description/share/puma560_description/environment/path.sh
[0.508s] -- Installing: /home/ROS/ros2_ws/install/puma560_description/share/puma560_description/environment/path.dsv
[0.508s] -- Installing: /home/ROS/ros2_ws/install/puma560_description/share/puma560_description/local_setup.bash
[0.509s] -- Installing: /home/ROS/ros2_ws/install/puma560_description/share/puma560_description/local_setup.sh
[0.509s] -- Installing: /home/ROS/ros2_ws/install/puma560_description/share/puma560_description/local_setup.zsh
[0.509s] -- Installing: /home/ROS/ros2_ws/install/puma560_description/share/puma560_description/local_setup.dsv
[0.509s] -- Installing: /home/ROS/ros2_ws/install/puma560_description/share/puma560_description/package.dsv
[0.509s] -- Installing: /home/ROS/ros2_ws/install/puma560_description/share/ament_index/resource_index/packages/puma560_description
[0.509s] -- Installing: /home/ROS/ros2_ws/install/puma560_description/share/puma560_description/cmake/puma560_descriptionConfig.cmake
[0.509s] -- Installing: /home/ROS/ros2_ws/install/puma560_description/share/puma560_description/cmake/puma560_descriptionConfig-version.cmake
[0.509s] -- Installing: /home/ROS/ros2_ws/install/puma560_description/share/puma560_description/package.xml
[0.516s] Invoked command in '/home/ROS/ros2_ws/build/puma560_description' returned '0': CMAKE_PREFIX_PATH=${CMAKE_PREFIX_PATH}:/opt/ros/humble /usr/bin/cmake --install /home/ROS/ros2_ws/build/puma560_description
