[0.000000] (-) TimerEvent: {}
[0.000146] (puma560_controller) JobQueued: {'identifier': 'puma560_controller', 'dependencies': OrderedDict()}
[0.000179] (puma560_description) JobQueued: {'identifier': 'puma560_description', 'dependencies': OrderedDict()}
[0.000201] (robot_description) JobQueued: {'identifier': 'robot_description', 'dependencies': OrderedDict()}
[0.000341] (puma560_controller) JobStarted: {'identifier': 'puma560_controller'}
[0.004277] (puma560_description) JobStarted: {'identifier': 'puma560_description'}
[0.006380] (robot_description) JobStarted: {'identifier': 'robot_description'}
[0.009070] (puma560_controller) JobProgress: {'identifier': 'puma560_controller', 'progress': 'cmake'}
[0.009298] (puma560_controller) JobProgress: {'identifier': 'puma560_controller', 'progress': 'build'}
[0.009646] (puma560_controller) Command: {'cmd': ['/usr/bin/cmake', '--build', '/home/ros2_ws/build/puma560_controller', '--', '-j20', '-l20'], 'cwd': '/home/ros2_ws/build/puma560_controller', 'env': OrderedDict([('HOSTNAME', 'thallys'), ('SHLVL', '1'), ('LD_LIBRARY_PATH', '/opt/ros/humble/opt/rviz_ogre_vendor/lib:/opt/ros/humble/lib/x86_64-linux-gnu:/opt/ros/humble/lib'), ('HOME', '/home/ros2_ws'), ('ROS_PYTHON_VERSION', '3'), ('COLCON_PREFIX_PATH', '/home/ros2_ws/install'), ('ROS_DISTRO', 'humble'), ('_', '/usr/bin/colcon'), ('ROS_VERSION', '2'), ('TERM', 'xterm'), ('ROS_LOCALHOST_ONLY', '0'), ('QT_X11_NO_MITSHM', '1'), ('PATH', '/opt/ros/humble/bin:/usr/local/sbin:/usr/local/bin:/usr/sbin:/usr/bin:/sbin:/bin'), ('XDG_RUNTIME_DIR', '/tmp/runtime-ros2_ws'), ('DISPLAY', ':1'), ('LANG', 'C.UTF-8'), ('AMENT_PREFIX_PATH', '/home/ros2_ws/install/robot_description:/home/ros2_ws/install/puma560_description:/home/ros2_ws/install/puma560_controller:/opt/ros/humble'), ('PWD', '/home/ros2_ws/build/puma560_controller'), ('LC_ALL', 'C.UTF-8'), ('GAZEBO_PLUGIN_PATH', '/usr/lib/x86_64-linux-gnu/gazebo-11/plugins:'), ('PYTHONPATH', '/opt/ros/humble/lib/python3.10/site-packages:/opt/ros/humble/local/lib/python3.10/dist-packages'), ('TZ', 'America/Sao_Paulo'), ('COLCON', '1'), ('CMAKE_PREFIX_PATH', '/home/ros2_ws/install/robot_description:/home/ros2_ws/install/puma560_description:/home/ros2_ws/install/puma560_controller:/opt/ros/humble')]), 'shell': False}
[0.011161] (puma560_description) JobProgress: {'identifier': 'puma560_description', 'progress': 'cmake'}
[0.011533] (puma560_description) JobProgress: {'identifier': 'puma560_description', 'progress': 'build'}
[0.011693] (puma560_description) Command: {'cmd': ['/usr/bin/cmake', '--build', '/home/ros2_ws/build/puma560_description', '--', '-j20', '-l20'], 'cwd': '/home/ros2_ws/build/puma560_description', 'env': OrderedDict([('HOSTNAME', 'thallys'), ('SHLVL', '1'), ('LD_LIBRARY_PATH', '/opt/ros/humble/opt/rviz_ogre_vendor/lib:/opt/ros/humble/lib/x86_64-linux-gnu:/opt/ros/humble/lib'), ('HOME', '/home/ros2_ws'), ('ROS_PYTHON_VERSION', '3'), ('COLCON_PREFIX_PATH', '/home/ros2_ws/install'), ('ROS_DISTRO', 'humble'), ('_', '/usr/bin/colcon'), ('ROS_VERSION', '2'), ('TERM', 'xterm'), ('ROS_LOCALHOST_ONLY', '0'), ('QT_X11_NO_MITSHM', '1'), ('PATH', '/opt/ros/humble/bin:/usr/local/sbin:/usr/local/bin:/usr/sbin:/usr/bin:/sbin:/bin'), ('XDG_RUNTIME_DIR', '/tmp/runtime-ros2_ws'), ('DISPLAY', ':1'), ('LANG', 'C.UTF-8'), ('AMENT_PREFIX_PATH', '/home/ros2_ws/install/robot_description:/home/ros2_ws/install/puma560_description:/home/ros2_ws/install/puma560_controller:/opt/ros/humble'), ('PWD', '/home/ros2_ws/build/puma560_description'), ('LC_ALL', 'C.UTF-8'), ('GAZEBO_PLUGIN_PATH', '/usr/lib/x86_64-linux-gnu/gazebo-11/plugins:'), ('PYTHONPATH', '/opt/ros/humble/lib/python3.10/site-packages:/opt/ros/humble/local/lib/python3.10/dist-packages'), ('TZ', 'America/Sao_Paulo'), ('COLCON', '1'), ('CMAKE_PREFIX_PATH', '/home/ros2_ws/install/robot_description:/home/ros2_ws/install/puma560_description:/home/ros2_ws/install/puma560_controller:/opt/ros/humble')]), 'shell': False}
[0.013642] (robot_description) JobProgress: {'identifier': 'robot_description', 'progress': 'cmake'}
[0.014061] (robot_description) JobProgress: {'identifier': 'robot_description', 'progress': 'build'}
[0.014189] (robot_description) Command: {'cmd': ['/usr/bin/cmake', '--build', '/home/ros2_ws/build/robot_description', '--', '-j20', '-l20'], 'cwd': '/home/ros2_ws/build/robot_description', 'env': OrderedDict([('HOSTNAME', 'thallys'), ('SHLVL', '1'), ('LD_LIBRARY_PATH', '/opt/ros/humble/opt/rviz_ogre_vendor/lib:/opt/ros/humble/lib/x86_64-linux-gnu:/opt/ros/humble/lib'), ('HOME', '/home/ros2_ws'), ('ROS_PYTHON_VERSION', '3'), ('COLCON_PREFIX_PATH', '/home/ros2_ws/install'), ('ROS_DISTRO', 'humble'), ('_', '/usr/bin/colcon'), ('ROS_VERSION', '2'), ('TERM', 'xterm'), ('ROS_LOCALHOST_ONLY', '0'), ('QT_X11_NO_MITSHM', '1'), ('PATH', '/opt/ros/humble/bin:/usr/local/sbin:/usr/local/bin:/usr/sbin:/usr/bin:/sbin:/bin'), ('XDG_RUNTIME_DIR', '/tmp/runtime-ros2_ws'), ('DISPLAY', ':1'), ('LANG', 'C.UTF-8'), ('AMENT_PREFIX_PATH', '/home/ros2_ws/install/robot_description:/home/ros2_ws/install/puma560_description:/home/ros2_ws/install/puma560_controller:/opt/ros/humble'), ('PWD', '/home/ros2_ws/build/robot_description'), ('LC_ALL', 'C.UTF-8'), ('GAZEBO_PLUGIN_PATH', '/usr/lib/x86_64-linux-gnu/gazebo-11/plugins:'), ('PYTHONPATH', '/opt/ros/humble/lib/python3.10/site-packages:/opt/ros/humble/local/lib/python3.10/dist-packages'), ('TZ', 'America/Sao_Paulo'), ('COLCON', '1'), ('CMAKE_PREFIX_PATH', '/home/ros2_ws/install/robot_description:/home/ros2_ws/install/puma560_description:/home/ros2_ws/install/puma560_controller:/opt/ros/humble')]), 'shell': False}
[0.036660] (puma560_controller) CommandEnded: {'returncode': 0}
[0.038747] (puma560_description) CommandEnded: {'returncode': 0}
[0.042002] (robot_description) CommandEnded: {'returncode': 0}
[0.051528] (puma560_controller) JobProgress: {'identifier': 'puma560_controller', 'progress': 'install'}
[0.058312] (puma560_controller) Command: {'cmd': ['/usr/bin/cmake', '--install', '/home/ros2_ws/build/puma560_controller'], 'cwd': '/home/ros2_ws/build/puma560_controller', 'env': OrderedDict([('HOSTNAME', 'thallys'), ('SHLVL', '1'), ('LD_LIBRARY_PATH', '/opt/ros/humble/opt/rviz_ogre_vendor/lib:/opt/ros/humble/lib/x86_64-linux-gnu:/opt/ros/humble/lib'), ('HOME', '/home/ros2_ws'), ('ROS_PYTHON_VERSION', '3'), ('COLCON_PREFIX_PATH', '/home/ros2_ws/install'), ('ROS_DISTRO', 'humble'), ('_', '/usr/bin/colcon'), ('ROS_VERSION', '2'), ('TERM', 'xterm'), ('ROS_LOCALHOST_ONLY', '0'), ('QT_X11_NO_MITSHM', '1'), ('PATH', '/opt/ros/humble/bin:/usr/local/sbin:/usr/local/bin:/usr/sbin:/usr/bin:/sbin:/bin'), ('XDG_RUNTIME_DIR', '/tmp/runtime-ros2_ws'), ('DISPLAY', ':1'), ('LANG', 'C.UTF-8'), ('AMENT_PREFIX_PATH', '/home/ros2_ws/install/robot_description:/home/ros2_ws/install/puma560_description:/home/ros2_ws/install/puma560_controller:/opt/ros/humble'), ('PWD', '/home/ros2_ws/build/puma560_controller'), ('LC_ALL', 'C.UTF-8'), ('GAZEBO_PLUGIN_PATH', '/usr/lib/x86_64-linux-gnu/gazebo-11/plugins:'), ('PYTHONPATH', '/opt/ros/humble/lib/python3.10/site-packages:/opt/ros/humble/local/lib/python3.10/dist-packages'), ('TZ', 'America/Sao_Paulo'), ('COLCON', '1'), ('CMAKE_PREFIX_PATH', '/home/ros2_ws/install/robot_description:/home/ros2_ws/install/puma560_description:/home/ros2_ws/install/puma560_controller:/opt/ros/humble')]), 'shell': False}
[0.059369] (puma560_description) JobProgress: {'identifier': 'puma560_description', 'progress': 'install'}
[0.059617] (puma560_description) Command: {'cmd': ['/usr/bin/cmake', '--install', '/home/ros2_ws/build/puma560_description'], 'cwd': '/home/ros2_ws/build/puma560_description', 'env': OrderedDict([('HOSTNAME', 'thallys'), ('SHLVL', '1'), ('LD_LIBRARY_PATH', '/opt/ros/humble/opt/rviz_ogre_vendor/lib:/opt/ros/humble/lib/x86_64-linux-gnu:/opt/ros/humble/lib'), ('HOME', '/home/ros2_ws'), ('ROS_PYTHON_VERSION', '3'), ('COLCON_PREFIX_PATH', '/home/ros2_ws/install'), ('ROS_DISTRO', 'humble'), ('_', '/usr/bin/colcon'), ('ROS_VERSION', '2'), ('TERM', 'xterm'), ('ROS_LOCALHOST_ONLY', '0'), ('QT_X11_NO_MITSHM', '1'), ('PATH', '/opt/ros/humble/bin:/usr/local/sbin:/usr/local/bin:/usr/sbin:/usr/bin:/sbin:/bin'), ('XDG_RUNTIME_DIR', '/tmp/runtime-ros2_ws'), ('DISPLAY', ':1'), ('LANG', 'C.UTF-8'), ('AMENT_PREFIX_PATH', '/home/ros2_ws/install/robot_description:/home/ros2_ws/install/puma560_description:/home/ros2_ws/install/puma560_controller:/opt/ros/humble'), ('PWD', '/home/ros2_ws/build/puma560_description'), ('LC_ALL', 'C.UTF-8'), ('GAZEBO_PLUGIN_PATH', '/usr/lib/x86_64-linux-gnu/gazebo-11/plugins:'), ('PYTHONPATH', '/opt/ros/humble/lib/python3.10/site-packages:/opt/ros/humble/local/lib/python3.10/dist-packages'), ('TZ', 'America/Sao_Paulo'), ('COLCON', '1'), ('CMAKE_PREFIX_PATH', '/home/ros2_ws/install/robot_description:/home/ros2_ws/install/puma560_description:/home/ros2_ws/install/puma560_controller:/opt/ros/humble')]), 'shell': False}
[0.060089] (robot_description) JobProgress: {'identifier': 'robot_description', 'progress': 'install'}
[0.060218] (robot_description) Command: {'cmd': ['/usr/bin/cmake', '--install', '/home/ros2_ws/build/robot_description'], 'cwd': '/home/ros2_ws/build/robot_description', 'env': OrderedDict([('HOSTNAME', 'thallys'), ('SHLVL', '1'), ('LD_LIBRARY_PATH', '/opt/ros/humble/opt/rviz_ogre_vendor/lib:/opt/ros/humble/lib/x86_64-linux-gnu:/opt/ros/humble/lib'), ('HOME', '/home/ros2_ws'), ('ROS_PYTHON_VERSION', '3'), ('COLCON_PREFIX_PATH', '/home/ros2_ws/install'), ('ROS_DISTRO', 'humble'), ('_', '/usr/bin/colcon'), ('ROS_VERSION', '2'), ('TERM', 'xterm'), ('ROS_LOCALHOST_ONLY', '0'), ('QT_X11_NO_MITSHM', '1'), ('PATH', '/opt/ros/humble/bin:/usr/local/sbin:/usr/local/bin:/usr/sbin:/usr/bin:/sbin:/bin'), ('XDG_RUNTIME_DIR', '/tmp/runtime-ros2_ws'), ('DISPLAY', ':1'), ('LANG', 'C.UTF-8'), ('AMENT_PREFIX_PATH', '/home/ros2_ws/install/robot_description:/home/ros2_ws/install/puma560_description:/home/ros2_ws/install/puma560_controller:/opt/ros/humble'), ('PWD', '/home/ros2_ws/build/robot_description'), ('LC_ALL', 'C.UTF-8'), ('GAZEBO_PLUGIN_PATH', '/usr/lib/x86_64-linux-gnu/gazebo-11/plugins:'), ('PYTHONPATH', '/opt/ros/humble/lib/python3.10/site-packages:/opt/ros/humble/local/lib/python3.10/dist-packages'), ('TZ', 'America/Sao_Paulo'), ('COLCON', '1'), ('CMAKE_PREFIX_PATH', '/home/ros2_ws/install/robot_description:/home/ros2_ws/install/puma560_description:/home/ros2_ws/install/puma560_controller:/opt/ros/humble')]), 'shell': False}
[0.061832] (puma560_controller) StdoutLine: {'line': b'-- Install configuration: ""\n'}
[0.061898] (puma560_controller) StdoutLine: {'line': b'-- Up-to-date: /home/ros2_ws/install/puma560_controller/share/puma560_controller/config\n'}
[0.061940] (puma560_controller) StdoutLine: {'line': b'-- Installing: /home/ros2_ws/install/puma560_controller/share/puma560_controller/config/puma560_controller.yaml\n'}
[0.062022] (puma560_controller) StdoutLine: {'line': b'-- Up-to-date: /home/ros2_ws/install/puma560_controller/share/ament_index/resource_index/package_run_dependencies/puma560_controller\n'}
[0.062072] (puma560_controller) StdoutLine: {'line': b'-- Up-to-date: /home/ros2_ws/install/puma560_controller/share/ament_index/resource_index/parent_prefix_path/puma560_controller\n'}
[0.062098] (puma560_controller) StdoutLine: {'line': b'-- Up-to-date: /home/ros2_ws/install/puma560_controller/share/puma560_controller/environment/ament_prefix_path.sh\n'}
[0.062139] (puma560_controller) StdoutLine: {'line': b'-- Up-to-date: /home/ros2_ws/install/puma560_controller/share/puma560_controller/environment/ament_prefix_path.dsv\n'}
[0.062187] (puma560_controller) StdoutLine: {'line': b'-- Up-to-date: /home/ros2_ws/install/puma560_controller/share/puma560_controller/environment/path.sh\n'}
[0.062213] (puma560_controller) StdoutLine: {'line': b'-- Up-to-date: /home/ros2_ws/install/puma560_controller/share/puma560_controller/environment/path.dsv\n'}
[0.062238] (puma560_controller) StdoutLine: {'line': b'-- Up-to-date: /home/ros2_ws/install/puma560_controller/share/puma560_controller/local_setup.bash\n'}
[0.062280] (puma560_controller) StdoutLine: {'line': b'-- Up-to-date: /home/ros2_ws/install/puma560_controller/share/puma560_controller/local_setup.sh\n'}
[0.062306] (puma560_controller) StdoutLine: {'line': b'-- Up-to-date: /home/ros2_ws/install/puma560_controller/share/puma560_controller/local_setup.zsh\n'}
[0.062343] (puma560_controller) StdoutLine: {'line': b'-- Up-to-date: /home/ros2_ws/install/puma560_controller/share/puma560_controller/local_setup.dsv\n'}
[0.062366] (puma560_controller) StdoutLine: {'line': b'-- Installing: /home/ros2_ws/install/puma560_controller/share/puma560_controller/package.dsv\n'}
[0.062410] (puma560_controller) StdoutLine: {'line': b'-- Up-to-date: /home/ros2_ws/install/puma560_controller/share/ament_index/resource_index/packages/puma560_controller\n'}
[0.062435] (puma560_controller) StdoutLine: {'line': b'-- Up-to-date: /home/ros2_ws/install/puma560_controller/share/puma560_controller/cmake/puma560_controllerConfig.cmake\n'}
[0.062459] (puma560_controller) StdoutLine: {'line': b'-- Up-to-date: /home/ros2_ws/install/puma560_controller/share/puma560_controller/cmake/puma560_controllerConfig-version.cmake\n'}
[0.062499] (puma560_controller) StdoutLine: {'line': b'-- Up-to-date: /home/ros2_ws/install/puma560_controller/share/puma560_controller/package.xml\n'}
[0.063205] (puma560_controller) CommandEnded: {'returncode': 0}
[0.063503] (puma560_description) StdoutLine: {'line': b'-- Install configuration: ""\n'}
[0.063573] (puma560_description) StdoutLine: {'line': b'-- Up-to-date: /home/ros2_ws/install/puma560_description/share/puma560_description/launch\n'}
[0.063642] (puma560_description) StdoutLine: {'line': b'-- Up-to-date: /home/ros2_ws/install/puma560_description/share/puma560_description/launch/puma_display.launch.py\n'}
[0.063686] (puma560_description) StdoutLine: {'line': b'-- Up-to-date: /home/ros2_ws/install/puma560_description/share/puma560_description/launch/puma_gazebo.launch.py\n'}
[0.063714] (puma560_description) StdoutLine: {'line': b'-- Up-to-date: /home/ros2_ws/install/puma560_description/share/puma560_description/urdf\n'}
[0.063745] (puma560_description) StdoutLine: {'line': b'-- Installing: /home/ros2_ws/install/puma560_description/share/puma560_description/urdf/puma560_gazebo.xacro\n'}
[0.063814] (puma560_description) StdoutLine: {'line': b'-- Up-to-date: /home/ros2_ws/install/puma560_description/share/puma560_description/urdf/puma560_cores.xacro\n'}
[0.063876] (puma560_description) StdoutLine: {'line': b'-- Up-to-date: /home/ros2_ws/install/puma560_description/share/puma560_description/urdf/puma560_description.urdf.xacro\n'}
[0.063906] (puma560_description) StdoutLine: {'line': b'-- Installing: /home/ros2_ws/install/puma560_description/share/puma560_description/urdf/puma560_control.xacro\n'}
[0.063932] (puma560_description) StdoutLine: {'line': b'-- Up-to-date: /home/ros2_ws/install/puma560_description/share/puma560_description/config\n'}
[0.063962] (puma560_description) StdoutLine: {'line': b'-- Up-to-date: /home/ros2_ws/install/puma560_description/share/puma560_description/config/link2_inertia.yaml\n'}
[0.063986] (puma560_description) StdoutLine: {'line': b'-- Up-to-date: /home/ros2_ws/install/puma560_description/share/puma560_description/meshes\n'}
[0.064010] (puma560_description) StdoutLine: {'line': b'-- Up-to-date: /home/ros2_ws/install/puma560_description/share/puma560_description/meshes/link_5.STL\n'}
[0.064034] (puma560_description) StdoutLine: {'line': b'-- Up-to-date: /home/ros2_ws/install/puma560_description/share/puma560_description/meshes/link_1.STL\n'}
[0.064058] (puma560_description) StdoutLine: {'line': b'-- Up-to-date: /home/ros2_ws/install/puma560_description/share/puma560_description/meshes/link_4.STL\n'}
[0.064081] (puma560_description) StdoutLine: {'line': b'-- Up-to-date: /home/ros2_ws/install/puma560_description/share/puma560_description/meshes/base_link.STL\n'}
[0.064105] (puma560_description) StdoutLine: {'line': b'-- Up-to-date: /home/ros2_ws/install/puma560_description/share/puma560_description/meshes/link_3.STL\n'}
[0.064130] (puma560_description) StdoutLine: {'line': b'-- Up-to-date: /home/ros2_ws/install/puma560_description/share/puma560_description/meshes/link_2.STL\n'}
[0.064153] (puma560_description) StdoutLine: {'line': b'-- Up-to-date: /home/ros2_ws/install/puma560_description/share/puma560_description/rviz2\n'}
[0.064218] (puma560_description) StdoutLine: {'line': b'-- Up-to-date: /home/ros2_ws/install/puma560_description/share/puma560_description/rviz2/display_puma560.rviz\n'}
[0.064244] (puma560_description) StdoutLine: {'line': b'-- Up-to-date: /home/ros2_ws/install/puma560_description/share/ament_index/resource_index/package_run_dependencies/puma560_description\n'}
[0.064270] (puma560_description) StdoutLine: {'line': b'-- Up-to-date: /home/ros2_ws/install/puma560_description/share/ament_index/resource_index/parent_prefix_path/puma560_description\n'}
[0.064299] (puma560_description) StdoutLine: {'line': b'-- Up-to-date: /home/ros2_ws/install/puma560_description/share/puma560_description/environment/ament_prefix_path.sh\n'}
[0.064326] (puma560_description) StdoutLine: {'line': b'-- Up-to-date: /home/ros2_ws/install/puma560_description/share/puma560_description/environment/ament_prefix_path.dsv\n'}
[0.064351] (puma560_description) StdoutLine: {'line': b'-- Up-to-date: /home/ros2_ws/install/puma560_description/share/puma560_description/environment/path.sh\n'}
[0.064377] (puma560_description) StdoutLine: {'line': b'-- Up-to-date: /home/ros2_ws/install/puma560_description/share/puma560_description/environment/path.dsv\n'}
[0.064402] (puma560_description) StdoutLine: {'line': b'-- Up-to-date: /home/ros2_ws/install/puma560_description/share/puma560_description/local_setup.bash\n'}
[0.064427] (puma560_description) StdoutLine: {'line': b'-- Up-to-date: /home/ros2_ws/install/puma560_description/share/puma560_description/local_setup.sh\n'}
[0.064451] (puma560_description) StdoutLine: {'line': b'-- Up-to-date: /home/ros2_ws/install/puma560_description/share/puma560_description/local_setup.zsh\n'}
[0.064475] (puma560_description) StdoutLine: {'line': b'-- Up-to-date: /home/ros2_ws/install/puma560_description/share/puma560_description/local_setup.dsv\n'}
[0.064500] (puma560_description) StdoutLine: {'line': b'-- Installing: /home/ros2_ws/install/puma560_description/share/puma560_description/package.dsv\n'}
[0.064524] (puma560_description) StdoutLine: {'line': b'-- Up-to-date: /home/ros2_ws/install/puma560_description/share/ament_index/resource_index/packages/puma560_description\n'}
[0.064594] (puma560_description) StdoutLine: {'line': b'-- Up-to-date: /home/ros2_ws/install/puma560_description/share/puma560_description/cmake/puma560_descriptionConfig.cmake\n'}
[0.064715] (puma560_description) StdoutLine: {'line': b'-- Up-to-date: /home/ros2_ws/install/puma560_description/share/puma560_description/cmake/puma560_descriptionConfig-version.cmake\n'}
[0.064748] (puma560_description) StdoutLine: {'line': b'-- Up-to-date: /home/ros2_ws/install/puma560_description/share/puma560_description/package.xml\n'}
[0.064897] (robot_description) StdoutLine: {'line': b'-- Install configuration: ""\n'}
[0.065013] (robot_description) StdoutLine: {'line': b'-- Up-to-date: /home/ros2_ws/install/robot_description/share/robot_description/launch\n'}
[0.065044] (robot_description) StdoutLine: {'line': b'-- Up-to-date: /home/ros2_ws/install/robot_description/share/robot_description/launch/display.launch.py\n'}
[0.065072] (robot_description) StdoutLine: {'line': b'-- Up-to-date: /home/ros2_ws/install/robot_description/share/robot_description/launch/display.launch.yaml\n'}
[0.065098] (robot_description) StdoutLine: {'line': b'-- Up-to-date: /home/ros2_ws/install/robot_description/share/robot_description/launch/test.py\n'}
[0.065199] (robot_description) StdoutLine: {'line': b'-- Up-to-date: /home/ros2_ws/install/robot_description/share/robot_description/urdf\n'}
[0.065232] (robot_description) StdoutLine: {'line': b'-- Up-to-date: /home/ros2_ws/install/robot_description/share/robot_description/urdf/robot_example.urdf\n'}
[0.065260] (robot_description) StdoutLine: {'line': b'-- Up-to-date: /home/ros2_ws/install/robot_description/share/robot_description/config\n'}
[0.065287] (robot_description) StdoutLine: {'line': b'-- Up-to-date: /home/ros2_ws/install/robot_description/share/robot_description/config/config.rviz\n'}
[0.065332] (robot_description) StdoutLine: {'line': b'-- Up-to-date: /home/ros2_ws/install/robot_description/share/ament_index/resource_index/package_run_dependencies/robot_description\n'}
[0.065357] (robot_description) StdoutLine: {'line': b'-- Up-to-date: /home/ros2_ws/install/robot_description/share/ament_index/resource_index/parent_prefix_path/robot_description\n'}
[0.065383] (robot_description) StdoutLine: {'line': b'-- Up-to-date: /home/ros2_ws/install/robot_description/share/robot_description/environment/ament_prefix_path.sh\n'}
[0.065408] (robot_description) StdoutLine: {'line': b'-- Up-to-date: /home/ros2_ws/install/robot_description/share/robot_description/environment/ament_prefix_path.dsv\n'}
[0.065432] (robot_description) StdoutLine: {'line': b'-- Up-to-date: /home/ros2_ws/install/robot_description/share/robot_description/environment/path.sh\n'}
[0.065458] (robot_description) StdoutLine: {'line': b'-- Up-to-date: /home/ros2_ws/install/robot_description/share/robot_description/environment/path.dsv\n'}
[0.065483] (robot_description) StdoutLine: {'line': b'-- Up-to-date: /home/ros2_ws/install/robot_description/share/robot_description/local_setup.bash\n'}
[0.065508] (robot_description) StdoutLine: {'line': b'-- Up-to-date: /home/ros2_ws/install/robot_description/share/robot_description/local_setup.sh\n'}
[0.065547] (robot_description) StdoutLine: {'line': b'-- Up-to-date: /home/ros2_ws/install/robot_description/share/robot_description/local_setup.zsh\n'}
[0.065594] (robot_description) StdoutLine: {'line': b'-- Up-to-date: /home/ros2_ws/install/robot_description/share/robot_description/local_setup.dsv\n'}
[0.065627] (robot_description) StdoutLine: {'line': b'-- Installing: /home/ros2_ws/install/robot_description/share/robot_description/package.dsv\n'}
[0.065657] (robot_description) StdoutLine: {'line': b'-- Up-to-date: /home/ros2_ws/install/robot_description/share/ament_index/resource_index/packages/robot_description\n'}
[0.065713] (robot_description) StdoutLine: {'line': b'-- Up-to-date: /home/ros2_ws/install/robot_description/share/robot_description/cmake/robot_descriptionConfig.cmake\n'}
[0.065748] (robot_description) StdoutLine: {'line': b'-- Up-to-date: /home/ros2_ws/install/robot_description/share/robot_description/cmake/robot_descriptionConfig-version.cmake\n'}
[0.065781] (robot_description) StdoutLine: {'line': b'-- Up-to-date: /home/ros2_ws/install/robot_description/share/robot_description/package.xml\n'}
[0.072024] (robot_description) CommandEnded: {'returncode': 0}
[0.075720] (puma560_description) CommandEnded: {'returncode': 0}
[0.087728] (puma560_controller) JobEnded: {'identifier': 'puma560_controller', 'rc': 0}
[0.094466] (robot_description) JobEnded: {'identifier': 'robot_description', 'rc': 0}
[0.097777] (puma560_description) JobEnded: {'identifier': 'puma560_description', 'rc': 0}
[0.098153] (-) EventReactorShutdown: {}
