[0.000000] (-) TimerEvent: {}
[0.000392] (dahora_cpp) JobQueued: {'identifier': 'dahora_cpp', 'dependencies': OrderedDict()}
[0.000446] (meu_pacote_cpp) JobQueued: {'identifier': 'meu_pacote_cpp', 'dependencies': OrderedDict()}
[0.000465] (pub_sub) JobQueued: {'identifier': 'pub_sub', 'dependencies': OrderedDict()}
[0.000480] (teste_cpp) JobQueued: {'identifier': 'teste_cpp', 'dependencies': OrderedDict()}
[0.000496] (dahora_cpp) JobStarted: {'identifier': 'dahora_cpp'}
[0.003638] (meu_pacote_cpp) JobStarted: {'identifier': 'meu_pacote_cpp'}
[0.005281] (pub_sub) JobStarted: {'identifier': 'pub_sub'}
[0.006829] (teste_cpp) JobStarted: {'identifier': 'teste_cpp'}
[0.009138] (dahora_cpp) JobProgress: {'identifier': 'dahora_cpp', 'progress': 'cmake'}
[0.009297] (dahora_cpp) Command: {'cmd': ['/usr/bin/cmake', '/home/ros2_ws/src/dahora_cpp', '-DCMAKE_INSTALL_PREFIX=/home/ros2_ws/install/dahora_cpp'], 'cwd': '/home/ros2_ws/build/dahora_cpp', 'env': OrderedDict([('HOSTNAME', 'thallys'), ('SHLVL', '1'), ('LD_LIBRARY_PATH', '/opt/ros/humble/opt/rviz_ogre_vendor/lib:/opt/ros/humble/lib/x86_64-linux-gnu:/opt/ros/humble/lib'), ('HOME', '/home/ros2_ws'), ('ROS_PYTHON_VERSION', '3'), ('ROS_DISTRO', 'humble'), ('_', '/usr/bin/colcon'), ('ROS_VERSION', '2'), ('TERM', 'xterm'), ('ROS_LOCALHOST_ONLY', '0'), ('QT_X11_NO_MITSHM', '1'), ('PATH', '/opt/ros/humble/bin:/usr/local/sbin:/usr/local/bin:/usr/sbin:/usr/bin:/sbin:/bin'), ('XDG_RUNTIME_DIR', '/tmp/runtime-ros2_ws'), ('DISPLAY', ':1'), ('LANG', 'C.UTF-8'), ('AMENT_PREFIX_PATH', '/opt/ros/humble'), ('PWD', '/home/ros2_ws/build/dahora_cpp'), ('LC_ALL', 'C.UTF-8'), ('GAZEBO_PLUGIN_PATH', '/usr/lib/x86_64-linux-gnu/gazebo-11/plugins:'), ('PYTHONPATH', '/opt/ros/humble/lib/python3.10/site-packages:/opt/ros/humble/local/lib/python3.10/dist-packages'), ('TZ', 'America/Sao_Paulo'), ('COLCON', '1'), ('CMAKE_PREFIX_PATH', '/opt/ros/humble')]), 'shell': False}
[0.010717] (meu_pacote_cpp) JobProgress: {'identifier': 'meu_pacote_cpp', 'progress': 'cmake'}
[0.010957] (meu_pacote_cpp) Command: {'cmd': ['/usr/bin/cmake', '/home/ros2_ws/src/meu_pacote_cpp', '-DCMAKE_INSTALL_PREFIX=/home/ros2_ws/install/meu_pacote_cpp'], 'cwd': '/home/ros2_ws/build/meu_pacote_cpp', 'env': OrderedDict([('HOSTNAME', 'thallys'), ('SHLVL', '1'), ('LD_LIBRARY_PATH', '/opt/ros/humble/opt/rviz_ogre_vendor/lib:/opt/ros/humble/lib/x86_64-linux-gnu:/opt/ros/humble/lib'), ('HOME', '/home/ros2_ws'), ('ROS_PYTHON_VERSION', '3'), ('ROS_DISTRO', 'humble'), ('_', '/usr/bin/colcon'), ('ROS_VERSION', '2'), ('TERM', 'xterm'), ('ROS_LOCALHOST_ONLY', '0'), ('QT_X11_NO_MITSHM', '1'), ('PATH', '/opt/ros/humble/bin:/usr/local/sbin:/usr/local/bin:/usr/sbin:/usr/bin:/sbin:/bin'), ('XDG_RUNTIME_DIR', '/tmp/runtime-ros2_ws'), ('DISPLAY', ':1'), ('LANG', 'C.UTF-8'), ('AMENT_PREFIX_PATH', '/opt/ros/humble'), ('PWD', '/home/ros2_ws/build/meu_pacote_cpp'), ('LC_ALL', 'C.UTF-8'), ('GAZEBO_PLUGIN_PATH', '/usr/lib/x86_64-linux-gnu/gazebo-11/plugins:'), ('PYTHONPATH', '/opt/ros/humble/lib/python3.10/site-packages:/opt/ros/humble/local/lib/python3.10/dist-packages'), ('TZ', 'America/Sao_Paulo'), ('COLCON', '1'), ('CMAKE_PREFIX_PATH', '/opt/ros/humble')]), 'shell': False}
[0.012540] (pub_sub) JobProgress: {'identifier': 'pub_sub', 'progress': 'cmake'}
[0.012657] (pub_sub) Command: {'cmd': ['/usr/bin/cmake', '/home/ros2_ws/src/pub_sub', '-DCMAKE_INSTALL_PREFIX=/home/ros2_ws/install/pub_sub'], 'cwd': '/home/ros2_ws/build/pub_sub', 'env': OrderedDict([('HOSTNAME', 'thallys'), ('SHLVL', '1'), ('LD_LIBRARY_PATH', '/opt/ros/humble/opt/rviz_ogre_vendor/lib:/opt/ros/humble/lib/x86_64-linux-gnu:/opt/ros/humble/lib'), ('HOME', '/home/ros2_ws'), ('ROS_PYTHON_VERSION', '3'), ('ROS_DISTRO', 'humble'), ('_', '/usr/bin/colcon'), ('ROS_VERSION', '2'), ('TERM', 'xterm'), ('ROS_LOCALHOST_ONLY', '0'), ('QT_X11_NO_MITSHM', '1'), ('PATH', '/opt/ros/humble/bin:/usr/local/sbin:/usr/local/bin:/usr/sbin:/usr/bin:/sbin:/bin'), ('XDG_RUNTIME_DIR', '/tmp/runtime-ros2_ws'), ('DISPLAY', ':1'), ('LANG', 'C.UTF-8'), ('AMENT_PREFIX_PATH', '/opt/ros/humble'), ('PWD', '/home/ros2_ws/build/pub_sub'), ('LC_ALL', 'C.UTF-8'), ('GAZEBO_PLUGIN_PATH', '/usr/lib/x86_64-linux-gnu/gazebo-11/plugins:'), ('PYTHONPATH', '/opt/ros/humble/lib/python3.10/site-packages:/opt/ros/humble/local/lib/python3.10/dist-packages'), ('TZ', 'America/Sao_Paulo'), ('COLCON', '1'), ('CMAKE_PREFIX_PATH', '/opt/ros/humble')]), 'shell': False}
[0.013844] (teste_cpp) JobProgress: {'identifier': 'teste_cpp', 'progress': 'cmake'}
[0.013903] (teste_cpp) Command: {'cmd': ['/usr/bin/cmake', '/home/ros2_ws/src/teste_cpp', '-DCMAKE_INSTALL_PREFIX=/home/ros2_ws/install/teste_cpp'], 'cwd': '/home/ros2_ws/build/teste_cpp', 'env': OrderedDict([('HOSTNAME', 'thallys'), ('SHLVL', '1'), ('LD_LIBRARY_PATH', '/opt/ros/humble/opt/rviz_ogre_vendor/lib:/opt/ros/humble/lib/x86_64-linux-gnu:/opt/ros/humble/lib'), ('HOME', '/home/ros2_ws'), ('ROS_PYTHON_VERSION', '3'), ('ROS_DISTRO', 'humble'), ('_', '/usr/bin/colcon'), ('ROS_VERSION', '2'), ('TERM', 'xterm'), ('ROS_LOCALHOST_ONLY', '0'), ('QT_X11_NO_MITSHM', '1'), ('PATH', '/opt/ros/humble/bin:/usr/local/sbin:/usr/local/bin:/usr/sbin:/usr/bin:/sbin:/bin'), ('XDG_RUNTIME_DIR', '/tmp/runtime-ros2_ws'), ('DISPLAY', ':1'), ('LANG', 'C.UTF-8'), ('AMENT_PREFIX_PATH', '/opt/ros/humble'), ('PWD', '/home/ros2_ws/build/teste_cpp'), ('LC_ALL', 'C.UTF-8'), ('GAZEBO_PLUGIN_PATH', '/usr/lib/x86_64-linux-gnu/gazebo-11/plugins:'), ('PYTHONPATH', '/opt/ros/humble/lib/python3.10/site-packages:/opt/ros/humble/local/lib/python3.10/dist-packages'), ('TZ', 'America/Sao_Paulo'), ('COLCON', '1'), ('CMAKE_PREFIX_PATH', '/opt/ros/humble')]), 'shell': False}
[0.043431] (dahora_cpp) StdoutLine: {'line': b'-- The C compiler identification is GNU 11.4.0\n'}
[0.047755] (pub_sub) StdoutLine: {'line': b'-- The C compiler identification is GNU 11.4.0\n'}
[0.049179] (meu_pacote_cpp) StdoutLine: {'line': b'-- The C compiler identification is GNU 11.4.0\n'}
[0.052145] (teste_cpp) StdoutLine: {'line': b'-- The C compiler identification is GNU 11.4.0\n'}
[0.075301] (dahora_cpp) StdoutLine: {'line': b'-- The CXX compiler identification is GNU 11.4.0\n'}
[0.079400] (dahora_cpp) StdoutLine: {'line': b'-- Detecting C compiler ABI info\n'}
[0.080266] (meu_pacote_cpp) StdoutLine: {'line': b'-- The CXX compiler identification is GNU 11.4.0\n'}
[0.081336] (pub_sub) StdoutLine: {'line': b'-- The CXX compiler identification is GNU 11.4.0\n'}
[0.084711] (meu_pacote_cpp) StdoutLine: {'line': b'-- Detecting C compiler ABI info\n'}
[0.085302] (pub_sub) StdoutLine: {'line': b'-- Detecting C compiler ABI info\n'}
[0.092117] (teste_cpp) StdoutLine: {'line': b'-- The CXX compiler identification is GNU 11.4.0\n'}
[0.097819] (teste_cpp) StdoutLine: {'line': b'-- Detecting C compiler ABI info\n'}
[0.099890] (-) TimerEvent: {}
[0.120059] (dahora_cpp) StdoutLine: {'line': b'-- Detecting C compiler ABI info - done\n'}
[0.123977] (dahora_cpp) StdoutLine: {'line': b'-- Check for working C compiler: /usr/bin/cc - skipped\n'}
[0.124121] (dahora_cpp) StdoutLine: {'line': b'-- Detecting C compile features\n'}
[0.124239] (dahora_cpp) StdoutLine: {'line': b'-- Detecting C compile features - done\n'}
[0.124723] (pub_sub) StdoutLine: {'line': b'-- Detecting C compiler ABI info - done\n'}
[0.125993] (dahora_cpp) StdoutLine: {'line': b'-- Detecting CXX compiler ABI info\n'}
[0.126377] (meu_pacote_cpp) StdoutLine: {'line': b'-- Detecting C compiler ABI info - done\n'}
[0.128440] (pub_sub) StdoutLine: {'line': b'-- Check for working C compiler: /usr/bin/cc - skipped\n'}
[0.128599] (pub_sub) StdoutLine: {'line': b'-- Detecting C compile features\n'}
[0.128818] (pub_sub) StdoutLine: {'line': b'-- Detecting C compile features - done\n'}
[0.130609] (pub_sub) StdoutLine: {'line': b'-- Detecting CXX compiler ABI info\n'}
[0.131998] (meu_pacote_cpp) StdoutLine: {'line': b'-- Check for working C compiler: /usr/bin/cc - skipped\n'}
[0.132077] (meu_pacote_cpp) StdoutLine: {'line': b'-- Detecting C compile features\n'}
[0.132287] (meu_pacote_cpp) StdoutLine: {'line': b'-- Detecting C compile features - done\n'}
[0.134069] (meu_pacote_cpp) StdoutLine: {'line': b'-- Detecting CXX compiler ABI info\n'}
[0.140662] (teste_cpp) StdoutLine: {'line': b'-- Detecting C compiler ABI info - done\n'}
[0.145302] (teste_cpp) StdoutLine: {'line': b'-- Check for working C compiler: /usr/bin/cc - skipped\n'}
[0.145408] (teste_cpp) StdoutLine: {'line': b'-- Detecting C compile features\n'}
[0.145703] (teste_cpp) StdoutLine: {'line': b'-- Detecting C compile features - done\n'}
[0.147276] (teste_cpp) StdoutLine: {'line': b'-- Detecting CXX compiler ABI info\n'}
[0.170554] (dahora_cpp) StdoutLine: {'line': b'-- Detecting CXX compiler ABI info - done\n'}
[0.174462] (dahora_cpp) StdoutLine: {'line': b'-- Check for working CXX compiler: /usr/bin/c++ - skipped\n'}
[0.174630] (dahora_cpp) StdoutLine: {'line': b'-- Detecting CXX compile features\n'}
[0.174879] (dahora_cpp) StdoutLine: {'line': b'-- Detecting CXX compile features - done\n'}
[0.176470] (dahora_cpp) StdoutLine: {'line': b'-- Found ament_cmake: 1.3.10 (/opt/ros/humble/share/ament_cmake/cmake)\n'}
[0.178937] (pub_sub) StdoutLine: {'line': b'-- Detecting CXX compiler ABI info - done\n'}
[0.183662] (pub_sub) StdoutLine: {'line': b'-- Check for working CXX compiler: /usr/bin/c++ - skipped\n'}
[0.183801] (pub_sub) StdoutLine: {'line': b'-- Detecting CXX compile features\n'}
[0.183907] (meu_pacote_cpp) StdoutLine: {'line': b'-- Detecting CXX compiler ABI info - done\n'}
[0.184005] (pub_sub) StdoutLine: {'line': b'-- Detecting CXX compile features - done\n'}
[0.185501] (pub_sub) StdoutLine: {'line': b'-- Found ament_cmake: 1.3.10 (/opt/ros/humble/share/ament_cmake/cmake)\n'}
[0.188327] (meu_pacote_cpp) StdoutLine: {'line': b'-- Check for working CXX compiler: /usr/bin/c++ - skipped\n'}
[0.188377] (meu_pacote_cpp) StdoutLine: {'line': b'-- Detecting CXX compile features\n'}
[0.188651] (meu_pacote_cpp) StdoutLine: {'line': b'-- Detecting CXX compile features - done\n'}
[0.190132] (meu_pacote_cpp) StdoutLine: {'line': b'-- Found ament_cmake: 1.3.10 (/opt/ros/humble/share/ament_cmake/cmake)\n'}
[0.194515] (teste_cpp) StdoutLine: {'line': b'-- Detecting CXX compiler ABI info - done\n'}
[0.198543] (teste_cpp) StdoutLine: {'line': b'-- Check for working CXX compiler: /usr/bin/c++ - skipped\n'}
[0.198681] (teste_cpp) StdoutLine: {'line': b'-- Detecting CXX compile features\n'}
[0.198902] (teste_cpp) StdoutLine: {'line': b'-- Detecting CXX compile features - done\n'}
[0.200016] (-) TimerEvent: {}
[0.200397] (teste_cpp) StdoutLine: {'line': b'-- Found ament_cmake: 1.3.10 (/opt/ros/humble/share/ament_cmake/cmake)\n'}
[0.261004] (dahora_cpp) StdoutLine: {'line': b'-- Found Python3: /usr/bin/python3 (found version "3.10.12") found components: Interpreter \n'}
[0.273549] (meu_pacote_cpp) StdoutLine: {'line': b'-- Found Python3: /usr/bin/python3 (found version "3.10.12") found components: Interpreter \n'}
[0.276917] (pub_sub) StdoutLine: {'line': b'-- Found Python3: /usr/bin/python3 (found version "3.10.12") found components: Interpreter \n'}
[0.294253] (teste_cpp) StdoutLine: {'line': b'-- Found Python3: /usr/bin/python3 (found version "3.10.12") found components: Interpreter \n'}
[0.300112] (-) TimerEvent: {}
[0.313555] (dahora_cpp) StdoutLine: {'line': b'-- Found rclcpp: 16.0.10 (/opt/ros/humble/share/rclcpp/cmake)\n'}
[0.321808] (meu_pacote_cpp) StdoutLine: {'line': b'-- Found ament_lint_auto: 0.12.11 (/opt/ros/humble/share/ament_lint_auto/cmake)\n'}
[0.325486] (pub_sub) StdoutLine: {'line': b'-- Found rclcpp: 16.0.10 (/opt/ros/humble/share/rclcpp/cmake)\n'}
[0.338972] (dahora_cpp) StdoutLine: {'line': b'-- Found rosidl_generator_c: 3.1.5 (/opt/ros/humble/share/rosidl_generator_c/cmake)\n'}
[0.342037] (dahora_cpp) StdoutLine: {'line': b'-- Found rosidl_adapter: 3.1.5 (/opt/ros/humble/share/rosidl_adapter/cmake)\n'}
[0.347111] (dahora_cpp) StdoutLine: {'line': b'-- Found rosidl_generator_cpp: 3.1.5 (/opt/ros/humble/share/rosidl_generator_cpp/cmake)\n'}
[0.348979] (teste_cpp) StdoutLine: {'line': b'-- Found ament_lint_auto: 0.12.11 (/opt/ros/humble/share/ament_lint_auto/cmake)\n'}
[0.354472] (dahora_cpp) StdoutLine: {'line': b'-- Using all available rosidl_typesupport_c: rosidl_typesupport_fastrtps_c;rosidl_typesupport_introspection_c\n'}
[0.354735] (pub_sub) StdoutLine: {'line': b'-- Found rosidl_generator_c: 3.1.5 (/opt/ros/humble/share/rosidl_generator_c/cmake)\n'}
[0.357716] (pub_sub) StdoutLine: {'line': b'-- Found rosidl_adapter: 3.1.5 (/opt/ros/humble/share/rosidl_adapter/cmake)\n'}
[0.362360] (pub_sub) StdoutLine: {'line': b'-- Found rosidl_generator_cpp: 3.1.5 (/opt/ros/humble/share/rosidl_generator_cpp/cmake)\n'}
[0.363934] (dahora_cpp) StdoutLine: {'line': b'-- Using all available rosidl_typesupport_cpp: rosidl_typesupport_fastrtps_cpp;rosidl_typesupport_introspection_cpp\n'}
[0.367556] (meu_pacote_cpp) StdoutLine: {'line': b"-- Added test 'cppcheck' to perform static code analysis on C / C++ code\n"}
[0.367663] (meu_pacote_cpp) StdoutLine: {'line': b'-- Configured cppcheck include dirs: \n'}
[0.367712] (meu_pacote_cpp) StdoutLine: {'line': b'-- Configured cppcheck exclude dirs and/or files: \n'}
[0.367930] (meu_pacote_cpp) StdoutLine: {'line': b"-- Added test 'lint_cmake' to check CMake code style\n"}
[0.368420] (meu_pacote_cpp) StdoutLine: {'line': b"-- Added test 'uncrustify' to check C / C++ code style\n"}
[0.368501] (meu_pacote_cpp) StdoutLine: {'line': b'-- Configured uncrustify additional arguments: \n'}
[0.368652] (meu_pacote_cpp) StdoutLine: {'line': b"-- Added test 'xmllint' to check XML markup files\n"}
[0.369099] (pub_sub) StdoutLine: {'line': b'-- Using all available rosidl_typesupport_c: rosidl_typesupport_fastrtps_c;rosidl_typesupport_introspection_c\n'}
[0.369217] (meu_pacote_cpp) StdoutLine: {'line': b'-- Configuring done\n'}
[0.370577] (meu_pacote_cpp) StdoutLine: {'line': b'-- Generating done\n'}
[0.370962] (meu_pacote_cpp) StdoutLine: {'line': b'-- Build files have been written to: /home/ros2_ws/build/meu_pacote_cpp\n'}
[0.373464] (meu_pacote_cpp) CommandEnded: {'returncode': 0}
[0.373832] (meu_pacote_cpp) JobProgress: {'identifier': 'meu_pacote_cpp', 'progress': 'build'}
[0.374473] (meu_pacote_cpp) Command: {'cmd': ['/usr/bin/cmake', '--build', '/home/ros2_ws/build/meu_pacote_cpp', '--', '-j20', '-l20'], 'cwd': '/home/ros2_ws/build/meu_pacote_cpp', 'env': OrderedDict([('HOSTNAME', 'thallys'), ('SHLVL', '1'), ('LD_LIBRARY_PATH', '/opt/ros/humble/opt/rviz_ogre_vendor/lib:/opt/ros/humble/lib/x86_64-linux-gnu:/opt/ros/humble/lib'), ('HOME', '/home/ros2_ws'), ('ROS_PYTHON_VERSION', '3'), ('ROS_DISTRO', 'humble'), ('_', '/usr/bin/colcon'), ('ROS_VERSION', '2'), ('TERM', 'xterm'), ('ROS_LOCALHOST_ONLY', '0'), ('QT_X11_NO_MITSHM', '1'), ('PATH', '/opt/ros/humble/bin:/usr/local/sbin:/usr/local/bin:/usr/sbin:/usr/bin:/sbin:/bin'), ('XDG_RUNTIME_DIR', '/tmp/runtime-ros2_ws'), ('DISPLAY', ':1'), ('LANG', 'C.UTF-8'), ('AMENT_PREFIX_PATH', '/opt/ros/humble'), ('PWD', '/home/ros2_ws/build/meu_pacote_cpp'), ('LC_ALL', 'C.UTF-8'), ('GAZEBO_PLUGIN_PATH', '/usr/lib/x86_64-linux-gnu/gazebo-11/plugins:'), ('PYTHONPATH', '/opt/ros/humble/lib/python3.10/site-packages:/opt/ros/humble/local/lib/python3.10/dist-packages'), ('TZ', 'America/Sao_Paulo'), ('COLCON', '1'), ('CMAKE_PREFIX_PATH', '/opt/ros/humble')]), 'shell': False}
[0.378320] (pub_sub) StdoutLine: {'line': b'-- Using all available rosidl_typesupport_cpp: rosidl_typesupport_fastrtps_cpp;rosidl_typesupport_introspection_cpp\n'}
[0.390112] (dahora_cpp) StdoutLine: {'line': b'-- Found rmw_implementation_cmake: 6.1.2 (/opt/ros/humble/share/rmw_implementation_cmake/cmake)\n'}
[0.391521] (dahora_cpp) StdoutLine: {'line': b'-- Found rmw_fastrtps_cpp: 6.2.7 (/opt/ros/humble/share/rmw_fastrtps_cpp/cmake)\n'}
[0.395847] (teste_cpp) StdoutLine: {'line': b"-- Added test 'lint_cmake' to check CMake code style\n"}
[0.396323] (teste_cpp) StdoutLine: {'line': b"-- Added test 'xmllint' to check XML markup files\n"}
[0.396911] (teste_cpp) StdoutLine: {'line': b'-- Configuring done\n'}
[0.398301] (teste_cpp) StdoutLine: {'line': b'-- Generating done\n'}
[0.398734] (teste_cpp) StdoutLine: {'line': b'-- Build files have been written to: /home/ros2_ws/build/teste_cpp\n'}
[0.400214] (-) TimerEvent: {}
[0.401168] (teste_cpp) CommandEnded: {'returncode': 0}
[0.401473] (teste_cpp) JobProgress: {'identifier': 'teste_cpp', 'progress': 'build'}
[0.401701] (teste_cpp) Command: {'cmd': ['/usr/bin/cmake', '--build', '/home/ros2_ws/build/teste_cpp', '--', '-j20', '-l20'], 'cwd': '/home/ros2_ws/build/teste_cpp', 'env': OrderedDict([('HOSTNAME', 'thallys'), ('SHLVL', '1'), ('LD_LIBRARY_PATH', '/opt/ros/humble/opt/rviz_ogre_vendor/lib:/opt/ros/humble/lib/x86_64-linux-gnu:/opt/ros/humble/lib'), ('HOME', '/home/ros2_ws'), ('ROS_PYTHON_VERSION', '3'), ('ROS_DISTRO', 'humble'), ('_', '/usr/bin/colcon'), ('ROS_VERSION', '2'), ('TERM', 'xterm'), ('ROS_LOCALHOST_ONLY', '0'), ('QT_X11_NO_MITSHM', '1'), ('PATH', '/opt/ros/humble/bin:/usr/local/sbin:/usr/local/bin:/usr/sbin:/usr/bin:/sbin:/bin'), ('XDG_RUNTIME_DIR', '/tmp/runtime-ros2_ws'), ('DISPLAY', ':1'), ('LANG', 'C.UTF-8'), ('AMENT_PREFIX_PATH', '/opt/ros/humble'), ('PWD', '/home/ros2_ws/build/teste_cpp'), ('LC_ALL', 'C.UTF-8'), ('GAZEBO_PLUGIN_PATH', '/usr/lib/x86_64-linux-gnu/gazebo-11/plugins:'), ('PYTHONPATH', '/opt/ros/humble/lib/python3.10/site-packages:/opt/ros/humble/local/lib/python3.10/dist-packages'), ('TZ', 'America/Sao_Paulo'), ('COLCON', '1'), ('CMAKE_PREFIX_PATH', '/opt/ros/humble')]), 'shell': False}
[0.402535] (meu_pacote_cpp) CommandEnded: {'returncode': 0}
[0.403107] (pub_sub) StdoutLine: {'line': b'-- Found rmw_implementation_cmake: 6.1.2 (/opt/ros/humble/share/rmw_implementation_cmake/cmake)\n'}
[0.404645] (pub_sub) StdoutLine: {'line': b'-- Found rmw_fastrtps_cpp: 6.2.7 (/opt/ros/humble/share/rmw_fastrtps_cpp/cmake)\n'}
[0.415556] (meu_pacote_cpp) JobProgress: {'identifier': 'meu_pacote_cpp', 'progress': 'install'}
[0.421993] (meu_pacote_cpp) Command: {'cmd': ['/usr/bin/cmake', '--install', '/home/ros2_ws/build/meu_pacote_cpp'], 'cwd': '/home/ros2_ws/build/meu_pacote_cpp', 'env': OrderedDict([('HOSTNAME', 'thallys'), ('SHLVL', '1'), ('LD_LIBRARY_PATH', '/opt/ros/humble/opt/rviz_ogre_vendor/lib:/opt/ros/humble/lib/x86_64-linux-gnu:/opt/ros/humble/lib'), ('HOME', '/home/ros2_ws'), ('ROS_PYTHON_VERSION', '3'), ('ROS_DISTRO', 'humble'), ('_', '/usr/bin/colcon'), ('ROS_VERSION', '2'), ('TERM', 'xterm'), ('ROS_LOCALHOST_ONLY', '0'), ('QT_X11_NO_MITSHM', '1'), ('PATH', '/opt/ros/humble/bin:/usr/local/sbin:/usr/local/bin:/usr/sbin:/usr/bin:/sbin:/bin'), ('XDG_RUNTIME_DIR', '/tmp/runtime-ros2_ws'), ('DISPLAY', ':1'), ('LANG', 'C.UTF-8'), ('AMENT_PREFIX_PATH', '/opt/ros/humble'), ('PWD', '/home/ros2_ws/build/meu_pacote_cpp'), ('LC_ALL', 'C.UTF-8'), ('GAZEBO_PLUGIN_PATH', '/usr/lib/x86_64-linux-gnu/gazebo-11/plugins:'), ('PYTHONPATH', '/opt/ros/humble/lib/python3.10/site-packages:/opt/ros/humble/local/lib/python3.10/dist-packages'), ('TZ', 'America/Sao_Paulo'), ('COLCON', '1'), ('CMAKE_PREFIX_PATH', '/opt/ros/humble')]), 'shell': False}
[0.423835] (teste_cpp) CommandEnded: {'returncode': 0}
[0.428253] (meu_pacote_cpp) StdoutLine: {'line': b'-- Install configuration: ""\n'}
[0.428446] (meu_pacote_cpp) StdoutLine: {'line': b'-- Installing: /home/ros2_ws/install/meu_pacote_cpp/share/ament_index/resource_index/package_run_dependencies/meu_pacote_cpp\n'}
[0.428622] (meu_pacote_cpp) StdoutLine: {'line': b'-- Installing: /home/ros2_ws/install/meu_pacote_cpp/share/ament_index/resource_index/parent_prefix_path/meu_pacote_cpp\n'}
[0.428801] (meu_pacote_cpp) StdoutLine: {'line': b'-- Installing: /home/ros2_ws/install/meu_pacote_cpp/share/meu_pacote_cpp/environment/ament_prefix_path.sh\n'}
[0.428924] (meu_pacote_cpp) StdoutLine: {'line': b'-- Installing: /home/ros2_ws/install/meu_pacote_cpp/share/meu_pacote_cpp/environment/ament_prefix_path.dsv\n'}
[0.429043] (meu_pacote_cpp) StdoutLine: {'line': b'-- Installing: /home/ros2_ws/install/meu_pacote_cpp/share/meu_pacote_cpp/environment/path.sh\n'}
[0.429165] (meu_pacote_cpp) StdoutLine: {'line': b'-- Installing: /home/ros2_ws/install/meu_pacote_cpp/share/meu_pacote_cpp/environment/path.dsv\n'}
[0.429316] (meu_pacote_cpp) StdoutLine: {'line': b'-- Installing: /home/ros2_ws/install/meu_pacote_cpp/share/meu_pacote_cpp/local_setup.bash\n'}
[0.429432] (meu_pacote_cpp) StdoutLine: {'line': b'-- Installing: /home/ros2_ws/install/meu_pacote_cpp/share/meu_pacote_cpp/local_setup.sh\n'}
[0.429571] (meu_pacote_cpp) StdoutLine: {'line': b'-- Installing: /home/ros2_ws/install/meu_pacote_cpp/share/meu_pacote_cpp/local_setup.zsh\n'}
[0.429686] (meu_pacote_cpp) StdoutLine: {'line': b'-- Installing: /home/ros2_ws/install/meu_pacote_cpp/share/meu_pacote_cpp/local_setup.dsv\n'}
[0.429844] (meu_pacote_cpp) StdoutLine: {'line': b'-- Installing: /home/ros2_ws/install/meu_pacote_cpp/share/meu_pacote_cpp/package.dsv\n'}
[0.429943] (meu_pacote_cpp) StdoutLine: {'line': b'-- Installing: /home/ros2_ws/install/meu_pacote_cpp/share/ament_index/resource_index/packages/meu_pacote_cpp\n'}
[0.430087] (meu_pacote_cpp) StdoutLine: {'line': b'-- Installing: /home/ros2_ws/install/meu_pacote_cpp/share/meu_pacote_cpp/cmake/meu_pacote_cppConfig.cmake\n'}
[0.430185] (meu_pacote_cpp) StdoutLine: {'line': b'-- Installing: /home/ros2_ws/install/meu_pacote_cpp/share/meu_pacote_cpp/cmake/meu_pacote_cppConfig-version.cmake\n'}
[0.430328] (meu_pacote_cpp) StdoutLine: {'line': b'-- Installing: /home/ros2_ws/install/meu_pacote_cpp/share/meu_pacote_cpp/package.xml\n'}
[0.431687] (meu_pacote_cpp) CommandEnded: {'returncode': 0}
[0.440288] (teste_cpp) JobProgress: {'identifier': 'teste_cpp', 'progress': 'install'}
[0.440513] (teste_cpp) Command: {'cmd': ['/usr/bin/cmake', '--install', '/home/ros2_ws/build/teste_cpp'], 'cwd': '/home/ros2_ws/build/teste_cpp', 'env': OrderedDict([('HOSTNAME', 'thallys'), ('SHLVL', '1'), ('LD_LIBRARY_PATH', '/opt/ros/humble/opt/rviz_ogre_vendor/lib:/opt/ros/humble/lib/x86_64-linux-gnu:/opt/ros/humble/lib'), ('HOME', '/home/ros2_ws'), ('ROS_PYTHON_VERSION', '3'), ('ROS_DISTRO', 'humble'), ('_', '/usr/bin/colcon'), ('ROS_VERSION', '2'), ('TERM', 'xterm'), ('ROS_LOCALHOST_ONLY', '0'), ('QT_X11_NO_MITSHM', '1'), ('PATH', '/opt/ros/humble/bin:/usr/local/sbin:/usr/local/bin:/usr/sbin:/usr/bin:/sbin:/bin'), ('XDG_RUNTIME_DIR', '/tmp/runtime-ros2_ws'), ('DISPLAY', ':1'), ('LANG', 'C.UTF-8'), ('AMENT_PREFIX_PATH', '/opt/ros/humble'), ('PWD', '/home/ros2_ws/build/teste_cpp'), ('LC_ALL', 'C.UTF-8'), ('GAZEBO_PLUGIN_PATH', '/usr/lib/x86_64-linux-gnu/gazebo-11/plugins:'), ('PYTHONPATH', '/opt/ros/humble/lib/python3.10/site-packages:/opt/ros/humble/local/lib/python3.10/dist-packages'), ('TZ', 'America/Sao_Paulo'), ('COLCON', '1'), ('CMAKE_PREFIX_PATH', '/opt/ros/humble')]), 'shell': False}
[0.447478] (teste_cpp) StdoutLine: {'line': b'-- Install configuration: ""\n'}
[0.447740] (teste_cpp) StdoutLine: {'line': b'-- Installing: /home/ros2_ws/install/teste_cpp/share/ament_index/resource_index/package_run_dependencies/teste_cpp\n'}
[0.448111] (teste_cpp) StdoutLine: {'line': b'-- Installing: /home/ros2_ws/install/teste_cpp/share/ament_index/resource_index/parent_prefix_path/teste_cpp\n'}
[0.448348] (teste_cpp) StdoutLine: {'line': b'-- Installing: /home/ros2_ws/install/teste_cpp/share/teste_cpp/environment/ament_prefix_path.sh\n'}
[0.448497] (teste_cpp) StdoutLine: {'line': b'-- Installing: /home/ros2_ws/install/teste_cpp/share/teste_cpp/environment/ament_prefix_path.dsv\n'}
[0.448607] (teste_cpp) StdoutLine: {'line': b'-- Installing: /home/ros2_ws/install/teste_cpp/share/teste_cpp/environment/path.sh\n'}
[0.448717] (teste_cpp) StdoutLine: {'line': b'-- Installing: /home/ros2_ws/install/teste_cpp/share/teste_cpp/environment/path.dsv\n'}
[0.448824] (teste_cpp) StdoutLine: {'line': b'-- Installing: /home/ros2_ws/install/teste_cpp/share/teste_cpp/local_setup.bash\n'}
[0.448925] (teste_cpp) StdoutLine: {'line': b'-- Installing: /home/ros2_ws/install/teste_cpp/share/teste_cpp/local_setup.sh\n'}
[0.449026] (teste_cpp) StdoutLine: {'line': b'-- Installing: /home/ros2_ws/install/teste_cpp/share/teste_cpp/local_setup.zsh\n'}
[0.449307] (teste_cpp) StdoutLine: {'line': b'-- Installing: /home/ros2_ws/install/teste_cpp/share/teste_cpp/local_setup.dsv\n'}
[0.449467] (teste_cpp) StdoutLine: {'line': b'-- Installing: /home/ros2_ws/install/teste_cpp/share/teste_cpp/package.dsv\n'}
[0.449560] (teste_cpp) StdoutLine: {'line': b'-- Installing: /home/ros2_ws/install/teste_cpp/share/ament_index/resource_index/packages/teste_cpp\n'}
[0.449682] (teste_cpp) StdoutLine: {'line': b'-- Installing: /home/ros2_ws/install/teste_cpp/share/teste_cpp/cmake/teste_cppConfig.cmake\n'}
[0.449774] (teste_cpp) StdoutLine: {'line': b'-- Installing: /home/ros2_ws/install/teste_cpp/share/teste_cpp/cmake/teste_cppConfig-version.cmake\n'}
[0.449864] (teste_cpp) StdoutLine: {'line': b'-- Installing: /home/ros2_ws/install/teste_cpp/share/teste_cpp/package.xml\n'}
[0.449956] (dahora_cpp) StdoutLine: {'line': b'-- Found OpenSSL: /usr/lib/x86_64-linux-gnu/libcrypto.so (found version "3.0.2")  \n'}
[0.450949] (teste_cpp) CommandEnded: {'returncode': 0}
[0.461772] (meu_pacote_cpp) JobEnded: {'identifier': 'meu_pacote_cpp', 'rc': 0}
[0.464179] (pub_sub) StdoutLine: {'line': b'-- Found OpenSSL: /usr/lib/x86_64-linux-gnu/libcrypto.so (found version "3.0.2")  \n'}
[0.470716] (dahora_cpp) StdoutLine: {'line': b'-- Found FastRTPS: /opt/ros/humble/include  \n'}
[0.476234] (teste_cpp) JobEnded: {'identifier': 'teste_cpp', 'rc': 0}
[0.482529] (pub_sub) StdoutLine: {'line': b'-- Found FastRTPS: /opt/ros/humble/include  \n'}
[0.500322] (-) TimerEvent: {}
[0.502306] (dahora_cpp) StdoutLine: {'line': b"-- Using RMW implementation 'rmw_fastrtps_cpp' as default\n"}
[0.507321] (dahora_cpp) StdoutLine: {'line': b'-- Looking for pthread.h\n'}
[0.512052] (pub_sub) StdoutLine: {'line': b"-- Using RMW implementation 'rmw_fastrtps_cpp' as default\n"}
[0.517952] (pub_sub) StdoutLine: {'line': b'-- Looking for pthread.h\n'}
[0.569241] (dahora_cpp) StdoutLine: {'line': b'-- Looking for pthread.h - found\n'}
[0.569951] (dahora_cpp) StdoutLine: {'line': b'-- Performing Test CMAKE_HAVE_LIBC_PTHREAD\n'}
[0.584198] (pub_sub) StdoutLine: {'line': b'-- Looking for pthread.h - found\n'}
[0.584555] (pub_sub) StdoutLine: {'line': b'-- Performing Test CMAKE_HAVE_LIBC_PTHREAD\n'}
[0.600431] (-) TimerEvent: {}
[0.636882] (dahora_cpp) StdoutLine: {'line': b'-- Performing Test CMAKE_HAVE_LIBC_PTHREAD - Success\n'}
[0.637438] (dahora_cpp) StdoutLine: {'line': b'-- Found Threads: TRUE  \n'}
[0.647258] (pub_sub) StdoutLine: {'line': b'-- Performing Test CMAKE_HAVE_LIBC_PTHREAD - Success\n'}
[0.648164] (pub_sub) StdoutLine: {'line': b'-- Found Threads: TRUE  \n'}
[0.666791] (dahora_cpp) StdoutLine: {'line': b'-- Found ament_lint_auto: 0.12.11 (/opt/ros/humble/share/ament_lint_auto/cmake)\n'}
[0.675145] (pub_sub) StdoutLine: {'line': b'-- Found ament_lint_auto: 0.12.11 (/opt/ros/humble/share/ament_lint_auto/cmake)\n'}
[0.700506] (-) TimerEvent: {}
[0.707777] (dahora_cpp) StdoutLine: {'line': b"-- Added test 'cppcheck' to perform static code analysis on C / C++ code\n"}
[0.707880] (dahora_cpp) StdoutLine: {'line': b'-- Configured cppcheck include dirs: \n'}
[0.707935] (dahora_cpp) StdoutLine: {'line': b'-- Configured cppcheck exclude dirs and/or files: \n'}
[0.708099] (dahora_cpp) StdoutLine: {'line': b"-- Added test 'lint_cmake' to check CMake code style\n"}
[0.708598] (dahora_cpp) StdoutLine: {'line': b"-- Added test 'uncrustify' to check C / C++ code style\n"}
[0.708652] (dahora_cpp) StdoutLine: {'line': b'-- Configured uncrustify additional arguments: \n'}
[0.708792] (dahora_cpp) StdoutLine: {'line': b"-- Added test 'xmllint' to check XML markup files\n"}
[0.709304] (dahora_cpp) StdoutLine: {'line': b'-- Configuring done\n'}
[0.711404] (dahora_cpp) StdoutLine: {'line': b'-- Generating done\n'}
[0.712091] (dahora_cpp) StdoutLine: {'line': b'-- Build files have been written to: /home/ros2_ws/build/dahora_cpp\n'}
[0.716773] (dahora_cpp) CommandEnded: {'returncode': 0}
[0.717219] (dahora_cpp) JobProgress: {'identifier': 'dahora_cpp', 'progress': 'build'}
[0.717529] (dahora_cpp) Command: {'cmd': ['/usr/bin/cmake', '--build', '/home/ros2_ws/build/dahora_cpp', '--', '-j20', '-l20'], 'cwd': '/home/ros2_ws/build/dahora_cpp', 'env': OrderedDict([('HOSTNAME', 'thallys'), ('SHLVL', '1'), ('LD_LIBRARY_PATH', '/opt/ros/humble/opt/rviz_ogre_vendor/lib:/opt/ros/humble/lib/x86_64-linux-gnu:/opt/ros/humble/lib'), ('HOME', '/home/ros2_ws'), ('ROS_PYTHON_VERSION', '3'), ('ROS_DISTRO', 'humble'), ('_', '/usr/bin/colcon'), ('ROS_VERSION', '2'), ('TERM', 'xterm'), ('ROS_LOCALHOST_ONLY', '0'), ('QT_X11_NO_MITSHM', '1'), ('PATH', '/opt/ros/humble/bin:/usr/local/sbin:/usr/local/bin:/usr/sbin:/usr/bin:/sbin:/bin'), ('XDG_RUNTIME_DIR', '/tmp/runtime-ros2_ws'), ('DISPLAY', ':1'), ('LANG', 'C.UTF-8'), ('AMENT_PREFIX_PATH', '/opt/ros/humble'), ('PWD', '/home/ros2_ws/build/dahora_cpp'), ('LC_ALL', 'C.UTF-8'), ('GAZEBO_PLUGIN_PATH', '/usr/lib/x86_64-linux-gnu/gazebo-11/plugins:'), ('PYTHONPATH', '/opt/ros/humble/lib/python3.10/site-packages:/opt/ros/humble/local/lib/python3.10/dist-packages'), ('TZ', 'America/Sao_Paulo'), ('COLCON', '1'), ('CMAKE_PREFIX_PATH', '/opt/ros/humble')]), 'shell': False}
[0.722484] (pub_sub) StdoutLine: {'line': b"-- Added test 'cppcheck' to perform static code analysis on C / C++ code\n"}
[0.722600] (pub_sub) StdoutLine: {'line': b'-- Configured cppcheck include dirs: \n'}
[0.722659] (pub_sub) StdoutLine: {'line': b'-- Configured cppcheck exclude dirs and/or files: \n'}
[0.722962] (pub_sub) StdoutLine: {'line': b"-- Added test 'lint_cmake' to check CMake code style\n"}
[0.723443] (pub_sub) StdoutLine: {'line': b"-- Added test 'uncrustify' to check C / C++ code style\n"}
[0.723515] (pub_sub) StdoutLine: {'line': b'-- Configured uncrustify additional arguments: \n'}
[0.723566] (pub_sub) StdoutLine: {'line': b"-- Added test 'xmllint' to check XML markup files\n"}
[0.724015] (pub_sub) StdoutLine: {'line': b'-- Configuring done\n'}
[0.728323] (pub_sub) StdoutLine: {'line': b'-- Generating done\n'}
[0.729014] (pub_sub) StdoutLine: {'line': b'-- Build files have been written to: /home/ros2_ws/build/pub_sub\n'}
[0.734762] (pub_sub) CommandEnded: {'returncode': 0}
[0.735162] (pub_sub) JobProgress: {'identifier': 'pub_sub', 'progress': 'build'}
[0.735387] (pub_sub) Command: {'cmd': ['/usr/bin/cmake', '--build', '/home/ros2_ws/build/pub_sub', '--', '-j20', '-l20'], 'cwd': '/home/ros2_ws/build/pub_sub', 'env': OrderedDict([('HOSTNAME', 'thallys'), ('SHLVL', '1'), ('LD_LIBRARY_PATH', '/opt/ros/humble/opt/rviz_ogre_vendor/lib:/opt/ros/humble/lib/x86_64-linux-gnu:/opt/ros/humble/lib'), ('HOME', '/home/ros2_ws'), ('ROS_PYTHON_VERSION', '3'), ('ROS_DISTRO', 'humble'), ('_', '/usr/bin/colcon'), ('ROS_VERSION', '2'), ('TERM', 'xterm'), ('ROS_LOCALHOST_ONLY', '0'), ('QT_X11_NO_MITSHM', '1'), ('PATH', '/opt/ros/humble/bin:/usr/local/sbin:/usr/local/bin:/usr/sbin:/usr/bin:/sbin:/bin'), ('XDG_RUNTIME_DIR', '/tmp/runtime-ros2_ws'), ('DISPLAY', ':1'), ('LANG', 'C.UTF-8'), ('AMENT_PREFIX_PATH', '/opt/ros/humble'), ('PWD', '/home/ros2_ws/build/pub_sub'), ('LC_ALL', 'C.UTF-8'), ('GAZEBO_PLUGIN_PATH', '/usr/lib/x86_64-linux-gnu/gazebo-11/plugins:'), ('PYTHONPATH', '/opt/ros/humble/lib/python3.10/site-packages:/opt/ros/humble/local/lib/python3.10/dist-packages'), ('TZ', 'America/Sao_Paulo'), ('COLCON', '1'), ('CMAKE_PREFIX_PATH', '/opt/ros/humble')]), 'shell': False}
[0.742476] (dahora_cpp) CommandEnded: {'returncode': 0}
[0.755266] (dahora_cpp) JobProgress: {'identifier': 'dahora_cpp', 'progress': 'install'}
[0.755603] (dahora_cpp) Command: {'cmd': ['/usr/bin/cmake', '--install', '/home/ros2_ws/build/dahora_cpp'], 'cwd': '/home/ros2_ws/build/dahora_cpp', 'env': OrderedDict([('HOSTNAME', 'thallys'), ('SHLVL', '1'), ('LD_LIBRARY_PATH', '/opt/ros/humble/opt/rviz_ogre_vendor/lib:/opt/ros/humble/lib/x86_64-linux-gnu:/opt/ros/humble/lib'), ('HOME', '/home/ros2_ws'), ('ROS_PYTHON_VERSION', '3'), ('ROS_DISTRO', 'humble'), ('_', '/usr/bin/colcon'), ('ROS_VERSION', '2'), ('TERM', 'xterm'), ('ROS_LOCALHOST_ONLY', '0'), ('QT_X11_NO_MITSHM', '1'), ('PATH', '/opt/ros/humble/bin:/usr/local/sbin:/usr/local/bin:/usr/sbin:/usr/bin:/sbin:/bin'), ('XDG_RUNTIME_DIR', '/tmp/runtime-ros2_ws'), ('DISPLAY', ':1'), ('LANG', 'C.UTF-8'), ('AMENT_PREFIX_PATH', '/opt/ros/humble'), ('PWD', '/home/ros2_ws/build/dahora_cpp'), ('LC_ALL', 'C.UTF-8'), ('GAZEBO_PLUGIN_PATH', '/usr/lib/x86_64-linux-gnu/gazebo-11/plugins:'), ('PYTHONPATH', '/opt/ros/humble/lib/python3.10/site-packages:/opt/ros/humble/local/lib/python3.10/dist-packages'), ('TZ', 'America/Sao_Paulo'), ('COLCON', '1'), ('CMAKE_PREFIX_PATH', '/opt/ros/humble')]), 'shell': False}
[0.760783] (dahora_cpp) StdoutLine: {'line': b'-- Install configuration: ""\n'}
[0.760972] (dahora_cpp) StdoutLine: {'line': b'-- Installing: /home/ros2_ws/install/dahora_cpp/share/ament_index/resource_index/package_run_dependencies/dahora_cpp\n'}
[0.761076] (dahora_cpp) StdoutLine: {'line': b'-- Installing: /home/ros2_ws/install/dahora_cpp/share/ament_index/resource_index/parent_prefix_path/dahora_cpp\n'}
[0.761206] (dahora_cpp) StdoutLine: {'line': b'-- Installing: /home/ros2_ws/install/dahora_cpp/share/dahora_cpp/environment/ament_prefix_path.sh\n'}
[0.761330] (dahora_cpp) StdoutLine: {'line': b'-- Installing: /home/ros2_ws/install/dahora_cpp/share/dahora_cpp/environment/ament_prefix_path.dsv\n'}
[0.761428] (dahora_cpp) StdoutLine: {'line': b'-- Installing: /home/ros2_ws/install/dahora_cpp/share/dahora_cpp/environment/path.sh\n'}
[0.761552] (dahora_cpp) StdoutLine: {'line': b'-- Installing: /home/ros2_ws/install/dahora_cpp/share/dahora_cpp/environment/path.dsv\n'}
[0.761666] (dahora_cpp) StdoutLine: {'line': b'-- Installing: /home/ros2_ws/install/dahora_cpp/share/dahora_cpp/local_setup.bash\n'}
[0.761750] (dahora_cpp) StdoutLine: {'line': b'-- Installing: /home/ros2_ws/install/dahora_cpp/share/dahora_cpp/local_setup.sh\n'}
[0.761856] (dahora_cpp) StdoutLine: {'line': b'-- Installing: /home/ros2_ws/install/dahora_cpp/share/dahora_cpp/local_setup.zsh\n'}
[0.761953] (dahora_cpp) StdoutLine: {'line': b'-- Installing: /home/ros2_ws/install/dahora_cpp/share/dahora_cpp/local_setup.dsv\n'}
[0.762036] (dahora_cpp) StdoutLine: {'line': b'-- Installing: /home/ros2_ws/install/dahora_cpp/share/dahora_cpp/package.dsv\n'}
[0.762118] (dahora_cpp) StdoutLine: {'line': b'-- Installing: /home/ros2_ws/install/dahora_cpp/share/ament_index/resource_index/packages/dahora_cpp\n'}
[0.762209] (dahora_cpp) StdoutLine: {'line': b'-- Installing: /home/ros2_ws/install/dahora_cpp/share/dahora_cpp/cmake/dahora_cppConfig.cmake\n'}
[0.762299] (dahora_cpp) StdoutLine: {'line': b'-- Installing: /home/ros2_ws/install/dahora_cpp/share/dahora_cpp/cmake/dahora_cppConfig-version.cmake\n'}
[0.762381] (dahora_cpp) StdoutLine: {'line': b'-- Installing: /home/ros2_ws/install/dahora_cpp/share/dahora_cpp/package.xml\n'}
[0.763157] (dahora_cpp) CommandEnded: {'returncode': 0}
[0.771876] (pub_sub) StdoutLine: {'line': b'[ 50%] \x1b[32mBuilding CXX object CMakeFiles/publicador_cpp.dir/src/publicador_cpp.cpp.o\x1b[0m\n'}
[0.796077] (dahora_cpp) JobEnded: {'identifier': 'dahora_cpp', 'rc': 0}
[0.800577] (-) TimerEvent: {}
[0.900790] (-) TimerEvent: {}
[1.001013] (-) TimerEvent: {}
[1.101407] (-) TimerEvent: {}
[1.201763] (-) TimerEvent: {}
[1.301999] (-) TimerEvent: {}
[1.402406] (-) TimerEvent: {}
[1.502780] (-) TimerEvent: {}
[1.603132] (-) TimerEvent: {}
[1.703507] (-) TimerEvent: {}
[1.803862] (-) TimerEvent: {}
[1.904231] (-) TimerEvent: {}
[2.004582] (-) TimerEvent: {}
[2.104942] (-) TimerEvent: {}
[2.205303] (-) TimerEvent: {}
[2.305680] (-) TimerEvent: {}
[2.406045] (-) TimerEvent: {}
[2.506345] (-) TimerEvent: {}
[2.606602] (-) TimerEvent: {}
[2.706868] (-) TimerEvent: {}
[2.794546] (pub_sub) StdoutLine: {'line': b'[100%] \x1b[32m\x1b[1mLinking CXX executable publicador_cpp\x1b[0m\n'}
[2.806984] (-) TimerEvent: {}
[2.896914] (pub_sub) StdoutLine: {'line': b'[100%] Built target publicador_cpp\n'}
[2.904060] (pub_sub) CommandEnded: {'returncode': 0}
[2.907180] (-) TimerEvent: {}
[2.928002] (pub_sub) JobProgress: {'identifier': 'pub_sub', 'progress': 'install'}
[2.928146] (pub_sub) Command: {'cmd': ['/usr/bin/cmake', '--install', '/home/ros2_ws/build/pub_sub'], 'cwd': '/home/ros2_ws/build/pub_sub', 'env': OrderedDict([('HOSTNAME', 'thallys'), ('SHLVL', '1'), ('LD_LIBRARY_PATH', '/opt/ros/humble/opt/rviz_ogre_vendor/lib:/opt/ros/humble/lib/x86_64-linux-gnu:/opt/ros/humble/lib'), ('HOME', '/home/ros2_ws'), ('ROS_PYTHON_VERSION', '3'), ('ROS_DISTRO', 'humble'), ('_', '/usr/bin/colcon'), ('ROS_VERSION', '2'), ('TERM', 'xterm'), ('ROS_LOCALHOST_ONLY', '0'), ('QT_X11_NO_MITSHM', '1'), ('PATH', '/opt/ros/humble/bin:/usr/local/sbin:/usr/local/bin:/usr/sbin:/usr/bin:/sbin:/bin'), ('XDG_RUNTIME_DIR', '/tmp/runtime-ros2_ws'), ('DISPLAY', ':1'), ('LANG', 'C.UTF-8'), ('AMENT_PREFIX_PATH', '/opt/ros/humble'), ('PWD', '/home/ros2_ws/build/pub_sub'), ('LC_ALL', 'C.UTF-8'), ('GAZEBO_PLUGIN_PATH', '/usr/lib/x86_64-linux-gnu/gazebo-11/plugins:'), ('PYTHONPATH', '/opt/ros/humble/lib/python3.10/site-packages:/opt/ros/humble/local/lib/python3.10/dist-packages'), ('TZ', 'America/Sao_Paulo'), ('COLCON', '1'), ('CMAKE_PREFIX_PATH', '/opt/ros/humble')]), 'shell': False}
[2.936338] (pub_sub) StdoutLine: {'line': b'-- Install configuration: ""\n'}
[2.936548] (pub_sub) StdoutLine: {'line': b'-- Installing: /home/ros2_ws/install/pub_sub/lib/pub_sub/publicador_cpp\n'}
[2.937547] (pub_sub) StdoutLine: {'line': b'-- Set runtime path of "/home/ros2_ws/install/pub_sub/lib/pub_sub/publicador_cpp" to ""\n'}
[2.937714] (pub_sub) StdoutLine: {'line': b'-- Installing: /home/ros2_ws/install/pub_sub/share/ament_index/resource_index/package_run_dependencies/pub_sub\n'}
[2.937863] (pub_sub) StdoutLine: {'line': b'-- Installing: /home/ros2_ws/install/pub_sub/share/ament_index/resource_index/parent_prefix_path/pub_sub\n'}
[2.938046] (pub_sub) StdoutLine: {'line': b'-- Installing: /home/ros2_ws/install/pub_sub/share/pub_sub/environment/ament_prefix_path.sh\n'}
[2.938180] (pub_sub) StdoutLine: {'line': b'-- Installing: /home/ros2_ws/install/pub_sub/share/pub_sub/environment/ament_prefix_path.dsv\n'}
[2.938336] (pub_sub) StdoutLine: {'line': b'-- Installing: /home/ros2_ws/install/pub_sub/share/pub_sub/environment/path.sh\n'}
[2.938457] (pub_sub) StdoutLine: {'line': b'-- Installing: /home/ros2_ws/install/pub_sub/share/pub_sub/environment/path.dsv\n'}
[2.938596] (pub_sub) StdoutLine: {'line': b'-- Installing: /home/ros2_ws/install/pub_sub/share/pub_sub/local_setup.bash\n'}
[2.938740] (pub_sub) StdoutLine: {'line': b'-- Installing: /home/ros2_ws/install/pub_sub/share/pub_sub/local_setup.sh\n'}
[2.938865] (pub_sub) StdoutLine: {'line': b'-- Installing: /home/ros2_ws/install/pub_sub/share/pub_sub/local_setup.zsh\n'}
[2.938982] (pub_sub) StdoutLine: {'line': b'-- Installing: /home/ros2_ws/install/pub_sub/share/pub_sub/local_setup.dsv\n'}
[2.939113] (pub_sub) StdoutLine: {'line': b'-- Installing: /home/ros2_ws/install/pub_sub/share/pub_sub/package.dsv\n'}
[2.939244] (pub_sub) StdoutLine: {'line': b'-- Installing: /home/ros2_ws/install/pub_sub/share/ament_index/resource_index/packages/pub_sub\n'}
[2.939380] (pub_sub) StdoutLine: {'line': b'-- Installing: /home/ros2_ws/install/pub_sub/share/pub_sub/cmake/pub_subConfig.cmake\n'}
[2.939514] (pub_sub) StdoutLine: {'line': b'-- Installing: /home/ros2_ws/install/pub_sub/share/pub_sub/cmake/pub_subConfig-version.cmake\n'}
[2.939645] (pub_sub) StdoutLine: {'line': b'-- Installing: /home/ros2_ws/install/pub_sub/share/pub_sub/package.xml\n'}
[2.941440] (pub_sub) CommandEnded: {'returncode': 0}
[2.983497] (pub_sub) JobEnded: {'identifier': 'pub_sub', 'rc': 0}
[2.984481] (-) EventReactorShutdown: {}
