[0.050s] DEBUG:colcon:Command line arguments: ['/usr/bin/colcon', 'build']
[0.050s] DEBUG:colcon:Parsed command line arguments: Namespace(log_base=None, log_level=None, verb_name='build', build_base='build', install_base='install', merge_install=False, symlink_install=False, test_result_base=None, continue_on_error=False, executor='parallel', parallel_workers=20, event_handlers=None, ignore_user_meta=False, metas=['./colcon.meta'], base_paths=['.'], packages_ignore=None, packages_ignore_regex=None, paths=None, packages_up_to=None, packages_up_to_regex=None, packages_above=None, packages_above_and_dependencies=None, packages_above_depth=None, packages_select_by_dep=None, packages_skip_by_dep=None, packages_skip_up_to=None, packages_select_build_failed=False, packages_skip_build_finished=False, packages_select_test_failures=False, packages_skip_test_passed=False, packages_select=None, packages_skip=None, packages_select_regex=None, packages_skip_regex=None, packages_start=None, packages_end=None, cmake_args=None, cmake_target=None, cmake_target_skip_unavailable=False, cmake_clean_cache=False, cmake_clean_first=False, cmake_force_configure=False, ament_cmake_args=None, catkin_cmake_args=None, catkin_skip_building_tests=False, mixin_files=None, mixin=None, verb_parser=<colcon_mixin.mixin.mixin_argument.MixinArgumentDecorator object at 0x712075c6fcd0>, verb_extension=<colcon_core.verb.build.BuildVerb object at 0x712075bb0430>, main=<bound method BuildVerb.main of <colcon_core.verb.build.BuildVerb object at 0x712075bb0430>>, mixin_verb=('build',))
[0.120s] Level 1:colcon.colcon_core.package_discovery:discover_packages(colcon_meta) check parameters
[0.120s] Level 1:colcon.colcon_core.package_discovery:discover_packages(recursive) check parameters
[0.120s] Level 1:colcon.colcon_core.package_discovery:discover_packages(ignore) check parameters
[0.120s] Level 1:colcon.colcon_core.package_discovery:discover_packages(path) check parameters
[0.120s] Level 1:colcon.colcon_core.package_discovery:discover_packages(colcon_meta) discover
[0.120s] Level 1:colcon.colcon_core.package_discovery:discover_packages(recursive) discover
[0.120s] INFO:colcon.colcon_core.package_discovery:Crawling recursively for packages in '/home/ros2_ws'
[0.120s] Level 1:colcon.colcon_core.package_identification:_identify(.) by extensions ['ignore', 'ignore_ament_install']
[0.121s] Level 1:colcon.colcon_core.package_identification:_identify(.) by extension 'ignore'
[0.121s] Level 1:colcon.colcon_core.package_identification:_identify(.) by extension 'ignore_ament_install'
[0.121s] Level 1:colcon.colcon_core.package_identification:_identify(.) by extensions ['colcon_pkg']
[0.121s] Level 1:colcon.colcon_core.package_identification:_identify(.) by extension 'colcon_pkg'
[0.121s] Level 1:colcon.colcon_core.package_identification:_identify(.) by extensions ['colcon_meta']
[0.121s] Level 1:colcon.colcon_core.package_identification:_identify(.) by extension 'colcon_meta'
[0.121s] Level 1:colcon.colcon_core.package_identification:_identify(.) by extensions ['ros']
[0.121s] Level 1:colcon.colcon_core.package_identification:_identify(.) by extension 'ros'
[0.126s] Level 1:colcon.colcon_core.package_identification:_identify(.) by extensions ['cmake', 'python']
[0.126s] Level 1:colcon.colcon_core.package_identification:_identify(.) by extension 'cmake'
[0.126s] Level 1:colcon.colcon_core.package_identification:_identify(.) by extension 'python'
[0.126s] Level 1:colcon.colcon_core.package_identification:_identify(.) by extensions ['python_setup_py']
[0.126s] Level 1:colcon.colcon_core.package_identification:_identify(.) by extension 'python_setup_py'
[0.126s] Level 1:colcon.colcon_core.package_identification:_identify(build) by extensions ['ignore', 'ignore_ament_install']
[0.126s] Level 1:colcon.colcon_core.package_identification:_identify(build) by extension 'ignore'
[0.126s] Level 1:colcon.colcon_core.package_identification:_identify(build) ignored
[0.126s] Level 1:colcon.colcon_core.package_identification:_identify(install) by extensions ['ignore', 'ignore_ament_install']
[0.126s] Level 1:colcon.colcon_core.package_identification:_identify(install) by extension 'ignore'
[0.126s] Level 1:colcon.colcon_core.package_identification:_identify(install) ignored
[0.126s] Level 1:colcon.colcon_core.package_identification:_identify(log) by extensions ['ignore', 'ignore_ament_install']
[0.126s] Level 1:colcon.colcon_core.package_identification:_identify(log) by extension 'ignore'
[0.126s] Level 1:colcon.colcon_core.package_identification:_identify(log) ignored
[0.126s] Level 1:colcon.colcon_core.package_identification:_identify(src) by extensions ['ignore', 'ignore_ament_install']
[0.127s] Level 1:colcon.colcon_core.package_identification:_identify(src) by extension 'ignore'
[0.127s] Level 1:colcon.colcon_core.package_identification:_identify(src) by extension 'ignore_ament_install'
[0.127s] Level 1:colcon.colcon_core.package_identification:_identify(src) by extensions ['colcon_pkg']
[0.127s] Level 1:colcon.colcon_core.package_identification:_identify(src) by extension 'colcon_pkg'
[0.127s] Level 1:colcon.colcon_core.package_identification:_identify(src) by extensions ['colcon_meta']
[0.127s] Level 1:colcon.colcon_core.package_identification:_identify(src) by extension 'colcon_meta'
[0.127s] Level 1:colcon.colcon_core.package_identification:_identify(src) by extensions ['ros']
[0.127s] Level 1:colcon.colcon_core.package_identification:_identify(src) by extension 'ros'
[0.127s] Level 1:colcon.colcon_core.package_identification:_identify(src) by extensions ['cmake', 'python']
[0.127s] Level 1:colcon.colcon_core.package_identification:_identify(src) by extension 'cmake'
[0.127s] Level 1:colcon.colcon_core.package_identification:_identify(src) by extension 'python'
[0.127s] Level 1:colcon.colcon_core.package_identification:_identify(src) by extensions ['python_setup_py']
[0.127s] Level 1:colcon.colcon_core.package_identification:_identify(src) by extension 'python_setup_py'
[0.127s] Level 1:colcon.colcon_core.package_identification:_identify(src/dahora_cpp) by extensions ['ignore', 'ignore_ament_install']
[0.127s] Level 1:colcon.colcon_core.package_identification:_identify(src/dahora_cpp) by extension 'ignore'
[0.127s] Level 1:colcon.colcon_core.package_identification:_identify(src/dahora_cpp) by extension 'ignore_ament_install'
[0.127s] Level 1:colcon.colcon_core.package_identification:_identify(src/dahora_cpp) by extensions ['colcon_pkg']
[0.127s] Level 1:colcon.colcon_core.package_identification:_identify(src/dahora_cpp) by extension 'colcon_pkg'
[0.127s] Level 1:colcon.colcon_core.package_identification:_identify(src/dahora_cpp) by extensions ['colcon_meta']
[0.127s] Level 1:colcon.colcon_core.package_identification:_identify(src/dahora_cpp) by extension 'colcon_meta'
[0.127s] Level 1:colcon.colcon_core.package_identification:_identify(src/dahora_cpp) by extensions ['ros']
[0.127s] Level 1:colcon.colcon_core.package_identification:_identify(src/dahora_cpp) by extension 'ros'
[0.128s] DEBUG:colcon.colcon_core.package_identification:Package 'src/dahora_cpp' with type 'ros.ament_cmake' and name 'dahora_cpp'
[0.128s] Level 1:colcon.colcon_core.package_identification:_identify(src/meu_pacote_cpp) by extensions ['ignore', 'ignore_ament_install']
[0.128s] Level 1:colcon.colcon_core.package_identification:_identify(src/meu_pacote_cpp) by extension 'ignore'
[0.128s] Level 1:colcon.colcon_core.package_identification:_identify(src/meu_pacote_cpp) by extension 'ignore_ament_install'
[0.128s] Level 1:colcon.colcon_core.package_identification:_identify(src/meu_pacote_cpp) by extensions ['colcon_pkg']
[0.128s] Level 1:colcon.colcon_core.package_identification:_identify(src/meu_pacote_cpp) by extension 'colcon_pkg'
[0.128s] Level 1:colcon.colcon_core.package_identification:_identify(src/meu_pacote_cpp) by extensions ['colcon_meta']
[0.128s] Level 1:colcon.colcon_core.package_identification:_identify(src/meu_pacote_cpp) by extension 'colcon_meta'
[0.128s] Level 1:colcon.colcon_core.package_identification:_identify(src/meu_pacote_cpp) by extensions ['ros']
[0.128s] Level 1:colcon.colcon_core.package_identification:_identify(src/meu_pacote_cpp) by extension 'ros'
[0.129s] DEBUG:colcon.colcon_core.package_identification:Package 'src/meu_pacote_cpp' with type 'ros.ament_cmake' and name 'meu_pacote_cpp'
[0.129s] Level 1:colcon.colcon_core.package_identification:_identify(src/pub_sub) by extensions ['ignore', 'ignore_ament_install']
[0.129s] Level 1:colcon.colcon_core.package_identification:_identify(src/pub_sub) by extension 'ignore'
[0.129s] Level 1:colcon.colcon_core.package_identification:_identify(src/pub_sub) by extension 'ignore_ament_install'
[0.129s] Level 1:colcon.colcon_core.package_identification:_identify(src/pub_sub) by extensions ['colcon_pkg']
[0.129s] Level 1:colcon.colcon_core.package_identification:_identify(src/pub_sub) by extension 'colcon_pkg'
[0.129s] Level 1:colcon.colcon_core.package_identification:_identify(src/pub_sub) by extensions ['colcon_meta']
[0.129s] Level 1:colcon.colcon_core.package_identification:_identify(src/pub_sub) by extension 'colcon_meta'
[0.129s] Level 1:colcon.colcon_core.package_identification:_identify(src/pub_sub) by extensions ['ros']
[0.129s] Level 1:colcon.colcon_core.package_identification:_identify(src/pub_sub) by extension 'ros'
[0.129s] DEBUG:colcon.colcon_core.package_identification:Package 'src/pub_sub' with type 'ros.ament_cmake' and name 'pub_sub'
[0.129s] Level 1:colcon.colcon_core.package_identification:_identify(src/teste_cpp) by extensions ['ignore', 'ignore_ament_install']
[0.129s] Level 1:colcon.colcon_core.package_identification:_identify(src/teste_cpp) by extension 'ignore'
[0.129s] Level 1:colcon.colcon_core.package_identification:_identify(src/teste_cpp) by extension 'ignore_ament_install'
[0.129s] Level 1:colcon.colcon_core.package_identification:_identify(src/teste_cpp) by extensions ['colcon_pkg']
[0.129s] Level 1:colcon.colcon_core.package_identification:_identify(src/teste_cpp) by extension 'colcon_pkg'
[0.129s] Level 1:colcon.colcon_core.package_identification:_identify(src/teste_cpp) by extensions ['colcon_meta']
[0.129s] Level 1:colcon.colcon_core.package_identification:_identify(src/teste_cpp) by extension 'colcon_meta'
[0.129s] Level 1:colcon.colcon_core.package_identification:_identify(src/teste_cpp) by extensions ['ros']
[0.129s] Level 1:colcon.colcon_core.package_identification:_identify(src/teste_cpp) by extension 'ros'
[0.130s] DEBUG:colcon.colcon_core.package_identification:Package 'src/teste_cpp' with type 'ros.ament_cmake' and name 'teste_cpp'
[0.130s] Level 1:colcon.colcon_core.package_discovery:discover_packages(recursive) using defaults
[0.130s] Level 1:colcon.colcon_core.package_discovery:discover_packages(ignore) discover
[0.130s] Level 1:colcon.colcon_core.package_discovery:discover_packages(ignore) using defaults
[0.130s] Level 1:colcon.colcon_core.package_discovery:discover_packages(path) discover
[0.130s] Level 1:colcon.colcon_core.package_discovery:discover_packages(path) using defaults
[0.141s] Level 5:colcon.colcon_core.verb:set package 'dahora_cpp' build argument 'cmake_args' from command line to 'None'
[0.141s] Level 5:colcon.colcon_core.verb:set package 'dahora_cpp' build argument 'cmake_target' from command line to 'None'
[0.141s] Level 5:colcon.colcon_core.verb:set package 'dahora_cpp' build argument 'cmake_target_skip_unavailable' from command line to 'False'
[0.141s] Level 5:colcon.colcon_core.verb:set package 'dahora_cpp' build argument 'cmake_clean_cache' from command line to 'False'
[0.141s] Level 5:colcon.colcon_core.verb:set package 'dahora_cpp' build argument 'cmake_clean_first' from command line to 'False'
[0.141s] Level 5:colcon.colcon_core.verb:set package 'dahora_cpp' build argument 'cmake_force_configure' from command line to 'False'
[0.141s] Level 5:colcon.colcon_core.verb:set package 'dahora_cpp' build argument 'ament_cmake_args' from command line to 'None'
[0.141s] Level 5:colcon.colcon_core.verb:set package 'dahora_cpp' build argument 'catkin_cmake_args' from command line to 'None'
[0.141s] Level 5:colcon.colcon_core.verb:set package 'dahora_cpp' build argument 'catkin_skip_building_tests' from command line to 'False'
[0.141s] DEBUG:colcon.colcon_core.verb:Building package 'dahora_cpp' with the following arguments: {'ament_cmake_args': None, 'build_base': '/home/ros2_ws/build/dahora_cpp', 'catkin_cmake_args': None, 'catkin_skip_building_tests': False, 'cmake_args': None, 'cmake_clean_cache': False, 'cmake_clean_first': False, 'cmake_force_configure': False, 'cmake_target': None, 'cmake_target_skip_unavailable': False, 'install_base': '/home/ros2_ws/install/dahora_cpp', 'merge_install': False, 'path': '/home/ros2_ws/src/dahora_cpp', 'symlink_install': False, 'test_result_base': None}
[0.141s] Level 5:colcon.colcon_core.verb:set package 'meu_pacote_cpp' build argument 'cmake_args' from command line to 'None'
[0.141s] Level 5:colcon.colcon_core.verb:set package 'meu_pacote_cpp' build argument 'cmake_target' from command line to 'None'
[0.141s] Level 5:colcon.colcon_core.verb:set package 'meu_pacote_cpp' build argument 'cmake_target_skip_unavailable' from command line to 'False'
[0.141s] Level 5:colcon.colcon_core.verb:set package 'meu_pacote_cpp' build argument 'cmake_clean_cache' from command line to 'False'
[0.141s] Level 5:colcon.colcon_core.verb:set package 'meu_pacote_cpp' build argument 'cmake_clean_first' from command line to 'False'
[0.141s] Level 5:colcon.colcon_core.verb:set package 'meu_pacote_cpp' build argument 'cmake_force_configure' from command line to 'False'
[0.141s] Level 5:colcon.colcon_core.verb:set package 'meu_pacote_cpp' build argument 'ament_cmake_args' from command line to 'None'
[0.141s] Level 5:colcon.colcon_core.verb:set package 'meu_pacote_cpp' build argument 'catkin_cmake_args' from command line to 'None'
[0.141s] Level 5:colcon.colcon_core.verb:set package 'meu_pacote_cpp' build argument 'catkin_skip_building_tests' from command line to 'False'
[0.141s] DEBUG:colcon.colcon_core.verb:Building package 'meu_pacote_cpp' with the following arguments: {'ament_cmake_args': None, 'build_base': '/home/ros2_ws/build/meu_pacote_cpp', 'catkin_cmake_args': None, 'catkin_skip_building_tests': False, 'cmake_args': None, 'cmake_clean_cache': False, 'cmake_clean_first': False, 'cmake_force_configure': False, 'cmake_target': None, 'cmake_target_skip_unavailable': False, 'install_base': '/home/ros2_ws/install/meu_pacote_cpp', 'merge_install': False, 'path': '/home/ros2_ws/src/meu_pacote_cpp', 'symlink_install': False, 'test_result_base': None}
[0.141s] Level 5:colcon.colcon_core.verb:set package 'pub_sub' build argument 'cmake_args' from command line to 'None'
[0.141s] Level 5:colcon.colcon_core.verb:set package 'pub_sub' build argument 'cmake_target' from command line to 'None'
[0.141s] Level 5:colcon.colcon_core.verb:set package 'pub_sub' build argument 'cmake_target_skip_unavailable' from command line to 'False'
[0.141s] Level 5:colcon.colcon_core.verb:set package 'pub_sub' build argument 'cmake_clean_cache' from command line to 'False'
[0.141s] Level 5:colcon.colcon_core.verb:set package 'pub_sub' build argument 'cmake_clean_first' from command line to 'False'
[0.141s] Level 5:colcon.colcon_core.verb:set package 'pub_sub' build argument 'cmake_force_configure' from command line to 'False'
[0.141s] Level 5:colcon.colcon_core.verb:set package 'pub_sub' build argument 'ament_cmake_args' from command line to 'None'
[0.141s] Level 5:colcon.colcon_core.verb:set package 'pub_sub' build argument 'catkin_cmake_args' from command line to 'None'
[0.141s] Level 5:colcon.colcon_core.verb:set package 'pub_sub' build argument 'catkin_skip_building_tests' from command line to 'False'
[0.141s] DEBUG:colcon.colcon_core.verb:Building package 'pub_sub' with the following arguments: {'ament_cmake_args': None, 'build_base': '/home/ros2_ws/build/pub_sub', 'catkin_cmake_args': None, 'catkin_skip_building_tests': False, 'cmake_args': None, 'cmake_clean_cache': False, 'cmake_clean_first': False, 'cmake_force_configure': False, 'cmake_target': None, 'cmake_target_skip_unavailable': False, 'install_base': '/home/ros2_ws/install/pub_sub', 'merge_install': False, 'path': '/home/ros2_ws/src/pub_sub', 'symlink_install': False, 'test_result_base': None}
[0.141s] Level 5:colcon.colcon_core.verb:set package 'teste_cpp' build argument 'cmake_args' from command line to 'None'
[0.141s] Level 5:colcon.colcon_core.verb:set package 'teste_cpp' build argument 'cmake_target' from command line to 'None'
[0.141s] Level 5:colcon.colcon_core.verb:set package 'teste_cpp' build argument 'cmake_target_skip_unavailable' from command line to 'False'
[0.141s] Level 5:colcon.colcon_core.verb:set package 'teste_cpp' build argument 'cmake_clean_cache' from command line to 'False'
[0.141s] Level 5:colcon.colcon_core.verb:set package 'teste_cpp' build argument 'cmake_clean_first' from command line to 'False'
[0.141s] Level 5:colcon.colcon_core.verb:set package 'teste_cpp' build argument 'cmake_force_configure' from command line to 'False'
[0.141s] Level 5:colcon.colcon_core.verb:set package 'teste_cpp' build argument 'ament_cmake_args' from command line to 'None'
[0.141s] Level 5:colcon.colcon_core.verb:set package 'teste_cpp' build argument 'catkin_cmake_args' from command line to 'None'
[0.141s] Level 5:colcon.colcon_core.verb:set package 'teste_cpp' build argument 'catkin_skip_building_tests' from command line to 'False'
[0.142s] DEBUG:colcon.colcon_core.verb:Building package 'teste_cpp' with the following arguments: {'ament_cmake_args': None, 'build_base': '/home/ros2_ws/build/teste_cpp', 'catkin_cmake_args': None, 'catkin_skip_building_tests': False, 'cmake_args': None, 'cmake_clean_cache': False, 'cmake_clean_first': False, 'cmake_force_configure': False, 'cmake_target': None, 'cmake_target_skip_unavailable': False, 'install_base': '/home/ros2_ws/install/teste_cpp', 'merge_install': False, 'path': '/home/ros2_ws/src/teste_cpp', 'symlink_install': False, 'test_result_base': None}
[0.142s] INFO:colcon.colcon_core.executor:Executing jobs using 'parallel' executor
[0.142s] DEBUG:colcon.colcon_parallel_executor.executor.parallel:run_until_complete
[0.142s] INFO:colcon.colcon_ros.task.ament_cmake.build:Building ROS package in '/home/ros2_ws/src/dahora_cpp' with build type 'ament_cmake'
[0.142s] INFO:colcon.colcon_cmake.task.cmake.build:Building CMake package in '/home/ros2_ws/src/dahora_cpp'
[0.143s] INFO:colcon.colcon_core.plugin_system:Skipping extension 'colcon_core.shell.bat': Not used on non-Windows systems
[0.144s] INFO:colcon.colcon_core.shell:Skip shell extension 'powershell' for command environment: Not usable outside of PowerShell
[0.144s] DEBUG:colcon.colcon_core.shell:Skip shell extension 'dsv' for command environment
[0.146s] INFO:colcon.colcon_ros.task.ament_cmake.build:Building ROS package in '/home/ros2_ws/src/meu_pacote_cpp' with build type 'ament_cmake'
[0.146s] INFO:colcon.colcon_cmake.task.cmake.build:Building CMake package in '/home/ros2_ws/src/meu_pacote_cpp'
[0.146s] INFO:colcon.colcon_core.shell:Skip shell extension 'powershell' for command environment: Not usable outside of PowerShell
[0.146s] DEBUG:colcon.colcon_core.shell:Skip shell extension 'dsv' for command environment
[0.147s] INFO:colcon.colcon_ros.task.ament_cmake.build:Building ROS package in '/home/ros2_ws/src/pub_sub' with build type 'ament_cmake'
[0.147s] INFO:colcon.colcon_cmake.task.cmake.build:Building CMake package in '/home/ros2_ws/src/pub_sub'
[0.148s] INFO:colcon.colcon_core.shell:Skip shell extension 'powershell' for command environment: Not usable outside of PowerShell
[0.148s] DEBUG:colcon.colcon_core.shell:Skip shell extension 'dsv' for command environment
[0.149s] INFO:colcon.colcon_ros.task.ament_cmake.build:Building ROS package in '/home/ros2_ws/src/teste_cpp' with build type 'ament_cmake'
[0.149s] INFO:colcon.colcon_cmake.task.cmake.build:Building CMake package in '/home/ros2_ws/src/teste_cpp'
[0.149s] INFO:colcon.colcon_core.shell:Skip shell extension 'powershell' for command environment: Not usable outside of PowerShell
[0.149s] DEBUG:colcon.colcon_core.shell:Skip shell extension 'dsv' for command environment
[0.153s] DEBUG:colcon.colcon_core.event_handler.log_command:Invoking command in '/home/ros2_ws/build/dahora_cpp': CMAKE_PREFIX_PATH=/opt/ros/humble /usr/bin/cmake /home/ros2_ws/src/dahora_cpp -DCMAKE_INSTALL_PREFIX=/home/ros2_ws/install/dahora_cpp
[0.154s] DEBUG:colcon.colcon_core.event_handler.log_command:Invoking command in '/home/ros2_ws/build/meu_pacote_cpp': CMAKE_PREFIX_PATH=/opt/ros/humble /usr/bin/cmake /home/ros2_ws/src/meu_pacote_cpp -DCMAKE_INSTALL_PREFIX=/home/ros2_ws/install/meu_pacote_cpp
[0.156s] DEBUG:colcon.colcon_core.event_handler.log_command:Invoking command in '/home/ros2_ws/build/pub_sub': CMAKE_PREFIX_PATH=/opt/ros/humble /usr/bin/cmake /home/ros2_ws/src/pub_sub -DCMAKE_INSTALL_PREFIX=/home/ros2_ws/install/pub_sub
[0.156s] DEBUG:colcon.colcon_core.event_handler.log_command:Invoking command in '/home/ros2_ws/build/teste_cpp': CMAKE_PREFIX_PATH=/opt/ros/humble /usr/bin/cmake /home/ros2_ws/src/teste_cpp -DCMAKE_INSTALL_PREFIX=/home/ros2_ws/install/teste_cpp
[0.516s] DEBUG:colcon.colcon_core.event_handler.log_command:Invoked command in '/home/ros2_ws/build/meu_pacote_cpp' returned '0': CMAKE_PREFIX_PATH=/opt/ros/humble /usr/bin/cmake /home/ros2_ws/src/meu_pacote_cpp -DCMAKE_INSTALL_PREFIX=/home/ros2_ws/install/meu_pacote_cpp
[0.517s] DEBUG:colcon.colcon_core.event_handler.log_command:Invoking command in '/home/ros2_ws/build/meu_pacote_cpp': CMAKE_PREFIX_PATH=/opt/ros/humble /usr/bin/cmake --build /home/ros2_ws/build/meu_pacote_cpp -- -j20 -l20
[0.543s] DEBUG:colcon.colcon_core.event_handler.log_command:Invoked command in '/home/ros2_ws/build/teste_cpp' returned '0': CMAKE_PREFIX_PATH=/opt/ros/humble /usr/bin/cmake /home/ros2_ws/src/teste_cpp -DCMAKE_INSTALL_PREFIX=/home/ros2_ws/install/teste_cpp
[0.544s] DEBUG:colcon.colcon_core.event_handler.log_command:Invoking command in '/home/ros2_ws/build/teste_cpp': CMAKE_PREFIX_PATH=/opt/ros/humble /usr/bin/cmake --build /home/ros2_ws/build/teste_cpp -- -j20 -l20
[0.545s] DEBUG:colcon.colcon_core.event_handler.log_command:Invoked command in '/home/ros2_ws/build/meu_pacote_cpp' returned '0': CMAKE_PREFIX_PATH=/opt/ros/humble /usr/bin/cmake --build /home/ros2_ws/build/meu_pacote_cpp -- -j20 -l20
[0.565s] DEBUG:colcon.colcon_core.event_handler.log_command:Invoking command in '/home/ros2_ws/build/meu_pacote_cpp': CMAKE_PREFIX_PATH=/opt/ros/humble /usr/bin/cmake --install /home/ros2_ws/build/meu_pacote_cpp
[0.566s] DEBUG:colcon.colcon_core.event_handler.log_command:Invoked command in '/home/ros2_ws/build/teste_cpp' returned '0': CMAKE_PREFIX_PATH=/opt/ros/humble /usr/bin/cmake --build /home/ros2_ws/build/teste_cpp -- -j20 -l20
[0.574s] Level 1:colcon.colcon_core.environment:create_environment_scripts_only(meu_pacote_cpp)
[0.574s] DEBUG:colcon.colcon_core.event_handler.log_command:Invoked command in '/home/ros2_ws/build/meu_pacote_cpp' returned '0': CMAKE_PREFIX_PATH=/opt/ros/humble /usr/bin/cmake --install /home/ros2_ws/build/meu_pacote_cpp
[0.576s] Level 1:colcon.colcon_core.environment:checking '/home/ros2_ws/install/meu_pacote_cpp' for CMake module files
[0.577s] Level 1:colcon.colcon_core.environment:checking '/home/ros2_ws/install/meu_pacote_cpp' for CMake config files
[0.577s] Level 1:colcon.colcon_core.shell:create_environment_hook('meu_pacote_cpp', 'cmake_prefix_path')
[0.577s] INFO:colcon.colcon_core.shell:Creating environment hook '/home/ros2_ws/install/meu_pacote_cpp/share/meu_pacote_cpp/hook/cmake_prefix_path.ps1'
[0.578s] INFO:colcon.colcon_core.shell:Creating environment descriptor '/home/ros2_ws/install/meu_pacote_cpp/share/meu_pacote_cpp/hook/cmake_prefix_path.dsv'
[0.578s] INFO:colcon.colcon_core.shell:Creating environment hook '/home/ros2_ws/install/meu_pacote_cpp/share/meu_pacote_cpp/hook/cmake_prefix_path.sh'
[0.579s] Level 1:colcon.colcon_core.environment:checking '/home/ros2_ws/install/meu_pacote_cpp/bin'
[0.579s] Level 1:colcon.colcon_core.environment:checking '/home/ros2_ws/install/meu_pacote_cpp/lib/pkgconfig/meu_pacote_cpp.pc'
[0.580s] Level 1:colcon.colcon_core.environment:checking '/home/ros2_ws/install/meu_pacote_cpp/lib/python3.10/site-packages'
[0.580s] Level 1:colcon.colcon_core.environment:checking '/home/ros2_ws/install/meu_pacote_cpp/bin'
[0.580s] INFO:colcon.colcon_core.shell:Creating package script '/home/ros2_ws/install/meu_pacote_cpp/share/meu_pacote_cpp/package.ps1'
[0.580s] INFO:colcon.colcon_core.shell:Creating package descriptor '/home/ros2_ws/install/meu_pacote_cpp/share/meu_pacote_cpp/package.dsv'
[0.581s] INFO:colcon.colcon_core.shell:Creating package script '/home/ros2_ws/install/meu_pacote_cpp/share/meu_pacote_cpp/package.sh'
[0.581s] INFO:colcon.colcon_core.shell:Creating package script '/home/ros2_ws/install/meu_pacote_cpp/share/meu_pacote_cpp/package.bash'
[0.581s] INFO:colcon.colcon_core.shell:Creating package script '/home/ros2_ws/install/meu_pacote_cpp/share/meu_pacote_cpp/package.zsh'
[0.582s] Level 1:colcon.colcon_core.environment:create_file_with_runtime_dependencies(/home/ros2_ws/install/meu_pacote_cpp/share/colcon-core/packages/meu_pacote_cpp)
[0.583s] DEBUG:colcon.colcon_core.event_handler.log_command:Invoking command in '/home/ros2_ws/build/teste_cpp': CMAKE_PREFIX_PATH=/opt/ros/humble /usr/bin/cmake --install /home/ros2_ws/build/teste_cpp
[0.593s] Level 1:colcon.colcon_core.environment:create_environment_scripts_only(teste_cpp)
[0.593s] Level 1:colcon.colcon_core.environment:checking '/home/ros2_ws/install/teste_cpp' for CMake module files
[0.594s] DEBUG:colcon.colcon_core.event_handler.log_command:Invoked command in '/home/ros2_ws/build/teste_cpp' returned '0': CMAKE_PREFIX_PATH=/opt/ros/humble /usr/bin/cmake --install /home/ros2_ws/build/teste_cpp
[0.594s] Level 1:colcon.colcon_core.environment:checking '/home/ros2_ws/install/teste_cpp' for CMake config files
[0.594s] Level 1:colcon.colcon_core.shell:create_environment_hook('teste_cpp', 'cmake_prefix_path')
[0.594s] INFO:colcon.colcon_core.shell:Creating environment hook '/home/ros2_ws/install/teste_cpp/share/teste_cpp/hook/cmake_prefix_path.ps1'
[0.595s] INFO:colcon.colcon_core.shell:Creating environment descriptor '/home/ros2_ws/install/teste_cpp/share/teste_cpp/hook/cmake_prefix_path.dsv'
[0.595s] INFO:colcon.colcon_core.shell:Creating environment hook '/home/ros2_ws/install/teste_cpp/share/teste_cpp/hook/cmake_prefix_path.sh'
[0.595s] Level 1:colcon.colcon_core.environment:checking '/home/ros2_ws/install/teste_cpp/bin'
[0.595s] Level 1:colcon.colcon_core.environment:checking '/home/ros2_ws/install/teste_cpp/lib/pkgconfig/teste_cpp.pc'
[0.595s] Level 1:colcon.colcon_core.environment:checking '/home/ros2_ws/install/teste_cpp/lib/python3.10/site-packages'
[0.596s] Level 1:colcon.colcon_core.environment:checking '/home/ros2_ws/install/teste_cpp/bin'
[0.596s] INFO:colcon.colcon_core.shell:Creating package script '/home/ros2_ws/install/teste_cpp/share/teste_cpp/package.ps1'
[0.596s] INFO:colcon.colcon_core.shell:Creating package descriptor '/home/ros2_ws/install/teste_cpp/share/teste_cpp/package.dsv'
[0.596s] INFO:colcon.colcon_core.shell:Creating package script '/home/ros2_ws/install/teste_cpp/share/teste_cpp/package.sh'
[0.597s] INFO:colcon.colcon_core.shell:Creating package script '/home/ros2_ws/install/teste_cpp/share/teste_cpp/package.bash'
[0.597s] INFO:colcon.colcon_core.shell:Creating package script '/home/ros2_ws/install/teste_cpp/share/teste_cpp/package.zsh'
[0.597s] Level 1:colcon.colcon_core.environment:create_file_with_runtime_dependencies(/home/ros2_ws/install/teste_cpp/share/colcon-core/packages/teste_cpp)
[0.601s] Level 1:colcon.colcon_core.environment:create_environment_scripts_only(meu_pacote_cpp)
[0.601s] Level 1:colcon.colcon_core.environment:checking '/home/ros2_ws/install/meu_pacote_cpp' for CMake module files
[0.601s] Level 1:colcon.colcon_core.environment:checking '/home/ros2_ws/install/meu_pacote_cpp' for CMake config files
[0.601s] Level 1:colcon.colcon_core.shell:create_environment_hook('meu_pacote_cpp', 'cmake_prefix_path')
[0.601s] INFO:colcon.colcon_core.shell:Creating environment hook '/home/ros2_ws/install/meu_pacote_cpp/share/meu_pacote_cpp/hook/cmake_prefix_path.ps1'
[0.602s] INFO:colcon.colcon_core.shell:Creating environment descriptor '/home/ros2_ws/install/meu_pacote_cpp/share/meu_pacote_cpp/hook/cmake_prefix_path.dsv'
[0.602s] INFO:colcon.colcon_core.shell:Creating environment hook '/home/ros2_ws/install/meu_pacote_cpp/share/meu_pacote_cpp/hook/cmake_prefix_path.sh'
[0.602s] Level 1:colcon.colcon_core.environment:checking '/home/ros2_ws/install/meu_pacote_cpp/bin'
[0.602s] Level 1:colcon.colcon_core.environment:checking '/home/ros2_ws/install/meu_pacote_cpp/lib/pkgconfig/meu_pacote_cpp.pc'
[0.602s] Level 1:colcon.colcon_core.environment:checking '/home/ros2_ws/install/meu_pacote_cpp/lib/python3.10/site-packages'
[0.602s] Level 1:colcon.colcon_core.environment:checking '/home/ros2_ws/install/meu_pacote_cpp/bin'
[0.603s] INFO:colcon.colcon_core.shell:Creating package script '/home/ros2_ws/install/meu_pacote_cpp/share/meu_pacote_cpp/package.ps1'
[0.603s] INFO:colcon.colcon_core.shell:Creating package descriptor '/home/ros2_ws/install/meu_pacote_cpp/share/meu_pacote_cpp/package.dsv'
[0.603s] INFO:colcon.colcon_core.shell:Creating package script '/home/ros2_ws/install/meu_pacote_cpp/share/meu_pacote_cpp/package.sh'
[0.603s] INFO:colcon.colcon_core.shell:Creating package script '/home/ros2_ws/install/meu_pacote_cpp/share/meu_pacote_cpp/package.bash'
[0.604s] INFO:colcon.colcon_core.shell:Creating package script '/home/ros2_ws/install/meu_pacote_cpp/share/meu_pacote_cpp/package.zsh'
[0.604s] Level 1:colcon.colcon_core.environment:create_file_with_runtime_dependencies(/home/ros2_ws/install/meu_pacote_cpp/share/colcon-core/packages/meu_pacote_cpp)
[0.614s] Level 1:colcon.colcon_core.environment:create_environment_scripts_only(teste_cpp)
[0.614s] Level 1:colcon.colcon_core.environment:checking '/home/ros2_ws/install/teste_cpp' for CMake module files
[0.614s] Level 1:colcon.colcon_core.environment:checking '/home/ros2_ws/install/teste_cpp' for CMake config files
[0.615s] Level 1:colcon.colcon_core.shell:create_environment_hook('teste_cpp', 'cmake_prefix_path')
[0.615s] INFO:colcon.colcon_core.shell:Creating environment hook '/home/ros2_ws/install/teste_cpp/share/teste_cpp/hook/cmake_prefix_path.ps1'
[0.615s] INFO:colcon.colcon_core.shell:Creating environment descriptor '/home/ros2_ws/install/teste_cpp/share/teste_cpp/hook/cmake_prefix_path.dsv'
[0.615s] INFO:colcon.colcon_core.shell:Creating environment hook '/home/ros2_ws/install/teste_cpp/share/teste_cpp/hook/cmake_prefix_path.sh'
[0.616s] Level 1:colcon.colcon_core.environment:checking '/home/ros2_ws/install/teste_cpp/bin'
[0.616s] Level 1:colcon.colcon_core.environment:checking '/home/ros2_ws/install/teste_cpp/lib/pkgconfig/teste_cpp.pc'
[0.616s] Level 1:colcon.colcon_core.environment:checking '/home/ros2_ws/install/teste_cpp/lib/python3.10/site-packages'
[0.616s] Level 1:colcon.colcon_core.environment:checking '/home/ros2_ws/install/teste_cpp/bin'
[0.616s] INFO:colcon.colcon_core.shell:Creating package script '/home/ros2_ws/install/teste_cpp/share/teste_cpp/package.ps1'
[0.617s] INFO:colcon.colcon_core.shell:Creating package descriptor '/home/ros2_ws/install/teste_cpp/share/teste_cpp/package.dsv'
[0.617s] INFO:colcon.colcon_core.shell:Creating package script '/home/ros2_ws/install/teste_cpp/share/teste_cpp/package.sh'
[0.618s] INFO:colcon.colcon_core.shell:Creating package script '/home/ros2_ws/install/teste_cpp/share/teste_cpp/package.bash'
[0.618s] INFO:colcon.colcon_core.shell:Creating package script '/home/ros2_ws/install/teste_cpp/share/teste_cpp/package.zsh'
[0.618s] Level 1:colcon.colcon_core.environment:create_file_with_runtime_dependencies(/home/ros2_ws/install/teste_cpp/share/colcon-core/packages/teste_cpp)
[0.859s] DEBUG:colcon.colcon_core.event_handler.log_command:Invoked command in '/home/ros2_ws/build/dahora_cpp' returned '0': CMAKE_PREFIX_PATH=/opt/ros/humble /usr/bin/cmake /home/ros2_ws/src/dahora_cpp -DCMAKE_INSTALL_PREFIX=/home/ros2_ws/install/dahora_cpp
[0.860s] DEBUG:colcon.colcon_core.event_handler.log_command:Invoking command in '/home/ros2_ws/build/dahora_cpp': CMAKE_PREFIX_PATH=/opt/ros/humble /usr/bin/cmake --build /home/ros2_ws/build/dahora_cpp -- -j20 -l20
[0.877s] DEBUG:colcon.colcon_core.event_handler.log_command:Invoked command in '/home/ros2_ws/build/pub_sub' returned '0': CMAKE_PREFIX_PATH=/opt/ros/humble /usr/bin/cmake /home/ros2_ws/src/pub_sub -DCMAKE_INSTALL_PREFIX=/home/ros2_ws/install/pub_sub
[0.878s] DEBUG:colcon.colcon_core.event_handler.log_command:Invoking command in '/home/ros2_ws/build/pub_sub': CMAKE_PREFIX_PATH=/opt/ros/humble /usr/bin/cmake --build /home/ros2_ws/build/pub_sub -- -j20 -l20
[0.885s] DEBUG:colcon.colcon_core.event_handler.log_command:Invoked command in '/home/ros2_ws/build/dahora_cpp' returned '0': CMAKE_PREFIX_PATH=/opt/ros/humble /usr/bin/cmake --build /home/ros2_ws/build/dahora_cpp -- -j20 -l20
[0.898s] DEBUG:colcon.colcon_core.event_handler.log_command:Invoking command in '/home/ros2_ws/build/dahora_cpp': CMAKE_PREFIX_PATH=/opt/ros/humble /usr/bin/cmake --install /home/ros2_ws/build/dahora_cpp
[0.905s] Level 1:colcon.colcon_core.environment:create_environment_scripts_only(dahora_cpp)
[0.905s] Level 1:colcon.colcon_core.environment:checking '/home/ros2_ws/install/dahora_cpp' for CMake module files
[0.906s] DEBUG:colcon.colcon_core.event_handler.log_command:Invoked command in '/home/ros2_ws/build/dahora_cpp' returned '0': CMAKE_PREFIX_PATH=/opt/ros/humble /usr/bin/cmake --install /home/ros2_ws/build/dahora_cpp
[0.906s] Level 1:colcon.colcon_core.environment:checking '/home/ros2_ws/install/dahora_cpp' for CMake config files
[0.906s] Level 1:colcon.colcon_core.shell:create_environment_hook('dahora_cpp', 'cmake_prefix_path')
[0.906s] INFO:colcon.colcon_core.shell:Creating environment hook '/home/ros2_ws/install/dahora_cpp/share/dahora_cpp/hook/cmake_prefix_path.ps1'
[0.907s] INFO:colcon.colcon_core.shell:Creating environment descriptor '/home/ros2_ws/install/dahora_cpp/share/dahora_cpp/hook/cmake_prefix_path.dsv'
[0.907s] INFO:colcon.colcon_core.shell:Creating environment hook '/home/ros2_ws/install/dahora_cpp/share/dahora_cpp/hook/cmake_prefix_path.sh'
[0.907s] Level 1:colcon.colcon_core.environment:checking '/home/ros2_ws/install/dahora_cpp/bin'
[0.907s] Level 1:colcon.colcon_core.environment:checking '/home/ros2_ws/install/dahora_cpp/lib/pkgconfig/dahora_cpp.pc'
[0.908s] Level 1:colcon.colcon_core.environment:checking '/home/ros2_ws/install/dahora_cpp/lib/python3.10/site-packages'
[0.908s] Level 1:colcon.colcon_core.environment:checking '/home/ros2_ws/install/dahora_cpp/bin'
[0.908s] INFO:colcon.colcon_core.shell:Creating package script '/home/ros2_ws/install/dahora_cpp/share/dahora_cpp/package.ps1'
[0.908s] INFO:colcon.colcon_core.shell:Creating package descriptor '/home/ros2_ws/install/dahora_cpp/share/dahora_cpp/package.dsv'
[0.909s] INFO:colcon.colcon_core.shell:Creating package script '/home/ros2_ws/install/dahora_cpp/share/dahora_cpp/package.sh'
[0.909s] INFO:colcon.colcon_core.shell:Creating package script '/home/ros2_ws/install/dahora_cpp/share/dahora_cpp/package.bash'
[0.909s] INFO:colcon.colcon_core.shell:Creating package script '/home/ros2_ws/install/dahora_cpp/share/dahora_cpp/package.zsh'
[0.910s] Level 1:colcon.colcon_core.environment:create_file_with_runtime_dependencies(/home/ros2_ws/install/dahora_cpp/share/colcon-core/packages/dahora_cpp)
[0.935s] Level 1:colcon.colcon_core.environment:create_environment_scripts_only(dahora_cpp)
[0.935s] Level 1:colcon.colcon_core.environment:checking '/home/ros2_ws/install/dahora_cpp' for CMake module files
[0.936s] Level 1:colcon.colcon_core.environment:checking '/home/ros2_ws/install/dahora_cpp' for CMake config files
[0.936s] Level 1:colcon.colcon_core.shell:create_environment_hook('dahora_cpp', 'cmake_prefix_path')
[0.936s] INFO:colcon.colcon_core.shell:Creating environment hook '/home/ros2_ws/install/dahora_cpp/share/dahora_cpp/hook/cmake_prefix_path.ps1'
[0.936s] INFO:colcon.colcon_core.shell:Creating environment descriptor '/home/ros2_ws/install/dahora_cpp/share/dahora_cpp/hook/cmake_prefix_path.dsv'
[0.936s] INFO:colcon.colcon_core.shell:Creating environment hook '/home/ros2_ws/install/dahora_cpp/share/dahora_cpp/hook/cmake_prefix_path.sh'
[0.937s] Level 1:colcon.colcon_core.environment:checking '/home/ros2_ws/install/dahora_cpp/bin'
[0.937s] Level 1:colcon.colcon_core.environment:checking '/home/ros2_ws/install/dahora_cpp/lib/pkgconfig/dahora_cpp.pc'
[0.937s] Level 1:colcon.colcon_core.environment:checking '/home/ros2_ws/install/dahora_cpp/lib/python3.10/site-packages'
[0.937s] Level 1:colcon.colcon_core.environment:checking '/home/ros2_ws/install/dahora_cpp/bin'
[0.937s] INFO:colcon.colcon_core.shell:Creating package script '/home/ros2_ws/install/dahora_cpp/share/dahora_cpp/package.ps1'
[0.937s] INFO:colcon.colcon_core.shell:Creating package descriptor '/home/ros2_ws/install/dahora_cpp/share/dahora_cpp/package.dsv'
[0.937s] INFO:colcon.colcon_core.shell:Creating package script '/home/ros2_ws/install/dahora_cpp/share/dahora_cpp/package.sh'
[0.938s] INFO:colcon.colcon_core.shell:Creating package script '/home/ros2_ws/install/dahora_cpp/share/dahora_cpp/package.bash'
[0.938s] INFO:colcon.colcon_core.shell:Creating package script '/home/ros2_ws/install/dahora_cpp/share/dahora_cpp/package.zsh'
[0.938s] Level 1:colcon.colcon_core.environment:create_file_with_runtime_dependencies(/home/ros2_ws/install/dahora_cpp/share/colcon-core/packages/dahora_cpp)
[3.046s] DEBUG:colcon.colcon_core.event_handler.log_command:Invoked command in '/home/ros2_ws/build/pub_sub' returned '0': CMAKE_PREFIX_PATH=/opt/ros/humble /usr/bin/cmake --build /home/ros2_ws/build/pub_sub -- -j20 -l20
[3.071s] DEBUG:colcon.colcon_core.event_handler.log_command:Invoking command in '/home/ros2_ws/build/pub_sub': CMAKE_PREFIX_PATH=/opt/ros/humble /usr/bin/cmake --install /home/ros2_ws/build/pub_sub
[3.083s] Level 1:colcon.colcon_core.environment:create_environment_scripts_only(pub_sub)
[3.084s] Level 1:colcon.colcon_core.environment:checking '/home/ros2_ws/install/pub_sub' for CMake module files
[3.084s] DEBUG:colcon.colcon_core.event_handler.log_command:Invoked command in '/home/ros2_ws/build/pub_sub' returned '0': CMAKE_PREFIX_PATH=/opt/ros/humble /usr/bin/cmake --install /home/ros2_ws/build/pub_sub
[3.085s] Level 1:colcon.colcon_core.environment:checking '/home/ros2_ws/install/pub_sub' for CMake config files
[3.085s] Level 1:colcon.colcon_core.shell:create_environment_hook('pub_sub', 'cmake_prefix_path')
[3.086s] INFO:colcon.colcon_core.shell:Creating environment hook '/home/ros2_ws/install/pub_sub/share/pub_sub/hook/cmake_prefix_path.ps1'
[3.086s] INFO:colcon.colcon_core.shell:Creating environment descriptor '/home/ros2_ws/install/pub_sub/share/pub_sub/hook/cmake_prefix_path.dsv'
[3.086s] INFO:colcon.colcon_core.shell:Creating environment hook '/home/ros2_ws/install/pub_sub/share/pub_sub/hook/cmake_prefix_path.sh'
[3.087s] Level 1:colcon.colcon_core.environment:checking '/home/ros2_ws/install/pub_sub/lib'
[3.087s] Level 1:colcon.colcon_core.environment:checking '/home/ros2_ws/install/pub_sub/bin'
[3.087s] Level 1:colcon.colcon_core.environment:checking '/home/ros2_ws/install/pub_sub/lib/pkgconfig/pub_sub.pc'
[3.088s] Level 1:colcon.colcon_core.environment:checking '/home/ros2_ws/install/pub_sub/lib/python3.10/site-packages'
[3.088s] Level 1:colcon.colcon_core.environment:checking '/home/ros2_ws/install/pub_sub/bin'
[3.088s] INFO:colcon.colcon_core.shell:Creating package script '/home/ros2_ws/install/pub_sub/share/pub_sub/package.ps1'
[3.089s] INFO:colcon.colcon_core.shell:Creating package descriptor '/home/ros2_ws/install/pub_sub/share/pub_sub/package.dsv'
[3.089s] INFO:colcon.colcon_core.shell:Creating package script '/home/ros2_ws/install/pub_sub/share/pub_sub/package.sh'
[3.090s] INFO:colcon.colcon_core.shell:Creating package script '/home/ros2_ws/install/pub_sub/share/pub_sub/package.bash'
[3.090s] INFO:colcon.colcon_core.shell:Creating package script '/home/ros2_ws/install/pub_sub/share/pub_sub/package.zsh'
[3.090s] Level 1:colcon.colcon_core.environment:create_file_with_runtime_dependencies(/home/ros2_ws/install/pub_sub/share/colcon-core/packages/pub_sub)
[3.119s] Level 1:colcon.colcon_core.environment:create_environment_scripts_only(pub_sub)
[3.119s] Level 1:colcon.colcon_core.environment:checking '/home/ros2_ws/install/pub_sub' for CMake module files
[3.120s] Level 1:colcon.colcon_core.environment:checking '/home/ros2_ws/install/pub_sub' for CMake config files
[3.120s] Level 1:colcon.colcon_core.shell:create_environment_hook('pub_sub', 'cmake_prefix_path')
[3.120s] INFO:colcon.colcon_core.shell:Creating environment hook '/home/ros2_ws/install/pub_sub/share/pub_sub/hook/cmake_prefix_path.ps1'
[3.121s] INFO:colcon.colcon_core.shell:Creating environment descriptor '/home/ros2_ws/install/pub_sub/share/pub_sub/hook/cmake_prefix_path.dsv'
[3.121s] INFO:colcon.colcon_core.shell:Creating environment hook '/home/ros2_ws/install/pub_sub/share/pub_sub/hook/cmake_prefix_path.sh'
[3.122s] Level 1:colcon.colcon_core.environment:checking '/home/ros2_ws/install/pub_sub/lib'
[3.122s] Level 1:colcon.colcon_core.environment:checking '/home/ros2_ws/install/pub_sub/bin'
[3.122s] Level 1:colcon.colcon_core.environment:checking '/home/ros2_ws/install/pub_sub/lib/pkgconfig/pub_sub.pc'
[3.122s] Level 1:colcon.colcon_core.environment:checking '/home/ros2_ws/install/pub_sub/lib/python3.10/site-packages'
[3.122s] Level 1:colcon.colcon_core.environment:checking '/home/ros2_ws/install/pub_sub/bin'
[3.123s] INFO:colcon.colcon_core.shell:Creating package script '/home/ros2_ws/install/pub_sub/share/pub_sub/package.ps1'
[3.123s] INFO:colcon.colcon_core.shell:Creating package descriptor '/home/ros2_ws/install/pub_sub/share/pub_sub/package.dsv'
[3.124s] INFO:colcon.colcon_core.shell:Creating package script '/home/ros2_ws/install/pub_sub/share/pub_sub/package.sh'
[3.124s] INFO:colcon.colcon_core.shell:Creating package script '/home/ros2_ws/install/pub_sub/share/pub_sub/package.bash'
[3.125s] INFO:colcon.colcon_core.shell:Creating package script '/home/ros2_ws/install/pub_sub/share/pub_sub/package.zsh'
[3.125s] Level 1:colcon.colcon_core.environment:create_file_with_runtime_dependencies(/home/ros2_ws/install/pub_sub/share/colcon-core/packages/pub_sub)
[3.125s] DEBUG:colcon.colcon_parallel_executor.executor.parallel:closing loop
[3.126s] DEBUG:colcon.colcon_parallel_executor.executor.parallel:loop closed
[3.126s] DEBUG:colcon.colcon_parallel_executor.executor.parallel:run_until_complete finished with '0'
[3.126s] DEBUG:colcon.colcon_core.event_reactor:joining thread
[3.132s] INFO:colcon.colcon_core.plugin_system:Skipping extension 'colcon_notification.desktop_notification.notify_send': Could not find 'notify-send'
[3.133s] INFO:colcon.colcon_core.plugin_system:Skipping extension 'colcon_notification.desktop_notification.terminal_notifier': Not used on non-Darwin systems
[3.133s] INFO:colcon.colcon_core.plugin_system:Skipping extension 'colcon_notification.desktop_notification.win32': Not used on non-Windows systems
[3.133s] INFO:colcon.colcon_notification.desktop_notification:Sending desktop notification using 'notify2'
[3.136s] DEBUG:colcon.colcon_notification.desktop_notification.notify2:Failed to initialize notify2: org.freedesktop.DBus.Error.Spawn.ExecFailed: /usr/bin/dbus-launch terminated abnormally without any error message
[3.136s] DEBUG:colcon.colcon_core.event_reactor:joined thread
[3.137s] INFO:colcon.colcon_core.shell:Creating prefix script '/home/ros2_ws/install/local_setup.ps1'
[3.138s] INFO:colcon.colcon_core.shell:Creating prefix util module '/home/ros2_ws/install/_local_setup_util_ps1.py'
[3.140s] INFO:colcon.colcon_core.shell:Creating prefix chain script '/home/ros2_ws/install/setup.ps1'
[3.141s] INFO:colcon.colcon_core.shell:Creating prefix script '/home/ros2_ws/install/local_setup.sh'
[3.142s] INFO:colcon.colcon_core.shell:Creating prefix util module '/home/ros2_ws/install/_local_setup_util_sh.py'
[3.142s] INFO:colcon.colcon_core.shell:Creating prefix chain script '/home/ros2_ws/install/setup.sh'
[3.144s] INFO:colcon.colcon_core.shell:Creating prefix script '/home/ros2_ws/install/local_setup.bash'
[3.144s] INFO:colcon.colcon_core.shell:Creating prefix chain script '/home/ros2_ws/install/setup.bash'
[3.145s] INFO:colcon.colcon_core.shell:Creating prefix script '/home/ros2_ws/install/local_setup.zsh'
[3.146s] INFO:colcon.colcon_core.shell:Creating prefix chain script '/home/ros2_ws/install/setup.zsh'
