[0.000000] (-) TimerEvent: {}
[0.000705] (puma560_description) JobQueued: {'identifier': 'puma560_description', 'dependencies': OrderedDict()}
[0.000825] (robot_description) JobQueued: {'identifier': 'robot_description', 'dependencies': OrderedDict()}
[0.000870] (puma560_description) JobStarted: {'identifier': 'puma560_description'}
[0.008210] (robot_description) JobStarted: {'identifier': 'robot_description'}
[0.013609] (puma560_description) JobProgress: {'identifier': 'puma560_description', 'progress': 'cmake'}
[0.014797] (puma560_description) JobProgress: {'identifier': 'puma560_description', 'progress': 'build'}
[0.014882] (puma560_description) Command: {'cmd': ['/usr/bin/cmake', '--build', '/home/ros2_ws/ros2_ws/build/puma560_description', '--', '-j20', '-l20'], 'cwd': '/home/ros2_ws/ros2_ws/build/puma560_description', 'env': OrderedDict([('HOSTNAME', 'thallys'), ('SHLVL', '1'), ('LIBGL_ALWAYS_SOFTWARE', '1'), ('LD_LIBRARY_PATH', '/opt/ros/humble/opt/rviz_ogre_vendor/lib:/opt/ros/humble/lib/x86_64-linux-gnu:/opt/ros/humble/lib'), ('HOME', '/home/ros2_ws'), ('ROS_PYTHON_VERSION', '3'), ('COLCON_PREFIX_PATH', '/home/ros2_ws/ros2_ws/install'), ('ROS_DISTRO', 'humble'), ('_', '/usr/bin/colcon'), ('ROS_VERSION', '2'), ('TERM', 'xterm'), ('ROS_LOCALHOST_ONLY', '0'), ('QT_X11_NO_MITSHM', '1'), ('PATH', '/opt/ros/humble/bin:/usr/local/sbin:/usr/local/bin:/usr/sbin:/usr/bin:/sbin:/bin'), ('XDG_RUNTIME_DIR', '/tmp/runtime-ros2_ws'), ('DISPLAY', ':1'), ('LANG', 'C.UTF-8'), ('AMENT_PREFIX_PATH', '/home/ros2_ws/ros2_ws/install/robot_description:/home/ros2_ws/ros2_ws/install/puma560_description:/opt/ros/humble'), ('PWD', '/home/ros2_ws/ros2_ws/build/puma560_description'), ('LC_ALL', 'C.UTF-8'), ('PYTHONPATH', '/opt/ros/humble/lib/python3.10/site-packages:/opt/ros/humble/local/lib/python3.10/dist-packages'), ('NVIDIA_VISIBLE_DEVICES', 'all'), ('TZ', 'America/Sao_Paulo'), ('COLCON', '1'), ('CMAKE_PREFIX_PATH', '/home/ros2_ws/ros2_ws/install/robot_description:/home/ros2_ws/ros2_ws/install/puma560_description:/opt/ros/humble')]), 'shell': False}
[0.018604] (robot_description) JobProgress: {'identifier': 'robot_description', 'progress': 'cmake'}
[0.019087] (robot_description) JobProgress: {'identifier': 'robot_description', 'progress': 'build'}
[0.019457] (robot_description) Command: {'cmd': ['/usr/bin/cmake', '--build', '/home/ros2_ws/ros2_ws/build/robot_description', '--', '-j20', '-l20'], 'cwd': '/home/ros2_ws/ros2_ws/build/robot_description', 'env': OrderedDict([('HOSTNAME', 'thallys'), ('SHLVL', '1'), ('LIBGL_ALWAYS_SOFTWARE', '1'), ('LD_LIBRARY_PATH', '/opt/ros/humble/opt/rviz_ogre_vendor/lib:/opt/ros/humble/lib/x86_64-linux-gnu:/opt/ros/humble/lib'), ('HOME', '/home/ros2_ws'), ('ROS_PYTHON_VERSION', '3'), ('COLCON_PREFIX_PATH', '/home/ros2_ws/ros2_ws/install'), ('ROS_DISTRO', 'humble'), ('_', '/usr/bin/colcon'), ('ROS_VERSION', '2'), ('TERM', 'xterm'), ('ROS_LOCALHOST_ONLY', '0'), ('QT_X11_NO_MITSHM', '1'), ('PATH', '/opt/ros/humble/bin:/usr/local/sbin:/usr/local/bin:/usr/sbin:/usr/bin:/sbin:/bin'), ('XDG_RUNTIME_DIR', '/tmp/runtime-ros2_ws'), ('DISPLAY', ':1'), ('LANG', 'C.UTF-8'), ('AMENT_PREFIX_PATH', '/home/ros2_ws/ros2_ws/install/robot_description:/home/ros2_ws/ros2_ws/install/puma560_description:/opt/ros/humble'), ('PWD', '/home/ros2_ws/ros2_ws/build/robot_description'), ('LC_ALL', 'C.UTF-8'), ('PYTHONPATH', '/opt/ros/humble/lib/python3.10/site-packages:/opt/ros/humble/local/lib/python3.10/dist-packages'), ('NVIDIA_VISIBLE_DEVICES', 'all'), ('TZ', 'America/Sao_Paulo'), ('COLCON', '1'), ('CMAKE_PREFIX_PATH', '/home/ros2_ws/ros2_ws/install/robot_description:/home/ros2_ws/ros2_ws/install/puma560_description:/opt/ros/humble')]), 'shell': False}
[0.069244] (puma560_description) CommandEnded: {'returncode': 0}
[0.075195] (robot_description) CommandEnded: {'returncode': 0}
[0.099069] (-) TimerEvent: {}
[0.104455] (puma560_description) JobProgress: {'identifier': 'puma560_description', 'progress': 'install'}
[0.117542] (puma560_description) Command: {'cmd': ['/usr/bin/cmake', '--install', '/home/ros2_ws/ros2_ws/build/puma560_description'], 'cwd': '/home/ros2_ws/ros2_ws/build/puma560_description', 'env': OrderedDict([('HOSTNAME', 'thallys'), ('SHLVL', '1'), ('LIBGL_ALWAYS_SOFTWARE', '1'), ('LD_LIBRARY_PATH', '/opt/ros/humble/opt/rviz_ogre_vendor/lib:/opt/ros/humble/lib/x86_64-linux-gnu:/opt/ros/humble/lib'), ('HOME', '/home/ros2_ws'), ('ROS_PYTHON_VERSION', '3'), ('COLCON_PREFIX_PATH', '/home/ros2_ws/ros2_ws/install'), ('ROS_DISTRO', 'humble'), ('_', '/usr/bin/colcon'), ('ROS_VERSION', '2'), ('TERM', 'xterm'), ('ROS_LOCALHOST_ONLY', '0'), ('QT_X11_NO_MITSHM', '1'), ('PATH', '/opt/ros/humble/bin:/usr/local/sbin:/usr/local/bin:/usr/sbin:/usr/bin:/sbin:/bin'), ('XDG_RUNTIME_DIR', '/tmp/runtime-ros2_ws'), ('DISPLAY', ':1'), ('LANG', 'C.UTF-8'), ('AMENT_PREFIX_PATH', '/home/ros2_ws/ros2_ws/install/robot_description:/home/ros2_ws/ros2_ws/install/puma560_description:/opt/ros/humble'), ('PWD', '/home/ros2_ws/ros2_ws/build/puma560_description'), ('LC_ALL', 'C.UTF-8'), ('PYTHONPATH', '/opt/ros/humble/lib/python3.10/site-packages:/opt/ros/humble/local/lib/python3.10/dist-packages'), ('NVIDIA_VISIBLE_DEVICES', 'all'), ('TZ', 'America/Sao_Paulo'), ('COLCON', '1'), ('CMAKE_PREFIX_PATH', '/home/ros2_ws/ros2_ws/install/robot_description:/home/ros2_ws/ros2_ws/install/puma560_description:/opt/ros/humble')]), 'shell': False}
[0.119271] (robot_description) JobProgress: {'identifier': 'robot_description', 'progress': 'install'}
[0.121273] (robot_description) Command: {'cmd': ['/usr/bin/cmake', '--install', '/home/ros2_ws/ros2_ws/build/robot_description'], 'cwd': '/home/ros2_ws/ros2_ws/build/robot_description', 'env': OrderedDict([('HOSTNAME', 'thallys'), ('SHLVL', '1'), ('LIBGL_ALWAYS_SOFTWARE', '1'), ('LD_LIBRARY_PATH', '/opt/ros/humble/opt/rviz_ogre_vendor/lib:/opt/ros/humble/lib/x86_64-linux-gnu:/opt/ros/humble/lib'), ('HOME', '/home/ros2_ws'), ('ROS_PYTHON_VERSION', '3'), ('COLCON_PREFIX_PATH', '/home/ros2_ws/ros2_ws/install'), ('ROS_DISTRO', 'humble'), ('_', '/usr/bin/colcon'), ('ROS_VERSION', '2'), ('TERM', 'xterm'), ('ROS_LOCALHOST_ONLY', '0'), ('QT_X11_NO_MITSHM', '1'), ('PATH', '/opt/ros/humble/bin:/usr/local/sbin:/usr/local/bin:/usr/sbin:/usr/bin:/sbin:/bin'), ('XDG_RUNTIME_DIR', '/tmp/runtime-ros2_ws'), ('DISPLAY', ':1'), ('LANG', 'C.UTF-8'), ('AMENT_PREFIX_PATH', '/home/ros2_ws/ros2_ws/install/robot_description:/home/ros2_ws/ros2_ws/install/puma560_description:/opt/ros/humble'), ('PWD', '/home/ros2_ws/ros2_ws/build/robot_description'), ('LC_ALL', 'C.UTF-8'), ('PYTHONPATH', '/opt/ros/humble/lib/python3.10/site-packages:/opt/ros/humble/local/lib/python3.10/dist-packages'), ('NVIDIA_VISIBLE_DEVICES', 'all'), ('TZ', 'America/Sao_Paulo'), ('COLCON', '1'), ('CMAKE_PREFIX_PATH', '/home/ros2_ws/ros2_ws/install/robot_description:/home/ros2_ws/ros2_ws/install/puma560_description:/opt/ros/humble')]), 'shell': False}
[0.128118] (puma560_description) StdoutLine: {'line': b'-- Install configuration: ""\n'}
[0.128469] (puma560_description) StdoutLine: {'line': b'-- Up-to-date: /home/ros2_ws/ros2_ws/install/puma560_description/share/puma560_description/launch\n'}
[0.128575] (puma560_description) StdoutLine: {'line': b'-- Up-to-date: /home/ros2_ws/ros2_ws/install/puma560_description/share/puma560_description/launch/display.launch.py\n'}
[0.128655] (puma560_description) StdoutLine: {'line': b'-- Up-to-date: /home/ros2_ws/ros2_ws/install/puma560_description/share/puma560_description/urdf\n'}
[0.128730] (puma560_description) StdoutLine: {'line': b'-- Up-to-date: /home/ros2_ws/ros2_ws/install/puma560_description/share/puma560_description/urdf/description.txt\n'}
[0.128803] (puma560_description) StdoutLine: {'line': b'-- Up-to-date: /home/ros2_ws/ros2_ws/install/puma560_description/share/puma560_description/urdf/material.xacro\n'}
[0.128876] (puma560_description) StdoutLine: {'line': b'-- Up-to-date: /home/ros2_ws/ros2_ws/install/puma560_description/share/puma560_description/urdf/puma560_description.xacro\n'}
[0.128947] (puma560_description) StdoutLine: {'line': b'-- Up-to-date: /home/ros2_ws/ros2_ws/install/puma560_description/share/puma560_description/config\n'}
[0.129016] (puma560_description) StdoutLine: {'line': b'-- Up-to-date: /home/ros2_ws/ros2_ws/install/puma560_description/share/puma560_description/meshes\n'}
[0.129136] (puma560_description) StdoutLine: {'line': b'-- Up-to-date: /home/ros2_ws/ros2_ws/install/puma560_description/share/puma560_description/meshes/link_5.STL\n'}
[0.129203] (puma560_description) StdoutLine: {'line': b'-- Up-to-date: /home/ros2_ws/ros2_ws/install/puma560_description/share/puma560_description/meshes/link_1.STL\n'}
[0.129280] (puma560_description) StdoutLine: {'line': b'-- Up-to-date: /home/ros2_ws/ros2_ws/install/puma560_description/share/puma560_description/meshes/link_4.STL\n'}
[0.129355] (puma560_description) StdoutLine: {'line': b'-- Up-to-date: /home/ros2_ws/ros2_ws/install/puma560_description/share/puma560_description/meshes/base_link.STL\n'}
[0.129422] (puma560_description) StdoutLine: {'line': b'-- Up-to-date: /home/ros2_ws/ros2_ws/install/puma560_description/share/puma560_description/meshes/link_3.STL\n'}
[0.129489] (puma560_description) StdoutLine: {'line': b'-- Up-to-date: /home/ros2_ws/ros2_ws/install/puma560_description/share/puma560_description/meshes/link_2.STL\n'}
[0.129557] (puma560_description) StdoutLine: {'line': b'-- Up-to-date: /home/ros2_ws/ros2_ws/install/puma560_description/share/puma560_description/rviz2\n'}
[0.129819] (puma560_description) StdoutLine: {'line': b'-- Up-to-date: /home/ros2_ws/ros2_ws/install/puma560_description/share/puma560_description/rviz2/puma560_config.rviz\n'}
[0.129993] (puma560_description) StdoutLine: {'line': b'-- Up-to-date: /home/ros2_ws/ros2_ws/install/puma560_description/share/ament_index/resource_index/package_run_dependencies/puma560_description\n'}
[0.130079] (puma560_description) StdoutLine: {'line': b'-- Up-to-date: /home/ros2_ws/ros2_ws/install/puma560_description/share/ament_index/resource_index/parent_prefix_path/puma560_description\n'}
[0.130150] (puma560_description) StdoutLine: {'line': b'-- Up-to-date: /home/ros2_ws/ros2_ws/install/puma560_description/share/puma560_description/environment/ament_prefix_path.sh\n'}
[0.130236] (puma560_description) StdoutLine: {'line': b'-- Up-to-date: /home/ros2_ws/ros2_ws/install/puma560_description/share/puma560_description/environment/ament_prefix_path.dsv\n'}
[0.130305] (puma560_description) StdoutLine: {'line': b'-- Up-to-date: /home/ros2_ws/ros2_ws/install/puma560_description/share/puma560_description/environment/path.sh\n'}
[0.130383] (puma560_description) StdoutLine: {'line': b'-- Up-to-date: /home/ros2_ws/ros2_ws/install/puma560_description/share/puma560_description/environment/path.dsv\n'}
[0.130447] (puma560_description) StdoutLine: {'line': b'-- Up-to-date: /home/ros2_ws/ros2_ws/install/puma560_description/share/puma560_description/local_setup.bash\n'}
[0.130509] (puma560_description) StdoutLine: {'line': b'-- Up-to-date: /home/ros2_ws/ros2_ws/install/puma560_description/share/puma560_description/local_setup.sh\n'}
[0.130574] (puma560_description) StdoutLine: {'line': b'-- Up-to-date: /home/ros2_ws/ros2_ws/install/puma560_description/share/puma560_description/local_setup.zsh\n'}
[0.130636] (puma560_description) StdoutLine: {'line': b'-- Up-to-date: /home/ros2_ws/ros2_ws/install/puma560_description/share/puma560_description/local_setup.dsv\n'}
[0.130705] (puma560_description) StdoutLine: {'line': b'-- Installing: /home/ros2_ws/ros2_ws/install/puma560_description/share/puma560_description/package.dsv\n'}
[0.130774] (puma560_description) StdoutLine: {'line': b'-- Up-to-date: /home/ros2_ws/ros2_ws/install/puma560_description/share/ament_index/resource_index/packages/puma560_description\n'}
[0.130842] (puma560_description) StdoutLine: {'line': b'-- Up-to-date: /home/ros2_ws/ros2_ws/install/puma560_description/share/puma560_description/cmake/puma560_descriptionConfig.cmake\n'}
[0.130961] (puma560_description) StdoutLine: {'line': b'-- Up-to-date: /home/ros2_ws/ros2_ws/install/puma560_description/share/puma560_description/cmake/puma560_descriptionConfig-version.cmake\n'}
[0.131040] (puma560_description) StdoutLine: {'line': b'-- Up-to-date: /home/ros2_ws/ros2_ws/install/puma560_description/share/puma560_description/package.xml\n'}
[0.131350] (robot_description) StdoutLine: {'line': b'-- Install configuration: ""\n'}
[0.132279] (robot_description) StdoutLine: {'line': b'-- Up-to-date: /home/ros2_ws/ros2_ws/install/robot_description/share/robot_description/launch\n'}
[0.132568] (robot_description) StdoutLine: {'line': b'-- Up-to-date: /home/ros2_ws/ros2_ws/install/robot_description/share/robot_description/launch/display.launch.py\n'}
[0.132662] (robot_description) StdoutLine: {'line': b'-- Up-to-date: /home/ros2_ws/ros2_ws/install/robot_description/share/robot_description/launch/display.launch.yaml\n'}
[0.132740] (robot_description) StdoutLine: {'line': b'-- Up-to-date: /home/ros2_ws/ros2_ws/install/robot_description/share/robot_description/launch/test.py\n'}
[0.132815] (robot_description) StdoutLine: {'line': b'-- Up-to-date: /home/ros2_ws/ros2_ws/install/robot_description/share/robot_description/urdf\n'}
[0.132889] (robot_description) StdoutLine: {'line': b'-- Up-to-date: /home/ros2_ws/ros2_ws/install/robot_description/share/robot_description/urdf/robot_example.urdf\n'}
[0.132959] (robot_description) StdoutLine: {'line': b'-- Up-to-date: /home/ros2_ws/ros2_ws/install/robot_description/share/robot_description/config\n'}
[0.133030] (robot_description) StdoutLine: {'line': b'-- Up-to-date: /home/ros2_ws/ros2_ws/install/robot_description/share/robot_description/config/config.rviz\n'}
[0.133097] (robot_description) StdoutLine: {'line': b'-- Up-to-date: /home/ros2_ws/ros2_ws/install/robot_description/share/ament_index/resource_index/package_run_dependencies/robot_description\n'}
[0.133166] (robot_description) StdoutLine: {'line': b'-- Up-to-date: /home/ros2_ws/ros2_ws/install/robot_description/share/ament_index/resource_index/parent_prefix_path/robot_description\n'}
[0.133248] (robot_description) StdoutLine: {'line': b'-- Up-to-date: /home/ros2_ws/ros2_ws/install/robot_description/share/robot_description/environment/ament_prefix_path.sh\n'}
[0.133322] (robot_description) StdoutLine: {'line': b'-- Up-to-date: /home/ros2_ws/ros2_ws/install/robot_description/share/robot_description/environment/ament_prefix_path.dsv\n'}
[0.133391] (robot_description) StdoutLine: {'line': b'-- Up-to-date: /home/ros2_ws/ros2_ws/install/robot_description/share/robot_description/environment/path.sh\n'}
[0.133458] (robot_description) StdoutLine: {'line': b'-- Up-to-date: /home/ros2_ws/ros2_ws/install/robot_description/share/robot_description/environment/path.dsv\n'}
[0.133527] (robot_description) StdoutLine: {'line': b'-- Up-to-date: /home/ros2_ws/ros2_ws/install/robot_description/share/robot_description/local_setup.bash\n'}
[0.133597] (robot_description) StdoutLine: {'line': b'-- Up-to-date: /home/ros2_ws/ros2_ws/install/robot_description/share/robot_description/local_setup.sh\n'}
[0.133665] (robot_description) StdoutLine: {'line': b'-- Up-to-date: /home/ros2_ws/ros2_ws/install/robot_description/share/robot_description/local_setup.zsh\n'}
[0.133731] (robot_description) StdoutLine: {'line': b'-- Up-to-date: /home/ros2_ws/ros2_ws/install/robot_description/share/robot_description/local_setup.dsv\n'}
[0.133796] (robot_description) StdoutLine: {'line': b'-- Installing: /home/ros2_ws/ros2_ws/install/robot_description/share/robot_description/package.dsv\n'}
[0.133914] (robot_description) StdoutLine: {'line': b'-- Up-to-date: /home/ros2_ws/ros2_ws/install/robot_description/share/ament_index/resource_index/packages/robot_description\n'}
[0.134100] (robot_description) StdoutLine: {'line': b'-- Up-to-date: /home/ros2_ws/ros2_ws/install/robot_description/share/robot_description/cmake/robot_descriptionConfig.cmake\n'}
[0.134182] (robot_description) StdoutLine: {'line': b'-- Up-to-date: /home/ros2_ws/ros2_ws/install/robot_description/share/robot_description/cmake/robot_descriptionConfig-version.cmake\n'}
[0.134270] (robot_description) StdoutLine: {'line': b'-- Up-to-date: /home/ros2_ws/ros2_ws/install/robot_description/share/robot_description/package.xml\n'}
[0.134825] (puma560_description) CommandEnded: {'returncode': 0}
[0.153201] (robot_description) CommandEnded: {'returncode': 0}
[0.192621] (puma560_description) JobEnded: {'identifier': 'puma560_description', 'rc': 0}
[0.199800] (-) TimerEvent: {}
[0.202602] (robot_description) JobEnded: {'identifier': 'robot_description', 'rc': 0}
[0.203277] (-) EventReactorShutdown: {}
