[0.000000] (-) TimerEvent: {}
[0.000124] (robot_description) JobQueued: {'identifier': 'robot_description', 'dependencies': OrderedDict()}
[0.000144] (robot_description) JobStarted: {'identifier': 'robot_description'}
[0.006669] (robot_description) JobProgress: {'identifier': 'robot_description', 'progress': 'cmake'}
[0.006821] (robot_description) Command: {'cmd': ['/usr/bin/cmake', '/home/ROS/ros2_ws/src/robot_description', '-DCMAKE_INSTALL_PREFIX=/home/ROS/ros2_ws/install/robot_description'], 'cwd': '/home/ROS/ros2_ws/build/robot_description', 'env': OrderedDict([('HOSTNAME', 'thallys'), ('SHLVL', '1'), ('LIBGL_ALWAYS_SOFTWARE', '1'), ('LD_LIBRARY_PATH', '/opt/ros/humble/opt/rviz_ogre_vendor/lib:/opt/ros/humble/lib/x86_64-linux-gnu:/opt/ros/humble/lib'), ('HOME', '/home/ros2_ws'), ('OLDPWD', '/home/ROS/ros2_ws/src'), ('ROS_PYTHON_VERSION', '3'), ('ROS_DISTRO', 'humble'), ('_', '/usr/bin/colcon'), ('ROS_VERSION', '2'), ('TERM', 'xterm'), ('ROS_LOCALHOST_ONLY', '0'), ('QT_X11_NO_MITSHM', '1'), ('PATH', '/opt/ros/humble/bin:/usr/local/sbin:/usr/local/bin:/usr/sbin:/usr/bin:/sbin:/bin'), ('XDG_RUNTIME_DIR', '/tmp/runtime-ros_ws'), ('DISPLAY', ':1'), ('LANG', 'C.UTF-8'), ('AMENT_PREFIX_PATH', '/opt/ros/humble'), ('PWD', '/home/ROS/ros2_ws/build/robot_description'), ('LC_ALL', 'C.UTF-8'), ('PYTHONPATH', '/opt/ros/humble/lib/python3.10/site-packages:/opt/ros/humble/local/lib/python3.10/dist-packages'), ('NVIDIA_VISIBLE_DEVICES', 'all'), ('TZ', 'America/Sao_Paulo'), ('COLCON', '1'), ('CMAKE_PREFIX_PATH', '/opt/ros/humble')]), 'shell': False}
[0.099583] (-) TimerEvent: {}
[0.123891] (robot_description) StdoutLine: {'line': b'-- The C compiler identification is GNU 11.4.0\n'}
[0.199681] (-) TimerEvent: {}
[0.206214] (robot_description) StdoutLine: {'line': b'-- The CXX compiler identification is GNU 11.4.0\n'}
[0.213772] (robot_description) StdoutLine: {'line': b'-- Detecting C compiler ABI info\n'}
[0.287157] (robot_description) StdoutLine: {'line': b'-- Detecting C compiler ABI info - done\n'}
[0.296374] (robot_description) StdoutLine: {'line': b'-- Check for working C compiler: /usr/bin/cc - skipped\n'}
[0.297746] (robot_description) StdoutLine: {'line': b'-- Detecting C compile features\n'}
[0.298323] (robot_description) StdoutLine: {'line': b'-- Detecting C compile features - done\n'}
[0.299773] (-) TimerEvent: {}
[0.302133] (robot_description) StdoutLine: {'line': b'-- Detecting CXX compiler ABI info\n'}
[0.372962] (robot_description) StdoutLine: {'line': b'-- Detecting CXX compiler ABI info - done\n'}
[0.377736] (robot_description) StdoutLine: {'line': b'-- Check for working CXX compiler: /usr/bin/c++ - skipped\n'}
[0.377870] (robot_description) StdoutLine: {'line': b'-- Detecting CXX compile features\n'}
[0.378435] (robot_description) StdoutLine: {'line': b'-- Detecting CXX compile features - done\n'}
[0.382433] (robot_description) StdoutLine: {'line': b'-- Found ament_cmake: 1.3.9 (/opt/ros/humble/share/ament_cmake/cmake)\n'}
[0.399878] (-) TimerEvent: {}
[0.500138] (-) TimerEvent: {}
[0.504863] (robot_description) StdoutLine: {'line': b'-- Found Python3: /usr/bin/python3 (found version "3.10.12") found components: Interpreter \n'}
[0.576771] (robot_description) StdoutLine: {'line': b'-- Found ament_lint_auto: 0.12.11 (/opt/ros/humble/share/ament_lint_auto/cmake)\n'}
[0.600336] (-) TimerEvent: {}
[0.638390] (robot_description) StdoutLine: {'line': b"-- Added test 'lint_cmake' to check CMake code style\n"}
[0.639330] (robot_description) StdoutLine: {'line': b"-- Added test 'xmllint' to check XML markup files\n"}
[0.640308] (robot_description) StdoutLine: {'line': b'-- Configuring done\n'}
[0.641756] (robot_description) StdoutLine: {'line': b'-- Generating done\n'}
[0.642335] (robot_description) StdoutLine: {'line': b'-- Build files have been written to: /home/ROS/ros2_ws/build/robot_description\n'}
[0.644886] (robot_description) CommandEnded: {'returncode': 0}
[0.645161] (robot_description) JobProgress: {'identifier': 'robot_description', 'progress': 'build'}
[0.645652] (robot_description) Command: {'cmd': ['/usr/bin/cmake', '--build', '/home/ROS/ros2_ws/build/robot_description', '--', '-j20', '-l20'], 'cwd': '/home/ROS/ros2_ws/build/robot_description', 'env': OrderedDict([('HOSTNAME', 'thallys'), ('SHLVL', '1'), ('LIBGL_ALWAYS_SOFTWARE', '1'), ('LD_LIBRARY_PATH', '/opt/ros/humble/opt/rviz_ogre_vendor/lib:/opt/ros/humble/lib/x86_64-linux-gnu:/opt/ros/humble/lib'), ('HOME', '/home/ros2_ws'), ('OLDPWD', '/home/ROS/ros2_ws/src'), ('ROS_PYTHON_VERSION', '3'), ('ROS_DISTRO', 'humble'), ('_', '/usr/bin/colcon'), ('ROS_VERSION', '2'), ('TERM', 'xterm'), ('ROS_LOCALHOST_ONLY', '0'), ('QT_X11_NO_MITSHM', '1'), ('PATH', '/opt/ros/humble/bin:/usr/local/sbin:/usr/local/bin:/usr/sbin:/usr/bin:/sbin:/bin'), ('XDG_RUNTIME_DIR', '/tmp/runtime-ros_ws'), ('DISPLAY', ':1'), ('LANG', 'C.UTF-8'), ('AMENT_PREFIX_PATH', '/opt/ros/humble'), ('PWD', '/home/ROS/ros2_ws/build/robot_description'), ('LC_ALL', 'C.UTF-8'), ('PYTHONPATH', '/opt/ros/humble/lib/python3.10/site-packages:/opt/ros/humble/local/lib/python3.10/dist-packages'), ('NVIDIA_VISIBLE_DEVICES', 'all'), ('TZ', 'America/Sao_Paulo'), ('COLCON', '1'), ('CMAKE_PREFIX_PATH', '/opt/ros/humble')]), 'shell': False}
[0.678415] (robot_description) CommandEnded: {'returncode': 0}
[0.700034] (robot_description) JobProgress: {'identifier': 'robot_description', 'progress': 'install'}
[0.700450] (-) TimerEvent: {}
[0.709495] (robot_description) Command: {'cmd': ['/usr/bin/cmake', '--install', '/home/ROS/ros2_ws/build/robot_description'], 'cwd': '/home/ROS/ros2_ws/build/robot_description', 'env': OrderedDict([('HOSTNAME', 'thallys'), ('SHLVL', '1'), ('LIBGL_ALWAYS_SOFTWARE', '1'), ('LD_LIBRARY_PATH', '/opt/ros/humble/opt/rviz_ogre_vendor/lib:/opt/ros/humble/lib/x86_64-linux-gnu:/opt/ros/humble/lib'), ('HOME', '/home/ros2_ws'), ('OLDPWD', '/home/ROS/ros2_ws/src'), ('ROS_PYTHON_VERSION', '3'), ('ROS_DISTRO', 'humble'), ('_', '/usr/bin/colcon'), ('ROS_VERSION', '2'), ('TERM', 'xterm'), ('ROS_LOCALHOST_ONLY', '0'), ('QT_X11_NO_MITSHM', '1'), ('PATH', '/opt/ros/humble/bin:/usr/local/sbin:/usr/local/bin:/usr/sbin:/usr/bin:/sbin:/bin'), ('XDG_RUNTIME_DIR', '/tmp/runtime-ros_ws'), ('DISPLAY', ':1'), ('LANG', 'C.UTF-8'), ('AMENT_PREFIX_PATH', '/opt/ros/humble'), ('PWD', '/home/ROS/ros2_ws/build/robot_description'), ('LC_ALL', 'C.UTF-8'), ('PYTHONPATH', '/opt/ros/humble/lib/python3.10/site-packages:/opt/ros/humble/local/lib/python3.10/dist-packages'), ('NVIDIA_VISIBLE_DEVICES', 'all'), ('TZ', 'America/Sao_Paulo'), ('COLCON', '1'), ('CMAKE_PREFIX_PATH', '/opt/ros/humble')]), 'shell': False}
[0.717677] (robot_description) StdoutLine: {'line': b'-- Install configuration: ""\n'}
[0.717761] (robot_description) StdoutLine: {'line': b'-- Installing: /home/ROS/ros2_ws/install/robot_description/share/ament_index/resource_index/package_run_dependencies/robot_description\n'}
[0.717815] (robot_description) StdoutLine: {'line': b'-- Installing: /home/ROS/ros2_ws/install/robot_description/share/ament_index/resource_index/parent_prefix_path/robot_description\n'}
[0.717861] (robot_description) StdoutLine: {'line': b'-- Installing: /home/ROS/ros2_ws/install/robot_description/share/robot_description/environment/ament_prefix_path.sh\n'}
[0.717906] (robot_description) StdoutLine: {'line': b'-- Installing: /home/ROS/ros2_ws/install/robot_description/share/robot_description/environment/ament_prefix_path.dsv\n'}
[0.717960] (robot_description) StdoutLine: {'line': b'-- Installing: /home/ROS/ros2_ws/install/robot_description/share/robot_description/environment/path.sh\n'}
[0.718018] (robot_description) StdoutLine: {'line': b'-- Installing: /home/ROS/ros2_ws/install/robot_description/share/robot_description/environment/path.dsv\n'}
[0.718068] (robot_description) StdoutLine: {'line': b'-- Installing: /home/ROS/ros2_ws/install/robot_description/share/robot_description/local_setup.bash\n'}
[0.718117] (robot_description) StdoutLine: {'line': b'-- Installing: /home/ROS/ros2_ws/install/robot_description/share/robot_description/local_setup.sh\n'}
[0.718173] (robot_description) StdoutLine: {'line': b'-- Installing: /home/ROS/ros2_ws/install/robot_description/share/robot_description/local_setup.zsh\n'}
[0.718226] (robot_description) StdoutLine: {'line': b'-- Installing: /home/ROS/ros2_ws/install/robot_description/share/robot_description/local_setup.dsv\n'}
[0.718273] (robot_description) StdoutLine: {'line': b'-- Installing: /home/ROS/ros2_ws/install/robot_description/share/robot_description/package.dsv\n'}
[0.718341] (robot_description) StdoutLine: {'line': b'-- Installing: /home/ROS/ros2_ws/install/robot_description/share/ament_index/resource_index/packages/robot_description\n'}
[0.718403] (robot_description) StdoutLine: {'line': b'-- Installing: /home/ROS/ros2_ws/install/robot_description/share/robot_description/cmake/robot_descriptionConfig.cmake\n'}
[0.718454] (robot_description) StdoutLine: {'line': b'-- Installing: /home/ROS/ros2_ws/install/robot_description/share/robot_description/cmake/robot_descriptionConfig-version.cmake\n'}
[0.718498] (robot_description) StdoutLine: {'line': b'-- Installing: /home/ROS/ros2_ws/install/robot_description/share/robot_description/package.xml\n'}
[0.719588] (robot_description) CommandEnded: {'returncode': 0}
[0.766837] (robot_description) JobEnded: {'identifier': 'robot_description', 'rc': 0}
[0.767677] (-) EventReactorShutdown: {}
