[0.008s] Invoking command in '/home/ros2_ws/build/puma560_description': CMAKE_PREFIX_PATH=${CMAKE_PREFIX_PATH}:/opt/ros/humble /usr/bin/cmake --build /home/ros2_ws/build/puma560_description -- -j20 -l20
[0.023s] -- Found ament_cmake: 1.3.10 (/opt/ros/humble/share/ament_cmake/cmake)
[0.102s] -- Found xacro: 2.0.8 (/opt/ros/humble/share/xacro/cmake)
[0.102s] -- Found urdf: 2.6.1 (/opt/ros/humble/share/urdf/cmake)
[0.121s] -- Found rviz2: 11.2.13 (/opt/ros/humble/share/rviz2/cmake)
[0.121s] -- Found ament_lint_auto: 0.12.11 (/opt/ros/humble/share/ament_lint_auto/cmake)
[0.157s] -- Added test 'flake8' to check Python code syntax and style conventions
[0.157s] -- Added test 'lint_cmake' to check CMake code style
[0.157s] -- Added test 'pep257' to check Python code against some of the docstring style conventions in PEP 257
[0.158s] -- Added test 'xmllint' to check XML markup files
[0.158s] -- Configuring done
[0.159s] -- Generating done
[0.160s] -- Build files have been written to: /home/ros2_ws/build/puma560_description
[0.174s] Invoked command in '/home/ros2_ws/build/puma560_description' returned '0': CMAKE_PREFIX_PATH=${CMAKE_PREFIX_PATH}:/opt/ros/humble /usr/bin/cmake --build /home/ros2_ws/build/puma560_description -- -j20 -l20
[0.197s] Invoking command in '/home/ros2_ws/build/puma560_description': CMAKE_PREFIX_PATH=${CMAKE_PREFIX_PATH}:/opt/ros/humble /usr/bin/cmake --install /home/ros2_ws/build/puma560_description
[0.209s] -- Install configuration: ""
[0.209s] -- Up-to-date: /home/ros2_ws/install/puma560_description/share/puma560_description/launch
[0.210s] -- Up-to-date: /home/ros2_ws/install/puma560_description/share/puma560_description/launch/puma_display.launch.py
[0.210s] -- Installing: /home/ros2_ws/install/puma560_description/share/puma560_description/launch/puma_gazebo.launch.py
[0.210s] -- Up-to-date: /home/ros2_ws/install/puma560_description/share/puma560_description/urdf
[0.210s] -- Up-to-date: /home/ros2_ws/install/puma560_description/share/puma560_description/urdf/puma560_gazebo.xacro
[0.210s] -- Up-to-date: /home/ros2_ws/install/puma560_description/share/puma560_description/urdf/puma560_cores.xacro
[0.210s] -- Installing: /home/ros2_ws/install/puma560_description/share/puma560_description/urdf/puma560_description.urdf.xacro
[0.210s] -- Installing: /home/ros2_ws/install/puma560_description/share/puma560_description/urdf/puma560_control.xacro
[0.210s] -- Up-to-date: /home/ros2_ws/install/puma560_description/share/puma560_description/config
[0.210s] -- Up-to-date: /home/ros2_ws/install/puma560_description/share/puma560_description/config/link2_inertia.yaml
[0.210s] -- Up-to-date: /home/ros2_ws/install/puma560_description/share/puma560_description/meshes
[0.210s] -- Up-to-date: /home/ros2_ws/install/puma560_description/share/puma560_description/meshes/link_5.STL
[0.210s] -- Up-to-date: /home/ros2_ws/install/puma560_description/share/puma560_description/meshes/link_1.STL
[0.210s] -- Up-to-date: /home/ros2_ws/install/puma560_description/share/puma560_description/meshes/link_4.STL
[0.211s] -- Up-to-date: /home/ros2_ws/install/puma560_description/share/puma560_description/meshes/base_link.STL
[0.211s] -- Up-to-date: /home/ros2_ws/install/puma560_description/share/puma560_description/meshes/link_3.STL
[0.211s] -- Up-to-date: /home/ros2_ws/install/puma560_description/share/puma560_description/meshes/link_2.STL
[0.211s] -- Up-to-date: /home/ros2_ws/install/puma560_description/share/puma560_description/rviz2
[0.211s] -- Up-to-date: /home/ros2_ws/install/puma560_description/share/puma560_description/rviz2/display_puma560.rviz
[0.211s] -- Up-to-date: /home/ros2_ws/install/puma560_description/share/ament_index/resource_index/package_run_dependencies/puma560_description
[0.211s] -- Installing: /home/ros2_ws/install/puma560_description/share/ament_index/resource_index/parent_prefix_path/puma560_description
[0.211s] -- Up-to-date: /home/ros2_ws/install/puma560_description/share/puma560_description/environment/ament_prefix_path.sh
[0.211s] -- Installing: /home/ros2_ws/install/puma560_description/share/puma560_description/environment/ament_prefix_path.dsv
[0.211s] -- Up-to-date: /home/ros2_ws/install/puma560_description/share/puma560_description/environment/path.sh
[0.211s] -- Installing: /home/ros2_ws/install/puma560_description/share/puma560_description/environment/path.dsv
[0.211s] -- Up-to-date: /home/ros2_ws/install/puma560_description/share/puma560_description/local_setup.bash
[0.211s] -- Up-to-date: /home/ros2_ws/install/puma560_description/share/puma560_description/local_setup.sh
[0.211s] -- Up-to-date: /home/ros2_ws/install/puma560_description/share/puma560_description/local_setup.zsh
[0.212s] -- Installing: /home/ros2_ws/install/puma560_description/share/puma560_description/local_setup.dsv
[0.212s] -- Installing: /home/ros2_ws/install/puma560_description/share/puma560_description/package.dsv
[0.212s] -- Up-to-date: /home/ros2_ws/install/puma560_description/share/ament_index/resource_index/packages/puma560_description
[0.212s] -- Up-to-date: /home/ros2_ws/install/puma560_description/share/puma560_description/cmake/puma560_descriptionConfig.cmake
[0.212s] -- Up-to-date: /home/ros2_ws/install/puma560_description/share/puma560_description/cmake/puma560_descriptionConfig-version.cmake
[0.212s] -- Installing: /home/ros2_ws/install/puma560_description/share/puma560_description/package.xml
[0.217s] Invoked command in '/home/ros2_ws/build/puma560_description' returned '0': CMAKE_PREFIX_PATH=${CMAKE_PREFIX_PATH}:/opt/ros/humble /usr/bin/cmake --install /home/ros2_ws/build/puma560_description
