[0.010s] Invoking command in '/home/ros2_ws/build/puma560_controller': CMAKE_PREFIX_PATH=${CMAKE_PREFIX_PATH}:/opt/ros/humble /usr/bin/cmake /home/ros2_ws/src/puma560_controller -DCMAKE_INSTALL_PREFIX=/home/ros2_ws/install/puma560_controller
[0.102s] -- The C compiler identification is GNU 11.4.0
[0.184s] -- The CXX compiler identification is GNU 11.4.0
[0.191s] -- Detecting C compiler ABI info
[0.282s] -- Detecting C compiler ABI info - done
[0.290s] -- Check for working C compiler: /usr/bin/cc - skipped
[0.291s] -- Detecting C compile features
[0.291s] -- Detecting C compile features - done
[0.293s] -- Detecting CXX compiler ABI info
[0.377s] -- Detecting CXX compiler ABI info - done
[0.381s] -- Check for working CXX compiler: /usr/bin/c++ - skipped
[0.381s] -- Detecting CXX compile features
[0.381s] -- Detecting CXX compile features - done
[0.384s] -- Found ament_cmake: 1.3.10 (/opt/ros/humble/share/ament_cmake/cmake)
[0.512s] -- Found Python3: /usr/bin/python3 (found version "3.10.12") found components: Interpreter 
[0.577s] -- Found ament_lint_auto: 0.12.11 (/opt/ros/humble/share/ament_lint_auto/cmake)
[0.633s] -- Added test 'lint_cmake' to check CMake code style
[0.634s] -- Added test 'xmllint' to check XML markup files
[0.634s] -- Configuring done
[0.635s] -- Generating done
[0.636s] -- Build files have been written to: /home/ros2_ws/build/puma560_controller
[0.639s] Invoked command in '/home/ros2_ws/build/puma560_controller' returned '0': CMAKE_PREFIX_PATH=${CMAKE_PREFIX_PATH}:/opt/ros/humble /usr/bin/cmake /home/ros2_ws/src/puma560_controller -DCMAKE_INSTALL_PREFIX=/home/ros2_ws/install/puma560_controller
[0.640s] Invoking command in '/home/ros2_ws/build/puma560_controller': CMAKE_PREFIX_PATH=${CMAKE_PREFIX_PATH}:/opt/ros/humble /usr/bin/cmake --build /home/ros2_ws/build/puma560_controller -- -j20 -l20
[0.665s] Invoked command in '/home/ros2_ws/build/puma560_controller' returned '0': CMAKE_PREFIX_PATH=${CMAKE_PREFIX_PATH}:/opt/ros/humble /usr/bin/cmake --build /home/ros2_ws/build/puma560_controller -- -j20 -l20
[0.694s] Invoking command in '/home/ros2_ws/build/puma560_controller': CMAKE_PREFIX_PATH=${CMAKE_PREFIX_PATH}:/opt/ros/humble /usr/bin/cmake --install /home/ros2_ws/build/puma560_controller
[0.705s] -- Install configuration: ""
[0.705s] -- Installing: /home/ros2_ws/install/puma560_controller/share/ament_index/resource_index/package_run_dependencies/puma560_controller
[0.705s] -- Installing: /home/ros2_ws/install/puma560_controller/share/ament_index/resource_index/parent_prefix_path/puma560_controller
[0.706s] -- Installing: /home/ros2_ws/install/puma560_controller/share/puma560_controller/environment/ament_prefix_path.sh
[0.706s] -- Installing: /home/ros2_ws/install/puma560_controller/share/puma560_controller/environment/ament_prefix_path.dsv
[0.706s] -- Installing: /home/ros2_ws/install/puma560_controller/share/puma560_controller/environment/path.sh
[0.706s] -- Installing: /home/ros2_ws/install/puma560_controller/share/puma560_controller/environment/path.dsv
[0.706s] -- Installing: /home/ros2_ws/install/puma560_controller/share/puma560_controller/local_setup.bash
[0.706s] -- Installing: /home/ros2_ws/install/puma560_controller/share/puma560_controller/local_setup.sh
[0.707s] -- Installing: /home/ros2_ws/install/puma560_controller/share/puma560_controller/local_setup.zsh
[0.707s] -- Installing: /home/ros2_ws/install/puma560_controller/share/puma560_controller/local_setup.dsv
[0.707s] -- Installing: /home/ros2_ws/install/puma560_controller/share/puma560_controller/package.dsv
[0.707s] -- Installing: /home/ros2_ws/install/puma560_controller/share/ament_index/resource_index/packages/puma560_controller
[0.707s] -- Installing: /home/ros2_ws/install/puma560_controller/share/puma560_controller/cmake/puma560_controllerConfig.cmake
[0.707s] -- Installing: /home/ros2_ws/install/puma560_controller/share/puma560_controller/cmake/puma560_controllerConfig-version.cmake
[0.707s] -- Installing: /home/ros2_ws/install/puma560_controller/share/puma560_controller/package.xml
[0.710s] Invoked command in '/home/ros2_ws/build/puma560_controller' returned '0': CMAKE_PREFIX_PATH=${CMAKE_PREFIX_PATH}:/opt/ros/humble /usr/bin/cmake --install /home/ros2_ws/build/puma560_controller
