[0.000000] (-) TimerEvent: {}
[0.001023] (puma560_description) JobQueued: {'identifier': 'puma560_description', 'dependencies': OrderedDict()}
[0.001336] (robot_description) JobQueued: {'identifier': 'robot_description', 'dependencies': OrderedDict()}
[0.001654] (puma560_description) JobStarted: {'identifier': 'puma560_description'}
[0.015227] (robot_description) JobStarted: {'identifier': 'robot_description'}
[0.026738] (puma560_description) JobProgress: {'identifier': 'puma560_description', 'progress': 'cmake'}
[0.028026] (puma560_description) JobProgress: {'identifier': 'puma560_description', 'progress': 'build'}
[0.029911] (puma560_description) Command: {'cmd': ['/usr/bin/cmake', '--build', '/home/ROS/ros2_ws/build/puma560_description', '--', '-j8', '-l8'], 'cwd': '/home/ROS/ros2_ws/build/puma560_description', 'env': OrderedDict([('HOSTNAME', 'thallys-pc'), ('SHLVL', '1'), ('LIBGL_ALWAYS_SOFTWARE', '1'), ('LD_LIBRARY_PATH', '/opt/ros/humble/opt/rviz_ogre_vendor/lib:/opt/ros/humble/lib/x86_64-linux-gnu:/opt/ros/humble/lib'), ('HOME', '/home/ros2_ws'), ('ROS_PYTHON_VERSION', '3'), ('COLCON_PREFIX_PATH', '/home/ROS/ros2_ws/install'), ('ROS_DISTRO', 'humble'), ('_', '/usr/bin/colcon'), ('ROS_VERSION', '2'), ('TERM', 'xterm'), ('ROS_LOCALHOST_ONLY', '0'), ('QT_X11_NO_MITSHM', '1'), ('PATH', '/opt/ros/humble/bin:/usr/local/sbin:/usr/local/bin:/usr/sbin:/usr/bin:/sbin:/bin'), ('XDG_RUNTIME_DIR', '/tmp/runtime-ros_ws'), ('DISPLAY', ':0'), ('LANG', 'C.UTF-8'), ('AMENT_PREFIX_PATH', '/home/ROS/ros2_ws/install/robot_description:/home/ROS/ros2_ws/install/puma560_description:/opt/ros/humble'), ('PWD', '/home/ROS/ros2_ws/build/puma560_description'), ('LC_ALL', 'C.UTF-8'), ('PYTHONPATH', '/opt/ros/humble/lib/python3.10/site-packages:/opt/ros/humble/local/lib/python3.10/dist-packages'), ('TZ', 'America/Sao_Paulo'), ('COLCON', '1'), ('CMAKE_PREFIX_PATH', '/home/ROS/ros2_ws/install/robot_description:/home/ROS/ros2_ws/install/puma560_description:/opt/ros/humble')]), 'shell': False}
[0.038686] (robot_description) JobProgress: {'identifier': 'robot_description', 'progress': 'cmake'}
[0.039874] (robot_description) JobProgress: {'identifier': 'robot_description', 'progress': 'build'}
[0.040891] (robot_description) Command: {'cmd': ['/usr/bin/cmake', '--build', '/home/ROS/ros2_ws/build/robot_description', '--', '-j8', '-l8'], 'cwd': '/home/ROS/ros2_ws/build/robot_description', 'env': OrderedDict([('HOSTNAME', 'thallys-pc'), ('SHLVL', '1'), ('LIBGL_ALWAYS_SOFTWARE', '1'), ('LD_LIBRARY_PATH', '/opt/ros/humble/opt/rviz_ogre_vendor/lib:/opt/ros/humble/lib/x86_64-linux-gnu:/opt/ros/humble/lib'), ('HOME', '/home/ros2_ws'), ('ROS_PYTHON_VERSION', '3'), ('COLCON_PREFIX_PATH', '/home/ROS/ros2_ws/install'), ('ROS_DISTRO', 'humble'), ('_', '/usr/bin/colcon'), ('ROS_VERSION', '2'), ('TERM', 'xterm'), ('ROS_LOCALHOST_ONLY', '0'), ('QT_X11_NO_MITSHM', '1'), ('PATH', '/opt/ros/humble/bin:/usr/local/sbin:/usr/local/bin:/usr/sbin:/usr/bin:/sbin:/bin'), ('XDG_RUNTIME_DIR', '/tmp/runtime-ros_ws'), ('DISPLAY', ':0'), ('LANG', 'C.UTF-8'), ('AMENT_PREFIX_PATH', '/home/ROS/ros2_ws/install/robot_description:/home/ROS/ros2_ws/install/puma560_description:/opt/ros/humble'), ('PWD', '/home/ROS/ros2_ws/build/robot_description'), ('LC_ALL', 'C.UTF-8'), ('PYTHONPATH', '/opt/ros/humble/lib/python3.10/site-packages:/opt/ros/humble/local/lib/python3.10/dist-packages'), ('TZ', 'America/Sao_Paulo'), ('COLCON', '1'), ('CMAKE_PREFIX_PATH', '/home/ROS/ros2_ws/install/robot_description:/home/ROS/ros2_ws/install/puma560_description:/opt/ros/humble')]), 'shell': False}
[0.099483] (-) TimerEvent: {}
[0.122669] (puma560_description) CommandEnded: {'returncode': 0}
[0.134692] (robot_description) CommandEnded: {'returncode': 0}
[0.169327] (puma560_description) JobProgress: {'identifier': 'puma560_description', 'progress': 'install'}
[0.189654] (puma560_description) Command: {'cmd': ['/usr/bin/cmake', '--install', '/home/ROS/ros2_ws/build/puma560_description'], 'cwd': '/home/ROS/ros2_ws/build/puma560_description', 'env': OrderedDict([('HOSTNAME', 'thallys-pc'), ('SHLVL', '1'), ('LIBGL_ALWAYS_SOFTWARE', '1'), ('LD_LIBRARY_PATH', '/opt/ros/humble/opt/rviz_ogre_vendor/lib:/opt/ros/humble/lib/x86_64-linux-gnu:/opt/ros/humble/lib'), ('HOME', '/home/ros2_ws'), ('ROS_PYTHON_VERSION', '3'), ('COLCON_PREFIX_PATH', '/home/ROS/ros2_ws/install'), ('ROS_DISTRO', 'humble'), ('_', '/usr/bin/colcon'), ('ROS_VERSION', '2'), ('TERM', 'xterm'), ('ROS_LOCALHOST_ONLY', '0'), ('QT_X11_NO_MITSHM', '1'), ('PATH', '/opt/ros/humble/bin:/usr/local/sbin:/usr/local/bin:/usr/sbin:/usr/bin:/sbin:/bin'), ('XDG_RUNTIME_DIR', '/tmp/runtime-ros_ws'), ('DISPLAY', ':0'), ('LANG', 'C.UTF-8'), ('AMENT_PREFIX_PATH', '/home/ROS/ros2_ws/install/robot_description:/home/ROS/ros2_ws/install/puma560_description:/opt/ros/humble'), ('PWD', '/home/ROS/ros2_ws/build/puma560_description'), ('LC_ALL', 'C.UTF-8'), ('PYTHONPATH', '/opt/ros/humble/lib/python3.10/site-packages:/opt/ros/humble/local/lib/python3.10/dist-packages'), ('TZ', 'America/Sao_Paulo'), ('COLCON', '1'), ('CMAKE_PREFIX_PATH', '/home/ROS/ros2_ws/install/robot_description:/home/ROS/ros2_ws/install/puma560_description:/opt/ros/humble')]), 'shell': False}
[0.192868] (robot_description) JobProgress: {'identifier': 'robot_description', 'progress': 'install'}
[0.193499] (robot_description) Command: {'cmd': ['/usr/bin/cmake', '--install', '/home/ROS/ros2_ws/build/robot_description'], 'cwd': '/home/ROS/ros2_ws/build/robot_description', 'env': OrderedDict([('HOSTNAME', 'thallys-pc'), ('SHLVL', '1'), ('LIBGL_ALWAYS_SOFTWARE', '1'), ('LD_LIBRARY_PATH', '/opt/ros/humble/opt/rviz_ogre_vendor/lib:/opt/ros/humble/lib/x86_64-linux-gnu:/opt/ros/humble/lib'), ('HOME', '/home/ros2_ws'), ('ROS_PYTHON_VERSION', '3'), ('COLCON_PREFIX_PATH', '/home/ROS/ros2_ws/install'), ('ROS_DISTRO', 'humble'), ('_', '/usr/bin/colcon'), ('ROS_VERSION', '2'), ('TERM', 'xterm'), ('ROS_LOCALHOST_ONLY', '0'), ('QT_X11_NO_MITSHM', '1'), ('PATH', '/opt/ros/humble/bin:/usr/local/sbin:/usr/local/bin:/usr/sbin:/usr/bin:/sbin:/bin'), ('XDG_RUNTIME_DIR', '/tmp/runtime-ros_ws'), ('DISPLAY', ':0'), ('LANG', 'C.UTF-8'), ('AMENT_PREFIX_PATH', '/home/ROS/ros2_ws/install/robot_description:/home/ROS/ros2_ws/install/puma560_description:/opt/ros/humble'), ('PWD', '/home/ROS/ros2_ws/build/robot_description'), ('LC_ALL', 'C.UTF-8'), ('PYTHONPATH', '/opt/ros/humble/lib/python3.10/site-packages:/opt/ros/humble/local/lib/python3.10/dist-packages'), ('TZ', 'America/Sao_Paulo'), ('COLCON', '1'), ('CMAKE_PREFIX_PATH', '/home/ROS/ros2_ws/install/robot_description:/home/ROS/ros2_ws/install/puma560_description:/opt/ros/humble')]), 'shell': False}
[0.199575] (-) TimerEvent: {}
[0.207296] (puma560_description) StdoutLine: {'line': b'-- Install configuration: ""\n'}
[0.207798] (puma560_description) StdoutLine: {'line': b'-- Up-to-date: /home/ROS/ros2_ws/install/puma560_description/share/puma560_description/launch\n'}
[0.208054] (puma560_description) StdoutLine: {'line': b'-- Up-to-date: /home/ROS/ros2_ws/install/puma560_description/share/puma560_description/launch/display.launch.py\n'}
[0.208215] (puma560_description) StdoutLine: {'line': b'-- Up-to-date: /home/ROS/ros2_ws/install/puma560_description/share/puma560_description/urdf\n'}
[0.208402] (puma560_description) StdoutLine: {'line': b'-- Up-to-date: /home/ROS/ros2_ws/install/puma560_description/share/puma560_description/urdf/material.xacro\n'}
[0.208608] (puma560_description) StdoutLine: {'line': b'-- Up-to-date: /home/ROS/ros2_ws/install/puma560_description/share/puma560_description/urdf/puma560_description.xacro\n'}
[0.208790] (puma560_description) StdoutLine: {'line': b'-- Up-to-date: /home/ROS/ros2_ws/install/puma560_description/share/puma560_description/urdf/description.txt\n'}
[0.208976] (puma560_description) StdoutLine: {'line': b'-- Up-to-date: /home/ROS/ros2_ws/install/puma560_description/share/puma560_description/config\n'}
[0.209186] (puma560_description) StdoutLine: {'line': b'-- Up-to-date: /home/ROS/ros2_ws/install/puma560_description/share/puma560_description/meshes\n'}
[0.209312] (puma560_description) StdoutLine: {'line': b'-- Up-to-date: /home/ROS/ros2_ws/install/puma560_description/share/puma560_description/meshes/base_link.STL\n'}
[0.209470] (puma560_description) StdoutLine: {'line': b'-- Up-to-date: /home/ROS/ros2_ws/install/puma560_description/share/puma560_description/meshes/link_4.STL\n'}
[0.209595] (puma560_description) StdoutLine: {'line': b'-- Up-to-date: /home/ROS/ros2_ws/install/puma560_description/share/puma560_description/meshes/link_3.STL\n'}
[0.209836] (puma560_description) StdoutLine: {'line': b'-- Up-to-date: /home/ROS/ros2_ws/install/puma560_description/share/puma560_description/meshes/link_2.STL\n'}
[0.210028] (puma560_description) StdoutLine: {'line': b'-- Up-to-date: /home/ROS/ros2_ws/install/puma560_description/share/puma560_description/meshes/link_1.STL\n'}
[0.210153] (puma560_description) StdoutLine: {'line': b'-- Up-to-date: /home/ROS/ros2_ws/install/puma560_description/share/puma560_description/meshes/link_5.STL\n'}
[0.210291] (puma560_description) StdoutLine: {'line': b'-- Up-to-date: /home/ROS/ros2_ws/install/puma560_description/share/puma560_description/rviz2\n'}
[0.210417] (puma560_description) StdoutLine: {'line': b'-- Up-to-date: /home/ROS/ros2_ws/install/puma560_description/share/puma560_description/rviz2/puma560_config.rviz\n'}
[0.210540] (puma560_description) StdoutLine: {'line': b'-- Up-to-date: /home/ROS/ros2_ws/install/puma560_description/share/ament_index/resource_index/package_run_dependencies/puma560_description\n'}
[0.210801] (puma560_description) StdoutLine: {'line': b'-- Up-to-date: /home/ROS/ros2_ws/install/puma560_description/share/ament_index/resource_index/parent_prefix_path/puma560_description\n'}
[0.211058] (puma560_description) StdoutLine: {'line': b'-- Up-to-date: /home/ROS/ros2_ws/install/puma560_description/share/puma560_description/environment/ament_prefix_path.sh\n'}
[0.211301] (puma560_description) StdoutLine: {'line': b'-- Up-to-date: /home/ROS/ros2_ws/install/puma560_description/share/puma560_description/environment/ament_prefix_path.dsv\n'}
[0.211489] (puma560_description) StdoutLine: {'line': b'-- Up-to-date: /home/ROS/ros2_ws/install/puma560_description/share/puma560_description/environment/path.sh\n'}
[0.211726] (puma560_description) StdoutLine: {'line': b'-- Up-to-date: /home/ROS/ros2_ws/install/puma560_description/share/puma560_description/environment/path.dsv\n'}
[0.211912] (puma560_description) StdoutLine: {'line': b'-- Up-to-date: /home/ROS/ros2_ws/install/puma560_description/share/puma560_description/local_setup.bash\n'}
[0.212067] (puma560_description) StdoutLine: {'line': b'-- Up-to-date: /home/ROS/ros2_ws/install/puma560_description/share/puma560_description/local_setup.sh\n'}
[0.212241] (puma560_description) StdoutLine: {'line': b'-- Up-to-date: /home/ROS/ros2_ws/install/puma560_description/share/puma560_description/local_setup.zsh\n'}
[0.212411] (puma560_description) StdoutLine: {'line': b'-- Up-to-date: /home/ROS/ros2_ws/install/puma560_description/share/puma560_description/local_setup.dsv\n'}
[0.212563] (puma560_description) StdoutLine: {'line': b'-- Installing: /home/ROS/ros2_ws/install/puma560_description/share/puma560_description/package.dsv\n'}
[0.212713] (puma560_description) StdoutLine: {'line': b'-- Up-to-date: /home/ROS/ros2_ws/install/puma560_description/share/ament_index/resource_index/packages/puma560_description\n'}
[0.212839] (puma560_description) StdoutLine: {'line': b'-- Up-to-date: /home/ROS/ros2_ws/install/puma560_description/share/puma560_description/cmake/puma560_descriptionConfig.cmake\n'}
[0.212963] (puma560_description) StdoutLine: {'line': b'-- Up-to-date: /home/ROS/ros2_ws/install/puma560_description/share/puma560_description/cmake/puma560_descriptionConfig-version.cmake\n'}
[0.213113] (puma560_description) StdoutLine: {'line': b'-- Up-to-date: /home/ROS/ros2_ws/install/puma560_description/share/puma560_description/package.xml\n'}
[0.213358] (robot_description) StdoutLine: {'line': b'-- Install configuration: ""\n'}
[0.213964] (robot_description) StdoutLine: {'line': b'-- Up-to-date: /home/ROS/ros2_ws/install/robot_description/share/robot_description/launch\n'}
[0.214884] (robot_description) StdoutLine: {'line': b'-- Up-to-date: /home/ROS/ros2_ws/install/robot_description/share/robot_description/launch/test.py\n'}
[0.215414] (robot_description) StdoutLine: {'line': b'-- Up-to-date: /home/ROS/ros2_ws/install/robot_description/share/robot_description/launch/display.launch.yaml\n'}
[0.215734] (robot_description) StdoutLine: {'line': b'-- Up-to-date: /home/ROS/ros2_ws/install/robot_description/share/robot_description/launch/display.launch.py\n'}
[0.215918] (robot_description) StdoutLine: {'line': b'-- Up-to-date: /home/ROS/ros2_ws/install/robot_description/share/robot_description/urdf\n'}
[0.216233] (robot_description) StdoutLine: {'line': b'-- Up-to-date: /home/ROS/ros2_ws/install/robot_description/share/robot_description/urdf/robot_example.urdf\n'}
[0.216413] (robot_description) StdoutLine: {'line': b'-- Up-to-date: /home/ROS/ros2_ws/install/robot_description/share/robot_description/config\n'}
[0.216671] (robot_description) StdoutLine: {'line': b'-- Up-to-date: /home/ROS/ros2_ws/install/robot_description/share/robot_description/config/config.rviz\n'}
[0.216861] (robot_description) StdoutLine: {'line': b'-- Up-to-date: /home/ROS/ros2_ws/install/robot_description/share/ament_index/resource_index/package_run_dependencies/robot_description\n'}
[0.217044] (robot_description) StdoutLine: {'line': b'-- Up-to-date: /home/ROS/ros2_ws/install/robot_description/share/ament_index/resource_index/parent_prefix_path/robot_description\n'}
[0.217645] (robot_description) StdoutLine: {'line': b'-- Up-to-date: /home/ROS/ros2_ws/install/robot_description/share/robot_description/environment/ament_prefix_path.sh\n'}
[0.217840] (robot_description) StdoutLine: {'line': b'-- Up-to-date: /home/ROS/ros2_ws/install/robot_description/share/robot_description/environment/ament_prefix_path.dsv\n'}
[0.218221] (robot_description) StdoutLine: {'line': b'-- Up-to-date: /home/ROS/ros2_ws/install/robot_description/share/robot_description/environment/path.sh\n'}
[0.218456] (robot_description) StdoutLine: {'line': b'-- Up-to-date: /home/ROS/ros2_ws/install/robot_description/share/robot_description/environment/path.dsv\n'}
[0.218732] (robot_description) StdoutLine: {'line': b'-- Up-to-date: /home/ROS/ros2_ws/install/robot_description/share/robot_description/local_setup.bash\n'}
[0.218949] (robot_description) StdoutLine: {'line': b'-- Up-to-date: /home/ROS/ros2_ws/install/robot_description/share/robot_description/local_setup.sh\n'}
[0.219139] (robot_description) StdoutLine: {'line': b'-- Up-to-date: /home/ROS/ros2_ws/install/robot_description/share/robot_description/local_setup.zsh\n'}
[0.219334] (robot_description) StdoutLine: {'line': b'-- Up-to-date: /home/ROS/ros2_ws/install/robot_description/share/robot_description/local_setup.dsv\n'}
[0.219554] (robot_description) StdoutLine: {'line': b'-- Installing: /home/ROS/ros2_ws/install/robot_description/share/robot_description/package.dsv\n'}
[0.219795] (robot_description) StdoutLine: {'line': b'-- Up-to-date: /home/ROS/ros2_ws/install/robot_description/share/ament_index/resource_index/packages/robot_description\n'}
[0.219935] (robot_description) StdoutLine: {'line': b'-- Up-to-date: /home/ROS/ros2_ws/install/robot_description/share/robot_description/cmake/robot_descriptionConfig.cmake\n'}
[0.220161] (robot_description) StdoutLine: {'line': b'-- Up-to-date: /home/ROS/ros2_ws/install/robot_description/share/robot_description/cmake/robot_descriptionConfig-version.cmake\n'}
[0.220300] (robot_description) StdoutLine: {'line': b'-- Up-to-date: /home/ROS/ros2_ws/install/robot_description/share/robot_description/package.xml\n'}
[0.220642] (puma560_description) CommandEnded: {'returncode': 0}
[0.242648] (robot_description) CommandEnded: {'returncode': 0}
[0.299774] (-) TimerEvent: {}
[0.317766] (puma560_description) JobEnded: {'identifier': 'puma560_description', 'rc': 0}
[0.352281] (robot_description) JobEnded: {'identifier': 'robot_description', 'rc': 0}
[0.354805] (-) EventReactorShutdown: {}
