[0.000000] (-) TimerEvent: {}
[0.000116] (puma560_description) JobQueued: {'identifier': 'puma560_description', 'dependencies': OrderedDict()}
[0.000142] (robot_description) JobQueued: {'identifier': 'robot_description', 'dependencies': OrderedDict()}
[0.000155] (puma560_description) JobStarted: {'identifier': 'puma560_description'}
[0.004343] (robot_description) JobStarted: {'identifier': 'robot_description'}
[0.007341] (puma560_description) JobProgress: {'identifier': 'puma560_description', 'progress': 'cmake'}
[0.007632] (puma560_description) JobProgress: {'identifier': 'puma560_description', 'progress': 'build'}
[0.007990] (puma560_description) Command: {'cmd': ['/usr/bin/cmake', '--build', '/home/ROS/ros2_ws/build/puma560_description', '--', '-j20', '-l20'], 'cwd': '/home/ROS/ros2_ws/build/puma560_description', 'env': OrderedDict([('HOSTNAME', 'thallys'), ('SHLVL', '1'), ('LIBGL_ALWAYS_SOFTWARE', '1'), ('LD_LIBRARY_PATH', '/opt/ros/humble/opt/rviz_ogre_vendor/lib:/opt/ros/humble/lib/x86_64-linux-gnu:/opt/ros/humble/lib'), ('HOME', '/home/ros2_ws'), ('ROS_PYTHON_VERSION', '3'), ('COLCON_PREFIX_PATH', '/home/ROS/ros2_ws/install'), ('ROS_DISTRO', 'humble'), ('_', '/usr/bin/colcon'), ('ROS_VERSION', '2'), ('TERM', 'xterm'), ('ROS_LOCALHOST_ONLY', '0'), ('QT_X11_NO_MITSHM', '1'), ('PATH', '/opt/ros/humble/bin:/usr/local/sbin:/usr/local/bin:/usr/sbin:/usr/bin:/sbin:/bin'), ('XDG_RUNTIME_DIR', '/tmp/runtime-ros_ws'), ('DISPLAY', ':1'), ('LANG', 'C.UTF-8'), ('AMENT_PREFIX_PATH', '/home/ROS/ros2_ws/install/robot_description:/home/ROS/ros2_ws/install/puma560_description:/opt/ros/humble'), ('PWD', '/home/ROS/ros2_ws/build/puma560_description'), ('LC_ALL', 'C.UTF-8'), ('PYTHONPATH', '/opt/ros/humble/lib/python3.10/site-packages:/opt/ros/humble/local/lib/python3.10/dist-packages'), ('NVIDIA_VISIBLE_DEVICES', 'all'), ('TZ', 'America/Sao_Paulo'), ('COLCON', '1'), ('CMAKE_PREFIX_PATH', '/home/ROS/ros2_ws/install/robot_description:/home/ROS/ros2_ws/install/puma560_description:/opt/ros/humble')]), 'shell': False}
[0.009949] (robot_description) JobProgress: {'identifier': 'robot_description', 'progress': 'cmake'}
[0.010185] (robot_description) JobProgress: {'identifier': 'robot_description', 'progress': 'build'}
[0.010365] (robot_description) Command: {'cmd': ['/usr/bin/cmake', '--build', '/home/ROS/ros2_ws/build/robot_description', '--', '-j20', '-l20'], 'cwd': '/home/ROS/ros2_ws/build/robot_description', 'env': OrderedDict([('HOSTNAME', 'thallys'), ('SHLVL', '1'), ('LIBGL_ALWAYS_SOFTWARE', '1'), ('LD_LIBRARY_PATH', '/opt/ros/humble/opt/rviz_ogre_vendor/lib:/opt/ros/humble/lib/x86_64-linux-gnu:/opt/ros/humble/lib'), ('HOME', '/home/ros2_ws'), ('ROS_PYTHON_VERSION', '3'), ('COLCON_PREFIX_PATH', '/home/ROS/ros2_ws/install'), ('ROS_DISTRO', 'humble'), ('_', '/usr/bin/colcon'), ('ROS_VERSION', '2'), ('TERM', 'xterm'), ('ROS_LOCALHOST_ONLY', '0'), ('QT_X11_NO_MITSHM', '1'), ('PATH', '/opt/ros/humble/bin:/usr/local/sbin:/usr/local/bin:/usr/sbin:/usr/bin:/sbin:/bin'), ('XDG_RUNTIME_DIR', '/tmp/runtime-ros_ws'), ('DISPLAY', ':1'), ('LANG', 'C.UTF-8'), ('AMENT_PREFIX_PATH', '/home/ROS/ros2_ws/install/robot_description:/home/ROS/ros2_ws/install/puma560_description:/opt/ros/humble'), ('PWD', '/home/ROS/ros2_ws/build/robot_description'), ('LC_ALL', 'C.UTF-8'), ('PYTHONPATH', '/opt/ros/humble/lib/python3.10/site-packages:/opt/ros/humble/local/lib/python3.10/dist-packages'), ('NVIDIA_VISIBLE_DEVICES', 'all'), ('TZ', 'America/Sao_Paulo'), ('COLCON', '1'), ('CMAKE_PREFIX_PATH', '/home/ROS/ros2_ws/install/robot_description:/home/ROS/ros2_ws/install/puma560_description:/opt/ros/humble')]), 'shell': False}
[0.023526] (puma560_description) StdoutLine: {'line': b'-- Found ament_cmake: 1.3.9 (/opt/ros/humble/share/ament_cmake/cmake)\n'}
[0.034098] (robot_description) CommandEnded: {'returncode': 0}
[0.046492] (robot_description) JobProgress: {'identifier': 'robot_description', 'progress': 'install'}
[0.051878] (robot_description) Command: {'cmd': ['/usr/bin/cmake', '--install', '/home/ROS/ros2_ws/build/robot_description'], 'cwd': '/home/ROS/ros2_ws/build/robot_description', 'env': OrderedDict([('HOSTNAME', 'thallys'), ('SHLVL', '1'), ('LIBGL_ALWAYS_SOFTWARE', '1'), ('LD_LIBRARY_PATH', '/opt/ros/humble/opt/rviz_ogre_vendor/lib:/opt/ros/humble/lib/x86_64-linux-gnu:/opt/ros/humble/lib'), ('HOME', '/home/ros2_ws'), ('ROS_PYTHON_VERSION', '3'), ('COLCON_PREFIX_PATH', '/home/ROS/ros2_ws/install'), ('ROS_DISTRO', 'humble'), ('_', '/usr/bin/colcon'), ('ROS_VERSION', '2'), ('TERM', 'xterm'), ('ROS_LOCALHOST_ONLY', '0'), ('QT_X11_NO_MITSHM', '1'), ('PATH', '/opt/ros/humble/bin:/usr/local/sbin:/usr/local/bin:/usr/sbin:/usr/bin:/sbin:/bin'), ('XDG_RUNTIME_DIR', '/tmp/runtime-ros_ws'), ('DISPLAY', ':1'), ('LANG', 'C.UTF-8'), ('AMENT_PREFIX_PATH', '/home/ROS/ros2_ws/install/robot_description:/home/ROS/ros2_ws/install/puma560_description:/opt/ros/humble'), ('PWD', '/home/ROS/ros2_ws/build/robot_description'), ('LC_ALL', 'C.UTF-8'), ('PYTHONPATH', '/opt/ros/humble/lib/python3.10/site-packages:/opt/ros/humble/local/lib/python3.10/dist-packages'), ('NVIDIA_VISIBLE_DEVICES', 'all'), ('TZ', 'America/Sao_Paulo'), ('COLCON', '1'), ('CMAKE_PREFIX_PATH', '/home/ROS/ros2_ws/install/robot_description:/home/ROS/ros2_ws/install/puma560_description:/opt/ros/humble')]), 'shell': False}
[0.056661] (robot_description) StdoutLine: {'line': b'-- Install configuration: ""\n'}
[0.056764] (robot_description) StdoutLine: {'line': b'-- Up-to-date: /home/ROS/ros2_ws/install/robot_description/share/robot_description/launch\n'}
[0.056806] (robot_description) StdoutLine: {'line': b'-- Up-to-date: /home/ROS/ros2_ws/install/robot_description/share/robot_description/launch/display.launch.py\n'}
[0.056844] (robot_description) StdoutLine: {'line': b'-- Up-to-date: /home/ROS/ros2_ws/install/robot_description/share/robot_description/launch/test.py\n'}
[0.056915] (robot_description) StdoutLine: {'line': b'-- Up-to-date: /home/ROS/ros2_ws/install/robot_description/share/robot_description/launch/display.launch.yaml\n'}
[0.056951] (robot_description) StdoutLine: {'line': b'-- Up-to-date: /home/ROS/ros2_ws/install/robot_description/share/robot_description/urdf\n'}
[0.057010] (robot_description) StdoutLine: {'line': b'-- Up-to-date: /home/ROS/ros2_ws/install/robot_description/share/robot_description/urdf/robot_example.urdf\n'}
[0.057045] (robot_description) StdoutLine: {'line': b'-- Up-to-date: /home/ROS/ros2_ws/install/robot_description/share/robot_description/config\n'}
[0.057077] (robot_description) StdoutLine: {'line': b'-- Up-to-date: /home/ROS/ros2_ws/install/robot_description/share/robot_description/config/config.rviz\n'}
[0.057110] (robot_description) StdoutLine: {'line': b'-- Up-to-date: /home/ROS/ros2_ws/install/robot_description/share/ament_index/resource_index/package_run_dependencies/robot_description\n'}
[0.057143] (robot_description) StdoutLine: {'line': b'-- Up-to-date: /home/ROS/ros2_ws/install/robot_description/share/ament_index/resource_index/parent_prefix_path/robot_description\n'}
[0.057176] (robot_description) StdoutLine: {'line': b'-- Up-to-date: /home/ROS/ros2_ws/install/robot_description/share/robot_description/environment/ament_prefix_path.sh\n'}
[0.057209] (robot_description) StdoutLine: {'line': b'-- Up-to-date: /home/ROS/ros2_ws/install/robot_description/share/robot_description/environment/ament_prefix_path.dsv\n'}
[0.057241] (robot_description) StdoutLine: {'line': b'-- Up-to-date: /home/ROS/ros2_ws/install/robot_description/share/robot_description/environment/path.sh\n'}
[0.057274] (robot_description) StdoutLine: {'line': b'-- Up-to-date: /home/ROS/ros2_ws/install/robot_description/share/robot_description/environment/path.dsv\n'}
[0.057305] (robot_description) StdoutLine: {'line': b'-- Up-to-date: /home/ROS/ros2_ws/install/robot_description/share/robot_description/local_setup.bash\n'}
[0.057338] (robot_description) StdoutLine: {'line': b'-- Up-to-date: /home/ROS/ros2_ws/install/robot_description/share/robot_description/local_setup.sh\n'}
[0.057370] (robot_description) StdoutLine: {'line': b'-- Up-to-date: /home/ROS/ros2_ws/install/robot_description/share/robot_description/local_setup.zsh\n'}
[0.057406] (robot_description) StdoutLine: {'line': b'-- Up-to-date: /home/ROS/ros2_ws/install/robot_description/share/robot_description/local_setup.dsv\n'}
[0.057450] (robot_description) StdoutLine: {'line': b'-- Installing: /home/ROS/ros2_ws/install/robot_description/share/robot_description/package.dsv\n'}
[0.057483] (robot_description) StdoutLine: {'line': b'-- Up-to-date: /home/ROS/ros2_ws/install/robot_description/share/ament_index/resource_index/packages/robot_description\n'}
[0.057515] (robot_description) StdoutLine: {'line': b'-- Up-to-date: /home/ROS/ros2_ws/install/robot_description/share/robot_description/cmake/robot_descriptionConfig.cmake\n'}
[0.057547] (robot_description) StdoutLine: {'line': b'-- Up-to-date: /home/ROS/ros2_ws/install/robot_description/share/robot_description/cmake/robot_descriptionConfig-version.cmake\n'}
[0.057600] (robot_description) StdoutLine: {'line': b'-- Up-to-date: /home/ROS/ros2_ws/install/robot_description/share/robot_description/package.xml\n'}
[0.058173] (robot_description) CommandEnded: {'returncode': 0}
[0.082059] (robot_description) JobEnded: {'identifier': 'robot_description', 'rc': 0}
[0.099360] (-) TimerEvent: {}
[0.104732] (puma560_description) StdoutLine: {'line': b'-- Found xacro: 2.0.8 (/opt/ros/humble/share/xacro/cmake)\n'}
[0.106126] (puma560_description) StdoutLine: {'line': b'-- Found urdf: 2.6.0 (/opt/ros/humble/share/urdf/cmake)\n'}
[0.146601] (puma560_description) StdoutLine: {'line': b'-- Found rviz2: 11.2.12 (/opt/ros/humble/share/rviz2/cmake)\n'}
[0.146776] (puma560_description) StdoutLine: {'line': b'-- Found ament_lint_auto: 0.12.11 (/opt/ros/humble/share/ament_lint_auto/cmake)\n'}
[0.190089] (puma560_description) StdoutLine: {'line': b"-- Added test 'flake8' to check Python code syntax and style conventions\n"}
[0.190296] (puma560_description) StdoutLine: {'line': b"-- Added test 'lint_cmake' to check CMake code style\n"}
[0.190392] (puma560_description) StdoutLine: {'line': b"-- Added test 'pep257' to check Python code against some of the docstring style conventions in PEP 257\n"}
[0.191334] (puma560_description) StdoutLine: {'line': b"-- Added test 'xmllint' to check XML markup files\n"}
[0.191678] (puma560_description) StdoutLine: {'line': b'-- Configuring done\n'}
[0.193416] (puma560_description) StdoutLine: {'line': b'-- Generating done\n'}
[0.194001] (puma560_description) StdoutLine: {'line': b'-- Build files have been written to: /home/ROS/ros2_ws/build/puma560_description\n'}
[0.199459] (-) TimerEvent: {}
[0.207672] (puma560_description) CommandEnded: {'returncode': 0}
[0.221345] (puma560_description) JobProgress: {'identifier': 'puma560_description', 'progress': 'install'}
[0.221498] (puma560_description) Command: {'cmd': ['/usr/bin/cmake', '--install', '/home/ROS/ros2_ws/build/puma560_description'], 'cwd': '/home/ROS/ros2_ws/build/puma560_description', 'env': OrderedDict([('HOSTNAME', 'thallys'), ('SHLVL', '1'), ('LIBGL_ALWAYS_SOFTWARE', '1'), ('LD_LIBRARY_PATH', '/opt/ros/humble/opt/rviz_ogre_vendor/lib:/opt/ros/humble/lib/x86_64-linux-gnu:/opt/ros/humble/lib'), ('HOME', '/home/ros2_ws'), ('ROS_PYTHON_VERSION', '3'), ('COLCON_PREFIX_PATH', '/home/ROS/ros2_ws/install'), ('ROS_DISTRO', 'humble'), ('_', '/usr/bin/colcon'), ('ROS_VERSION', '2'), ('TERM', 'xterm'), ('ROS_LOCALHOST_ONLY', '0'), ('QT_X11_NO_MITSHM', '1'), ('PATH', '/opt/ros/humble/bin:/usr/local/sbin:/usr/local/bin:/usr/sbin:/usr/bin:/sbin:/bin'), ('XDG_RUNTIME_DIR', '/tmp/runtime-ros_ws'), ('DISPLAY', ':1'), ('LANG', 'C.UTF-8'), ('AMENT_PREFIX_PATH', '/home/ROS/ros2_ws/install/robot_description:/home/ROS/ros2_ws/install/puma560_description:/opt/ros/humble'), ('PWD', '/home/ROS/ros2_ws/build/puma560_description'), ('LC_ALL', 'C.UTF-8'), ('PYTHONPATH', '/opt/ros/humble/lib/python3.10/site-packages:/opt/ros/humble/local/lib/python3.10/dist-packages'), ('NVIDIA_VISIBLE_DEVICES', 'all'), ('TZ', 'America/Sao_Paulo'), ('COLCON', '1'), ('CMAKE_PREFIX_PATH', '/home/ROS/ros2_ws/install/robot_description:/home/ROS/ros2_ws/install/puma560_description:/opt/ros/humble')]), 'shell': False}
[0.227962] (puma560_description) StdoutLine: {'line': b'-- Install configuration: ""\n'}
[0.228123] (puma560_description) StdoutLine: {'line': b'-- Up-to-date: /home/ROS/ros2_ws/install/puma560_description/share/puma560_description/launch\n'}
[0.228195] (puma560_description) StdoutLine: {'line': b'-- Up-to-date: /home/ROS/ros2_ws/install/puma560_description/share/puma560_description/launch/display.launch.py\n'}
[0.228352] (puma560_description) StdoutLine: {'line': b'-- Up-to-date: /home/ROS/ros2_ws/install/puma560_description/share/puma560_description/urdf\n'}
[0.228414] (puma560_description) StdoutLine: {'line': b'-- Up-to-date: /home/ROS/ros2_ws/install/puma560_description/share/puma560_description/urdf/description.txt\n'}
[0.228474] (puma560_description) StdoutLine: {'line': b'-- Up-to-date: /home/ROS/ros2_ws/install/puma560_description/share/puma560_description/urdf/puma560_description.xacro\n'}
[0.228531] (puma560_description) StdoutLine: {'line': b'-- Up-to-date: /home/ROS/ros2_ws/install/puma560_description/share/puma560_description/urdf/material.xacro\n'}
[0.228588] (puma560_description) StdoutLine: {'line': b'-- Up-to-date: /home/ROS/ros2_ws/install/puma560_description/share/puma560_description/config\n'}
[0.228689] (puma560_description) StdoutLine: {'line': b'-- Up-to-date: /home/ROS/ros2_ws/install/puma560_description/share/puma560_description/meshes\n'}
[0.228780] (puma560_description) StdoutLine: {'line': b'-- Up-to-date: /home/ROS/ros2_ws/install/puma560_description/share/puma560_description/meshes/link_4.STL\n'}
[0.228865] (puma560_description) StdoutLine: {'line': b'-- Up-to-date: /home/ROS/ros2_ws/install/puma560_description/share/puma560_description/meshes/link_2.STL\n'}
[0.228922] (puma560_description) StdoutLine: {'line': b'-- Up-to-date: /home/ROS/ros2_ws/install/puma560_description/share/puma560_description/meshes/link_3.STL\n'}
[0.228980] (puma560_description) StdoutLine: {'line': b'-- Up-to-date: /home/ROS/ros2_ws/install/puma560_description/share/puma560_description/meshes/link_1.STL\n'}
[0.229036] (puma560_description) StdoutLine: {'line': b'-- Up-to-date: /home/ROS/ros2_ws/install/puma560_description/share/puma560_description/meshes/base_link.STL\n'}
[0.229091] (puma560_description) StdoutLine: {'line': b'-- Up-to-date: /home/ROS/ros2_ws/install/puma560_description/share/puma560_description/meshes/link_5.STL\n'}
[0.229147] (puma560_description) StdoutLine: {'line': b'-- Up-to-date: /home/ROS/ros2_ws/install/puma560_description/share/puma560_description/rviz2\n'}
[0.229199] (puma560_description) StdoutLine: {'line': b'-- Up-to-date: /home/ROS/ros2_ws/install/puma560_description/share/puma560_description/rviz2/puma560_config.rviz\n'}
[0.229254] (puma560_description) StdoutLine: {'line': b'-- Up-to-date: /home/ROS/ros2_ws/install/puma560_description/share/ament_index/resource_index/package_run_dependencies/puma560_description\n'}
[0.229310] (puma560_description) StdoutLine: {'line': b'-- Up-to-date: /home/ROS/ros2_ws/install/puma560_description/share/ament_index/resource_index/parent_prefix_path/puma560_description\n'}
[0.229364] (puma560_description) StdoutLine: {'line': b'-- Up-to-date: /home/ROS/ros2_ws/install/puma560_description/share/puma560_description/environment/ament_prefix_path.sh\n'}
[0.229419] (puma560_description) StdoutLine: {'line': b'-- Installing: /home/ROS/ros2_ws/install/puma560_description/share/puma560_description/environment/ament_prefix_path.dsv\n'}
[0.229472] (puma560_description) StdoutLine: {'line': b'-- Up-to-date: /home/ROS/ros2_ws/install/puma560_description/share/puma560_description/environment/path.sh\n'}
[0.229525] (puma560_description) StdoutLine: {'line': b'-- Installing: /home/ROS/ros2_ws/install/puma560_description/share/puma560_description/environment/path.dsv\n'}
[0.229580] (puma560_description) StdoutLine: {'line': b'-- Up-to-date: /home/ROS/ros2_ws/install/puma560_description/share/puma560_description/local_setup.bash\n'}
[0.229652] (puma560_description) StdoutLine: {'line': b'-- Up-to-date: /home/ROS/ros2_ws/install/puma560_description/share/puma560_description/local_setup.sh\n'}
[0.229715] (puma560_description) StdoutLine: {'line': b'-- Up-to-date: /home/ROS/ros2_ws/install/puma560_description/share/puma560_description/local_setup.zsh\n'}
[0.229773] (puma560_description) StdoutLine: {'line': b'-- Installing: /home/ROS/ros2_ws/install/puma560_description/share/puma560_description/local_setup.dsv\n'}
[0.229831] (puma560_description) StdoutLine: {'line': b'-- Installing: /home/ROS/ros2_ws/install/puma560_description/share/puma560_description/package.dsv\n'}
[0.229893] (puma560_description) StdoutLine: {'line': b'-- Up-to-date: /home/ROS/ros2_ws/install/puma560_description/share/ament_index/resource_index/packages/puma560_description\n'}
[0.229988] (puma560_description) StdoutLine: {'line': b'-- Up-to-date: /home/ROS/ros2_ws/install/puma560_description/share/puma560_description/cmake/puma560_descriptionConfig.cmake\n'}
[0.230051] (puma560_description) StdoutLine: {'line': b'-- Up-to-date: /home/ROS/ros2_ws/install/puma560_description/share/puma560_description/cmake/puma560_descriptionConfig-version.cmake\n'}
[0.230180] (puma560_description) StdoutLine: {'line': b'-- Up-to-date: /home/ROS/ros2_ws/install/puma560_description/share/puma560_description/package.xml\n'}
[0.230722] (puma560_description) CommandEnded: {'returncode': 0}
[0.270979] (puma560_description) JobEnded: {'identifier': 'puma560_description', 'rc': 0}
[0.271738] (-) EventReactorShutdown: {}
