[0.000000] (-) TimerEvent: {}
[0.000167] (puma560_description) JobQueued: {'identifier': 'puma560_description', 'dependencies': OrderedDict()}
[0.000202] (robot_description) JobQueued: {'identifier': 'robot_description', 'dependencies': OrderedDict()}
[0.000367] (puma560_description) JobStarted: {'identifier': 'puma560_description'}
[0.004751] (robot_description) JobStarted: {'identifier': 'robot_description'}
[0.007175] (puma560_description) JobProgress: {'identifier': 'puma560_description', 'progress': 'cmake'}
[0.007420] (puma560_description) Command: {'cmd': ['/usr/bin/cmake', '/home/ros2_ws/ros2_ws/src/puma560_description', '-DCMAKE_INSTALL_PREFIX=/home/ros2_ws/ros2_ws/install/puma560_description'], 'cwd': '/home/ros2_ws/ros2_ws/build/puma560_description', 'env': OrderedDict([('HOSTNAME', 'thallys'), ('SHLVL', '1'), ('LIBGL_ALWAYS_SOFTWARE', '1'), ('LD_LIBRARY_PATH', '/opt/ros/humble/opt/rviz_ogre_vendor/lib:/opt/ros/humble/lib/x86_64-linux-gnu:/opt/ros/humble/lib'), ('HOME', '/home/ros2_ws'), ('ROS_PYTHON_VERSION', '3'), ('COLCON_PREFIX_PATH', '/home/ros2_ws/ros2_ws/install'), ('ROS_DISTRO', 'humble'), ('_', '/usr/bin/colcon'), ('ROS_VERSION', '2'), ('TERM', 'xterm'), ('ROS_LOCALHOST_ONLY', '0'), ('QT_X11_NO_MITSHM', '1'), ('PATH', '/opt/ros/humble/bin:/usr/local/sbin:/usr/local/bin:/usr/sbin:/usr/bin:/sbin:/bin'), ('XDG_RUNTIME_DIR', '/tmp/runtime-ros2_ws'), ('DISPLAY', ':1'), ('LANG', 'C.UTF-8'), ('AMENT_PREFIX_PATH', '/home/ros2_ws/ros2_ws/install/robot_description:/home/ros2_ws/ros2_ws/install/puma560_description:/opt/ros/humble'), ('PWD', '/home/ros2_ws/ros2_ws/build/puma560_description'), ('LC_ALL', 'C.UTF-8'), ('PYTHONPATH', '/opt/ros/humble/lib/python3.10/site-packages:/opt/ros/humble/local/lib/python3.10/dist-packages'), ('NVIDIA_VISIBLE_DEVICES', 'all'), ('TZ', 'America/Sao_Paulo'), ('COLCON', '1'), ('CMAKE_PREFIX_PATH', '/home/ros2_ws/ros2_ws/install/robot_description:/home/ros2_ws/ros2_ws/install/puma560_description:/opt/ros/humble')]), 'shell': False}
[0.009438] (robot_description) JobProgress: {'identifier': 'robot_description', 'progress': 'cmake'}
[0.009638] (robot_description) Command: {'cmd': ['/usr/bin/cmake', '/home/ros2_ws/ros2_ws/src/robot_description', '-DCMAKE_INSTALL_PREFIX=/home/ros2_ws/ros2_ws/install/robot_description'], 'cwd': '/home/ros2_ws/ros2_ws/build/robot_description', 'env': OrderedDict([('HOSTNAME', 'thallys'), ('SHLVL', '1'), ('LIBGL_ALWAYS_SOFTWARE', '1'), ('LD_LIBRARY_PATH', '/opt/ros/humble/opt/rviz_ogre_vendor/lib:/opt/ros/humble/lib/x86_64-linux-gnu:/opt/ros/humble/lib'), ('HOME', '/home/ros2_ws'), ('ROS_PYTHON_VERSION', '3'), ('COLCON_PREFIX_PATH', '/home/ros2_ws/ros2_ws/install'), ('ROS_DISTRO', 'humble'), ('_', '/usr/bin/colcon'), ('ROS_VERSION', '2'), ('TERM', 'xterm'), ('ROS_LOCALHOST_ONLY', '0'), ('QT_X11_NO_MITSHM', '1'), ('PATH', '/opt/ros/humble/bin:/usr/local/sbin:/usr/local/bin:/usr/sbin:/usr/bin:/sbin:/bin'), ('XDG_RUNTIME_DIR', '/tmp/runtime-ros2_ws'), ('DISPLAY', ':1'), ('LANG', 'C.UTF-8'), ('AMENT_PREFIX_PATH', '/home/ros2_ws/ros2_ws/install/robot_description:/home/ros2_ws/ros2_ws/install/puma560_description:/opt/ros/humble'), ('PWD', '/home/ros2_ws/ros2_ws/build/robot_description'), ('LC_ALL', 'C.UTF-8'), ('PYTHONPATH', '/opt/ros/humble/lib/python3.10/site-packages:/opt/ros/humble/local/lib/python3.10/dist-packages'), ('NVIDIA_VISIBLE_DEVICES', 'all'), ('TZ', 'America/Sao_Paulo'), ('COLCON', '1'), ('CMAKE_PREFIX_PATH', '/home/ros2_ws/ros2_ws/install/robot_description:/home/ros2_ws/ros2_ws/install/puma560_description:/opt/ros/humble')]), 'shell': False}
[0.099602] (-) TimerEvent: {}
[0.135452] (puma560_description) StdoutLine: {'line': b'-- The C compiler identification is GNU 11.4.0\n'}
[0.135574] (robot_description) StdoutLine: {'line': b'-- The C compiler identification is GNU 11.4.0\n'}
[0.199083] (robot_description) StdoutLine: {'line': b'-- The CXX compiler identification is GNU 11.4.0\n'}
[0.199680] (-) TimerEvent: {}
[0.200755] (puma560_description) StdoutLine: {'line': b'-- The CXX compiler identification is GNU 11.4.0\n'}
[0.206943] (robot_description) StdoutLine: {'line': b'-- Detecting C compiler ABI info\n'}
[0.207005] (puma560_description) StdoutLine: {'line': b'-- Detecting C compiler ABI info\n'}
[0.269451] (puma560_description) StdoutLine: {'line': b'-- Detecting C compiler ABI info - done\n'}
[0.272518] (robot_description) StdoutLine: {'line': b'-- Detecting C compiler ABI info - done\n'}
[0.276303] (puma560_description) StdoutLine: {'line': b'-- Check for working C compiler: /usr/bin/cc - skipped\n'}
[0.277792] (puma560_description) StdoutLine: {'line': b'-- Detecting C compile features\n'}
[0.278633] (puma560_description) StdoutLine: {'line': b'-- Detecting C compile features - done\n'}
[0.282196] (robot_description) StdoutLine: {'line': b'-- Check for working C compiler: /usr/bin/cc - skipped\n'}
[0.282529] (robot_description) StdoutLine: {'line': b'-- Detecting C compile features\n'}
[0.282966] (robot_description) StdoutLine: {'line': b'-- Detecting C compile features - done\n'}
[0.283125] (puma560_description) StdoutLine: {'line': b'-- Detecting CXX compiler ABI info\n'}
[0.286037] (robot_description) StdoutLine: {'line': b'-- Detecting CXX compiler ABI info\n'}
[0.299797] (-) TimerEvent: {}
[0.374110] (robot_description) StdoutLine: {'line': b'-- Detecting CXX compiler ABI info - done\n'}
[0.377602] (puma560_description) StdoutLine: {'line': b'-- Detecting CXX compiler ABI info - done\n'}
[0.379645] (robot_description) StdoutLine: {'line': b'-- Check for working CXX compiler: /usr/bin/c++ - skipped\n'}
[0.379807] (robot_description) StdoutLine: {'line': b'-- Detecting CXX compile features\n'}
[0.380143] (robot_description) StdoutLine: {'line': b'-- Detecting CXX compile features - done\n'}
[0.383172] (puma560_description) StdoutLine: {'line': b'-- Check for working CXX compiler: /usr/bin/c++ - skipped\n'}
[0.383441] (puma560_description) StdoutLine: {'line': b'-- Detecting CXX compile features\n'}
[0.383630] (puma560_description) StdoutLine: {'line': b'-- Detecting CXX compile features - done\n'}
[0.384869] (robot_description) StdoutLine: {'line': b'-- Found ament_cmake: 1.3.9 (/opt/ros/humble/share/ament_cmake/cmake)\n'}
[0.385256] (puma560_description) StdoutLine: {'line': b'-- Found ament_cmake: 1.3.9 (/opt/ros/humble/share/ament_cmake/cmake)\n'}
[0.399989] (-) TimerEvent: {}
[0.500310] (-) TimerEvent: {}
[0.502000] (puma560_description) StdoutLine: {'line': b'-- Found Python3: /usr/bin/python3 (found version "3.10.12") found components: Interpreter \n'}
[0.516165] (robot_description) StdoutLine: {'line': b'-- Found Python3: /usr/bin/python3 (found version "3.10.12") found components: Interpreter \n'}
[0.572302] (puma560_description) StdoutLine: {'line': b'-- Found xacro: 2.0.8 (/opt/ros/humble/share/xacro/cmake)\n'}
[0.574170] (puma560_description) StdoutLine: {'line': b'-- Found urdf: 2.6.0 (/opt/ros/humble/share/urdf/cmake)\n'}
[0.579064] (robot_description) StdoutLine: {'line': b'-- Found ament_lint_auto: 0.12.11 (/opt/ros/humble/share/ament_lint_auto/cmake)\n'}
[0.600434] (-) TimerEvent: {}
[0.620531] (puma560_description) StdoutLine: {'line': b'-- Found rviz2: 11.2.12 (/opt/ros/humble/share/rviz2/cmake)\n'}
[0.621493] (puma560_description) StdoutLine: {'line': b'-- Found ament_lint_auto: 0.12.11 (/opt/ros/humble/share/ament_lint_auto/cmake)\n'}
[0.639609] (robot_description) StdoutLine: {'line': b"-- Added test 'flake8' to check Python code syntax and style conventions\n"}
[0.639928] (robot_description) StdoutLine: {'line': b"-- Added test 'lint_cmake' to check CMake code style\n"}
[0.640257] (robot_description) StdoutLine: {'line': b"-- Added test 'pep257' to check Python code against some of the docstring style conventions in PEP 257\n"}
[0.641071] (robot_description) StdoutLine: {'line': b"-- Added test 'xmllint' to check XML markup files\n"}
[0.641891] (robot_description) StdoutLine: {'line': b'-- Configuring done\n'}
[0.643402] (robot_description) StdoutLine: {'line': b'-- Generating done\n'}
[0.643878] (robot_description) StdoutLine: {'line': b'-- Build files have been written to: /home/ros2_ws/ros2_ws/build/robot_description\n'}
[0.646386] (robot_description) CommandEnded: {'returncode': 0}
[0.647668] (robot_description) JobProgress: {'identifier': 'robot_description', 'progress': 'build'}
[0.647687] (robot_description) Command: {'cmd': ['/usr/bin/cmake', '--build', '/home/ros2_ws/ros2_ws/build/robot_description', '--', '-j20', '-l20'], 'cwd': '/home/ros2_ws/ros2_ws/build/robot_description', 'env': OrderedDict([('HOSTNAME', 'thallys'), ('SHLVL', '1'), ('LIBGL_ALWAYS_SOFTWARE', '1'), ('LD_LIBRARY_PATH', '/opt/ros/humble/opt/rviz_ogre_vendor/lib:/opt/ros/humble/lib/x86_64-linux-gnu:/opt/ros/humble/lib'), ('HOME', '/home/ros2_ws'), ('ROS_PYTHON_VERSION', '3'), ('COLCON_PREFIX_PATH', '/home/ros2_ws/ros2_ws/install'), ('ROS_DISTRO', 'humble'), ('_', '/usr/bin/colcon'), ('ROS_VERSION', '2'), ('TERM', 'xterm'), ('ROS_LOCALHOST_ONLY', '0'), ('QT_X11_NO_MITSHM', '1'), ('PATH', '/opt/ros/humble/bin:/usr/local/sbin:/usr/local/bin:/usr/sbin:/usr/bin:/sbin:/bin'), ('XDG_RUNTIME_DIR', '/tmp/runtime-ros2_ws'), ('DISPLAY', ':1'), ('LANG', 'C.UTF-8'), ('AMENT_PREFIX_PATH', '/home/ros2_ws/ros2_ws/install/robot_description:/home/ros2_ws/ros2_ws/install/puma560_description:/opt/ros/humble'), ('PWD', '/home/ros2_ws/ros2_ws/build/robot_description'), ('LC_ALL', 'C.UTF-8'), ('PYTHONPATH', '/opt/ros/humble/lib/python3.10/site-packages:/opt/ros/humble/local/lib/python3.10/dist-packages'), ('NVIDIA_VISIBLE_DEVICES', 'all'), ('TZ', 'America/Sao_Paulo'), ('COLCON', '1'), ('CMAKE_PREFIX_PATH', '/home/ros2_ws/ros2_ws/install/robot_description:/home/ros2_ws/ros2_ws/install/puma560_description:/opt/ros/humble')]), 'shell': False}
[0.673102] (puma560_description) StdoutLine: {'line': b"-- Added test 'flake8' to check Python code syntax and style conventions\n"}
[0.673392] (puma560_description) StdoutLine: {'line': b"-- Added test 'lint_cmake' to check CMake code style\n"}
[0.673667] (puma560_description) StdoutLine: {'line': b"-- Added test 'pep257' to check Python code against some of the docstring style conventions in PEP 257\n"}
[0.674468] (puma560_description) StdoutLine: {'line': b"-- Added test 'xmllint' to check XML markup files\n"}
[0.675073] (puma560_description) StdoutLine: {'line': b'-- Configuring done\n'}
[0.676823] (puma560_description) StdoutLine: {'line': b'-- Generating done\n'}
[0.677332] (puma560_description) StdoutLine: {'line': b'-- Build files have been written to: /home/ros2_ws/ros2_ws/build/puma560_description\n'}
[0.678669] (robot_description) CommandEnded: {'returncode': 0}
[0.680521] (puma560_description) CommandEnded: {'returncode': 0}
[0.680754] (puma560_description) JobProgress: {'identifier': 'puma560_description', 'progress': 'build'}
[0.680991] (puma560_description) Command: {'cmd': ['/usr/bin/cmake', '--build', '/home/ros2_ws/ros2_ws/build/puma560_description', '--', '-j20', '-l20'], 'cwd': '/home/ros2_ws/ros2_ws/build/puma560_description', 'env': OrderedDict([('HOSTNAME', 'thallys'), ('SHLVL', '1'), ('LIBGL_ALWAYS_SOFTWARE', '1'), ('LD_LIBRARY_PATH', '/opt/ros/humble/opt/rviz_ogre_vendor/lib:/opt/ros/humble/lib/x86_64-linux-gnu:/opt/ros/humble/lib'), ('HOME', '/home/ros2_ws'), ('ROS_PYTHON_VERSION', '3'), ('COLCON_PREFIX_PATH', '/home/ros2_ws/ros2_ws/install'), ('ROS_DISTRO', 'humble'), ('_', '/usr/bin/colcon'), ('ROS_VERSION', '2'), ('TERM', 'xterm'), ('ROS_LOCALHOST_ONLY', '0'), ('QT_X11_NO_MITSHM', '1'), ('PATH', '/opt/ros/humble/bin:/usr/local/sbin:/usr/local/bin:/usr/sbin:/usr/bin:/sbin:/bin'), ('XDG_RUNTIME_DIR', '/tmp/runtime-ros2_ws'), ('DISPLAY', ':1'), ('LANG', 'C.UTF-8'), ('AMENT_PREFIX_PATH', '/home/ros2_ws/ros2_ws/install/robot_description:/home/ros2_ws/ros2_ws/install/puma560_description:/opt/ros/humble'), ('PWD', '/home/ros2_ws/ros2_ws/build/puma560_description'), ('LC_ALL', 'C.UTF-8'), ('PYTHONPATH', '/opt/ros/humble/lib/python3.10/site-packages:/opt/ros/humble/local/lib/python3.10/dist-packages'), ('NVIDIA_VISIBLE_DEVICES', 'all'), ('TZ', 'America/Sao_Paulo'), ('COLCON', '1'), ('CMAKE_PREFIX_PATH', '/home/ros2_ws/ros2_ws/install/robot_description:/home/ros2_ws/ros2_ws/install/puma560_description:/opt/ros/humble')]), 'shell': False}
[0.695726] (robot_description) JobProgress: {'identifier': 'robot_description', 'progress': 'install'}
[0.700526] (-) TimerEvent: {}
[0.701223] (robot_description) Command: {'cmd': ['/usr/bin/cmake', '--install', '/home/ros2_ws/ros2_ws/build/robot_description'], 'cwd': '/home/ros2_ws/ros2_ws/build/robot_description', 'env': OrderedDict([('HOSTNAME', 'thallys'), ('SHLVL', '1'), ('LIBGL_ALWAYS_SOFTWARE', '1'), ('LD_LIBRARY_PATH', '/opt/ros/humble/opt/rviz_ogre_vendor/lib:/opt/ros/humble/lib/x86_64-linux-gnu:/opt/ros/humble/lib'), ('HOME', '/home/ros2_ws'), ('ROS_PYTHON_VERSION', '3'), ('COLCON_PREFIX_PATH', '/home/ros2_ws/ros2_ws/install'), ('ROS_DISTRO', 'humble'), ('_', '/usr/bin/colcon'), ('ROS_VERSION', '2'), ('TERM', 'xterm'), ('ROS_LOCALHOST_ONLY', '0'), ('QT_X11_NO_MITSHM', '1'), ('PATH', '/opt/ros/humble/bin:/usr/local/sbin:/usr/local/bin:/usr/sbin:/usr/bin:/sbin:/bin'), ('XDG_RUNTIME_DIR', '/tmp/runtime-ros2_ws'), ('DISPLAY', ':1'), ('LANG', 'C.UTF-8'), ('AMENT_PREFIX_PATH', '/home/ros2_ws/ros2_ws/install/robot_description:/home/ros2_ws/ros2_ws/install/puma560_description:/opt/ros/humble'), ('PWD', '/home/ros2_ws/ros2_ws/build/robot_description'), ('LC_ALL', 'C.UTF-8'), ('PYTHONPATH', '/opt/ros/humble/lib/python3.10/site-packages:/opt/ros/humble/local/lib/python3.10/dist-packages'), ('NVIDIA_VISIBLE_DEVICES', 'all'), ('TZ', 'America/Sao_Paulo'), ('COLCON', '1'), ('CMAKE_PREFIX_PATH', '/home/ros2_ws/ros2_ws/install/robot_description:/home/ros2_ws/ros2_ws/install/puma560_description:/opt/ros/humble')]), 'shell': False}
[0.707490] (robot_description) StdoutLine: {'line': b'-- Install configuration: ""\n'}
[0.707568] (robot_description) StdoutLine: {'line': b'-- Installing: /home/ros2_ws/ros2_ws/install/robot_description/share/robot_description/launch\n'}
[0.707668] (robot_description) StdoutLine: {'line': b'-- Installing: /home/ros2_ws/ros2_ws/install/robot_description/share/robot_description/launch/display.launch.py\n'}
[0.707743] (robot_description) StdoutLine: {'line': b'-- Installing: /home/ros2_ws/ros2_ws/install/robot_description/share/robot_description/launch/display.launch.yaml\n'}
[0.707778] (robot_description) StdoutLine: {'line': b'-- Installing: /home/ros2_ws/ros2_ws/install/robot_description/share/robot_description/launch/test.py\n'}
[0.707810] (robot_description) StdoutLine: {'line': b'-- Installing: /home/ros2_ws/ros2_ws/install/robot_description/share/robot_description/urdf\n'}
[0.707850] (robot_description) StdoutLine: {'line': b'-- Installing: /home/ros2_ws/ros2_ws/install/robot_description/share/robot_description/urdf/robot_example.urdf\n'}
[0.708010] (robot_description) StdoutLine: {'line': b'-- Installing: /home/ros2_ws/ros2_ws/install/robot_description/share/robot_description/config\n'}
[0.708086] (robot_description) StdoutLine: {'line': b'-- Installing: /home/ros2_ws/ros2_ws/install/robot_description/share/robot_description/config/config.rviz\n'}
[0.708192] (robot_description) StdoutLine: {'line': b'-- Installing: /home/ros2_ws/ros2_ws/install/robot_description/share/ament_index/resource_index/package_run_dependencies/robot_description\n'}
[0.708230] (robot_description) StdoutLine: {'line': b'-- Installing: /home/ros2_ws/ros2_ws/install/robot_description/share/ament_index/resource_index/parent_prefix_path/robot_description\n'}
[0.708322] (robot_description) StdoutLine: {'line': b'-- Installing: /home/ros2_ws/ros2_ws/install/robot_description/share/robot_description/environment/ament_prefix_path.sh\n'}
[0.708359] (robot_description) StdoutLine: {'line': b'-- Installing: /home/ros2_ws/ros2_ws/install/robot_description/share/robot_description/environment/ament_prefix_path.dsv\n'}
[0.708391] (robot_description) StdoutLine: {'line': b'-- Installing: /home/ros2_ws/ros2_ws/install/robot_description/share/robot_description/environment/path.sh\n'}
[0.708452] (robot_description) StdoutLine: {'line': b'-- Installing: /home/ros2_ws/ros2_ws/install/robot_description/share/robot_description/environment/path.dsv\n'}
[0.708487] (robot_description) StdoutLine: {'line': b'-- Installing: /home/ros2_ws/ros2_ws/install/robot_description/share/robot_description/local_setup.bash\n'}
[0.708539] (robot_description) StdoutLine: {'line': b'-- Installing: /home/ros2_ws/ros2_ws/install/robot_description/share/robot_description/local_setup.sh\n'}
[0.708570] (robot_description) StdoutLine: {'line': b'-- Installing: /home/ros2_ws/ros2_ws/install/robot_description/share/robot_description/local_setup.zsh\n'}
[0.708602] (robot_description) StdoutLine: {'line': b'-- Installing: /home/ros2_ws/ros2_ws/install/robot_description/share/robot_description/local_setup.dsv\n'}
[0.708634] (robot_description) StdoutLine: {'line': b'-- Installing: /home/ros2_ws/ros2_ws/install/robot_description/share/robot_description/package.dsv\n'}
[0.708666] (robot_description) StdoutLine: {'line': b'-- Installing: /home/ros2_ws/ros2_ws/install/robot_description/share/ament_index/resource_index/packages/robot_description\n'}
[0.708835] (robot_description) StdoutLine: {'line': b'-- Installing: /home/ros2_ws/ros2_ws/install/robot_description/share/robot_description/cmake/robot_descriptionConfig.cmake\n'}
[0.708914] (robot_description) StdoutLine: {'line': b'-- Installing: /home/ros2_ws/ros2_ws/install/robot_description/share/robot_description/cmake/robot_descriptionConfig-version.cmake\n'}
[0.708948] (robot_description) StdoutLine: {'line': b'-- Installing: /home/ros2_ws/ros2_ws/install/robot_description/share/robot_description/package.xml\n'}
[0.709979] (robot_description) CommandEnded: {'returncode': 0}
[0.717567] (puma560_description) CommandEnded: {'returncode': 0}
[0.737697] (robot_description) JobEnded: {'identifier': 'robot_description', 'rc': 0}
[0.739575] (puma560_description) JobProgress: {'identifier': 'puma560_description', 'progress': 'install'}
[0.739660] (puma560_description) Command: {'cmd': ['/usr/bin/cmake', '--install', '/home/ros2_ws/ros2_ws/build/puma560_description'], 'cwd': '/home/ros2_ws/ros2_ws/build/puma560_description', 'env': OrderedDict([('HOSTNAME', 'thallys'), ('SHLVL', '1'), ('LIBGL_ALWAYS_SOFTWARE', '1'), ('LD_LIBRARY_PATH', '/opt/ros/humble/opt/rviz_ogre_vendor/lib:/opt/ros/humble/lib/x86_64-linux-gnu:/opt/ros/humble/lib'), ('HOME', '/home/ros2_ws'), ('ROS_PYTHON_VERSION', '3'), ('COLCON_PREFIX_PATH', '/home/ros2_ws/ros2_ws/install'), ('ROS_DISTRO', 'humble'), ('_', '/usr/bin/colcon'), ('ROS_VERSION', '2'), ('TERM', 'xterm'), ('ROS_LOCALHOST_ONLY', '0'), ('QT_X11_NO_MITSHM', '1'), ('PATH', '/opt/ros/humble/bin:/usr/local/sbin:/usr/local/bin:/usr/sbin:/usr/bin:/sbin:/bin'), ('XDG_RUNTIME_DIR', '/tmp/runtime-ros2_ws'), ('DISPLAY', ':1'), ('LANG', 'C.UTF-8'), ('AMENT_PREFIX_PATH', '/home/ros2_ws/ros2_ws/install/robot_description:/home/ros2_ws/ros2_ws/install/puma560_description:/opt/ros/humble'), ('PWD', '/home/ros2_ws/ros2_ws/build/puma560_description'), ('LC_ALL', 'C.UTF-8'), ('PYTHONPATH', '/opt/ros/humble/lib/python3.10/site-packages:/opt/ros/humble/local/lib/python3.10/dist-packages'), ('NVIDIA_VISIBLE_DEVICES', 'all'), ('TZ', 'America/Sao_Paulo'), ('COLCON', '1'), ('CMAKE_PREFIX_PATH', '/home/ros2_ws/ros2_ws/install/robot_description:/home/ros2_ws/ros2_ws/install/puma560_description:/opt/ros/humble')]), 'shell': False}
[0.745788] (puma560_description) StdoutLine: {'line': b'-- Install configuration: ""\n'}
[0.745920] (puma560_description) StdoutLine: {'line': b'-- Installing: /home/ros2_ws/ros2_ws/install/puma560_description/share/puma560_description/launch\n'}
[0.746014] (puma560_description) StdoutLine: {'line': b'-- Installing: /home/ros2_ws/ros2_ws/install/puma560_description/share/puma560_description/launch/display.launch.py\n'}
[0.746069] (puma560_description) StdoutLine: {'line': b'-- Installing: /home/ros2_ws/ros2_ws/install/puma560_description/share/puma560_description/urdf\n'}
[0.746145] (puma560_description) StdoutLine: {'line': b'-- Installing: /home/ros2_ws/ros2_ws/install/puma560_description/share/puma560_description/urdf/description.txt\n'}
[0.746196] (puma560_description) StdoutLine: {'line': b'-- Installing: /home/ros2_ws/ros2_ws/install/puma560_description/share/puma560_description/urdf/material.xacro\n'}
[0.746264] (puma560_description) StdoutLine: {'line': b'-- Installing: /home/ros2_ws/ros2_ws/install/puma560_description/share/puma560_description/urdf/puma560_description.xacro\n'}
[0.746379] (puma560_description) StderrLine: {'line': b'\x1b[31mCMake Error at cmake_install.cmake:46 (file):\n'}
[0.746442] (puma560_description) StderrLine: {'line': b'  file INSTALL cannot find\n'}
[0.746493] (puma560_description) StderrLine: {'line': b'  "/home/ros2_ws/ros2_ws/src/puma560_description/config": No such file or\n'}
[0.746540] (puma560_description) StderrLine: {'line': b'  directory.\n'}
[0.746587] (puma560_description) StderrLine: {'line': b'\n'}
[0.746633] (puma560_description) StderrLine: {'line': b'\x1b[0m\n'}
[0.747604] (puma560_description) CommandEnded: {'returncode': 1}
[0.774937] (puma560_description) JobEnded: {'identifier': 'puma560_description', 'rc': 1}
[0.775935] (-) EventReactorShutdown: {}
