[0.000000] (-) TimerEvent: {}
[0.000088] (puma560_description) JobQueued: {'identifier': 'puma560_description', 'dependencies': OrderedDict()}
[0.000107] (robot_description) JobQueued: {'identifier': 'robot_description', 'dependencies': OrderedDict()}
[0.000299] (puma560_description) JobStarted: {'identifier': 'puma560_description'}
[0.006324] (robot_description) JobStarted: {'identifier': 'robot_description'}
[0.009282] (puma560_description) JobProgress: {'identifier': 'puma560_description', 'progress': 'cmake'}
[0.009589] (puma560_description) JobProgress: {'identifier': 'puma560_description', 'progress': 'build'}
[0.010039] (puma560_description) Command: {'cmd': ['/usr/bin/cmake', '--build', '/home/ros2_ws/ros2_ws/build/puma560_description', '--', '-j20', '-l20'], 'cwd': '/home/ros2_ws/ros2_ws/build/puma560_description', 'env': OrderedDict([('HOSTNAME', 'thallys'), ('SHLVL', '1'), ('LIBGL_ALWAYS_SOFTWARE', '1'), ('LD_LIBRARY_PATH', '/opt/ros/humble/opt/rviz_ogre_vendor/lib:/opt/ros/humble/lib/x86_64-linux-gnu:/opt/ros/humble/lib'), ('HOME', '/home/ros2_ws'), ('ROS_PYTHON_VERSION', '3'), ('COLCON_PREFIX_PATH', '/home/ros2_ws/ros2_ws/install'), ('ROS_DISTRO', 'humble'), ('_', '/usr/bin/colcon'), ('ROS_VERSION', '2'), ('TERM', 'xterm'), ('ROS_LOCALHOST_ONLY', '0'), ('QT_X11_NO_MITSHM', '1'), ('PATH', '/opt/ros/humble/bin:/usr/local/sbin:/usr/local/bin:/usr/sbin:/usr/bin:/sbin:/bin'), ('XDG_RUNTIME_DIR', '/tmp/runtime-ros2_ws'), ('DISPLAY', ':1'), ('LANG', 'C.UTF-8'), ('AMENT_PREFIX_PATH', '/home/ros2_ws/ros2_ws/install/robot_description:/opt/ros/humble'), ('PWD', '/home/ros2_ws/ros2_ws/build/puma560_description'), ('LC_ALL', 'C.UTF-8'), ('PYTHONPATH', '/opt/ros/humble/lib/python3.10/site-packages:/opt/ros/humble/local/lib/python3.10/dist-packages'), ('NVIDIA_VISIBLE_DEVICES', 'all'), ('TZ', 'America/Sao_Paulo'), ('COLCON', '1'), ('CMAKE_PREFIX_PATH', '/home/ros2_ws/ros2_ws/install/robot_description:/opt/ros/humble')]), 'shell': False}
[0.012089] (robot_description) JobProgress: {'identifier': 'robot_description', 'progress': 'cmake'}
[0.012348] (robot_description) JobProgress: {'identifier': 'robot_description', 'progress': 'build'}
[0.012542] (robot_description) Command: {'cmd': ['/usr/bin/cmake', '--build', '/home/ros2_ws/ros2_ws/build/robot_description', '--', '-j20', '-l20'], 'cwd': '/home/ros2_ws/ros2_ws/build/robot_description', 'env': OrderedDict([('HOSTNAME', 'thallys'), ('SHLVL', '1'), ('LIBGL_ALWAYS_SOFTWARE', '1'), ('LD_LIBRARY_PATH', '/opt/ros/humble/opt/rviz_ogre_vendor/lib:/opt/ros/humble/lib/x86_64-linux-gnu:/opt/ros/humble/lib'), ('HOME', '/home/ros2_ws'), ('ROS_PYTHON_VERSION', '3'), ('COLCON_PREFIX_PATH', '/home/ros2_ws/ros2_ws/install'), ('ROS_DISTRO', 'humble'), ('_', '/usr/bin/colcon'), ('ROS_VERSION', '2'), ('TERM', 'xterm'), ('ROS_LOCALHOST_ONLY', '0'), ('QT_X11_NO_MITSHM', '1'), ('PATH', '/opt/ros/humble/bin:/usr/local/sbin:/usr/local/bin:/usr/sbin:/usr/bin:/sbin:/bin'), ('XDG_RUNTIME_DIR', '/tmp/runtime-ros2_ws'), ('DISPLAY', ':1'), ('LANG', 'C.UTF-8'), ('AMENT_PREFIX_PATH', '/home/ros2_ws/ros2_ws/install/robot_description:/opt/ros/humble'), ('PWD', '/home/ros2_ws/ros2_ws/build/robot_description'), ('LC_ALL', 'C.UTF-8'), ('PYTHONPATH', '/opt/ros/humble/lib/python3.10/site-packages:/opt/ros/humble/local/lib/python3.10/dist-packages'), ('NVIDIA_VISIBLE_DEVICES', 'all'), ('TZ', 'America/Sao_Paulo'), ('COLCON', '1'), ('CMAKE_PREFIX_PATH', '/home/ros2_ws/ros2_ws/install/robot_description:/opt/ros/humble')]), 'shell': False}
[0.056520] (robot_description) CommandEnded: {'returncode': 0}
[0.059086] (puma560_description) CommandEnded: {'returncode': 0}
[0.081811] (robot_description) JobProgress: {'identifier': 'robot_description', 'progress': 'install'}
[0.092946] (robot_description) Command: {'cmd': ['/usr/bin/cmake', '--install', '/home/ros2_ws/ros2_ws/build/robot_description'], 'cwd': '/home/ros2_ws/ros2_ws/build/robot_description', 'env': OrderedDict([('HOSTNAME', 'thallys'), ('SHLVL', '1'), ('LIBGL_ALWAYS_SOFTWARE', '1'), ('LD_LIBRARY_PATH', '/opt/ros/humble/opt/rviz_ogre_vendor/lib:/opt/ros/humble/lib/x86_64-linux-gnu:/opt/ros/humble/lib'), ('HOME', '/home/ros2_ws'), ('ROS_PYTHON_VERSION', '3'), ('COLCON_PREFIX_PATH', '/home/ros2_ws/ros2_ws/install'), ('ROS_DISTRO', 'humble'), ('_', '/usr/bin/colcon'), ('ROS_VERSION', '2'), ('TERM', 'xterm'), ('ROS_LOCALHOST_ONLY', '0'), ('QT_X11_NO_MITSHM', '1'), ('PATH', '/opt/ros/humble/bin:/usr/local/sbin:/usr/local/bin:/usr/sbin:/usr/bin:/sbin:/bin'), ('XDG_RUNTIME_DIR', '/tmp/runtime-ros2_ws'), ('DISPLAY', ':1'), ('LANG', 'C.UTF-8'), ('AMENT_PREFIX_PATH', '/home/ros2_ws/ros2_ws/install/robot_description:/opt/ros/humble'), ('PWD', '/home/ros2_ws/ros2_ws/build/robot_description'), ('LC_ALL', 'C.UTF-8'), ('PYTHONPATH', '/opt/ros/humble/lib/python3.10/site-packages:/opt/ros/humble/local/lib/python3.10/dist-packages'), ('NVIDIA_VISIBLE_DEVICES', 'all'), ('TZ', 'America/Sao_Paulo'), ('COLCON', '1'), ('CMAKE_PREFIX_PATH', '/home/ros2_ws/ros2_ws/install/robot_description:/opt/ros/humble')]), 'shell': False}
[0.094320] (puma560_description) JobProgress: {'identifier': 'puma560_description', 'progress': 'install'}
[0.094763] (puma560_description) Command: {'cmd': ['/usr/bin/cmake', '--install', '/home/ros2_ws/ros2_ws/build/puma560_description'], 'cwd': '/home/ros2_ws/ros2_ws/build/puma560_description', 'env': OrderedDict([('HOSTNAME', 'thallys'), ('SHLVL', '1'), ('LIBGL_ALWAYS_SOFTWARE', '1'), ('LD_LIBRARY_PATH', '/opt/ros/humble/opt/rviz_ogre_vendor/lib:/opt/ros/humble/lib/x86_64-linux-gnu:/opt/ros/humble/lib'), ('HOME', '/home/ros2_ws'), ('ROS_PYTHON_VERSION', '3'), ('COLCON_PREFIX_PATH', '/home/ros2_ws/ros2_ws/install'), ('ROS_DISTRO', 'humble'), ('_', '/usr/bin/colcon'), ('ROS_VERSION', '2'), ('TERM', 'xterm'), ('ROS_LOCALHOST_ONLY', '0'), ('QT_X11_NO_MITSHM', '1'), ('PATH', '/opt/ros/humble/bin:/usr/local/sbin:/usr/local/bin:/usr/sbin:/usr/bin:/sbin:/bin'), ('XDG_RUNTIME_DIR', '/tmp/runtime-ros2_ws'), ('DISPLAY', ':1'), ('LANG', 'C.UTF-8'), ('AMENT_PREFIX_PATH', '/home/ros2_ws/ros2_ws/install/robot_description:/opt/ros/humble'), ('PWD', '/home/ros2_ws/ros2_ws/build/puma560_description'), ('LC_ALL', 'C.UTF-8'), ('PYTHONPATH', '/opt/ros/humble/lib/python3.10/site-packages:/opt/ros/humble/local/lib/python3.10/dist-packages'), ('NVIDIA_VISIBLE_DEVICES', 'all'), ('TZ', 'America/Sao_Paulo'), ('COLCON', '1'), ('CMAKE_PREFIX_PATH', '/home/ros2_ws/ros2_ws/install/robot_description:/opt/ros/humble')]), 'shell': False}
[0.099683] (-) TimerEvent: {}
[0.101408] (robot_description) StdoutLine: {'line': b'-- Install configuration: ""\n'}
[0.101675] (robot_description) StdoutLine: {'line': b'-- Up-to-date: /home/ros2_ws/ros2_ws/install/robot_description/share/robot_description/launch\n'}
[0.101794] (robot_description) StdoutLine: {'line': b'-- Up-to-date: /home/ros2_ws/ros2_ws/install/robot_description/share/robot_description/launch/display.launch.py\n'}
[0.101897] (robot_description) StdoutLine: {'line': b'-- Up-to-date: /home/ros2_ws/ros2_ws/install/robot_description/share/robot_description/launch/display.launch.yaml\n'}
[0.102014] (robot_description) StdoutLine: {'line': b'-- Up-to-date: /home/ros2_ws/ros2_ws/install/robot_description/share/robot_description/launch/test.py\n'}
[0.102142] (robot_description) StdoutLine: {'line': b'-- Up-to-date: /home/ros2_ws/ros2_ws/install/robot_description/share/robot_description/urdf\n'}
[0.102464] (robot_description) StdoutLine: {'line': b'-- Up-to-date: /home/ros2_ws/ros2_ws/install/robot_description/share/robot_description/urdf/robot_example.urdf\n'}
[0.102766] (robot_description) StdoutLine: {'line': b'-- Up-to-date: /home/ros2_ws/ros2_ws/install/robot_description/share/robot_description/config\n'}
[0.102938] (robot_description) StdoutLine: {'line': b'-- Up-to-date: /home/ros2_ws/ros2_ws/install/robot_description/share/robot_description/config/config.rviz\n'}
[0.103075] (robot_description) StdoutLine: {'line': b'-- Up-to-date: /home/ros2_ws/ros2_ws/install/robot_description/share/ament_index/resource_index/package_run_dependencies/robot_description\n'}
[0.103205] (robot_description) StdoutLine: {'line': b'-- Up-to-date: /home/ros2_ws/ros2_ws/install/robot_description/share/ament_index/resource_index/parent_prefix_path/robot_description\n'}
[0.103351] (robot_description) StdoutLine: {'line': b'-- Up-to-date: /home/ros2_ws/ros2_ws/install/robot_description/share/robot_description/environment/ament_prefix_path.sh\n'}
[0.103483] (robot_description) StdoutLine: {'line': b'-- Up-to-date: /home/ros2_ws/ros2_ws/install/robot_description/share/robot_description/environment/ament_prefix_path.dsv\n'}
[0.103760] (robot_description) StdoutLine: {'line': b'-- Up-to-date: /home/ros2_ws/ros2_ws/install/robot_description/share/robot_description/environment/path.sh\n'}
[0.103904] (robot_description) StdoutLine: {'line': b'-- Up-to-date: /home/ros2_ws/ros2_ws/install/robot_description/share/robot_description/environment/path.dsv\n'}
[0.104063] (robot_description) StdoutLine: {'line': b'-- Up-to-date: /home/ros2_ws/ros2_ws/install/robot_description/share/robot_description/local_setup.bash\n'}
[0.104194] (robot_description) StdoutLine: {'line': b'-- Up-to-date: /home/ros2_ws/ros2_ws/install/robot_description/share/robot_description/local_setup.sh\n'}
[0.104320] (robot_description) StdoutLine: {'line': b'-- Up-to-date: /home/ros2_ws/ros2_ws/install/robot_description/share/robot_description/local_setup.zsh\n'}
[0.104446] (robot_description) StdoutLine: {'line': b'-- Up-to-date: /home/ros2_ws/ros2_ws/install/robot_description/share/robot_description/local_setup.dsv\n'}
[0.105053] (robot_description) StdoutLine: {'line': b'-- Up-to-date: /home/ros2_ws/ros2_ws/install/robot_description/share/robot_description/package.dsv\n'}
[0.105913] (robot_description) StdoutLine: {'line': b'-- Up-to-date: /home/ros2_ws/ros2_ws/install/robot_description/share/ament_index/resource_index/packages/robot_description\n'}
[0.106365] (robot_description) StdoutLine: {'line': b'-- Up-to-date: /home/ros2_ws/ros2_ws/install/robot_description/share/robot_description/cmake/robot_descriptionConfig.cmake\n'}
[0.106491] (robot_description) StdoutLine: {'line': b'-- Up-to-date: /home/ros2_ws/ros2_ws/install/robot_description/share/robot_description/cmake/robot_descriptionConfig-version.cmake\n'}
[0.106549] (robot_description) StdoutLine: {'line': b'-- Up-to-date: /home/ros2_ws/ros2_ws/install/robot_description/share/robot_description/package.xml\n'}
[0.106599] (robot_description) CommandEnded: {'returncode': 0}
[0.106858] (puma560_description) StdoutLine: {'line': b'-- Install configuration: ""\n'}
[0.107025] (puma560_description) StdoutLine: {'line': b'-- Up-to-date: /home/ros2_ws/ros2_ws/install/puma560_description/share/puma560_description/launch\n'}
[0.107081] (puma560_description) StdoutLine: {'line': b'-- Up-to-date: /home/ros2_ws/ros2_ws/install/puma560_description/share/puma560_description/launch/display.launch.py\n'}
[0.107130] (puma560_description) StdoutLine: {'line': b'-- Up-to-date: /home/ros2_ws/ros2_ws/install/puma560_description/share/puma560_description/urdf\n'}
[0.107176] (puma560_description) StdoutLine: {'line': b'-- Up-to-date: /home/ros2_ws/ros2_ws/install/puma560_description/share/puma560_description/urdf/description.txt\n'}
[0.107222] (puma560_description) StdoutLine: {'line': b'-- Up-to-date: /home/ros2_ws/ros2_ws/install/puma560_description/share/puma560_description/urdf/material.xacro\n'}
[0.107268] (puma560_description) StdoutLine: {'line': b'-- Up-to-date: /home/ros2_ws/ros2_ws/install/puma560_description/share/puma560_description/urdf/puma560_description.xacro\n'}
[0.107367] (puma560_description) StdoutLine: {'line': b'-- Installing: /home/ros2_ws/ros2_ws/install/puma560_description/share/puma560_description/config\n'}
[0.107412] (puma560_description) StdoutLine: {'line': b'-- Installing: /home/ros2_ws/ros2_ws/install/puma560_description/share/puma560_description/meshes\n'}
[0.107463] (puma560_description) StdoutLine: {'line': b'-- Installing: /home/ros2_ws/ros2_ws/install/puma560_description/share/puma560_description/meshes/link_5.STL\n'}
[0.107513] (puma560_description) StdoutLine: {'line': b'-- Installing: /home/ros2_ws/ros2_ws/install/puma560_description/share/puma560_description/meshes/link_1.STL\n'}
[0.107566] (puma560_description) StdoutLine: {'line': b'-- Installing: /home/ros2_ws/ros2_ws/install/puma560_description/share/puma560_description/meshes/link_4.STL\n'}
[0.107612] (puma560_description) StdoutLine: {'line': b'-- Installing: /home/ros2_ws/ros2_ws/install/puma560_description/share/puma560_description/meshes/base_link.STL\n'}
[0.107655] (puma560_description) StdoutLine: {'line': b'-- Installing: /home/ros2_ws/ros2_ws/install/puma560_description/share/puma560_description/meshes/link_3.STL\n'}
[0.107698] (puma560_description) StdoutLine: {'line': b'-- Installing: /home/ros2_ws/ros2_ws/install/puma560_description/share/puma560_description/meshes/link_2.STL\n'}
[0.107800] (puma560_description) StdoutLine: {'line': b'-- Installing: /home/ros2_ws/ros2_ws/install/puma560_description/share/puma560_description/rviz2\n'}
[0.107853] (puma560_description) StdoutLine: {'line': b'-- Installing: /home/ros2_ws/ros2_ws/install/puma560_description/share/puma560_description/rviz2/puma560_config.rviz\n'}
[0.107898] (puma560_description) StdoutLine: {'line': b'-- Installing: /home/ros2_ws/ros2_ws/install/puma560_description/share/ament_index/resource_index/package_run_dependencies/puma560_description\n'}
[0.107943] (puma560_description) StdoutLine: {'line': b'-- Installing: /home/ros2_ws/ros2_ws/install/puma560_description/share/ament_index/resource_index/parent_prefix_path/puma560_description\n'}
[0.108050] (puma560_description) StdoutLine: {'line': b'-- Installing: /home/ros2_ws/ros2_ws/install/puma560_description/share/puma560_description/environment/ament_prefix_path.sh\n'}
[0.108148] (puma560_description) StdoutLine: {'line': b'-- Installing: /home/ros2_ws/ros2_ws/install/puma560_description/share/puma560_description/environment/ament_prefix_path.dsv\n'}
[0.108224] (puma560_description) StdoutLine: {'line': b'-- Installing: /home/ros2_ws/ros2_ws/install/puma560_description/share/puma560_description/environment/path.sh\n'}
[0.108272] (puma560_description) StdoutLine: {'line': b'-- Installing: /home/ros2_ws/ros2_ws/install/puma560_description/share/puma560_description/environment/path.dsv\n'}
[0.108316] (puma560_description) StdoutLine: {'line': b'-- Installing: /home/ros2_ws/ros2_ws/install/puma560_description/share/puma560_description/local_setup.bash\n'}
[0.108402] (puma560_description) StdoutLine: {'line': b'-- Installing: /home/ros2_ws/ros2_ws/install/puma560_description/share/puma560_description/local_setup.sh\n'}
[0.108451] (puma560_description) StdoutLine: {'line': b'-- Installing: /home/ros2_ws/ros2_ws/install/puma560_description/share/puma560_description/local_setup.zsh\n'}
[0.108563] (puma560_description) StdoutLine: {'line': b'-- Installing: /home/ros2_ws/ros2_ws/install/puma560_description/share/puma560_description/local_setup.dsv\n'}
[0.108690] (puma560_description) StdoutLine: {'line': b'-- Up-to-date: /home/ros2_ws/ros2_ws/install/puma560_description/share/puma560_description/package.dsv\n'}
[0.108739] (puma560_description) StdoutLine: {'line': b'-- Installing: /home/ros2_ws/ros2_ws/install/puma560_description/share/ament_index/resource_index/packages/puma560_description\n'}
[0.108836] (puma560_description) StdoutLine: {'line': b'-- Installing: /home/ros2_ws/ros2_ws/install/puma560_description/share/puma560_description/cmake/puma560_descriptionConfig.cmake\n'}
[0.108996] (puma560_description) StdoutLine: {'line': b'-- Installing: /home/ros2_ws/ros2_ws/install/puma560_description/share/puma560_description/cmake/puma560_descriptionConfig-version.cmake\n'}
[0.109047] (puma560_description) StdoutLine: {'line': b'-- Installing: /home/ros2_ws/ros2_ws/install/puma560_description/share/puma560_description/package.xml\n'}
[0.118840] (puma560_description) CommandEnded: {'returncode': 0}
[0.152911] (robot_description) JobEnded: {'identifier': 'robot_description', 'rc': 0}
[0.158073] (puma560_description) JobEnded: {'identifier': 'puma560_description', 'rc': 0}
[0.158536] (-) EventReactorShutdown: {}
