[0.016s] Invoking command in '/home/ros2_ws/build/puma560_controller': CMAKE_PREFIX_PATH=${CMAKE_PREFIX_PATH}:/opt/ros/humble /usr/bin/cmake --build /home/ros2_ws/build/puma560_controller -- -j20 -l20
[0.030s] -- Found ament_cmake: 1.3.10 (/opt/ros/humble/share/ament_cmake/cmake)
[0.114s] -- Found ament_lint_auto: 0.12.11 (/opt/ros/humble/share/ament_lint_auto/cmake)
[0.150s] -- Added test 'lint_cmake' to check CMake code style
[0.150s] -- Added test 'xmllint' to check XML markup files
[0.151s] -- Configuring done
[0.152s] -- Generating done
[0.152s] -- Build files have been written to: /home/ros2_ws/build/puma560_controller
[0.166s] Invoked command in '/home/ros2_ws/build/puma560_controller' returned '0': CMAKE_PREFIX_PATH=${CMAKE_PREFIX_PATH}:/opt/ros/humble /usr/bin/cmake --build /home/ros2_ws/build/puma560_controller -- -j20 -l20
[0.179s] Invoking command in '/home/ros2_ws/build/puma560_controller': CMAKE_PREFIX_PATH=${CMAKE_PREFIX_PATH}:/opt/ros/humble /usr/bin/cmake --install /home/ros2_ws/build/puma560_controller
[0.185s] -- Install configuration: ""
[0.185s] -- Installing: /home/ros2_ws/install/puma560_controller/share/puma560_controller/config
[0.185s] -- Installing: /home/ros2_ws/install/puma560_controller/share/puma560_controller/config/puma560_controller.yaml
[0.185s] -- Up-to-date: /home/ros2_ws/install/puma560_controller/share/ament_index/resource_index/package_run_dependencies/puma560_controller
[0.185s] -- Up-to-date: /home/ros2_ws/install/puma560_controller/share/ament_index/resource_index/parent_prefix_path/puma560_controller
[0.185s] -- Up-to-date: /home/ros2_ws/install/puma560_controller/share/puma560_controller/environment/ament_prefix_path.sh
[0.186s] -- Installing: /home/ros2_ws/install/puma560_controller/share/puma560_controller/environment/ament_prefix_path.dsv
[0.186s] -- Up-to-date: /home/ros2_ws/install/puma560_controller/share/puma560_controller/environment/path.sh
[0.186s] -- Installing: /home/ros2_ws/install/puma560_controller/share/puma560_controller/environment/path.dsv
[0.186s] -- Up-to-date: /home/ros2_ws/install/puma560_controller/share/puma560_controller/local_setup.bash
[0.186s] -- Up-to-date: /home/ros2_ws/install/puma560_controller/share/puma560_controller/local_setup.sh
[0.186s] -- Up-to-date: /home/ros2_ws/install/puma560_controller/share/puma560_controller/local_setup.zsh
[0.186s] -- Installing: /home/ros2_ws/install/puma560_controller/share/puma560_controller/local_setup.dsv
[0.186s] -- Installing: /home/ros2_ws/install/puma560_controller/share/puma560_controller/package.dsv
[0.186s] -- Up-to-date: /home/ros2_ws/install/puma560_controller/share/ament_index/resource_index/packages/puma560_controller
[0.186s] -- Up-to-date: /home/ros2_ws/install/puma560_controller/share/puma560_controller/cmake/puma560_controllerConfig.cmake
[0.186s] -- Up-to-date: /home/ros2_ws/install/puma560_controller/share/puma560_controller/cmake/puma560_controllerConfig-version.cmake
[0.186s] -- Up-to-date: /home/ros2_ws/install/puma560_controller/share/puma560_controller/package.xml
[0.189s] Invoked command in '/home/ros2_ws/build/puma560_controller' returned '0': CMAKE_PREFIX_PATH=${CMAKE_PREFIX_PATH}:/opt/ros/humble /usr/bin/cmake --install /home/ros2_ws/build/puma560_controller
