[0.007s] Invoking command in '/home/ros2_ws/build/puma560_description': CMAKE_PREFIX_PATH=${CMAKE_PREFIX_PATH}:/opt/ros/humble /usr/bin/cmake /home/ros2_ws/src/puma560_description -DCMAKE_INSTALL_PREFIX=/home/ros2_ws/install/puma560_description
[0.066s] -- The C compiler identification is GNU 11.4.0
[0.102s] -- The CXX compiler identification is GNU 11.4.0
[0.106s] -- Detecting C compiler ABI info
[0.161s] -- Detecting C compiler ABI info - done
[0.166s] -- Check for working C compiler: /usr/bin/cc - skipped
[0.167s] -- Detecting C compile features
[0.167s] -- Detecting C compile features - done
[0.169s] -- Detecting CXX compiler ABI info
[0.244s] -- Detecting CXX compiler ABI info - done
[0.248s] -- Check for working CXX compiler: /usr/bin/c++ - skipped
[0.248s] -- Detecting CXX compile features
[0.248s] -- Detecting CXX compile features - done
[0.250s] -- Found ament_cmake: 1.3.10 (/opt/ros/humble/share/ament_cmake/cmake)
[0.333s] -- Found Python3: /usr/bin/python3 (found version "3.10.12") found components: Interpreter 
[0.386s] -- Found xacro: 2.0.8 (/opt/ros/humble/share/xacro/cmake)
[0.387s] -- Found urdf: 2.6.1 (/opt/ros/humble/share/urdf/cmake)
[0.421s] -- Found rviz2: 11.2.13 (/opt/ros/humble/share/rviz2/cmake)
[0.422s] -- Found ament_lint_auto: 0.12.11 (/opt/ros/humble/share/ament_lint_auto/cmake)
[0.469s] -- Added test 'flake8' to check Python code syntax and style conventions
[0.470s] -- Added test 'lint_cmake' to check CMake code style
[0.470s] -- Added test 'pep257' to check Python code against some of the docstring style conventions in PEP 257
[0.471s] -- Added test 'xmllint' to check XML markup files
[0.471s] -- Configuring done
[0.473s] -- Generating done
[0.473s] -- Build files have been written to: /home/ros2_ws/build/puma560_description
[0.481s] Invoked command in '/home/ros2_ws/build/puma560_description' returned '0': CMAKE_PREFIX_PATH=${CMAKE_PREFIX_PATH}:/opt/ros/humble /usr/bin/cmake /home/ros2_ws/src/puma560_description -DCMAKE_INSTALL_PREFIX=/home/ros2_ws/install/puma560_description
[0.481s] Invoking command in '/home/ros2_ws/build/puma560_description': CMAKE_PREFIX_PATH=${CMAKE_PREFIX_PATH}:/opt/ros/humble /usr/bin/cmake --build /home/ros2_ws/build/puma560_description -- -j20 -l20
[0.517s] Invoked command in '/home/ros2_ws/build/puma560_description' returned '0': CMAKE_PREFIX_PATH=${CMAKE_PREFIX_PATH}:/opt/ros/humble /usr/bin/cmake --build /home/ros2_ws/build/puma560_description -- -j20 -l20
[0.547s] Invoking command in '/home/ros2_ws/build/puma560_description': CMAKE_PREFIX_PATH=${CMAKE_PREFIX_PATH}:/opt/ros/humble /usr/bin/cmake --install /home/ros2_ws/build/puma560_description
[0.555s] -- Install configuration: ""
[0.555s] -- Installing: /home/ros2_ws/install/puma560_description/share/puma560_description/launch
[0.555s] -- Installing: /home/ros2_ws/install/puma560_description/share/puma560_description/launch/display.launch.py
[0.555s] -- Installing: /home/ros2_ws/install/puma560_description/share/puma560_description/launch/puma_display.launch.py
[0.555s] -- Installing: /home/ros2_ws/install/puma560_description/share/puma560_description/urdf
[0.555s] -- Installing: /home/ros2_ws/install/puma560_description/share/puma560_description/urdf/puma560_description.urdf.xacro
[0.555s] -- Installing: /home/ros2_ws/install/puma560_description/share/puma560_description/urdf/puma560.urdf.xacro
[0.555s] -- Installing: /home/ros2_ws/install/puma560_description/share/puma560_description/config
[0.555s] -- Installing: /home/ros2_ws/install/puma560_description/share/puma560_description/meshes
[0.555s] -- Installing: /home/ros2_ws/install/puma560_description/share/puma560_description/meshes/link_5.STL
[0.555s] -- Installing: /home/ros2_ws/install/puma560_description/share/puma560_description/meshes/link_1.STL
[0.556s] -- Installing: /home/ros2_ws/install/puma560_description/share/puma560_description/meshes/link_4.STL
[0.556s] -- Installing: /home/ros2_ws/install/puma560_description/share/puma560_description/meshes/base_link.STL
[0.559s] -- Installing: /home/ros2_ws/install/puma560_description/share/puma560_description/meshes/link_3.STL
[0.559s] -- Installing: /home/ros2_ws/install/puma560_description/share/puma560_description/meshes/link_2.STL
[0.559s] -- Installing: /home/ros2_ws/install/puma560_description/share/puma560_description/rviz2
[0.559s] -- Installing: /home/ros2_ws/install/puma560_description/share/puma560_description/rviz2/display_puma560.rviz
[0.559s] -- Installing: /home/ros2_ws/install/puma560_description/share/ament_index/resource_index/package_run_dependencies/puma560_description
[0.559s] -- Installing: /home/ros2_ws/install/puma560_description/share/ament_index/resource_index/parent_prefix_path/puma560_description
[0.560s] -- Installing: /home/ros2_ws/install/puma560_description/share/puma560_description/environment/ament_prefix_path.sh
[0.560s] -- Installing: /home/ros2_ws/install/puma560_description/share/puma560_description/environment/ament_prefix_path.dsv
[0.560s] -- Installing: /home/ros2_ws/install/puma560_description/share/puma560_description/environment/path.sh
[0.560s] -- Installing: /home/ros2_ws/install/puma560_description/share/puma560_description/environment/path.dsv
[0.560s] -- Installing: /home/ros2_ws/install/puma560_description/share/puma560_description/local_setup.bash
[0.560s] -- Installing: /home/ros2_ws/install/puma560_description/share/puma560_description/local_setup.sh
[0.560s] -- Installing: /home/ros2_ws/install/puma560_description/share/puma560_description/local_setup.zsh
[0.561s] -- Installing: /home/ros2_ws/install/puma560_description/share/puma560_description/local_setup.dsv
[0.561s] -- Installing: /home/ros2_ws/install/puma560_description/share/puma560_description/package.dsv
[0.561s] -- Installing: /home/ros2_ws/install/puma560_description/share/ament_index/resource_index/packages/puma560_description
[0.561s] -- Installing: /home/ros2_ws/install/puma560_description/share/puma560_description/cmake/puma560_descriptionConfig.cmake
[0.561s] -- Installing: /home/ros2_ws/install/puma560_description/share/puma560_description/cmake/puma560_descriptionConfig-version.cmake
[0.561s] -- Installing: /home/ros2_ws/install/puma560_description/share/puma560_description/package.xml
[0.562s] Invoked command in '/home/ros2_ws/build/puma560_description' returned '0': CMAKE_PREFIX_PATH=${CMAKE_PREFIX_PATH}:/opt/ros/humble /usr/bin/cmake --install /home/ros2_ws/build/puma560_description
