2024-09-20 17:06:36.212 [info] [principal] Nível de log: Info
2024-09-20 17:06:36.212 [info] [principal] Validando o git encontrado em: "git"
2024-09-20 17:06:36.212 [info] [principal] Usando git "2.34.1" de "git"
2024-09-20 17:06:36.212 [info] [Model][doInitialScan] Initial repository scan started
2024-09-20 17:06:36.212 [info] > git rev-parse --show-toplevel [3ms]
2024-09-20 17:06:36.212 [info] fatal: not a git repository (or any parent up to mount point /home)
Stopping at filesystem boundary (GIT_DISCOVERY_ACROSS_FILESYSTEM not set).
2024-09-20 17:06:36.212 [info] > git rev-parse --show-toplevel [3ms]
2024-09-20 17:06:36.212 [info] fatal: not a git repository (or any parent up to mount point /home)
Stopping at filesystem boundary (GIT_DISCOVERY_ACROSS_FILESYSTEM not set).
2024-09-20 17:06:36.212 [info] > git rev-parse --show-toplevel [5ms]
2024-09-20 17:06:36.212 [info] fatal: not a git repository (or any parent up to mount point /home)
Stopping at filesystem boundary (GIT_DISCOVERY_ACROSS_FILESYSTEM not set).
2024-09-20 17:06:36.212 [info] > git rev-parse --show-toplevel [2ms]
2024-09-20 17:06:36.212 [info] fatal: not a git repository (or any parent up to mount point /home)
Stopping at filesystem boundary (GIT_DISCOVERY_ACROSS_FILESYSTEM not set).
2024-09-20 17:06:36.212 [info] > git rev-parse --show-toplevel [3ms]
2024-09-20 17:06:36.212 [info] fatal: not a git repository (or any parent up to mount point /home)
Stopping at filesystem boundary (GIT_DISCOVERY_ACROSS_FILESYSTEM not set).
2024-09-20 17:06:36.212 [info] > git rev-parse --show-toplevel [2ms]
2024-09-20 17:06:36.212 [info] fatal: not a git repository (or any parent up to mount point /home)
Stopping at filesystem boundary (GIT_DISCOVERY_ACROSS_FILESYSTEM not set).
2024-09-20 17:06:36.212 [info] > git rev-parse --show-toplevel [2ms]
2024-09-20 17:06:36.212 [info] fatal: not a git repository (or any parent up to mount point /home)
Stopping at filesystem boundary (GIT_DISCOVERY_ACROSS_FILESYSTEM not set).
2024-09-20 17:06:36.212 [info] > git rev-parse --show-toplevel [3ms]
2024-09-20 17:06:36.212 [info] fatal: not a git repository (or any parent up to mount point /home)
Stopping at filesystem boundary (GIT_DISCOVERY_ACROSS_FILESYSTEM not set).
2024-09-20 17:06:36.212 [info] > git rev-parse --show-toplevel [2ms]
2024-09-20 17:06:36.212 [info] fatal: not a git repository (or any parent up to mount point /home)
Stopping at filesystem boundary (GIT_DISCOVERY_ACROSS_FILESYSTEM not set).
2024-09-20 17:06:36.212 [info] > git rev-parse --show-toplevel [7ms]
2024-09-20 17:06:36.212 [info] fatal: not a git repository (or any parent up to mount point /home)
Stopping at filesystem boundary (GIT_DISCOVERY_ACROSS_FILESYSTEM not set).
2024-09-20 17:06:36.213 [info] > git rev-parse --show-toplevel [2ms]
2024-09-20 17:06:36.213 [info] fatal: not a git repository (or any parent up to mount point /home)
Stopping at filesystem boundary (GIT_DISCOVERY_ACROSS_FILESYSTEM not set).
2024-09-20 17:06:36.225 [info] > git rev-parse --show-toplevel [7ms]
2024-09-20 17:06:36.225 [info] fatal: not a git repository (or any parent up to mount point /home)
Stopping at filesystem boundary (GIT_DISCOVERY_ACROSS_FILESYSTEM not set).
2024-09-20 17:06:36.231 [info] [Model][doInitialScan] Initial repository scan completed - repositories (0), closed repositories (0), parent repositories (0), unsafe repositories (0)
