[0.010s] Invoking command in '/home/ros2_ws/build/dahora_cpp': CMAKE_PREFIX_PATH=/opt/ros/humble /usr/bin/cmake /home/ros2_ws/src/dahora_cpp -DCMAKE_INSTALL_PREFIX=/home/ros2_ws/install/dahora_cpp
[0.043s] -- The C compiler identification is GNU 11.4.0
[0.075s] -- The CXX compiler identification is GNU 11.4.0
[0.079s] -- Detecting C compiler ABI info
[0.120s] -- Detecting C compiler ABI info - done
[0.124s] -- Check for working C compiler: /usr/bin/cc - skipped
[0.124s] -- Detecting C compile features
[0.124s] -- Detecting C compile features - done
[0.126s] -- Detecting CXX compiler ABI info
[0.170s] -- Detecting CXX compiler ABI info - done
[0.174s] -- Check for working CXX compiler: /usr/bin/c++ - skipped
[0.174s] -- Detecting CXX compile features
[0.174s] -- Detecting CXX compile features - done
[0.176s] -- Found ament_cmake: 1.3.10 (/opt/ros/humble/share/ament_cmake/cmake)
[0.261s] -- Found Python3: /usr/bin/python3 (found version "3.10.12") found components: Interpreter 
[0.313s] -- Found rclcpp: 16.0.10 (/opt/ros/humble/share/rclcpp/cmake)
[0.339s] -- Found rosidl_generator_c: 3.1.5 (/opt/ros/humble/share/rosidl_generator_c/cmake)
[0.342s] -- Found rosidl_adapter: 3.1.5 (/opt/ros/humble/share/rosidl_adapter/cmake)
[0.347s] -- Found rosidl_generator_cpp: 3.1.5 (/opt/ros/humble/share/rosidl_generator_cpp/cmake)
[0.354s] -- Using all available rosidl_typesupport_c: rosidl_typesupport_fastrtps_c;rosidl_typesupport_introspection_c
[0.363s] -- Using all available rosidl_typesupport_cpp: rosidl_typesupport_fastrtps_cpp;rosidl_typesupport_introspection_cpp
[0.390s] -- Found rmw_implementation_cmake: 6.1.2 (/opt/ros/humble/share/rmw_implementation_cmake/cmake)
[0.391s] -- Found rmw_fastrtps_cpp: 6.2.7 (/opt/ros/humble/share/rmw_fastrtps_cpp/cmake)
[0.450s] -- Found OpenSSL: /usr/lib/x86_64-linux-gnu/libcrypto.so (found version "3.0.2")  
[0.470s] -- Found FastRTPS: /opt/ros/humble/include  
[0.502s] -- Using RMW implementation 'rmw_fastrtps_cpp' as default
[0.507s] -- Looking for pthread.h
[0.569s] -- Looking for pthread.h - found
[0.570s] -- Performing Test CMAKE_HAVE_LIBC_PTHREAD
[0.636s] -- Performing Test CMAKE_HAVE_LIBC_PTHREAD - Success
[0.637s] -- Found Threads: TRUE  
[0.666s] -- Found ament_lint_auto: 0.12.11 (/opt/ros/humble/share/ament_lint_auto/cmake)
[0.707s] -- Added test 'cppcheck' to perform static code analysis on C / C++ code
[0.707s] -- Configured cppcheck include dirs: 
[0.707s] -- Configured cppcheck exclude dirs and/or files: 
[0.708s] -- Added test 'lint_cmake' to check CMake code style
[0.708s] -- Added test 'uncrustify' to check C / C++ code style
[0.708s] -- Configured uncrustify additional arguments: 
[0.708s] -- Added test 'xmllint' to check XML markup files
[0.709s] -- Configuring done
[0.711s] -- Generating done
[0.712s] -- Build files have been written to: /home/ros2_ws/build/dahora_cpp
[0.717s] Invoked command in '/home/ros2_ws/build/dahora_cpp' returned '0': CMAKE_PREFIX_PATH=/opt/ros/humble /usr/bin/cmake /home/ros2_ws/src/dahora_cpp -DCMAKE_INSTALL_PREFIX=/home/ros2_ws/install/dahora_cpp
[0.717s] Invoking command in '/home/ros2_ws/build/dahora_cpp': CMAKE_PREFIX_PATH=/opt/ros/humble /usr/bin/cmake --build /home/ros2_ws/build/dahora_cpp -- -j20 -l20
[0.742s] Invoked command in '/home/ros2_ws/build/dahora_cpp' returned '0': CMAKE_PREFIX_PATH=/opt/ros/humble /usr/bin/cmake --build /home/ros2_ws/build/dahora_cpp -- -j20 -l20
[0.756s] Invoking command in '/home/ros2_ws/build/dahora_cpp': CMAKE_PREFIX_PATH=/opt/ros/humble /usr/bin/cmake --install /home/ros2_ws/build/dahora_cpp
[0.760s] -- Install configuration: ""
[0.761s] -- Installing: /home/ros2_ws/install/dahora_cpp/share/ament_index/resource_index/package_run_dependencies/dahora_cpp
[0.761s] -- Installing: /home/ros2_ws/install/dahora_cpp/share/ament_index/resource_index/parent_prefix_path/dahora_cpp
[0.761s] -- Installing: /home/ros2_ws/install/dahora_cpp/share/dahora_cpp/environment/ament_prefix_path.sh
[0.761s] -- Installing: /home/ros2_ws/install/dahora_cpp/share/dahora_cpp/environment/ament_prefix_path.dsv
[0.761s] -- Installing: /home/ros2_ws/install/dahora_cpp/share/dahora_cpp/environment/path.sh
[0.761s] -- Installing: /home/ros2_ws/install/dahora_cpp/share/dahora_cpp/environment/path.dsv
[0.761s] -- Installing: /home/ros2_ws/install/dahora_cpp/share/dahora_cpp/local_setup.bash
[0.761s] -- Installing: /home/ros2_ws/install/dahora_cpp/share/dahora_cpp/local_setup.sh
[0.761s] -- Installing: /home/ros2_ws/install/dahora_cpp/share/dahora_cpp/local_setup.zsh
[0.762s] -- Installing: /home/ros2_ws/install/dahora_cpp/share/dahora_cpp/local_setup.dsv
[0.762s] -- Installing: /home/ros2_ws/install/dahora_cpp/share/dahora_cpp/package.dsv
[0.762s] -- Installing: /home/ros2_ws/install/dahora_cpp/share/ament_index/resource_index/packages/dahora_cpp
[0.762s] -- Installing: /home/ros2_ws/install/dahora_cpp/share/dahora_cpp/cmake/dahora_cppConfig.cmake
[0.762s] -- Installing: /home/ros2_ws/install/dahora_cpp/share/dahora_cpp/cmake/dahora_cppConfig-version.cmake
[0.762s] -- Installing: /home/ros2_ws/install/dahora_cpp/share/dahora_cpp/package.xml
[0.763s] Invoked command in '/home/ros2_ws/build/dahora_cpp' returned '0': CMAKE_PREFIX_PATH=/opt/ros/humble /usr/bin/cmake --install /home/ros2_ws/build/dahora_cpp
