(2024-10-25T00:44:49.117049077) (2024-10-25T00:44:49.117054846) [Msg] Ignition Gazebo Server v6.16.0
(2024-10-25T00:44:49.119977981) (2024-10-25T00:44:49.119987542) [Msg] Loading SDF world file[/usr/share/ignition/ignition-gazebo6/worlds/empty.sdf].
(2024-10-25T00:44:49.153379822) (2024-10-25T00:44:49.153385822) [Msg] Serving entity system service on [/entity/system/add]
(2024-10-25T00:44:49.171392544) (2024-10-25T00:44:49.171398193) [Dbg] [Physics.cc:804] Loaded [ignition::physics::dartsim::Plugin] from library [/usr/lib/x86_64-linux-gnu/ign-physics-5/engine-plugins/libignition-physics-dartsim-plugin.so]
(2024-10-25T00:44:49.171429650) (2024-10-25T00:44:49.171434280) [Dbg] [SystemManager.cc:70] Loaded system [gz::sim::systems::Physics] for entity [1]
(2024-10-25T00:44:49.172782225) (2024-10-25T00:44:49.172790530) [Msg] Create service on [/world/empty/create]
(2024-10-25T00:44:49.172889690) (2024-10-25T00:44:49.172895235) [Msg] Remove service on [/world/empty/remove]
(2024-10-25T00:44:49.172974311) (2024-10-25T00:44:49.172979488) [Msg] Pose service on [/world/empty/set_pose]
(2024-10-25T00:44:49.173053711) (2024-10-25T00:44:49.173059937) [Msg] Pose service on [/world/empty/set_pose_vector]
(2024-10-25T00:44:49.173178005) (2024-10-25T00:44:49.173184224) [Msg] Light configuration service on [/world/empty/light_config]
(2024-10-25T00:44:49.173327402) (2024-10-25T00:44:49.173333957) [Msg] Physics service on [/world/empty/set_physics]
(2024-10-25T00:44:49.173435819) (2024-10-25T00:44:49.173442221) [Msg] SphericalCoordinates service on [/world/empty/set_spherical_coordinates]
(2024-10-25T00:44:49.173581956) (2024-10-25T00:44:49.173586348) [Msg] Enable collision service on [/world/empty/enable_collision]
(2024-10-25T00:44:49.173630555) (2024-10-25T00:44:49.173632925) [Msg] Disable collision service on [/world/empty/disable_collision]
(2024-10-25T00:44:49.173730342) (2024-10-25T00:44:49.173733000) [Msg] Material service on [/world/empty/visual_config]
(2024-10-25T00:44:49.173772379) (2024-10-25T00:44:49.173774826) [Msg] Material service on [/world/empty/wheel_slip]
(2024-10-25T00:44:49.173789342) (2024-10-25T00:44:49.173791666) [Dbg] [SystemManager.cc:70] Loaded system [gz::sim::systems::UserCommands] for entity [1]
(2024-10-25T00:44:49.174772594) (2024-10-25T00:44:49.174776082) [Dbg] [SystemManager.cc:70] Loaded system [gz::sim::systems::SceneBroadcaster] for entity [1]
(2024-10-25T00:44:49.175438287) (2024-10-25T00:44:49.175442483) [Dbg] [SystemManager.cc:70] Loaded system [gz::sim::systems::Contact] for entity [1]
(2024-10-25T00:44:49.175630112) (2024-10-25T00:44:49.175633278) [Msg] Loaded level [3]
(2024-10-25T00:44:49.175762571) (2024-10-25T00:44:49.175765299) [Msg] Serving world controls on [/world/empty/control], [/world/empty/control/state] and [/world/empty/playback/control]
(2024-10-25T00:44:49.175805358) (2024-10-25T00:44:49.175807687) [Msg] Serving GUI information on [/world/empty/gui/info]
(2024-10-25T00:44:49.175818711) (2024-10-25T00:44:49.175820894) [Msg] World [empty] initialized with [1ms] physics profile.
(2024-10-25T00:44:49.175875551) (2024-10-25T00:44:49.175878106) [Msg] Serving world SDF generation service on [/world/empty/generate_world_sdf]
(2024-10-25T00:44:49.175915864) (2024-10-25T00:44:49.175918244) [Msg] Serving world names on [/gazebo/worlds]
(2024-10-25T00:44:49.175940271) (2024-10-25T00:44:49.175942581) [Msg] Resource path add service on [/gazebo/resource_paths/add].
(2024-10-25T00:44:49.175963490) (2024-10-25T00:44:49.175965834) [Msg] Resource path get service on [/gazebo/resource_paths/get].
(2024-10-25T00:44:49.175986437) (2024-10-25T00:44:49.175988753) [Msg] Resource path resolve service on [/gazebo/resource_paths/resolve].
(2024-10-25T00:44:49.176023162) (2024-10-25T00:44:49.176025490) [Msg] Resource paths published on [/gazebo/resource_paths].
(2024-10-25T00:44:49.176064021) (2024-10-25T00:44:49.176066551) [Msg] Server control service on [/server_control].
(2024-10-25T00:44:51.16134620) (2024-10-25T00:44:51.16172754) [Msg] Found no publishers on /stats, adding root stats topic
(2024-10-25T00:44:51.16638217) (2024-10-25T00:44:51.16678794) [Msg] Found no publishers on /clock, adding root clock topic
(2024-10-25T00:44:51.16968333) (2024-10-25T00:44:51.16980857) [Dbg] [SimulationRunner.cc:496] Creating PostUpdate worker threads: 3
(2024-10-25T00:44:51.17027436) (2024-10-25T00:44:51.17039481) [Dbg] [SimulationRunner.cc:507] Creating postupdate worker thread (0)
(2024-10-25T00:44:51.17229818) (2024-10-25T00:44:51.17241271) [Dbg] [SimulationRunner.cc:507] Creating postupdate worker thread (1)
(2024-10-25T00:44:51.67641366) (2024-10-25T00:44:51.67650274) [Dbg] [UserCommands.cc:1303] Created entity [10] named [puma560]
(2024-10-25T00:44:51.145858044) (2024-10-25T00:44:51.145869650) [Msg] Serving scene information on [/world/empty/scene/info]
(2024-10-25T00:44:51.145955667) (2024-10-25T00:44:51.145961909) [Msg] Serving graph information on [/world/empty/scene/graph]
(2024-10-25T00:44:51.146092957) (2024-10-25T00:44:51.146099103) [Msg] Serving full state on [/world/empty/state]
(2024-10-25T00:44:51.146154969) (2024-10-25T00:44:51.146160851) [Msg] Serving full state (async) on [/world/empty/state_async]
(2024-10-25T00:44:51.146235800) (2024-10-25T00:44:51.146241899) [Msg] Publishing scene information on [/world/empty/scene/info]
(2024-10-25T00:44:51.146308827) (2024-10-25T00:44:51.146314788) [Msg] Publishing entity deletions on [/world/empty/scene/deletion]
(2024-10-25T00:44:51.146372718) (2024-10-25T00:44:51.146378211) [Msg] Publishing state changes on [/world/empty/state]
(2024-10-25T00:44:51.146433484) (2024-10-25T00:44:51.146437568) [Msg] Publishing pose messages on [/world/empty/pose/info]
(2024-10-25T00:44:51.146476850) (2024-10-25T00:44:51.146480909) [Msg] Publishing dynamic pose messages on [/world/empty/dynamic_pose/info]
(2024-10-25T00:44:51.146658084) (2024-10-25T00:44:51.146662622) [Dbg] [EntityComponentManager.cc:1623] Updated state thread iterators: 20 threads processing around 2 entities each.
(2024-10-25T00:44:51.147225075) (2024-10-25T00:44:51.147240383) [Wrn] [Component.hh:144] Trying to serialize component with data type [N3sdf3v125WorldE], which doesn't have `operator<<`. Component will not be serialized.
(2024-10-25T00:47:51.532549340) (2024-10-25T00:47:51.532558887) [Dbg] [SignalHandler.cc:141] Received signal[2].
(2024-10-25T00:47:51.532583963) (2024-10-25T00:47:51.532587826) [Dbg] [ServerPrivate.cc:110] Server received signal[2]
(2024-10-25T00:47:51.533007054) (2024-10-25T00:47:51.533011127) [Dbg] [gz.cc:410] Shutting down ign-gazebo-server
((2024-10-25T00:47:51.534761057) (2024-10-25T00:47:51.534786275) 2024-10-25T00:47:51.534775468) [Dbg] [SimulationRunner.cc:523] ) [Dbg] [SimulationRunner.cc:523] () Exiting postupdate worker thread (Exiting postupdate worker thread ([Dbg] [SimulationRunner.cc:523] Exiting postupdate worker thread (01)
01)
