2024-09-20 17:06:47.532 [info] [principal] Nível de log: Info
2024-09-20 17:06:47.532 [info] [principal] Validando o git encontrado em: "git"
2024-09-20 17:06:47.532 [info] [principal] Usando git "2.34.1" de "git"
2024-09-20 17:06:47.532 [info] [Model][doInitialScan] Initial repository scan started
2024-09-20 17:06:47.532 [info] > git rev-parse --show-toplevel [3ms]
2024-09-20 17:06:47.532 [info] fatal: not a git repository (or any of the parent directories): .git
2024-09-20 17:06:47.532 [info] > git rev-parse --show-toplevel [1ms]
2024-09-20 17:06:47.532 [info] fatal: not a git repository (or any parent up to mount point /home)
Stopping at filesystem boundary (GIT_DISCOVERY_ACROSS_FILESYSTEM not set).
2024-09-20 17:06:47.532 [warning] [Model][traverseWorkspaceFolder] Unable to read workspace folder '/root': Error: EACCES: permission denied, scandir '/root'
2024-09-20 17:06:47.533 [info] > git rev-parse --show-toplevel [1ms]
2024-09-20 17:06:47.533 [info] fatal: not a git repository (or any of the parent directories): .git
2024-09-20 17:06:47.533 [info] > git rev-parse --show-toplevel [2ms]
2024-09-20 17:06:47.533 [info] fatal: not a git repository (or any parent up to mount point /)
Stopping at filesystem boundary (GIT_DISCOVERY_ACROSS_FILESYSTEM not set).
2024-09-20 17:06:47.533 [info] > git rev-parse --show-toplevel [2ms]
2024-09-20 17:06:47.533 [info] fatal: not a git repository (or any of the parent directories): .git
2024-09-20 17:06:47.533 [info] > git rev-parse --show-toplevel [2ms]
2024-09-20 17:06:47.533 [info] fatal: not a git repository (or any of the parent directories): .git
2024-09-20 17:06:47.533 [info] > git rev-parse --show-toplevel [2ms]
2024-09-20 17:06:47.533 [info] fatal: not a git repository (or any of the parent directories): .git
2024-09-20 17:06:47.533 [info] > git rev-parse --show-toplevel [3ms]
2024-09-20 17:06:47.533 [info] fatal: not a git repository (or any of the parent directories): .git
2024-09-20 17:06:47.533 [info] > git rev-parse --show-toplevel [1ms]
2024-09-20 17:06:47.533 [info] fatal: not a git repository (or any of the parent directories): .git
2024-09-20 17:06:47.533 [info] > git rev-parse --show-toplevel [1ms]
2024-09-20 17:06:47.533 [info] fatal: not a git repository (or any of the parent directories): .git
2024-09-20 17:06:47.533 [info] > git rev-parse --show-toplevel [2ms]
2024-09-20 17:06:47.533 [info] fatal: not a git repository (or any parent up to mount point /)
Stopping at filesystem boundary (GIT_DISCOVERY_ACROSS_FILESYSTEM not set).
2024-09-20 17:06:47.533 [info] > git rev-parse --show-toplevel [2ms]
2024-09-20 17:06:47.533 [info] fatal: not a git repository (or any of the parent directories): .git
2024-09-20 17:06:47.533 [info] > git rev-parse --show-toplevel [2ms]
2024-09-20 17:06:47.533 [info] fatal: not a git repository (or any of the parent directories): .git
2024-09-20 17:06:47.533 [info] > git rev-parse --show-toplevel [2ms]
2024-09-20 17:06:47.533 [info] fatal: not a git repository (or any parent up to mount point /)
Stopping at filesystem boundary (GIT_DISCOVERY_ACROSS_FILESYSTEM not set).
2024-09-20 17:06:47.533 [info] > git rev-parse --show-toplevel [1ms]
2024-09-20 17:06:47.533 [info] fatal: not a git repository (or any of the parent directories): .git
2024-09-20 17:06:47.533 [info] > git rev-parse --show-toplevel [3ms]
2024-09-20 17:06:47.533 [info] fatal: not a git repository (or any of the parent directories): .git
2024-09-20 17:06:47.533 [info] > git rev-parse --show-toplevel [2ms]
2024-09-20 17:06:47.533 [info] fatal: not a git repository (or any of the parent directories): .git
2024-09-20 17:06:47.533 [info] [Model][doInitialScan] Initial repository scan completed - repositories (0), closed repositories (0), parent repositories (0), unsafe repositories (0)
2024-09-20 17:06:48.434 [info] > git rev-parse --show-toplevel [2ms]
2024-09-20 17:06:48.434 [info] fatal: not a git repository (or any of the parent directories): .git
2024-09-20 17:07:25.577 [info] > git rev-parse --show-toplevel [1ms]
2024-09-20 17:07:25.577 [info] fatal: not a git repository (or any of the parent directories): .git
