[0.036s] Invoking command in '/home/ROS/ros2_ws/build/robot_description': CMAKE_PREFIX_PATH=${CMAKE_PREFIX_PATH}:/opt/ros/humble /usr/bin/cmake --build /home/ROS/ros2_ws/build/robot_description -- -j8 -l8
[0.133s] -- Found ament_cmake: 1.3.9 (/opt/ros/humble/share/ament_cmake/cmake)
[0.430s] -- Found ament_lint_auto: 0.12.11 (/opt/ros/humble/share/ament_lint_auto/cmake)
[0.577s] -- Added test 'flake8' to check Python code syntax and style conventions
[0.578s] -- Added test 'lint_cmake' to check CMake code style
[0.579s] -- Added test 'pep257' to check Python code against some of the docstring style conventions in PEP 257
[0.581s] -- Added test 'xmllint' to check XML markup files
[0.584s] -- Configuring done
[0.594s] -- Generating done
[0.596s] -- Build files have been written to: /home/ROS/ros2_ws/build/robot_description
[0.649s] Invoked command in '/home/ROS/ros2_ws/build/robot_description' returned '0': CMAKE_PREFIX_PATH=${CMAKE_PREFIX_PATH}:/opt/ros/humble /usr/bin/cmake --build /home/ROS/ros2_ws/build/robot_description -- -j8 -l8
[0.718s] Invoking command in '/home/ROS/ros2_ws/build/robot_description': CMAKE_PREFIX_PATH=${CMAKE_PREFIX_PATH}:/opt/ros/humble /usr/bin/cmake --install /home/ROS/ros2_ws/build/robot_description
[0.735s] -- Install configuration: ""
[0.735s] -- Up-to-date: /home/ROS/ros2_ws/install/robot_description/share/robot_description/launch
[0.736s] -- Up-to-date: /home/ROS/ros2_ws/install/robot_description/share/robot_description/launch/test.py
[0.736s] -- Up-to-date: /home/ROS/ros2_ws/install/robot_description/share/robot_description/launch/display.launch.yaml
[0.736s] -- Up-to-date: /home/ROS/ros2_ws/install/robot_description/share/robot_description/launch/display.launch.py
[0.736s] -- Up-to-date: /home/ROS/ros2_ws/install/robot_description/share/robot_description/urdf
[0.736s] -- Up-to-date: /home/ROS/ros2_ws/install/robot_description/share/robot_description/urdf/robot_example.urdf
[0.736s] -- Up-to-date: /home/ROS/ros2_ws/install/robot_description/share/robot_description/config
[0.737s] -- Up-to-date: /home/ROS/ros2_ws/install/robot_description/share/robot_description/config/config.rviz
[0.737s] -- Up-to-date: /home/ROS/ros2_ws/install/robot_description/share/ament_index/resource_index/package_run_dependencies/robot_description
[0.737s] -- Up-to-date: /home/ROS/ros2_ws/install/robot_description/share/ament_index/resource_index/parent_prefix_path/robot_description
[0.737s] -- Installing: /home/ROS/ros2_ws/install/robot_description/share/robot_description/environment/ament_prefix_path.sh
[0.737s] -- Installing: /home/ROS/ros2_ws/install/robot_description/share/robot_description/environment/ament_prefix_path.dsv
[0.738s] -- Installing: /home/ROS/ros2_ws/install/robot_description/share/robot_description/environment/path.sh
[0.738s] -- Installing: /home/ROS/ros2_ws/install/robot_description/share/robot_description/environment/path.dsv
[0.738s] -- Up-to-date: /home/ROS/ros2_ws/install/robot_description/share/robot_description/local_setup.bash
[0.739s] -- Up-to-date: /home/ROS/ros2_ws/install/robot_description/share/robot_description/local_setup.sh
[0.739s] -- Up-to-date: /home/ROS/ros2_ws/install/robot_description/share/robot_description/local_setup.zsh
[0.739s] -- Installing: /home/ROS/ros2_ws/install/robot_description/share/robot_description/local_setup.dsv
[0.739s] -- Installing: /home/ROS/ros2_ws/install/robot_description/share/robot_description/package.dsv
[0.740s] -- Up-to-date: /home/ROS/ros2_ws/install/robot_description/share/ament_index/resource_index/packages/robot_description
[0.740s] -- Up-to-date: /home/ROS/ros2_ws/install/robot_description/share/robot_description/cmake/robot_descriptionConfig.cmake
[0.740s] -- Up-to-date: /home/ROS/ros2_ws/install/robot_description/share/robot_description/cmake/robot_descriptionConfig-version.cmake
[0.740s] -- Up-to-date: /home/ROS/ros2_ws/install/robot_description/share/robot_description/package.xml
[0.744s] Invoked command in '/home/ROS/ros2_ws/build/robot_description' returned '0': CMAKE_PREFIX_PATH=${CMAKE_PREFIX_PATH}:/opt/ros/humble /usr/bin/cmake --install /home/ROS/ros2_ws/build/robot_description
