[0.005s] Invoking command in '/home/ros2_ws/build/robot_description': CMAKE_PREFIX_PATH=${CMAKE_PREFIX_PATH}:/opt/ros/humble /usr/bin/cmake /home/ros2_ws/src/robot_description -DCMAKE_INSTALL_PREFIX=/home/ros2_ws/install/robot_description
[0.060s] -- The C compiler identification is GNU 11.4.0
[0.096s] -- The CXX compiler identification is GNU 11.4.0
[0.100s] -- Detecting C compiler ABI info
[0.154s] -- Detecting C compiler ABI info - done
[0.159s] -- Check for working C compiler: /usr/bin/cc - skipped
[0.159s] -- Detecting C compile features
[0.159s] -- Detecting C compile features - done
[0.161s] -- Detecting CXX compiler ABI info
[0.240s] -- Detecting CXX compiler ABI info - done
[0.245s] -- Check for working CXX compiler: /usr/bin/c++ - skipped
[0.245s] -- Detecting CXX compile features
[0.246s] -- Detecting CXX compile features - done
[0.247s] -- Found ament_cmake: 1.3.10 (/opt/ros/humble/share/ament_cmake/cmake)
[0.329s] -- Found Python3: /usr/bin/python3 (found version "3.10.12") found components: Interpreter 
[0.382s] -- Found ament_lint_auto: 0.12.11 (/opt/ros/humble/share/ament_lint_auto/cmake)
[0.426s] -- Added test 'flake8' to check Python code syntax and style conventions
[0.426s] -- Added test 'lint_cmake' to check CMake code style
[0.426s] -- Added test 'pep257' to check Python code against some of the docstring style conventions in PEP 257
[0.426s] -- Added test 'xmllint' to check XML markup files
[0.427s] -- Configuring done
[0.428s] -- Generating done
[0.429s] -- Build files have been written to: /home/ros2_ws/build/robot_description
[0.431s] Invoked command in '/home/ros2_ws/build/robot_description' returned '0': CMAKE_PREFIX_PATH=${CMAKE_PREFIX_PATH}:/opt/ros/humble /usr/bin/cmake /home/ros2_ws/src/robot_description -DCMAKE_INSTALL_PREFIX=/home/ros2_ws/install/robot_description
[0.432s] Invoking command in '/home/ros2_ws/build/robot_description': CMAKE_PREFIX_PATH=${CMAKE_PREFIX_PATH}:/opt/ros/humble /usr/bin/cmake --build /home/ros2_ws/build/robot_description -- -j20 -l20
[0.456s] Invoked command in '/home/ros2_ws/build/robot_description' returned '0': CMAKE_PREFIX_PATH=${CMAKE_PREFIX_PATH}:/opt/ros/humble /usr/bin/cmake --build /home/ros2_ws/build/robot_description -- -j20 -l20
[0.476s] Invoking command in '/home/ros2_ws/build/robot_description': CMAKE_PREFIX_PATH=${CMAKE_PREFIX_PATH}:/opt/ros/humble /usr/bin/cmake --install /home/ros2_ws/build/robot_description
[0.480s] -- Install configuration: ""
[0.480s] -- Installing: /home/ros2_ws/install/robot_description/share/robot_description/launch
[0.480s] -- Installing: /home/ros2_ws/install/robot_description/share/robot_description/launch/display.launch.py
[0.480s] -- Installing: /home/ros2_ws/install/robot_description/share/robot_description/launch/display.launch.yaml
[0.480s] -- Installing: /home/ros2_ws/install/robot_description/share/robot_description/launch/test.py
[0.480s] -- Installing: /home/ros2_ws/install/robot_description/share/robot_description/urdf
[0.480s] -- Installing: /home/ros2_ws/install/robot_description/share/robot_description/urdf/robot_example.urdf
[0.480s] -- Installing: /home/ros2_ws/install/robot_description/share/robot_description/config
[0.480s] -- Installing: /home/ros2_ws/install/robot_description/share/robot_description/config/config.rviz
[0.480s] -- Installing: /home/ros2_ws/install/robot_description/share/ament_index/resource_index/package_run_dependencies/robot_description
[0.480s] -- Installing: /home/ros2_ws/install/robot_description/share/ament_index/resource_index/parent_prefix_path/robot_description
[0.480s] -- Installing: /home/ros2_ws/install/robot_description/share/robot_description/environment/ament_prefix_path.sh
[0.480s] -- Installing: /home/ros2_ws/install/robot_description/share/robot_description/environment/ament_prefix_path.dsv
[0.480s] -- Installing: /home/ros2_ws/install/robot_description/share/robot_description/environment/path.sh
[0.480s] -- Installing: /home/ros2_ws/install/robot_description/share/robot_description/environment/path.dsv
[0.480s] -- Installing: /home/ros2_ws/install/robot_description/share/robot_description/local_setup.bash
[0.480s] -- Installing: /home/ros2_ws/install/robot_description/share/robot_description/local_setup.sh
[0.480s] -- Installing: /home/ros2_ws/install/robot_description/share/robot_description/local_setup.zsh
[0.480s] -- Installing: /home/ros2_ws/install/robot_description/share/robot_description/local_setup.dsv
[0.481s] -- Installing: /home/ros2_ws/install/robot_description/share/robot_description/package.dsv
[0.481s] -- Installing: /home/ros2_ws/install/robot_description/share/ament_index/resource_index/packages/robot_description
[0.481s] -- Installing: /home/ros2_ws/install/robot_description/share/robot_description/cmake/robot_descriptionConfig.cmake
[0.481s] -- Installing: /home/ros2_ws/install/robot_description/share/robot_description/cmake/robot_descriptionConfig-version.cmake
[0.481s] -- Installing: /home/ros2_ws/install/robot_description/share/robot_description/package.xml
[0.482s] Invoked command in '/home/ros2_ws/build/robot_description' returned '0': CMAKE_PREFIX_PATH=${CMAKE_PREFIX_PATH}:/opt/ros/humble /usr/bin/cmake --install /home/ros2_ws/build/robot_description
