[0.000000] (-) TimerEvent: {}
[0.000458] (puma560_description) JobQueued: {'identifier': 'puma560_description', 'dependencies': OrderedDict()}
[0.000514] (robot_description) JobQueued: {'identifier': 'robot_description', 'dependencies': OrderedDict()}
[0.000547] (puma560_description) JobStarted: {'identifier': 'puma560_description'}
[0.008727] (robot_description) JobStarted: {'identifier': 'robot_description'}
[0.015230] (puma560_description) JobProgress: {'identifier': 'puma560_description', 'progress': 'cmake'}
[0.016304] (puma560_description) JobProgress: {'identifier': 'puma560_description', 'progress': 'build'}
[0.016429] (puma560_description) Command: {'cmd': ['/usr/bin/cmake', '--build', '/home/ros2_ws/ros2_ws/build/puma560_description', '--', '-j20', '-l20'], 'cwd': '/home/ros2_ws/ros2_ws/build/puma560_description', 'env': OrderedDict([('HOSTNAME', 'thallys'), ('SHLVL', '1'), ('LIBGL_ALWAYS_SOFTWARE', '1'), ('LD_LIBRARY_PATH', '/opt/ros/humble/opt/rviz_ogre_vendor/lib:/opt/ros/humble/lib/x86_64-linux-gnu:/opt/ros/humble/lib'), ('HOME', '/home/ros2_ws'), ('ROS_PYTHON_VERSION', '3'), ('COLCON_PREFIX_PATH', '/home/ros2_ws/ros2_ws/install'), ('ROS_DISTRO', 'humble'), ('_', '/usr/bin/colcon'), ('ROS_VERSION', '2'), ('TERM', 'xterm'), ('ROS_LOCALHOST_ONLY', '0'), ('QT_X11_NO_MITSHM', '1'), ('PATH', '/opt/ros/humble/bin:/usr/local/sbin:/usr/local/bin:/usr/sbin:/usr/bin:/sbin:/bin'), ('XDG_RUNTIME_DIR', '/tmp/runtime-ros2_ws'), ('DISPLAY', ':1'), ('LANG', 'C.UTF-8'), ('AMENT_PREFIX_PATH', '/home/ros2_ws/ros2_ws/install/robot_description:/home/ros2_ws/ros2_ws/install/puma560_description:/opt/ros/humble'), ('PWD', '/home/ros2_ws/ros2_ws/build/puma560_description'), ('LC_ALL', 'C.UTF-8'), ('PYTHONPATH', '/opt/ros/humble/lib/python3.10/site-packages:/opt/ros/humble/local/lib/python3.10/dist-packages'), ('NVIDIA_VISIBLE_DEVICES', 'all'), ('TZ', 'America/Sao_Paulo'), ('COLCON', '1'), ('CMAKE_PREFIX_PATH', '/home/ros2_ws/ros2_ws/install/robot_description:/home/ros2_ws/ros2_ws/install/puma560_description:/opt/ros/humble')]), 'shell': False}
[0.020353] (robot_description) JobProgress: {'identifier': 'robot_description', 'progress': 'cmake'}
[0.020852] (robot_description) JobProgress: {'identifier': 'robot_description', 'progress': 'build'}
[0.021164] (robot_description) Command: {'cmd': ['/usr/bin/cmake', '--build', '/home/ros2_ws/ros2_ws/build/robot_description', '--', '-j20', '-l20'], 'cwd': '/home/ros2_ws/ros2_ws/build/robot_description', 'env': OrderedDict([('HOSTNAME', 'thallys'), ('SHLVL', '1'), ('LIBGL_ALWAYS_SOFTWARE', '1'), ('LD_LIBRARY_PATH', '/opt/ros/humble/opt/rviz_ogre_vendor/lib:/opt/ros/humble/lib/x86_64-linux-gnu:/opt/ros/humble/lib'), ('HOME', '/home/ros2_ws'), ('ROS_PYTHON_VERSION', '3'), ('COLCON_PREFIX_PATH', '/home/ros2_ws/ros2_ws/install'), ('ROS_DISTRO', 'humble'), ('_', '/usr/bin/colcon'), ('ROS_VERSION', '2'), ('TERM', 'xterm'), ('ROS_LOCALHOST_ONLY', '0'), ('QT_X11_NO_MITSHM', '1'), ('PATH', '/opt/ros/humble/bin:/usr/local/sbin:/usr/local/bin:/usr/sbin:/usr/bin:/sbin:/bin'), ('XDG_RUNTIME_DIR', '/tmp/runtime-ros2_ws'), ('DISPLAY', ':1'), ('LANG', 'C.UTF-8'), ('AMENT_PREFIX_PATH', '/home/ros2_ws/ros2_ws/install/robot_description:/home/ros2_ws/ros2_ws/install/puma560_description:/opt/ros/humble'), ('PWD', '/home/ros2_ws/ros2_ws/build/robot_description'), ('LC_ALL', 'C.UTF-8'), ('PYTHONPATH', '/opt/ros/humble/lib/python3.10/site-packages:/opt/ros/humble/local/lib/python3.10/dist-packages'), ('NVIDIA_VISIBLE_DEVICES', 'all'), ('TZ', 'America/Sao_Paulo'), ('COLCON', '1'), ('CMAKE_PREFIX_PATH', '/home/ros2_ws/ros2_ws/install/robot_description:/home/ros2_ws/ros2_ws/install/puma560_description:/opt/ros/humble')]), 'shell': False}
[0.077423] (robot_description) CommandEnded: {'returncode': 0}
[0.081664] (puma560_description) CommandEnded: {'returncode': 0}
[0.098677] (-) TimerEvent: {}
[0.112812] (robot_description) JobProgress: {'identifier': 'robot_description', 'progress': 'install'}
[0.126705] (robot_description) Command: {'cmd': ['/usr/bin/cmake', '--install', '/home/ros2_ws/ros2_ws/build/robot_description'], 'cwd': '/home/ros2_ws/ros2_ws/build/robot_description', 'env': OrderedDict([('HOSTNAME', 'thallys'), ('SHLVL', '1'), ('LIBGL_ALWAYS_SOFTWARE', '1'), ('LD_LIBRARY_PATH', '/opt/ros/humble/opt/rviz_ogre_vendor/lib:/opt/ros/humble/lib/x86_64-linux-gnu:/opt/ros/humble/lib'), ('HOME', '/home/ros2_ws'), ('ROS_PYTHON_VERSION', '3'), ('COLCON_PREFIX_PATH', '/home/ros2_ws/ros2_ws/install'), ('ROS_DISTRO', 'humble'), ('_', '/usr/bin/colcon'), ('ROS_VERSION', '2'), ('TERM', 'xterm'), ('ROS_LOCALHOST_ONLY', '0'), ('QT_X11_NO_MITSHM', '1'), ('PATH', '/opt/ros/humble/bin:/usr/local/sbin:/usr/local/bin:/usr/sbin:/usr/bin:/sbin:/bin'), ('XDG_RUNTIME_DIR', '/tmp/runtime-ros2_ws'), ('DISPLAY', ':1'), ('LANG', 'C.UTF-8'), ('AMENT_PREFIX_PATH', '/home/ros2_ws/ros2_ws/install/robot_description:/home/ros2_ws/ros2_ws/install/puma560_description:/opt/ros/humble'), ('PWD', '/home/ros2_ws/ros2_ws/build/robot_description'), ('LC_ALL', 'C.UTF-8'), ('PYTHONPATH', '/opt/ros/humble/lib/python3.10/site-packages:/opt/ros/humble/local/lib/python3.10/dist-packages'), ('NVIDIA_VISIBLE_DEVICES', 'all'), ('TZ', 'America/Sao_Paulo'), ('COLCON', '1'), ('CMAKE_PREFIX_PATH', '/home/ros2_ws/ros2_ws/install/robot_description:/home/ros2_ws/ros2_ws/install/puma560_description:/opt/ros/humble')]), 'shell': False}
[0.128003] (puma560_description) JobProgress: {'identifier': 'puma560_description', 'progress': 'install'}
[0.129443] (puma560_description) Command: {'cmd': ['/usr/bin/cmake', '--install', '/home/ros2_ws/ros2_ws/build/puma560_description'], 'cwd': '/home/ros2_ws/ros2_ws/build/puma560_description', 'env': OrderedDict([('HOSTNAME', 'thallys'), ('SHLVL', '1'), ('LIBGL_ALWAYS_SOFTWARE', '1'), ('LD_LIBRARY_PATH', '/opt/ros/humble/opt/rviz_ogre_vendor/lib:/opt/ros/humble/lib/x86_64-linux-gnu:/opt/ros/humble/lib'), ('HOME', '/home/ros2_ws'), ('ROS_PYTHON_VERSION', '3'), ('COLCON_PREFIX_PATH', '/home/ros2_ws/ros2_ws/install'), ('ROS_DISTRO', 'humble'), ('_', '/usr/bin/colcon'), ('ROS_VERSION', '2'), ('TERM', 'xterm'), ('ROS_LOCALHOST_ONLY', '0'), ('QT_X11_NO_MITSHM', '1'), ('PATH', '/opt/ros/humble/bin:/usr/local/sbin:/usr/local/bin:/usr/sbin:/usr/bin:/sbin:/bin'), ('XDG_RUNTIME_DIR', '/tmp/runtime-ros2_ws'), ('DISPLAY', ':1'), ('LANG', 'C.UTF-8'), ('AMENT_PREFIX_PATH', '/home/ros2_ws/ros2_ws/install/robot_description:/home/ros2_ws/ros2_ws/install/puma560_description:/opt/ros/humble'), ('PWD', '/home/ros2_ws/ros2_ws/build/puma560_description'), ('LC_ALL', 'C.UTF-8'), ('PYTHONPATH', '/opt/ros/humble/lib/python3.10/site-packages:/opt/ros/humble/local/lib/python3.10/dist-packages'), ('NVIDIA_VISIBLE_DEVICES', 'all'), ('TZ', 'America/Sao_Paulo'), ('COLCON', '1'), ('CMAKE_PREFIX_PATH', '/home/ros2_ws/ros2_ws/install/robot_description:/home/ros2_ws/ros2_ws/install/puma560_description:/opt/ros/humble')]), 'shell': False}
[0.136904] (robot_description) StdoutLine: {'line': b'-- Install configuration: ""\n'}
[0.137327] (robot_description) StdoutLine: {'line': b'-- Up-to-date: /home/ros2_ws/ros2_ws/install/robot_description/share/robot_description/launch\n'}
[0.137603] (robot_description) StdoutLine: {'line': b'-- Up-to-date: /home/ros2_ws/ros2_ws/install/robot_description/share/robot_description/launch/display.launch.py\n'}
[0.137747] (robot_description) StdoutLine: {'line': b'-- Up-to-date: /home/ros2_ws/ros2_ws/install/robot_description/share/robot_description/launch/display.launch.yaml\n'}
[0.137879] (robot_description) StdoutLine: {'line': b'-- Up-to-date: /home/ros2_ws/ros2_ws/install/robot_description/share/robot_description/launch/test.py\n'}
[0.138027] (robot_description) StdoutLine: {'line': b'-- Up-to-date: /home/ros2_ws/ros2_ws/install/robot_description/share/robot_description/urdf\n'}
[0.138160] (robot_description) StdoutLine: {'line': b'-- Up-to-date: /home/ros2_ws/ros2_ws/install/robot_description/share/robot_description/urdf/robot_example.urdf\n'}
[0.138292] (robot_description) StdoutLine: {'line': b'-- Up-to-date: /home/ros2_ws/ros2_ws/install/robot_description/share/robot_description/config\n'}
[0.138424] (robot_description) StdoutLine: {'line': b'-- Up-to-date: /home/ros2_ws/ros2_ws/install/robot_description/share/robot_description/config/config.rviz\n'}
[0.138621] (robot_description) StdoutLine: {'line': b'-- Up-to-date: /home/ros2_ws/ros2_ws/install/robot_description/share/ament_index/resource_index/package_run_dependencies/robot_description\n'}
[0.138749] (robot_description) StdoutLine: {'line': b'-- Up-to-date: /home/ros2_ws/ros2_ws/install/robot_description/share/ament_index/resource_index/parent_prefix_path/robot_description\n'}
[0.138872] (robot_description) StdoutLine: {'line': b'-- Up-to-date: /home/ros2_ws/ros2_ws/install/robot_description/share/robot_description/environment/ament_prefix_path.sh\n'}
[0.138994] (robot_description) StdoutLine: {'line': b'-- Up-to-date: /home/ros2_ws/ros2_ws/install/robot_description/share/robot_description/environment/ament_prefix_path.dsv\n'}
[0.139117] (robot_description) StdoutLine: {'line': b'-- Up-to-date: /home/ros2_ws/ros2_ws/install/robot_description/share/robot_description/environment/path.sh\n'}
[0.139245] (robot_description) StdoutLine: {'line': b'-- Up-to-date: /home/ros2_ws/ros2_ws/install/robot_description/share/robot_description/environment/path.dsv\n'}
[0.139375] (robot_description) StdoutLine: {'line': b'-- Up-to-date: /home/ros2_ws/ros2_ws/install/robot_description/share/robot_description/local_setup.bash\n'}
[0.139533] (robot_description) StdoutLine: {'line': b'-- Up-to-date: /home/ros2_ws/ros2_ws/install/robot_description/share/robot_description/local_setup.sh\n'}
[0.139986] (robot_description) StdoutLine: {'line': b'-- Up-to-date: /home/ros2_ws/ros2_ws/install/robot_description/share/robot_description/local_setup.zsh\n'}
[0.140130] (robot_description) StdoutLine: {'line': b'-- Up-to-date: /home/ros2_ws/ros2_ws/install/robot_description/share/robot_description/local_setup.dsv\n'}
[0.140260] (robot_description) StdoutLine: {'line': b'-- Installing: /home/ros2_ws/ros2_ws/install/robot_description/share/robot_description/package.dsv\n'}
[0.140390] (robot_description) StdoutLine: {'line': b'-- Up-to-date: /home/ros2_ws/ros2_ws/install/robot_description/share/ament_index/resource_index/packages/robot_description\n'}
[0.140677] (robot_description) StdoutLine: {'line': b'-- Up-to-date: /home/ros2_ws/ros2_ws/install/robot_description/share/robot_description/cmake/robot_descriptionConfig.cmake\n'}
[0.141162] (robot_description) StdoutLine: {'line': b'-- Up-to-date: /home/ros2_ws/ros2_ws/install/robot_description/share/robot_description/cmake/robot_descriptionConfig-version.cmake\n'}
[0.141371] (robot_description) StdoutLine: {'line': b'-- Up-to-date: /home/ros2_ws/ros2_ws/install/robot_description/share/robot_description/package.xml\n'}
[0.142087] (puma560_description) StdoutLine: {'line': b'-- Install configuration: ""\n'}
[0.142870] (puma560_description) StdoutLine: {'line': b'-- Up-to-date: /home/ros2_ws/ros2_ws/install/puma560_description/share/puma560_description/launch\n'}
[0.143371] (puma560_description) StdoutLine: {'line': b'-- Up-to-date: /home/ros2_ws/ros2_ws/install/puma560_description/share/puma560_description/launch/display.launch.py\n'}
[0.143722] (puma560_description) StdoutLine: {'line': b'-- Up-to-date: /home/ros2_ws/ros2_ws/install/puma560_description/share/puma560_description/urdf\n'}
[0.143963] (puma560_description) StdoutLine: {'line': b'-- Up-to-date: /home/ros2_ws/ros2_ws/install/puma560_description/share/puma560_description/urdf/description.txt\n'}
[0.144100] (puma560_description) StdoutLine: {'line': b'-- Up-to-date: /home/ros2_ws/ros2_ws/install/puma560_description/share/puma560_description/urdf/material.xacro\n'}
[0.144248] (puma560_description) StdoutLine: {'line': b'-- Up-to-date: /home/ros2_ws/ros2_ws/install/puma560_description/share/puma560_description/urdf/puma560_description.xacro\n'}
[0.144380] (puma560_description) StdoutLine: {'line': b'-- Up-to-date: /home/ros2_ws/ros2_ws/install/puma560_description/share/puma560_description/config\n'}
[0.144999] (puma560_description) StdoutLine: {'line': b'-- Up-to-date: /home/ros2_ws/ros2_ws/install/puma560_description/share/puma560_description/meshes\n'}
[0.145258] (puma560_description) StdoutLine: {'line': b'-- Up-to-date: /home/ros2_ws/ros2_ws/install/puma560_description/share/puma560_description/meshes/link_5.STL\n'}
[0.145348] (puma560_description) StdoutLine: {'line': b'-- Up-to-date: /home/ros2_ws/ros2_ws/install/puma560_description/share/puma560_description/meshes/link_1.STL\n'}
[0.145425] (puma560_description) StdoutLine: {'line': b'-- Up-to-date: /home/ros2_ws/ros2_ws/install/puma560_description/share/puma560_description/meshes/link_4.STL\n'}
[0.145513] (puma560_description) StdoutLine: {'line': b'-- Up-to-date: /home/ros2_ws/ros2_ws/install/puma560_description/share/puma560_description/meshes/base_link.STL\n'}
[0.145586] (puma560_description) StdoutLine: {'line': b'-- Up-to-date: /home/ros2_ws/ros2_ws/install/puma560_description/share/puma560_description/meshes/link_3.STL\n'}
[0.145674] (puma560_description) StdoutLine: {'line': b'-- Up-to-date: /home/ros2_ws/ros2_ws/install/puma560_description/share/puma560_description/meshes/link_2.STL\n'}
[0.145742] (puma560_description) StdoutLine: {'line': b'-- Up-to-date: /home/ros2_ws/ros2_ws/install/puma560_description/share/puma560_description/rviz2\n'}
[0.145812] (puma560_description) StdoutLine: {'line': b'-- Up-to-date: /home/ros2_ws/ros2_ws/install/puma560_description/share/puma560_description/rviz2/puma560_config.rviz\n'}
[0.145878] (puma560_description) StdoutLine: {'line': b'-- Up-to-date: /home/ros2_ws/ros2_ws/install/puma560_description/share/ament_index/resource_index/package_run_dependencies/puma560_description\n'}
[0.145948] (puma560_description) StdoutLine: {'line': b'-- Up-to-date: /home/ros2_ws/ros2_ws/install/puma560_description/share/ament_index/resource_index/parent_prefix_path/puma560_description\n'}
[0.146018] (puma560_description) StdoutLine: {'line': b'-- Up-to-date: /home/ros2_ws/ros2_ws/install/puma560_description/share/puma560_description/environment/ament_prefix_path.sh\n'}
[0.146088] (puma560_description) StdoutLine: {'line': b'-- Up-to-date: /home/ros2_ws/ros2_ws/install/puma560_description/share/puma560_description/environment/ament_prefix_path.dsv\n'}
[0.146154] (puma560_description) StdoutLine: {'line': b'-- Up-to-date: /home/ros2_ws/ros2_ws/install/puma560_description/share/puma560_description/environment/path.sh\n'}
[0.146220] (puma560_description) StdoutLine: {'line': b'-- Up-to-date: /home/ros2_ws/ros2_ws/install/puma560_description/share/puma560_description/environment/path.dsv\n'}
[0.146288] (puma560_description) StdoutLine: {'line': b'-- Up-to-date: /home/ros2_ws/ros2_ws/install/puma560_description/share/puma560_description/local_setup.bash\n'}
[0.146354] (puma560_description) StdoutLine: {'line': b'-- Up-to-date: /home/ros2_ws/ros2_ws/install/puma560_description/share/puma560_description/local_setup.sh\n'}
[0.146428] (puma560_description) StdoutLine: {'line': b'-- Up-to-date: /home/ros2_ws/ros2_ws/install/puma560_description/share/puma560_description/local_setup.zsh\n'}
[0.146520] (puma560_description) StdoutLine: {'line': b'-- Up-to-date: /home/ros2_ws/ros2_ws/install/puma560_description/share/puma560_description/local_setup.dsv\n'}
[0.146590] (puma560_description) StdoutLine: {'line': b'-- Installing: /home/ros2_ws/ros2_ws/install/puma560_description/share/puma560_description/package.dsv\n'}
[0.146667] (puma560_description) StdoutLine: {'line': b'-- Up-to-date: /home/ros2_ws/ros2_ws/install/puma560_description/share/ament_index/resource_index/packages/puma560_description\n'}
[0.146739] (puma560_description) StdoutLine: {'line': b'-- Up-to-date: /home/ros2_ws/ros2_ws/install/puma560_description/share/puma560_description/cmake/puma560_descriptionConfig.cmake\n'}
[0.147027] (puma560_description) StdoutLine: {'line': b'-- Up-to-date: /home/ros2_ws/ros2_ws/install/puma560_description/share/puma560_description/cmake/puma560_descriptionConfig-version.cmake\n'}
[0.147106] (puma560_description) StdoutLine: {'line': b'-- Up-to-date: /home/ros2_ws/ros2_ws/install/puma560_description/share/puma560_description/package.xml\n'}
[0.147178] (robot_description) CommandEnded: {'returncode': 0}
[0.166011] (puma560_description) CommandEnded: {'returncode': 0}
[0.199110] (-) TimerEvent: {}
[0.205123] (robot_description) JobEnded: {'identifier': 'robot_description', 'rc': 0}
[0.217285] (puma560_description) JobEnded: {'identifier': 'puma560_description', 'rc': 0}
[0.218655] (-) EventReactorShutdown: {}
