[0.000000] (-) TimerEvent: {}
[0.000450] (puma560_description) JobQueued: {'identifier': 'puma560_description', 'dependencies': OrderedDict()}
[0.000520] (robot_description) JobQueued: {'identifier': 'robot_description', 'dependencies': OrderedDict()}
[0.000554] (puma560_description) JobStarted: {'identifier': 'puma560_description'}
[0.009000] (robot_description) JobStarted: {'identifier': 'robot_description'}
[0.015984] (puma560_description) JobProgress: {'identifier': 'puma560_description', 'progress': 'cmake'}
[0.016890] (puma560_description) JobProgress: {'identifier': 'puma560_description', 'progress': 'build'}
[0.017994] (puma560_description) Command: {'cmd': ['/usr/bin/cmake', '--build', '/home/ros2_ws/ros2_ws/build/puma560_description', '--', '-j20', '-l20'], 'cwd': '/home/ros2_ws/ros2_ws/build/puma560_description', 'env': OrderedDict([('HOSTNAME', 'thallys'), ('SHLVL', '1'), ('LIBGL_ALWAYS_SOFTWARE', '1'), ('LD_LIBRARY_PATH', '/opt/ros/humble/opt/rviz_ogre_vendor/lib:/opt/ros/humble/lib/x86_64-linux-gnu:/opt/ros/humble/lib'), ('HOME', '/home/ros2_ws'), ('ROS_PYTHON_VERSION', '3'), ('COLCON_PREFIX_PATH', '/home/ros2_ws/ros2_ws/install'), ('ROS_DISTRO', 'humble'), ('_', '/usr/bin/colcon'), ('ROS_VERSION', '2'), ('TERM', 'xterm'), ('ROS_LOCALHOST_ONLY', '0'), ('QT_X11_NO_MITSHM', '1'), ('PATH', '/opt/ros/humble/bin:/usr/local/sbin:/usr/local/bin:/usr/sbin:/usr/bin:/sbin:/bin'), ('XDG_RUNTIME_DIR', '/tmp/runtime-ros2_ws'), ('DISPLAY', ':1'), ('LANG', 'C.UTF-8'), ('AMENT_PREFIX_PATH', '/home/ros2_ws/ros2_ws/install/robot_description:/home/ros2_ws/ros2_ws/install/puma560_description:/opt/ros/humble'), ('PWD', '/home/ros2_ws/ros2_ws/build/puma560_description'), ('LC_ALL', 'C.UTF-8'), ('PYTHONPATH', '/opt/ros/humble/lib/python3.10/site-packages:/opt/ros/humble/local/lib/python3.10/dist-packages'), ('NVIDIA_VISIBLE_DEVICES', 'all'), ('TZ', 'America/Sao_Paulo'), ('COLCON', '1'), ('CMAKE_PREFIX_PATH', '/home/ros2_ws/ros2_ws/install/robot_description:/home/ros2_ws/ros2_ws/install/puma560_description:/opt/ros/humble')]), 'shell': False}
[0.022469] (robot_description) JobProgress: {'identifier': 'robot_description', 'progress': 'cmake'}
[0.022967] (robot_description) JobProgress: {'identifier': 'robot_description', 'progress': 'build'}
[0.023341] (robot_description) Command: {'cmd': ['/usr/bin/cmake', '--build', '/home/ros2_ws/ros2_ws/build/robot_description', '--', '-j20', '-l20'], 'cwd': '/home/ros2_ws/ros2_ws/build/robot_description', 'env': OrderedDict([('HOSTNAME', 'thallys'), ('SHLVL', '1'), ('LIBGL_ALWAYS_SOFTWARE', '1'), ('LD_LIBRARY_PATH', '/opt/ros/humble/opt/rviz_ogre_vendor/lib:/opt/ros/humble/lib/x86_64-linux-gnu:/opt/ros/humble/lib'), ('HOME', '/home/ros2_ws'), ('ROS_PYTHON_VERSION', '3'), ('COLCON_PREFIX_PATH', '/home/ros2_ws/ros2_ws/install'), ('ROS_DISTRO', 'humble'), ('_', '/usr/bin/colcon'), ('ROS_VERSION', '2'), ('TERM', 'xterm'), ('ROS_LOCALHOST_ONLY', '0'), ('QT_X11_NO_MITSHM', '1'), ('PATH', '/opt/ros/humble/bin:/usr/local/sbin:/usr/local/bin:/usr/sbin:/usr/bin:/sbin:/bin'), ('XDG_RUNTIME_DIR', '/tmp/runtime-ros2_ws'), ('DISPLAY', ':1'), ('LANG', 'C.UTF-8'), ('AMENT_PREFIX_PATH', '/home/ros2_ws/ros2_ws/install/robot_description:/home/ros2_ws/ros2_ws/install/puma560_description:/opt/ros/humble'), ('PWD', '/home/ros2_ws/ros2_ws/build/robot_description'), ('LC_ALL', 'C.UTF-8'), ('PYTHONPATH', '/opt/ros/humble/lib/python3.10/site-packages:/opt/ros/humble/local/lib/python3.10/dist-packages'), ('NVIDIA_VISIBLE_DEVICES', 'all'), ('TZ', 'America/Sao_Paulo'), ('COLCON', '1'), ('CMAKE_PREFIX_PATH', '/home/ros2_ws/ros2_ws/install/robot_description:/home/ros2_ws/ros2_ws/install/puma560_description:/opt/ros/humble')]), 'shell': False}
[0.080254] (puma560_description) CommandEnded: {'returncode': 0}
[0.082992] (robot_description) CommandEnded: {'returncode': 0}
[0.098953] (-) TimerEvent: {}
[0.117862] (puma560_description) JobProgress: {'identifier': 'puma560_description', 'progress': 'install'}
[0.130171] (puma560_description) Command: {'cmd': ['/usr/bin/cmake', '--install', '/home/ros2_ws/ros2_ws/build/puma560_description'], 'cwd': '/home/ros2_ws/ros2_ws/build/puma560_description', 'env': OrderedDict([('HOSTNAME', 'thallys'), ('SHLVL', '1'), ('LIBGL_ALWAYS_SOFTWARE', '1'), ('LD_LIBRARY_PATH', '/opt/ros/humble/opt/rviz_ogre_vendor/lib:/opt/ros/humble/lib/x86_64-linux-gnu:/opt/ros/humble/lib'), ('HOME', '/home/ros2_ws'), ('ROS_PYTHON_VERSION', '3'), ('COLCON_PREFIX_PATH', '/home/ros2_ws/ros2_ws/install'), ('ROS_DISTRO', 'humble'), ('_', '/usr/bin/colcon'), ('ROS_VERSION', '2'), ('TERM', 'xterm'), ('ROS_LOCALHOST_ONLY', '0'), ('QT_X11_NO_MITSHM', '1'), ('PATH', '/opt/ros/humble/bin:/usr/local/sbin:/usr/local/bin:/usr/sbin:/usr/bin:/sbin:/bin'), ('XDG_RUNTIME_DIR', '/tmp/runtime-ros2_ws'), ('DISPLAY', ':1'), ('LANG', 'C.UTF-8'), ('AMENT_PREFIX_PATH', '/home/ros2_ws/ros2_ws/install/robot_description:/home/ros2_ws/ros2_ws/install/puma560_description:/opt/ros/humble'), ('PWD', '/home/ros2_ws/ros2_ws/build/puma560_description'), ('LC_ALL', 'C.UTF-8'), ('PYTHONPATH', '/opt/ros/humble/lib/python3.10/site-packages:/opt/ros/humble/local/lib/python3.10/dist-packages'), ('NVIDIA_VISIBLE_DEVICES', 'all'), ('TZ', 'America/Sao_Paulo'), ('COLCON', '1'), ('CMAKE_PREFIX_PATH', '/home/ros2_ws/ros2_ws/install/robot_description:/home/ros2_ws/ros2_ws/install/puma560_description:/opt/ros/humble')]), 'shell': False}
[0.131688] (robot_description) JobProgress: {'identifier': 'robot_description', 'progress': 'install'}
[0.133360] (robot_description) Command: {'cmd': ['/usr/bin/cmake', '--install', '/home/ros2_ws/ros2_ws/build/robot_description'], 'cwd': '/home/ros2_ws/ros2_ws/build/robot_description', 'env': OrderedDict([('HOSTNAME', 'thallys'), ('SHLVL', '1'), ('LIBGL_ALWAYS_SOFTWARE', '1'), ('LD_LIBRARY_PATH', '/opt/ros/humble/opt/rviz_ogre_vendor/lib:/opt/ros/humble/lib/x86_64-linux-gnu:/opt/ros/humble/lib'), ('HOME', '/home/ros2_ws'), ('ROS_PYTHON_VERSION', '3'), ('COLCON_PREFIX_PATH', '/home/ros2_ws/ros2_ws/install'), ('ROS_DISTRO', 'humble'), ('_', '/usr/bin/colcon'), ('ROS_VERSION', '2'), ('TERM', 'xterm'), ('ROS_LOCALHOST_ONLY', '0'), ('QT_X11_NO_MITSHM', '1'), ('PATH', '/opt/ros/humble/bin:/usr/local/sbin:/usr/local/bin:/usr/sbin:/usr/bin:/sbin:/bin'), ('XDG_RUNTIME_DIR', '/tmp/runtime-ros2_ws'), ('DISPLAY', ':1'), ('LANG', 'C.UTF-8'), ('AMENT_PREFIX_PATH', '/home/ros2_ws/ros2_ws/install/robot_description:/home/ros2_ws/ros2_ws/install/puma560_description:/opt/ros/humble'), ('PWD', '/home/ros2_ws/ros2_ws/build/robot_description'), ('LC_ALL', 'C.UTF-8'), ('PYTHONPATH', '/opt/ros/humble/lib/python3.10/site-packages:/opt/ros/humble/local/lib/python3.10/dist-packages'), ('NVIDIA_VISIBLE_DEVICES', 'all'), ('TZ', 'America/Sao_Paulo'), ('COLCON', '1'), ('CMAKE_PREFIX_PATH', '/home/ros2_ws/ros2_ws/install/robot_description:/home/ros2_ws/ros2_ws/install/puma560_description:/opt/ros/humble')]), 'shell': False}
[0.139678] (puma560_description) StdoutLine: {'line': b'-- Install configuration: ""\n'}
[0.140052] (puma560_description) StdoutLine: {'line': b'-- Up-to-date: /home/ros2_ws/ros2_ws/install/puma560_description/share/puma560_description/launch\n'}
[0.140432] (puma560_description) StdoutLine: {'line': b'-- Up-to-date: /home/ros2_ws/ros2_ws/install/puma560_description/share/puma560_description/launch/display.launch.py\n'}
[0.140630] (puma560_description) StdoutLine: {'line': b'-- Up-to-date: /home/ros2_ws/ros2_ws/install/puma560_description/share/puma560_description/urdf\n'}
[0.140769] (puma560_description) StdoutLine: {'line': b'-- Up-to-date: /home/ros2_ws/ros2_ws/install/puma560_description/share/puma560_description/urdf/description.txt\n'}
[0.140906] (puma560_description) StdoutLine: {'line': b'-- Up-to-date: /home/ros2_ws/ros2_ws/install/puma560_description/share/puma560_description/urdf/material.xacro\n'}
[0.141129] (puma560_description) StdoutLine: {'line': b'-- Up-to-date: /home/ros2_ws/ros2_ws/install/puma560_description/share/puma560_description/urdf/puma560_description.xacro\n'}
[0.141370] (puma560_description) StdoutLine: {'line': b'-- Up-to-date: /home/ros2_ws/ros2_ws/install/puma560_description/share/puma560_description/config\n'}
[0.141473] (puma560_description) StdoutLine: {'line': b'-- Up-to-date: /home/ros2_ws/ros2_ws/install/puma560_description/share/puma560_description/meshes\n'}
[0.141565] (puma560_description) StdoutLine: {'line': b'-- Up-to-date: /home/ros2_ws/ros2_ws/install/puma560_description/share/puma560_description/meshes/link_5.STL\n'}
[0.141632] (puma560_description) StdoutLine: {'line': b'-- Up-to-date: /home/ros2_ws/ros2_ws/install/puma560_description/share/puma560_description/meshes/link_1.STL\n'}
[0.141695] (puma560_description) StdoutLine: {'line': b'-- Up-to-date: /home/ros2_ws/ros2_ws/install/puma560_description/share/puma560_description/meshes/link_4.STL\n'}
[0.141755] (puma560_description) StdoutLine: {'line': b'-- Up-to-date: /home/ros2_ws/ros2_ws/install/puma560_description/share/puma560_description/meshes/base_link.STL\n'}
[0.141813] (puma560_description) StdoutLine: {'line': b'-- Up-to-date: /home/ros2_ws/ros2_ws/install/puma560_description/share/puma560_description/meshes/link_3.STL\n'}
[0.141874] (puma560_description) StdoutLine: {'line': b'-- Up-to-date: /home/ros2_ws/ros2_ws/install/puma560_description/share/puma560_description/meshes/link_2.STL\n'}
[0.141933] (puma560_description) StdoutLine: {'line': b'-- Up-to-date: /home/ros2_ws/ros2_ws/install/puma560_description/share/puma560_description/rviz2\n'}
[0.142012] (puma560_description) StdoutLine: {'line': b'-- Up-to-date: /home/ros2_ws/ros2_ws/install/puma560_description/share/puma560_description/rviz2/puma560_config.rviz\n'}
[0.142074] (puma560_description) StdoutLine: {'line': b'-- Up-to-date: /home/ros2_ws/ros2_ws/install/puma560_description/share/ament_index/resource_index/package_run_dependencies/puma560_description\n'}
[0.142135] (puma560_description) StdoutLine: {'line': b'-- Up-to-date: /home/ros2_ws/ros2_ws/install/puma560_description/share/ament_index/resource_index/parent_prefix_path/puma560_description\n'}
[0.142200] (puma560_description) StdoutLine: {'line': b'-- Up-to-date: /home/ros2_ws/ros2_ws/install/puma560_description/share/puma560_description/environment/ament_prefix_path.sh\n'}
[0.142265] (puma560_description) StdoutLine: {'line': b'-- Up-to-date: /home/ros2_ws/ros2_ws/install/puma560_description/share/puma560_description/environment/ament_prefix_path.dsv\n'}
[0.142330] (puma560_description) StdoutLine: {'line': b'-- Up-to-date: /home/ros2_ws/ros2_ws/install/puma560_description/share/puma560_description/environment/path.sh\n'}
[0.142390] (puma560_description) StdoutLine: {'line': b'-- Up-to-date: /home/ros2_ws/ros2_ws/install/puma560_description/share/puma560_description/environment/path.dsv\n'}
[0.142455] (puma560_description) StdoutLine: {'line': b'-- Up-to-date: /home/ros2_ws/ros2_ws/install/puma560_description/share/puma560_description/local_setup.bash\n'}
[0.142520] (puma560_description) StdoutLine: {'line': b'-- Up-to-date: /home/ros2_ws/ros2_ws/install/puma560_description/share/puma560_description/local_setup.sh\n'}
[0.142584] (puma560_description) StdoutLine: {'line': b'-- Up-to-date: /home/ros2_ws/ros2_ws/install/puma560_description/share/puma560_description/local_setup.zsh\n'}
[0.142647] (puma560_description) StdoutLine: {'line': b'-- Up-to-date: /home/ros2_ws/ros2_ws/install/puma560_description/share/puma560_description/local_setup.dsv\n'}
[0.142711] (puma560_description) StdoutLine: {'line': b'-- Installing: /home/ros2_ws/ros2_ws/install/puma560_description/share/puma560_description/package.dsv\n'}
[0.142775] (puma560_description) StdoutLine: {'line': b'-- Up-to-date: /home/ros2_ws/ros2_ws/install/puma560_description/share/ament_index/resource_index/packages/puma560_description\n'}
[0.142840] (puma560_description) StdoutLine: {'line': b'-- Up-to-date: /home/ros2_ws/ros2_ws/install/puma560_description/share/puma560_description/cmake/puma560_descriptionConfig.cmake\n'}
[0.142947] (puma560_description) StdoutLine: {'line': b'-- Up-to-date: /home/ros2_ws/ros2_ws/install/puma560_description/share/puma560_description/cmake/puma560_descriptionConfig-version.cmake\n'}
[0.143106] (puma560_description) StdoutLine: {'line': b'-- Up-to-date: /home/ros2_ws/ros2_ws/install/puma560_description/share/puma560_description/package.xml\n'}
[0.143759] (robot_description) StdoutLine: {'line': b'-- Install configuration: ""\n'}
[0.144224] (robot_description) StdoutLine: {'line': b'-- Up-to-date: /home/ros2_ws/ros2_ws/install/robot_description/share/robot_description/launch\n'}
[0.144379] (robot_description) StdoutLine: {'line': b'-- Up-to-date: /home/ros2_ws/ros2_ws/install/robot_description/share/robot_description/launch/display.launch.py\n'}
[0.144451] (robot_description) StdoutLine: {'line': b'-- Up-to-date: /home/ros2_ws/ros2_ws/install/robot_description/share/robot_description/launch/display.launch.yaml\n'}
[0.144521] (robot_description) StdoutLine: {'line': b'-- Up-to-date: /home/ros2_ws/ros2_ws/install/robot_description/share/robot_description/launch/test.py\n'}
[0.144599] (robot_description) StdoutLine: {'line': b'-- Up-to-date: /home/ros2_ws/ros2_ws/install/robot_description/share/robot_description/urdf\n'}
[0.144687] (robot_description) StdoutLine: {'line': b'-- Up-to-date: /home/ros2_ws/ros2_ws/install/robot_description/share/robot_description/urdf/robot_example.urdf\n'}
[0.144755] (robot_description) StdoutLine: {'line': b'-- Up-to-date: /home/ros2_ws/ros2_ws/install/robot_description/share/robot_description/config\n'}
[0.144822] (robot_description) StdoutLine: {'line': b'-- Up-to-date: /home/ros2_ws/ros2_ws/install/robot_description/share/robot_description/config/config.rviz\n'}
[0.144888] (robot_description) StdoutLine: {'line': b'-- Up-to-date: /home/ros2_ws/ros2_ws/install/robot_description/share/ament_index/resource_index/package_run_dependencies/robot_description\n'}
[0.144969] (robot_description) StdoutLine: {'line': b'-- Up-to-date: /home/ros2_ws/ros2_ws/install/robot_description/share/ament_index/resource_index/parent_prefix_path/robot_description\n'}
[0.145043] (robot_description) StdoutLine: {'line': b'-- Up-to-date: /home/ros2_ws/ros2_ws/install/robot_description/share/robot_description/environment/ament_prefix_path.sh\n'}
[0.145111] (robot_description) StdoutLine: {'line': b'-- Up-to-date: /home/ros2_ws/ros2_ws/install/robot_description/share/robot_description/environment/ament_prefix_path.dsv\n'}
[0.145177] (robot_description) StdoutLine: {'line': b'-- Up-to-date: /home/ros2_ws/ros2_ws/install/robot_description/share/robot_description/environment/path.sh\n'}
[0.145245] (robot_description) StdoutLine: {'line': b'-- Up-to-date: /home/ros2_ws/ros2_ws/install/robot_description/share/robot_description/environment/path.dsv\n'}
[0.145313] (robot_description) StdoutLine: {'line': b'-- Up-to-date: /home/ros2_ws/ros2_ws/install/robot_description/share/robot_description/local_setup.bash\n'}
[0.145622] (robot_description) StdoutLine: {'line': b'-- Up-to-date: /home/ros2_ws/ros2_ws/install/robot_description/share/robot_description/local_setup.sh\n'}
[0.145702] (robot_description) StdoutLine: {'line': b'-- Up-to-date: /home/ros2_ws/ros2_ws/install/robot_description/share/robot_description/local_setup.zsh\n'}
[0.146205] (puma560_description) CommandEnded: {'returncode': 0}
[0.146994] (robot_description) StdoutLine: {'line': b'-- Up-to-date: /home/ros2_ws/ros2_ws/install/robot_description/share/robot_description/local_setup.dsv\n'}
[0.147107] (robot_description) StdoutLine: {'line': b'-- Installing: /home/ros2_ws/ros2_ws/install/robot_description/share/robot_description/package.dsv\n'}
[0.147187] (robot_description) StdoutLine: {'line': b'-- Up-to-date: /home/ros2_ws/ros2_ws/install/robot_description/share/ament_index/resource_index/packages/robot_description\n'}
[0.147259] (robot_description) StdoutLine: {'line': b'-- Up-to-date: /home/ros2_ws/ros2_ws/install/robot_description/share/robot_description/cmake/robot_descriptionConfig.cmake\n'}
[0.147327] (robot_description) StdoutLine: {'line': b'-- Up-to-date: /home/ros2_ws/ros2_ws/install/robot_description/share/robot_description/cmake/robot_descriptionConfig-version.cmake\n'}
[0.147397] (robot_description) StdoutLine: {'line': b'-- Up-to-date: /home/ros2_ws/ros2_ws/install/robot_description/share/robot_description/package.xml\n'}
[0.171759] (robot_description) CommandEnded: {'returncode': 0}
[0.199053] (-) TimerEvent: {}
[0.214138] (puma560_description) JobEnded: {'identifier': 'puma560_description', 'rc': 0}
[0.227262] (robot_description) JobEnded: {'identifier': 'robot_description', 'rc': 0}
[0.228814] (-) EventReactorShutdown: {}
