[0.000000] (-) TimerEvent: {}
[0.000106] (puma560_description) JobQueued: {'identifier': 'puma560_description', 'dependencies': OrderedDict()}
[0.000131] (puma560_description) JobStarted: {'identifier': 'puma560_description'}
[0.007116] (puma560_description) JobProgress: {'identifier': 'puma560_description', 'progress': 'cmake'}
[0.007219] (puma560_description) Command: {'cmd': ['/usr/bin/cmake', '/home/ROS/ros_ws/src/puma560_description', '-DCMAKE_INSTALL_PREFIX=/home/ROS/ros_ws/install/puma560_description'], 'cwd': '/home/ROS/ros_ws/build/puma560_description', 'env': OrderedDict([('HOSTNAME', 'thallys'), ('SHLVL', '1'), ('LIBGL_ALWAYS_SOFTWARE', '1'), ('LD_LIBRARY_PATH', '/opt/ros/humble/opt/rviz_ogre_vendor/lib:/opt/ros/humble/lib/x86_64-linux-gnu:/opt/ros/humble/lib'), ('HOME', '/home/ros_ws'), ('OLDPWD', '/home/ROS/ros_ws/src'), ('ROS_PYTHON_VERSION', '3'), ('COLCON_PREFIX_PATH', '/home/ROS/ros_ws/install'), ('ROS_DISTRO', 'humble'), ('_', '/usr/bin/colcon'), ('ROS_VERSION', '2'), ('TERM', 'xterm'), ('ROS_LOCALHOST_ONLY', '0'), ('QT_X11_NO_MITSHM', '1'), ('PATH', '/opt/ros/humble/bin:/usr/local/sbin:/usr/local/bin:/usr/sbin:/usr/bin:/sbin:/bin'), ('XDG_RUNTIME_DIR', '/tmp/runtime-ros_ws'), ('DISPLAY', ':1'), ('LANG', 'C.UTF-8'), ('AMENT_PREFIX_PATH', '/opt/ros/humble'), ('PWD', '/home/ROS/ros_ws/build/puma560_description'), ('LC_ALL', 'C.UTF-8'), ('PYTHONPATH', '/opt/ros/humble/lib/python3.10/site-packages:/opt/ros/humble/local/lib/python3.10/dist-packages'), ('NVIDIA_VISIBLE_DEVICES', 'all'), ('TZ', 'America/Sao_Paulo'), ('COLCON', '1'), ('CMAKE_PREFIX_PATH', '/opt/ros/humble')]), 'shell': False}
[0.099524] (-) TimerEvent: {}
[0.126206] (puma560_description) StdoutLine: {'line': b'-- The C compiler identification is GNU 11.4.0\n'}
[0.199660] (-) TimerEvent: {}
[0.219444] (puma560_description) StdoutLine: {'line': b'-- The CXX compiler identification is GNU 11.4.0\n'}
[0.228250] (puma560_description) StdoutLine: {'line': b'-- Detecting C compiler ABI info\n'}
[0.299780] (-) TimerEvent: {}
[0.300118] (puma560_description) StdoutLine: {'line': b'-- Detecting C compiler ABI info - done\n'}
[0.305782] (puma560_description) StdoutLine: {'line': b'-- Check for working C compiler: /usr/bin/cc - skipped\n'}
[0.306925] (puma560_description) StdoutLine: {'line': b'-- Detecting C compile features\n'}
[0.307227] (puma560_description) StdoutLine: {'line': b'-- Detecting C compile features - done\n'}
[0.309762] (puma560_description) StdoutLine: {'line': b'-- Detecting CXX compiler ABI info\n'}
[0.370808] (puma560_description) StdoutLine: {'line': b'-- Detecting CXX compiler ABI info - done\n'}
[0.377169] (puma560_description) StdoutLine: {'line': b'-- Check for working CXX compiler: /usr/bin/c++ - skipped\n'}
[0.377368] (puma560_description) StdoutLine: {'line': b'-- Detecting CXX compile features\n'}
[0.377587] (puma560_description) StdoutLine: {'line': b'-- Detecting CXX compile features - done\n'}
[0.381386] (puma560_description) StdoutLine: {'line': b'-- Found ament_cmake: 1.3.9 (/opt/ros/humble/share/ament_cmake/cmake)\n'}
[0.399987] (-) TimerEvent: {}
[0.499580] (puma560_description) StdoutLine: {'line': b'-- Found Python3: /usr/bin/python3 (found version "3.10.12") found components: Interpreter \n'}
[0.500052] (-) TimerEvent: {}
[0.576754] (puma560_description) StdoutLine: {'line': b'-- Found ament_lint_auto: 0.12.11 (/opt/ros/humble/share/ament_lint_auto/cmake)\n'}
[0.600275] (-) TimerEvent: {}
[0.635883] (puma560_description) StdoutLine: {'line': b"-- Added test 'lint_cmake' to check CMake code style\n"}
[0.636672] (puma560_description) StdoutLine: {'line': b"-- Added test 'xmllint' to check XML markup files\n"}
[0.637798] (puma560_description) StdoutLine: {'line': b'-- Configuring done\n'}
[0.639490] (puma560_description) StdoutLine: {'line': b'-- Generating done\n'}
[0.640153] (puma560_description) StdoutLine: {'line': b'-- Build files have been written to: /home/ROS/ros_ws/build/puma560_description\n'}
[0.642702] (puma560_description) CommandEnded: {'returncode': 0}
[0.643016] (puma560_description) JobProgress: {'identifier': 'puma560_description', 'progress': 'build'}
[0.643604] (puma560_description) Command: {'cmd': ['/usr/bin/cmake', '--build', '/home/ROS/ros_ws/build/puma560_description', '--', '-j20', '-l20'], 'cwd': '/home/ROS/ros_ws/build/puma560_description', 'env': OrderedDict([('HOSTNAME', 'thallys'), ('SHLVL', '1'), ('LIBGL_ALWAYS_SOFTWARE', '1'), ('LD_LIBRARY_PATH', '/opt/ros/humble/opt/rviz_ogre_vendor/lib:/opt/ros/humble/lib/x86_64-linux-gnu:/opt/ros/humble/lib'), ('HOME', '/home/ros_ws'), ('OLDPWD', '/home/ROS/ros_ws/src'), ('ROS_PYTHON_VERSION', '3'), ('COLCON_PREFIX_PATH', '/home/ROS/ros_ws/install'), ('ROS_DISTRO', 'humble'), ('_', '/usr/bin/colcon'), ('ROS_VERSION', '2'), ('TERM', 'xterm'), ('ROS_LOCALHOST_ONLY', '0'), ('QT_X11_NO_MITSHM', '1'), ('PATH', '/opt/ros/humble/bin:/usr/local/sbin:/usr/local/bin:/usr/sbin:/usr/bin:/sbin:/bin'), ('XDG_RUNTIME_DIR', '/tmp/runtime-ros_ws'), ('DISPLAY', ':1'), ('LANG', 'C.UTF-8'), ('AMENT_PREFIX_PATH', '/opt/ros/humble'), ('PWD', '/home/ROS/ros_ws/build/puma560_description'), ('LC_ALL', 'C.UTF-8'), ('PYTHONPATH', '/opt/ros/humble/lib/python3.10/site-packages:/opt/ros/humble/local/lib/python3.10/dist-packages'), ('NVIDIA_VISIBLE_DEVICES', 'all'), ('TZ', 'America/Sao_Paulo'), ('COLCON', '1'), ('CMAKE_PREFIX_PATH', '/opt/ros/humble')]), 'shell': False}
[0.670884] (puma560_description) CommandEnded: {'returncode': 0}
[0.692683] (puma560_description) JobProgress: {'identifier': 'puma560_description', 'progress': 'install'}
[0.700379] (puma560_description) Command: {'cmd': ['/usr/bin/cmake', '--install', '/home/ROS/ros_ws/build/puma560_description'], 'cwd': '/home/ROS/ros_ws/build/puma560_description', 'env': OrderedDict([('HOSTNAME', 'thallys'), ('SHLVL', '1'), ('LIBGL_ALWAYS_SOFTWARE', '1'), ('LD_LIBRARY_PATH', '/opt/ros/humble/opt/rviz_ogre_vendor/lib:/opt/ros/humble/lib/x86_64-linux-gnu:/opt/ros/humble/lib'), ('HOME', '/home/ros_ws'), ('OLDPWD', '/home/ROS/ros_ws/src'), ('ROS_PYTHON_VERSION', '3'), ('COLCON_PREFIX_PATH', '/home/ROS/ros_ws/install'), ('ROS_DISTRO', 'humble'), ('_', '/usr/bin/colcon'), ('ROS_VERSION', '2'), ('TERM', 'xterm'), ('ROS_LOCALHOST_ONLY', '0'), ('QT_X11_NO_MITSHM', '1'), ('PATH', '/opt/ros/humble/bin:/usr/local/sbin:/usr/local/bin:/usr/sbin:/usr/bin:/sbin:/bin'), ('XDG_RUNTIME_DIR', '/tmp/runtime-ros_ws'), ('DISPLAY', ':1'), ('LANG', 'C.UTF-8'), ('AMENT_PREFIX_PATH', '/opt/ros/humble'), ('PWD', '/home/ROS/ros_ws/build/puma560_description'), ('LC_ALL', 'C.UTF-8'), ('PYTHONPATH', '/opt/ros/humble/lib/python3.10/site-packages:/opt/ros/humble/local/lib/python3.10/dist-packages'), ('NVIDIA_VISIBLE_DEVICES', 'all'), ('TZ', 'America/Sao_Paulo'), ('COLCON', '1'), ('CMAKE_PREFIX_PATH', '/opt/ros/humble')]), 'shell': False}
[0.701491] (-) TimerEvent: {}
[0.707854] (puma560_description) StdoutLine: {'line': b'-- Install configuration: ""\n'}
[0.708007] (puma560_description) StdoutLine: {'line': b'-- Installing: /home/ROS/ros_ws/install/puma560_description/share/ament_index/resource_index/package_run_dependencies/puma560_description\n'}
[0.708165] (puma560_description) StdoutLine: {'line': b'-- Installing: /home/ROS/ros_ws/install/puma560_description/share/ament_index/resource_index/parent_prefix_path/puma560_description\n'}
[0.708310] (puma560_description) StdoutLine: {'line': b'-- Installing: /home/ROS/ros_ws/install/puma560_description/share/puma560_description/environment/ament_prefix_path.sh\n'}
[0.708402] (puma560_description) StdoutLine: {'line': b'-- Installing: /home/ROS/ros_ws/install/puma560_description/share/puma560_description/environment/ament_prefix_path.dsv\n'}
[0.708484] (puma560_description) StdoutLine: {'line': b'-- Installing: /home/ROS/ros_ws/install/puma560_description/share/puma560_description/environment/path.sh\n'}
[0.708561] (puma560_description) StdoutLine: {'line': b'-- Installing: /home/ROS/ros_ws/install/puma560_description/share/puma560_description/environment/path.dsv\n'}
[0.708635] (puma560_description) StdoutLine: {'line': b'-- Installing: /home/ROS/ros_ws/install/puma560_description/share/puma560_description/local_setup.bash\n'}
[0.708710] (puma560_description) StdoutLine: {'line': b'-- Installing: /home/ROS/ros_ws/install/puma560_description/share/puma560_description/local_setup.sh\n'}
[0.708791] (puma560_description) StdoutLine: {'line': b'-- Installing: /home/ROS/ros_ws/install/puma560_description/share/puma560_description/local_setup.zsh\n'}
[0.708903] (puma560_description) StdoutLine: {'line': b'-- Installing: /home/ROS/ros_ws/install/puma560_description/share/puma560_description/local_setup.dsv\n'}
[0.708976] (puma560_description) StdoutLine: {'line': b'-- Installing: /home/ROS/ros_ws/install/puma560_description/share/puma560_description/package.dsv\n'}
[0.709062] (puma560_description) StdoutLine: {'line': b'-- Installing: /home/ROS/ros_ws/install/puma560_description/share/ament_index/resource_index/packages/puma560_description\n'}
[0.709161] (puma560_description) StdoutLine: {'line': b'-- Installing: /home/ROS/ros_ws/install/puma560_description/share/puma560_description/cmake/puma560_descriptionConfig.cmake\n'}
[0.709221] (puma560_description) StdoutLine: {'line': b'-- Installing: /home/ROS/ros_ws/install/puma560_description/share/puma560_description/cmake/puma560_descriptionConfig-version.cmake\n'}
[0.709281] (puma560_description) StdoutLine: {'line': b'-- Installing: /home/ROS/ros_ws/install/puma560_description/share/puma560_description/package.xml\n'}
[0.710353] (puma560_description) CommandEnded: {'returncode': 0}
[0.755119] (puma560_description) JobEnded: {'identifier': 'puma560_description', 'rc': 0}
[0.755801] (-) EventReactorShutdown: {}
