16:10:54: Creating resource group General
16:10:54: Creating resource group Internal
16:10:54: Creating resource group Autodetect
16:10:54: SceneManagerFactory for type 'DefaultSceneManager' registered.
16:10:54: Registering ResourceManager for type Material
16:10:54: Registering ResourceManager for type Mesh
16:10:54: Registering ResourceManager for type Mesh2
16:10:54: Registering ResourceManager for type OldSkeleton
16:10:54: MovableObjectFactory for type 'ParticleSystem' registered.
16:10:54: ArchiveFactory for archive type FileSystem registered.
16:10:54: ArchiveFactory for archive type Zip registered.
16:10:54: ArchiveFactory for archive type EmbeddedZip registered.
16:10:54: DDS codec registering
16:10:54: FreeImage version: 3.18.0
16:10:54: This program uses FreeImage, a free, open source image library supporting all common bitmap formats. See http://freeimage.sourceforge.net for details
16:10:54: Supported formats: bmp,ico,jpg,jif,jpeg,jpe,jng,koa,iff,lbm,mng,pbm,pbm,pcd,pcx,pgm,pgm,png,ppm,ppm,ras,tga,targa,tif,tiff,wap,wbmp,wbm,psd,psb,cut,xbm,xpm,gif,hdr,g3,sgi,rgb,rgba,bw,exr,j2k,j2c,jp2,pfm,pct,pict,pic,3fr,arw,bay,bmq,cap,cine,cr2,crw,cs1,dc2,dcr,drf,dsc,dng,erf,fff,ia,iiq,k25,kc2,kdc,mdc,mef,mos,mrw,nef,nrw,orf,pef,ptx,pxn,qtk,raf,raw,rdc,rw2,rwl,rwz,sr2,srf,srw,sti,x3f,webp,jxr,wdp,hdp
16:10:54: OITD codec registering
16:10:54: Registering ResourceManager for type HighLevelGpuProgram
16:10:54: MovableObjectFactory for type 'Decal' registered.
16:10:54: MovableObjectFactory for type 'InternalCubemapProbe' registered.
16:10:54: MovableObjectFactory for type 'Entity' registered.
16:10:54: MovableObjectFactory for type 'Item' registered.
16:10:54: MovableObjectFactory for type 'Light' registered.
16:10:54: MovableObjectFactory for type 'Rectangle2Dv2' registered.
16:10:54: MovableObjectFactory for type 'BillboardSet' registered.
16:10:54: MovableObjectFactory for type 'ManualObject2' registered.
16:10:54: MovableObjectFactory for type 'BillboardChain' registered.
16:10:54: MovableObjectFactory for type 'RibbonTrail' registered.
16:10:54: MovableObjectFactory for type 'WireAabb' registered.
16:10:54: *-*-* OGRE Initialising
16:10:54: *-*-* Version 2.2.5 (Cerberus)
16:10:54: OverlayElementFactory for type Panel registered.
16:10:54: OverlayElementFactory for type BorderPanel registered.
16:10:54: OverlayElementFactory for type TextArea registered.
16:10:54: Registering ResourceManager for type Font
16:10:54: Loading library /usr/lib/x86_64-linux-gnu/OGRE-Next/RenderSystem_GL3Plus.so
16:10:54: Installing plugin: GL 3+ RenderSystem
16:10:54: OpenGL 3+ Rendering Subsystem created.
16:10:54: Found Num EGL Devices: 3
16:10:54: EGL Device: EGL_EXT_device_drm EGL_EXT_device_drm_render_node #0 /dev/dri/card1
16:10:54: Trying to init device: EGL_EXT_device_drm EGL_EXT_device_drm_render_node #0 /dev/dri/card1...
16:10:54: OGRE EXCEPTION(3:RenderingAPIException): eglInitialize failed for device EGL_EXT_device_drm EGL_EXT_device_drm_render_node #0 /dev/dri/card1 in EGLSupport::getGLDisplay at /build/ogre-next-UFfg83/ogre-next-2.2.5+dfsg3/RenderSystems/GL3Plus/src/windowing/EGL/PBuffer/OgreEglPBufferSupport.cpp (line 320)
16:10:54: OGRE EXCEPTION(3:RenderingAPIException): eglInitialize failed for device EGL_EXT_device_drm EGL_EXT_device_drm_render_node #0 /dev/dri/card1 in EGLSupport::getGLDisplay at /build/ogre-next-UFfg83/ogre-next-2.2.5+dfsg3/RenderSystems/GL3Plus/src/windowing/EGL/PBuffer/OgreEglPBufferSupport.cpp (line 320)
16:10:54: Destroying device: EGL_EXT_device_drm EGL_EXT_device_drm_render_node #0 /dev/dri/card1...
16:10:54: EGL Device: EGL_EXT_device_drm EGL_EXT_device_drm_render_node #1 /dev/dri/card2
16:10:54: Trying to init device: EGL_EXT_device_drm EGL_EXT_device_drm_render_node #1 /dev/dri/card2...
16:10:54: Created GL 4.5 context for device EGL_EXT_device_drm EGL_EXT_device_drm_render_node #1 /dev/dri/card2
16:10:54: Destroying device: EGL_EXT_device_drm EGL_EXT_device_drm_render_node #1 /dev/dri/card2...
16:10:54: EGL Device: EGL_MESA_device_software EGL_EXT_device_drm_render_node #2
16:10:54: Trying to init device: EGL_MESA_device_software EGL_EXT_device_drm_render_node #2...
16:10:54: Created GL 4.5 context for device EGL_MESA_device_software EGL_EXT_device_drm_render_node #2
16:10:54: Destroying device: EGL_MESA_device_software EGL_EXT_device_drm_render_node #2...
16:10:54: Plugin successfully installed
16:10:54: Loading library /usr/lib/x86_64-linux-gnu/OGRE-Next/Plugin_ParticleFX.so
16:10:54: Installing plugin: ParticleFX
16:10:54: Particle Emitter Type 'Point' registered
16:10:54: Particle Emitter Type 'Box' registered
16:10:54: Particle Emitter Type 'Ellipsoid' registered
16:10:54: Particle Emitter Type 'Cylinder' registered
16:10:54: Particle Emitter Type 'Ring' registered
16:10:54: Particle Emitter Type 'HollowEllipsoid' registered
16:10:54: Particle Affector Type 'LinearForce' registered
16:10:54: Particle Affector Type 'ColourFader' registered
16:10:54: Particle Affector Type 'ColourFader2' registered
16:10:54: Particle Affector Type 'ColourImage' registered
16:10:54: Particle Affector Type 'ColourInterpolator' registered
16:10:54: Particle Affector Type 'Scaler' registered
16:10:54: Particle Affector Type 'Rotator' registered
16:10:54: Particle Affector Type 'DirectionRandomiser' registered
16:10:54: Particle Affector Type 'DeflectorPlane' registered
16:10:54: Plugin successfully installed
16:10:54: CPU Identifier & Features
16:10:54: -------------------------
16:10:54:  *   CPU ID: GenuineIntel: 13th Gen Intel(R) Core(TM) i9-13900H
16:10:54:  *   Logical cores: 20
16:10:54:  *      SSE: yes
16:10:54:  *     SSE2: yes
16:10:54:  *     SSE3: yes
16:10:54:  *      MMX: yes
16:10:54:  *   MMXEXT: yes
16:10:54:  *    3DNOW: no
16:10:54:  * 3DNOWEXT: no
16:10:54:  *     CMOV: yes
16:10:54:  *      TSC: yes
16:10:54:  *      FPU: yes
16:10:54:  *      PRO: yes
16:10:54:  *       HT: no
16:10:54: -------------------------
16:10:54: ******************************
*** Starting GLX Subsystem ***
******************************
16:10:54: GL3PlusRenderSystem::_createRenderWindow "OgreWindow(0)_0", 1x1 windowed  miscParams: FSAA=0 border=none contentScalingFactor=1.000000 currentGLContext=true externalGLControl=true gamma=Yes parentWindowHandle=77594640 stereoMode=Frame Sequential 
16:10:54: GLXWindow::create used FBConfigID = 334
16:10:54: GL Version = 4.5.0.0
16:10:54: GL_VERSION = 4.5 (Compatibility Profile) Mesa 23.2.1-1ubuntu3.1~22.04.2
16:10:54: GL_VENDOR = Mesa
16:10:54: GL_RENDERER = llvmpipe (LLVM 15.0.7, 256 bits)
16:10:54: GL_EXTENSIONS = 
16:10:54: GL_3DFX_texture_compression_FXT1
16:10:54: GL_AMD_conservative_depth
16:10:54: GL_AMD_draw_buffers_blend
16:10:54: GL_AMD_multi_draw_indirect
16:10:54: GL_AMD_pinned_memory
16:10:54: GL_AMD_query_buffer_object
16:10:54: GL_AMD_seamless_cubemap_per_texture
16:10:54: GL_AMD_shader_stencil_export
16:10:54: GL_AMD_shader_trinary_minmax
16:10:54: GL_AMD_texture_texture4
16:10:54: GL_AMD_vertex_shader_layer
16:10:54: GL_AMD_vertex_shader_viewport_index
16:10:54: GL_ANGLE_texture_compression_dxt3
16:10:54: GL_ANGLE_texture_compression_dxt5
16:10:54: GL_APPLE_packed_pixels
16:10:54: GL_ARB_ES2_compatibility
16:10:54: GL_ARB_ES3_1_compatibility
16:10:54: GL_ARB_ES3_2_compatibility
16:10:54: GL_ARB_ES3_compatibility
16:10:54: GL_ARB_arrays_of_arrays
16:10:54: GL_ARB_base_instance
16:10:54: GL_ARB_blend_func_extended
16:10:54: GL_ARB_buffer_storage
16:10:54: GL_ARB_clear_buffer_object
16:10:54: GL_ARB_clear_texture
16:10:54: GL_ARB_clip_control
16:10:54: GL_ARB_color_buffer_float
16:10:54: GL_ARB_compatibility
16:10:54: GL_ARB_compressed_texture_pixel_storage
16:10:54: GL_ARB_compute_shader
16:10:54: GL_ARB_conditional_render_inverted
16:10:54: GL_ARB_conservative_depth
16:10:54: GL_ARB_copy_buffer
16:10:54: GL_ARB_copy_image
16:10:54: GL_ARB_cull_distance
16:10:54: GL_ARB_debug_output
16:10:54: GL_ARB_depth_buffer_float
16:10:54: GL_ARB_depth_clamp
16:10:54: GL_ARB_depth_texture
16:10:54: GL_ARB_derivative_control
16:10:54: GL_ARB_direct_state_access
16:10:54: GL_ARB_draw_buffers
16:10:54: GL_ARB_draw_buffers_blend
16:10:54: GL_ARB_draw_elements_base_vertex
16:10:54: GL_ARB_draw_indirect
16:10:54: GL_ARB_draw_instanced
16:10:54: GL_ARB_enhanced_layouts
16:10:54: GL_ARB_explicit_attrib_location
16:10:54: GL_ARB_explicit_uniform_location
16:10:54: GL_ARB_fragment_coord_conventions
16:10:54: GL_ARB_fragment_layer_viewport
16:10:54: GL_ARB_fragment_program
16:10:54: GL_ARB_fragment_program_shadow
16:10:54: GL_ARB_fragment_shader
16:10:54: GL_ARB_framebuffer_no_attachments
16:10:54: GL_ARB_framebuffer_object
16:10:54: GL_ARB_framebuffer_sRGB
16:10:54: GL_ARB_get_program_binary
16:10:54: GL_ARB_get_texture_sub_image
16:10:54: GL_ARB_gl_spirv
16:10:54: GL_ARB_gpu_shader5
16:10:54: GL_ARB_gpu_shader_fp64
16:10:54: GL_ARB_gpu_shader_int64
16:10:54: GL_ARB_half_float_pixel
16:10:54: GL_ARB_half_float_vertex
16:10:54: GL_ARB_indirect_parameters
16:10:54: GL_ARB_instanced_arrays
16:10:54: GL_ARB_internalformat_query
16:10:54: GL_ARB_internalformat_query2
16:10:54: GL_ARB_invalidate_subdata
16:10:54: GL_ARB_map_buffer_alignment
16:10:54: GL_ARB_map_buffer_range
16:10:54: GL_ARB_multi_bind
16:10:54: GL_ARB_multi_draw_indirect
16:10:54: GL_ARB_multisample
16:10:54: GL_ARB_multitexture
16:10:54: GL_ARB_occlusion_query
16:10:54: GL_ARB_occlusion_query2
16:10:54: GL_ARB_parallel_shader_compile
16:10:54: GL_ARB_pipeline_statistics_query
16:10:54: GL_ARB_pixel_buffer_object
16:10:54: GL_ARB_point_parameters
16:10:54: GL_ARB_point_sprite
16:10:54: GL_ARB_polygon_offset_clamp
16:10:54: GL_ARB_post_depth_coverage
16:10:54: GL_ARB_program_interface_query
16:10:54: GL_ARB_provoking_vertex
16:10:54: GL_ARB_query_buffer_object
16:10:54: GL_ARB_robust_buffer_access_behavior
16:10:54: GL_ARB_robustness
16:10:54: GL_ARB_sample_shading
16:10:54: GL_ARB_sampler_objects
16:10:54: GL_ARB_seamless_cube_map
16:10:54: GL_ARB_seamless_cubemap_per_texture
16:10:54: GL_ARB_separate_shader_objects
16:10:54: GL_ARB_shader_atomic_counter_ops
16:10:54: GL_ARB_shader_atomic_counters
16:10:54: GL_ARB_shader_ballot
16:10:54: GL_ARB_shader_bit_encoding
16:10:54: GL_ARB_shader_clock
16:10:54: GL_ARB_shader_draw_parameters
16:10:54: GL_ARB_shader_group_vote
16:10:54: GL_ARB_shader_image_load_store
16:10:54: GL_ARB_shader_image_size
16:10:54: GL_ARB_shader_objects
16:10:54: GL_ARB_shader_precision
16:10:54: GL_ARB_shader_stencil_export
16:10:54: GL_ARB_shader_storage_buffer_object
16:10:54: GL_ARB_shader_subroutine
16:10:54: GL_ARB_shader_texture_image_samples
16:10:54: GL_ARB_shader_texture_lod
16:10:54: GL_ARB_shader_viewport_layer_array
16:10:54: GL_ARB_shading_language_100
16:10:54: GL_ARB_shading_language_420pack
16:10:54: GL_ARB_shading_language_include
16:10:54: GL_ARB_shading_language_packing
16:10:54: GL_ARB_shadow
16:10:54: GL_ARB_spirv_extensions
16:10:54: GL_ARB_stencil_texturing
16:10:54: GL_ARB_sync
16:10:54: GL_ARB_tessellation_shader
16:10:54: GL_ARB_texture_barrier
16:10:54: GL_ARB_texture_border_clamp
16:10:54: GL_ARB_texture_buffer_object
16:10:54: GL_ARB_texture_buffer_object_rgb32
16:10:54: GL_ARB_texture_buffer_range
16:10:54: GL_ARB_texture_compression
16:10:54: GL_ARB_texture_compression_bptc
16:10:54: GL_ARB_texture_compression_rgtc
16:10:54: GL_ARB_texture_cube_map
16:10:54: GL_ARB_texture_cube_map_array
16:10:54: GL_ARB_texture_env_add
16:10:54: GL_ARB_texture_env_combine
16:10:54: GL_ARB_texture_env_crossbar
16:10:54: GL_ARB_texture_env_dot3
16:10:54: GL_ARB_texture_filter_anisotropic
16:10:54: GL_ARB_texture_filter_minmax
16:10:54: GL_ARB_texture_float
16:10:54: GL_ARB_texture_gather
16:10:54: GL_ARB_texture_mirror_clamp_to_edge
16:10:54: GL_ARB_texture_mirrored_repeat
16:10:54: GL_ARB_texture_multisample
16:10:54: GL_ARB_texture_non_power_of_two
16:10:54: GL_ARB_texture_query_levels
16:10:54: GL_ARB_texture_query_lod
16:10:54: GL_ARB_texture_rectangle
16:10:54: GL_ARB_texture_rg
16:10:54: GL_ARB_texture_rgb10_a2ui
16:10:54: GL_ARB_texture_stencil8
16:10:54: GL_ARB_texture_storage
16:10:54: GL_ARB_texture_storage_multisample
16:10:54: GL_ARB_texture_swizzle
16:10:54: GL_ARB_texture_view
16:10:54: GL_ARB_timer_query
16:10:54: GL_ARB_transform_feedback2
16:10:54: GL_ARB_transform_feedback3
16:10:54: GL_ARB_transform_feedback_instanced
16:10:54: GL_ARB_transform_feedback_overflow_query
16:10:54: GL_ARB_transpose_matrix
16:10:54: GL_ARB_uniform_buffer_object
16:10:54: GL_ARB_vertex_array_bgra
16:10:54: GL_ARB_vertex_array_object
16:10:54: GL_ARB_vertex_attrib_64bit
16:10:54: GL_ARB_vertex_attrib_binding
16:10:54: GL_ARB_vertex_buffer_object
16:10:54: GL_ARB_vertex_program
16:10:54: GL_ARB_vertex_shader
16:10:54: GL_ARB_vertex_type_10f_11f_11f_rev
16:10:54: GL_ARB_vertex_type_2_10_10_10_rev
16:10:54: GL_ARB_viewport_array
16:10:54: GL_ARB_window_pos
16:10:54: GL_ARM_shader_framebuffer_fetch_depth_stencil
16:10:54: GL_ATI_blend_equation_separate
16:10:54: GL_ATI_draw_buffers
16:10:54: GL_ATI_fragment_shader
16:10:54: GL_ATI_meminfo
16:10:54: GL_ATI_separate_stencil
16:10:54: GL_ATI_texture_compression_3dc
16:10:54: GL_ATI_texture_env_combine3
16:10:54: GL_ATI_texture_float
16:10:54: GL_ATI_texture_mirror_once
16:10:54: GL_EXT_EGL_image_storage
16:10:54: GL_EXT_EGL_sync
16:10:54: GL_EXT_abgr
16:10:54: GL_EXT_bgra
16:10:54: GL_EXT_blend_color
16:10:54: GL_EXT_blend_equation_separate
16:10:54: GL_EXT_blend_func_separate
16:10:54: GL_EXT_blend_minmax
16:10:54: GL_EXT_blend_subtract
16:10:54: GL_EXT_compiled_vertex_array
16:10:54: GL_EXT_copy_texture
16:10:54: GL_EXT_debug_label
16:10:54: GL_EXT_direct_state_access
16:10:54: GL_EXT_draw_buffers2
16:10:54: GL_EXT_draw_instanced
16:10:54: GL_EXT_draw_range_elements
16:10:54: GL_EXT_fog_coord
16:10:54: GL_EXT_framebuffer_blit
16:10:54: GL_EXT_framebuffer_multisample
16:10:54: GL_EXT_framebuffer_multisample_blit_scaled
16:10:54: GL_EXT_framebuffer_object
16:10:54: GL_EXT_framebuffer_sRGB
16:10:54: GL_EXT_gpu_program_parameters
16:10:54: GL_EXT_gpu_shader4
16:10:54: GL_EXT_memory_object
16:10:54: GL_EXT_memory_object_fd
16:10:54: GL_EXT_multi_draw_arrays
16:10:54: GL_EXT_packed_depth_stencil
16:10:54: GL_EXT_packed_float
16:10:54: GL_EXT_packed_pixels
16:10:54: GL_EXT_pixel_buffer_object
16:10:54: GL_EXT_point_parameters
16:10:54: GL_EXT_polygon_offset_clamp
16:10:54: GL_EXT_provoking_vertex
16:10:54: GL_EXT_rescale_normal
16:10:54: GL_EXT_secondary_color
16:10:54: GL_EXT_separate_specular_color
16:10:54: GL_EXT_shader_framebuffer_fetch
16:10:54: GL_EXT_shader_framebuffer_fetch_non_coherent
16:10:54: GL_EXT_shader_integer_mix
16:10:54: GL_EXT_shadow_funcs
16:10:54: GL_EXT_stencil_two_side
16:10:54: GL_EXT_stencil_wrap
16:10:54: GL_EXT_subtexture
16:10:54: GL_EXT_texture
16:10:54: GL_EXT_texture3D
16:10:54: GL_EXT_texture_array
16:10:54: GL_EXT_texture_buffer_object
16:10:54: GL_EXT_texture_compression_dxt1
16:10:54: GL_EXT_texture_compression_latc
16:10:54: GL_EXT_texture_compression_rgtc
16:10:54: GL_EXT_texture_compression_s3tc
16:10:54: GL_EXT_texture_cube_map
16:10:54: GL_EXT_texture_edge_clamp
16:10:54: GL_EXT_texture_env_add
16:10:54: GL_EXT_texture_env_combine
16:10:54: GL_EXT_texture_env_dot3
16:10:54: GL_EXT_texture_filter_anisotropic
16:10:54: GL_EXT_texture_filter_minmax
16:10:54: GL_EXT_texture_integer
16:10:54: GL_EXT_texture_lod_bias
16:10:54: GL_EXT_texture_mirror_clamp
16:10:54: GL_EXT_texture_object
16:10:54: GL_EXT_texture_rectangle
16:10:54: GL_EXT_texture_sRGB
16:10:54: GL_EXT_texture_sRGB_R8
16:10:54: GL_EXT_texture_sRGB_RG8
16:10:54: GL_EXT_texture_sRGB_decode
16:10:54: GL_EXT_texture_shadow_lod
16:10:54: GL_EXT_texture_shared_exponent
16:10:54: GL_EXT_texture_snorm
16:10:54: GL_EXT_texture_swizzle
16:10:54: GL_EXT_timer_query
16:10:54: GL_EXT_transform_feedback
16:10:54: GL_EXT_vertex_array
16:10:54: GL_EXT_vertex_array_bgra
16:10:54: GL_EXT_vertex_attrib_64bit
16:10:54: GL_IBM_multimode_draw_arrays
16:10:54: GL_IBM_rasterpos_clip
16:10:54: GL_IBM_texture_mirrored_repeat
16:10:54: GL_INGR_blend_func_separate
16:10:54: GL_INTEL_shader_atomic_float_minmax
16:10:54: GL_KHR_blend_equation_advanced
16:10:54: GL_KHR_blend_equation_advanced_coherent
16:10:54: GL_KHR_context_flush_control
16:10:54: GL_KHR_debug
16:10:54: GL_KHR_no_error
16:10:54: GL_KHR_parallel_shader_compile
16:10:54: GL_KHR_robust_buffer_access_behavior
16:10:54: GL_KHR_robustness
16:10:54: GL_KHR_texture_compression_astc_ldr
16:10:54: GL_KHR_texture_compression_astc_sliced_3d
16:10:54: GL_MESA_framebuffer_flip_y
16:10:54: GL_MESA_pack_invert
16:10:54: GL_MESA_shader_integer_functions
16:10:54: GL_MESA_texture_signed_rgba
16:10:54: GL_MESA_window_pos
16:10:54: GL_MESA_ycbcr_texture
16:10:54: GL_NVX_gpu_memory_info
16:10:54: GL_NV_ES1_1_compatibility
16:10:54: GL_NV_blend_square
16:10:54: GL_NV_conditional_render
16:10:54: GL_NV_copy_depth_to_color
16:10:54: GL_NV_copy_image
16:10:54: GL_NV_depth_clamp
16:10:54: GL_NV_fog_distance
16:10:54: GL_NV_half_float
16:10:54: GL_NV_light_max_exponent
16:10:54: GL_NV_packed_depth_stencil
16:10:54: GL_NV_primitive_restart
16:10:54: GL_NV_shader_atomic_float
16:10:54: GL_NV_texgen_reflection
16:10:54: GL_NV_texture_barrier
16:10:54: GL_NV_texture_env_combine4
16:10:54: GL_NV_texture_rectangle
16:10:54: GL_OES_EGL_image
16:10:54: GL_OES_read_format
16:10:54: GL_S3_s3tc
16:10:54: GL_SGIS_generate_mipmap
16:10:54: GL_SGIS_texture_border_clamp
16:10:54: GL_SGIS_texture_edge_clamp
16:10:54: GL_SGIS_texture_lod
16:10:54: GL_SUN_multi_draw_arrays
16:10:54: **************************************
16:10:54: ***   OpenGL 3+ Renderer Started   ***
16:10:54: **************************************
16:10:54: Registering ResourceManager for type GpuProgram
16:10:54: RenderSystem capabilities
16:10:54: -------------------------
16:10:54: RenderSystem Name: OpenGL 3+ Rendering Subsystem
16:10:54: GPU Vendor: unknown
16:10:54: Device Name: llvmpipe (LLVM 15.0.7, 256 bits)
16:10:54: Driver Version: 4.5.0.0
16:10:54:  * Fixed function pipeline: no
16:10:54:  * Hardware generation of mipmaps: yes
16:10:54:  * Texture blending: yes
16:10:54:  * Anisotropic texture filtering: yes
16:10:54:  * Dot product texture operation: yes
16:10:54:  * Cube mapping: yes
16:10:54:  * Hardware stencil buffer: yes
16:10:54:    - Stencil depth: 8
16:10:54:    - Two sided stencil support: yes
16:10:54:    - Wrap stencil values: yes
16:10:54:  * Hardware vertex / index buffers: yes
16:10:54:  * 32-bit index buffers: yes
16:10:54:  * Vertex programs: yes
16:10:54:  * Number of floating-point constants for vertex programs: 16384
16:10:54:  * Number of integer constants for vertex programs: 16384
16:10:54:  * Number of boolean constants for vertex programs: 16384
16:10:54:  * Fragment programs: yes
16:10:54:  * Number of floating-point constants for fragment programs: 16384
16:10:54:  * Number of integer constants for fragment programs: 16384
16:10:54:  * Number of boolean constants for fragment programs: 16384
16:10:54:  * Geometry programs: yes
16:10:54:  * Number of floating-point constants for geometry programs: 16384
16:10:54:  * Number of integer constants for geometry programs: 16384
16:10:54:  * Number of boolean constants for geometry programs: 16384
16:10:54:  * Tessellation Hull programs: yes
16:10:54:  * Number of floating-point constants for tessellation hull programs: 16384
16:10:54:  * Number of integer constants for tessellation hull programs: 16384
16:10:54:  * Number of boolean constants for tessellation hull programs: 16384
16:10:54:  * Tessellation Domain programs: yes
16:10:54:  * Number of floating-point constants for tessellation domain programs: 16384
16:10:54:  * Number of integer constants for tessellation domain programs: 16384
16:10:54:  * Number of boolean constants for tessellation domain programs: 16384
16:10:54:  * Compute programs: yes
16:10:54:  * Number of floating-point constants for compute programs: 16384
16:10:54:  * Number of integer constants for compute programs: 16384
16:10:54:  * Number of boolean constants for compute programs: 16384
16:10:54:  * Supported Shader Profiles: glsl glsl130 glsl140 glsl150 glsl330 glsl400 glsl410 glsl420 glsl430 glsl440
16:10:54:  * Texture Compression: yes
16:10:54:    - DXT: yes
16:10:54:    - VTC: no
16:10:54:    - PVRTC: no
16:10:54:    - ATC: no
16:10:54:    - ETC1: no
16:10:54:    - ETC2: yes
16:10:54:    - BC4/BC5: yes
16:10:54:    - BC6H/BC7: yes
16:10:54:    - ASTC: yes
16:10:54:  * Hardware Occlusion Query: yes
16:10:54:  * User clip planes: yes
16:10:54:  * VET_UBYTE4 vertex element type: yes
16:10:54:  * Infinite far plane projection: yes
16:10:54:  * Hardware render-to-texture: yes
16:10:54:  * Floating point textures: yes
16:10:54:  * Non-power-of-two textures: yes
16:10:54:  * 1d textures: yes
16:10:54:  * Volume textures: yes
16:10:54:  * Max Texture resolution (2D) 16384
16:10:54:  * Max Texture resolution (3D) 2048
16:10:54:  * Max Texture resolution (Cubemaps) 16384
16:10:54:  * Multiple Render Targets: 8
16:10:54:    - With different bit depths: yes
16:10:54:  * Point Sprites: yes
16:10:54:  * Extended point parameters: yes
16:10:54:  * Max Point Size: 255
16:10:54:  * Vertex texture fetch: yes
16:10:54:  * Number of world matrices: 0
16:10:54:  * Number of texture units: 16
16:10:54:  * Stencil buffer depth: 8
16:10:54:  * Number of vertex blend matrices: 0
16:10:54:    - Max vertex textures: 32
16:10:54:    - Vertex textures shared: yes
16:10:54:  * Render to Vertex Buffer : yes
16:10:54:  * Hardware Atomic Counters: yes
16:10:54:  * Compute max threads per threadgroup per axis: 1024, 1024, 64
16:10:54:  * Compute max threads per threadgroup total: 1024
16:10:54:  * GL 1.5 without VBO workaround: no
16:10:54:  * Frame Buffer objects: yes
16:10:54:  * Frame Buffer objects (ARB extension): no
16:10:54:  * Frame Buffer objects (ATI extension): no
16:10:54:  * PBuffer support: no
16:10:54:  * GL 1.5 without HW-occlusion workaround: no
16:10:54:  * Vertex Array Objects: yes
16:10:54:  * Separate shader objects: no
16:10:54:  * Using Reverse Z: yes
16:10:54: DefaultWorkQueue('Root') initialising on thread main.
16:10:54: Particle Renderer Type 'billboard' registered
16:10:54: Added resource location '/usr/share/ignition/ignition-rendering6/ogre2/media/2.0/scripts/Compositors' of type 'FileSystem' to resource group 'General'
16:10:54: Added resource location '/usr/share/ignition/ignition-rendering6/ogre2/media/2.0/scripts/materials/Common' of type 'FileSystem' to resource group 'General'
16:10:54: Added resource location '/usr/share/ignition/ignition-rendering6/ogre2/media/2.0/scripts/materials/Common/GLSL' of type 'FileSystem' to resource group 'General'
16:10:54: Added resource location '/usr/share/ignition/ignition-rendering6/ogre2/media/2.0/scripts/materials/Common/GLSLES' of type 'FileSystem' to resource group 'General'
16:10:54: Added resource location '/usr/share/ignition/ignition-rendering6/ogre2/media/2.0/scripts/materials/Terra' of type 'FileSystem' to resource group 'General'
16:10:54: Added resource location '/usr/share/ignition/ignition-rendering6/ogre2/media/2.0/scripts/materials/Terra/GLSL' of type 'FileSystem' to resource group 'General'
16:10:54: Added resource location '/usr/share/ignition/ignition-rendering6/ogre2/media' of type 'FileSystem' to resource group 'General'
16:10:54: Added resource location '/usr/share/ignition/ignition-rendering6/ogre2/media/materials/programs' of type 'FileSystem' to resource group 'General'
16:10:54: Added resource location '/usr/share/ignition/ignition-rendering6/ogre2/media/materials/programs/GLSL' of type 'FileSystem' to resource group 'General'
16:10:54: Added resource location '/usr/share/ignition/ignition-rendering6/ogre2/media/materials/programs/Metal' of type 'FileSystem' to resource group 'General'
16:10:54: Added resource location '/usr/share/ignition/ignition-rendering6/ogre2/media/materials/scripts' of type 'FileSystem' to resource group 'General'
16:10:54: Added resource location '/usr/share/ignition/ignition-rendering6/ogre2/media/materials/textures' of type 'FileSystem' to resource group 'General'
16:10:54: Parsing scripts for resource group Autodetect
16:10:54: Finished parsing scripts for resource group Autodetect
16:10:54: Creating resources for group Autodetect
16:10:54: All done
16:10:54: Parsing scripts for resource group General
16:10:54: Parsing script Quad.program
16:10:54: Parsing script DepthUtils.material
16:10:54: Parsing script DPSM.material
16:10:54: Parsing script Copyback.material
16:10:54: Parsing script EsmGaussianBlurLogFilter.material
16:10:54: Parsing script GpuNormalMapper.material
16:10:54: Parsing script depth_camera.material
16:10:54: Parsing script thermal.material
16:10:54: Parsing script gaussian_noise.material
16:10:54: Parsing script picker.material
16:10:54: Parsing script skybox.material
16:10:54: Parsing script point_cloud_point.material
16:10:54: Parsing script gpu_rays.material
16:10:54: Parsing script selection_buffer.material
16:10:54: Parsing script GpuNormalMapper.compositor
16:10:54: Parsing script TerraShadowGenerator.compositor
16:10:54: Parsing script EsmGaussianBlurLogFilter.material.json
16:10:54: Parsing script Mipmaps.material.json
16:10:54: Parsing script TerraShadowGenerator.material.json
16:10:54: Finished parsing scripts for resource group General
16:10:54: Creating resources for group General
16:10:54: All done
16:10:54: Parsing scripts for resource group Internal
16:10:54: Finished parsing scripts for resource group Internal
16:10:54: Creating resources for group Internal
16:10:54: All done
16:10:54: Added resource location '/usr/share/ignition/ignition-rendering6/media/materials/textures/' of type 'FileSystem' to resource group 'General'
16:10:55: Can't assign material scene::Material(65506) because this Material does not exist. Have you forgotten to define it in a .material script?
16:10:55: OGRE EXCEPTION(5:ItemIdentityException): Cannot locate an appropriate 2D texture coordinate set for all the vertex data in this mesh to create tangents from.  in Mesh::suggestTangentVectorBuildParams at /build/ogre-next-UFfg83/ogre-next-2.2.5+dfsg3/OgreMain/src/OgreMesh.cpp (line 1881)
16:10:55: Can't assign material scene::Material(65500) because this Material does not exist. Have you forgotten to define it in a .material script?
16:10:55: OGRE EXCEPTION(5:ItemIdentityException): Cannot locate an appropriate 2D texture coordinate set for all the vertex data in this mesh to create tangents from.  in Mesh::suggestTangentVectorBuildParams at /build/ogre-next-UFfg83/ogre-next-2.2.5+dfsg3/OgreMain/src/OgreMesh.cpp (line 1881)
16:10:55: Can't assign material scene::Material(65494) because this Material does not exist. Have you forgotten to define it in a .material script?
16:10:55: OGRE EXCEPTION(5:ItemIdentityException): Cannot locate an appropriate 2D texture coordinate set for all the vertex data in this mesh to create tangents from.  in Mesh::suggestTangentVectorBuildParams at /build/ogre-next-UFfg83/ogre-next-2.2.5+dfsg3/OgreMain/src/OgreMesh.cpp (line 1881)
16:10:55: Can't assign material scene::Material(65488) because this Material does not exist. Have you forgotten to define it in a .material script?
16:10:55: OGRE EXCEPTION(5:ItemIdentityException): Cannot locate an appropriate 2D texture coordinate set for all the vertex data in this mesh to create tangents from.  in Mesh::suggestTangentVectorBuildParams at /build/ogre-next-UFfg83/ogre-next-2.2.5+dfsg3/OgreMain/src/OgreMesh.cpp (line 1881)
16:10:55: Can't assign material scene::Material(65482) because this Material does not exist. Have you forgotten to define it in a .material script?
16:10:55: OGRE EXCEPTION(5:ItemIdentityException): Cannot locate an appropriate 2D texture coordinate set for all the vertex data in this mesh to create tangents from.  in Mesh::suggestTangentVectorBuildParams at /build/ogre-next-UFfg83/ogre-next-2.2.5+dfsg3/OgreMain/src/OgreMesh.cpp (line 1881)
16:10:55: Can't assign material scene::Material(65476) because this Material does not exist. Have you forgotten to define it in a .material script?
16:10:55: OGRE EXCEPTION(5:ItemIdentityException): Cannot locate an appropriate 2D texture coordinate set for all the vertex data in this mesh to create tangents from.  in Mesh::suggestTangentVectorBuildParams at /build/ogre-next-UFfg83/ogre-next-2.2.5+dfsg3/OgreMain/src/OgreMesh.cpp (line 1881)
16:10:55: Can't assign material scene::Material(65470) because this Material does not exist. Have you forgotten to define it in a .material script?
16:10:56: Vertex Shader: 100000001VertexShader_vs
Fragment Shader: 100000001PixelShader_ps
 GLSL validation result : 
active samplers with a different type refer to the same texture image unit
16:10:56: Vertex Shader: 100000002VertexShader_vs
Fragment Shader: 100000002PixelShader_ps
 GLSL validation result : 
active samplers with a different type refer to the same texture image unit
16:10:57: WARNING: Deleting mapped buffer without having it unmapped. This is often sign of a resource leak or a bad pattern. Umapping the buffer for you...
16:10:57: WARNING: Deleting mapped buffer without having it unmapped. This is often sign of a resource leak or a bad pattern. Umapping the buffer for you...
16:10:57: WARNING: Deleting mapped buffer without having it unmapped. This is often sign of a resource leak or a bad pattern. Umapping the buffer for you...
16:10:57: WARNING: Deleting mapped buffer without having it unmapped. This is often sign of a resource leak or a bad pattern. Umapping the buffer for you...
16:10:58: Can't assign material scene::Material(65462) because this Material does not exist. Have you forgotten to define it in a .material script?
16:10:58: Vertex Shader: 100000004VertexShader_vs
Fragment Shader: 100000004PixelShader_ps
 GLSL validation result : 
active samplers with a different type refer to the same texture image unit
16:10:59: WARNING: Deleting mapped buffer without having it unmapped. This is often sign of a resource leak or a bad pattern. Umapping the buffer for you...
16:10:59: WARNING: Deleting mapped buffer without having it unmapped. This is often sign of a resource leak or a bad pattern. Umapping the buffer for you...
16:10:59: WARNING: Deleting mapped buffer without having it unmapped. This is often sign of a resource leak or a bad pattern. Umapping the buffer for you...
16:11:20: WARNING: Deleting mapped buffer without having it unmapped. This is often sign of a resource leak or a bad pattern. Umapping the buffer for you...
16:11:20: WARNING: Deleting mapped buffer without having it unmapped. This is often sign of a resource leak or a bad pattern. Umapping the buffer for you...
16:11:20: WARNING: Deleting mapped buffer without having it unmapped. This is often sign of a resource leak or a bad pattern. Umapping the buffer for you...
