[0.013s] Invoking command in '/home/ros2_ws/build/puma560_description': CMAKE_PREFIX_PATH=/opt/ros/humble /usr/bin/cmake /home/ros2_ws/src/puma560_description -DCMAKE_INSTALL_PREFIX=/home/ros2_ws/install/puma560_description
[0.186s] -- The C compiler identification is GNU 11.4.0
[0.296s] -- The CXX compiler identification is GNU 11.4.0
[0.309s] -- Detecting C compiler ABI info
[0.431s] -- Detecting C compiler ABI info - done
[0.450s] -- Check for working C compiler: /usr/bin/cc - skipped
[0.452s] -- Detecting C compile features
[0.453s] -- Detecting C compile features - done
[0.460s] -- Detecting CXX compiler ABI info
[0.605s] -- Detecting CXX compiler ABI info - done
[0.616s] -- Check for working CXX compiler: /usr/bin/c++ - skipped
[0.617s] -- Detecting CXX compile features
[0.618s] -- Detecting CXX compile features - done
[0.626s] -- Found ament_cmake: 1.3.10 (/opt/ros/humble/share/ament_cmake/cmake)
[0.864s] -- Found Python3: /usr/bin/python3 (found version "3.10.12") found components: Interpreter 
[1.000s] -- Found xacro: 2.0.8 (/opt/ros/humble/share/xacro/cmake)
[1.003s] -- Found urdf: 2.6.1 (/opt/ros/humble/share/urdf/cmake)
[1.088s] -- Found rviz2: 11.2.13 (/opt/ros/humble/share/rviz2/cmake)
[1.091s] -- Found ament_lint_auto: 0.12.11 (/opt/ros/humble/share/ament_lint_auto/cmake)
[1.197s] -- Added test 'flake8' to check Python code syntax and style conventions
[1.198s] -- Added test 'lint_cmake' to check CMake code style
[1.199s] -- Added test 'pep257' to check Python code against some of the docstring style conventions in PEP 257
[1.200s] -- Added test 'xmllint' to check XML markup files
[1.202s] -- Configuring done
[1.208s] -- Generating done
[1.209s] -- Build files have been written to: /home/ros2_ws/build/puma560_description
[1.217s] Invoked command in '/home/ros2_ws/build/puma560_description' returned '0': CMAKE_PREFIX_PATH=/opt/ros/humble /usr/bin/cmake /home/ros2_ws/src/puma560_description -DCMAKE_INSTALL_PREFIX=/home/ros2_ws/install/puma560_description
[1.217s] Invoking command in '/home/ros2_ws/build/puma560_description': CMAKE_PREFIX_PATH=/opt/ros/humble /usr/bin/cmake --build /home/ros2_ws/build/puma560_description -- -j20 -l20
[1.271s] Invoked command in '/home/ros2_ws/build/puma560_description' returned '0': CMAKE_PREFIX_PATH=/opt/ros/humble /usr/bin/cmake --build /home/ros2_ws/build/puma560_description -- -j20 -l20
[1.321s] Invoking command in '/home/ros2_ws/build/puma560_description': CMAKE_PREFIX_PATH=/opt/ros/humble /usr/bin/cmake --install /home/ros2_ws/build/puma560_description
[1.331s] -- Install configuration: ""
[1.332s] -- Installing: /home/ros2_ws/install/puma560_description/share/puma560_description/launch
[1.332s] -- Installing: /home/ros2_ws/install/puma560_description/share/puma560_description/launch/puma_display.launch.py
[1.332s] -- Installing: /home/ros2_ws/install/puma560_description/share/puma560_description/launch/puma_gazebo.launch.py
[1.332s] -- Installing: /home/ros2_ws/install/puma560_description/share/puma560_description/urdf
[1.332s] -- Installing: /home/ros2_ws/install/puma560_description/share/puma560_description/urdf/puma560_description.urdf.xacro
[1.332s] -- Installing: /home/ros2_ws/install/puma560_description/share/puma560_description/urdf/cores.xacro
[1.332s] -- Installing: /home/ros2_ws/install/puma560_description/share/puma560_description/config
[1.332s] -- Installing: /home/ros2_ws/install/puma560_description/share/puma560_description/config/link2_inertia.yaml
[1.332s] -- Installing: /home/ros2_ws/install/puma560_description/share/puma560_description/meshes
[1.332s] -- Installing: /home/ros2_ws/install/puma560_description/share/puma560_description/meshes/link_5.STL
[1.332s] -- Installing: /home/ros2_ws/install/puma560_description/share/puma560_description/meshes/link_1.STL
[1.333s] -- Installing: /home/ros2_ws/install/puma560_description/share/puma560_description/meshes/link_4.STL
[1.333s] -- Installing: /home/ros2_ws/install/puma560_description/share/puma560_description/meshes/base_link.STL
[1.334s] -- Installing: /home/ros2_ws/install/puma560_description/share/puma560_description/meshes/link_3.STL
[1.335s] -- Installing: /home/ros2_ws/install/puma560_description/share/puma560_description/meshes/link_2.STL
[1.335s] -- Installing: /home/ros2_ws/install/puma560_description/share/puma560_description/rviz2
[1.335s] -- Installing: /home/ros2_ws/install/puma560_description/share/puma560_description/rviz2/display_puma560.rviz
[1.335s] -- Installing: /home/ros2_ws/install/puma560_description/share/ament_index/resource_index/package_run_dependencies/puma560_description
[1.335s] -- Installing: /home/ros2_ws/install/puma560_description/share/ament_index/resource_index/parent_prefix_path/puma560_description
[1.336s] -- Installing: /home/ros2_ws/install/puma560_description/share/puma560_description/environment/ament_prefix_path.sh
[1.336s] -- Installing: /home/ros2_ws/install/puma560_description/share/puma560_description/environment/ament_prefix_path.dsv
[1.336s] -- Installing: /home/ros2_ws/install/puma560_description/share/puma560_description/environment/path.sh
[1.336s] -- Installing: /home/ros2_ws/install/puma560_description/share/puma560_description/environment/path.dsv
[1.336s] -- Installing: /home/ros2_ws/install/puma560_description/share/puma560_description/local_setup.bash
[1.336s] -- Installing: /home/ros2_ws/install/puma560_description/share/puma560_description/local_setup.sh
[1.337s] -- Installing: /home/ros2_ws/install/puma560_description/share/puma560_description/local_setup.zsh
[1.337s] -- Installing: /home/ros2_ws/install/puma560_description/share/puma560_description/local_setup.dsv
[1.337s] -- Installing: /home/ros2_ws/install/puma560_description/share/puma560_description/package.dsv
[1.337s] -- Installing: /home/ros2_ws/install/puma560_description/share/ament_index/resource_index/packages/puma560_description
[1.337s] -- Installing: /home/ros2_ws/install/puma560_description/share/puma560_description/cmake/puma560_descriptionConfig.cmake
[1.337s] -- Installing: /home/ros2_ws/install/puma560_description/share/puma560_description/cmake/puma560_descriptionConfig-version.cmake
[1.337s] -- Installing: /home/ros2_ws/install/puma560_description/share/puma560_description/package.xml
[1.340s] Invoked command in '/home/ros2_ws/build/puma560_description' returned '0': CMAKE_PREFIX_PATH=/opt/ros/humble /usr/bin/cmake --install /home/ros2_ws/build/puma560_description
