[0.000000] (-) TimerEvent: {}
[0.000308] (puma560_description) JobQueued: {'identifier': 'puma560_description', 'dependencies': OrderedDict()}
[0.000440] (robot_description) JobQueued: {'identifier': 'robot_description', 'dependencies': OrderedDict()}
[0.000506] (puma560_description) JobStarted: {'identifier': 'puma560_description'}
[0.004274] (robot_description) JobStarted: {'identifier': 'robot_description'}
[0.006897] (puma560_description) JobProgress: {'identifier': 'puma560_description', 'progress': 'cmake'}
[0.007147] (puma560_description) JobProgress: {'identifier': 'puma560_description', 'progress': 'build'}
[0.007492] (puma560_description) Command: {'cmd': ['/usr/bin/cmake', '--build', '/home/ros2_ws/build/puma560_description', '--', '-j20', '-l20'], 'cwd': '/home/ros2_ws/build/puma560_description', 'env': OrderedDict([('HOSTNAME', 'thallys'), ('SHLVL', '1'), ('LD_LIBRARY_PATH', '/opt/ros/humble/opt/rviz_ogre_vendor/lib:/opt/ros/humble/lib/x86_64-linux-gnu:/opt/ros/humble/lib'), ('HOME', '/home/ros2_ws'), ('ROS_PYTHON_VERSION', '3'), ('COLCON_PREFIX_PATH', '/home/ros2_ws/install'), ('ROS_DISTRO', 'humble'), ('_', '/usr/bin/colcon'), ('ROS_VERSION', '2'), ('TERM', 'xterm'), ('ROS_LOCALHOST_ONLY', '0'), ('QT_X11_NO_MITSHM', '1'), ('PATH', '/opt/ros/humble/bin:/usr/local/sbin:/usr/local/bin:/usr/sbin:/usr/bin:/sbin:/bin'), ('XDG_RUNTIME_DIR', '/tmp/runtime-ros2_ws'), ('DISPLAY', ':1'), ('LANG', 'C.UTF-8'), ('AMENT_PREFIX_PATH', '/home/ros2_ws/install/robot_description:/home/ros2_ws/install/puma560_description:/opt/ros/humble'), ('PWD', '/home/ros2_ws/build/puma560_description'), ('LC_ALL', 'C.UTF-8'), ('GAZEBO_PLUGIN_PATH', '/usr/lib/x86_64-linux-gnu/gazebo-11/plugins:'), ('PYTHONPATH', '/opt/ros/humble/lib/python3.10/site-packages:/opt/ros/humble/local/lib/python3.10/dist-packages'), ('TZ', 'America/Sao_Paulo'), ('COLCON', '1'), ('CMAKE_PREFIX_PATH', '/home/ros2_ws/install/robot_description:/home/ros2_ws/install/puma560_description:/opt/ros/humble')]), 'shell': False}
[0.009354] (robot_description) JobProgress: {'identifier': 'robot_description', 'progress': 'cmake'}
[0.009591] (robot_description) JobProgress: {'identifier': 'robot_description', 'progress': 'build'}
[0.009902] (robot_description) Command: {'cmd': ['/usr/bin/cmake', '--build', '/home/ros2_ws/build/robot_description', '--', '-j20', '-l20'], 'cwd': '/home/ros2_ws/build/robot_description', 'env': OrderedDict([('HOSTNAME', 'thallys'), ('SHLVL', '1'), ('LD_LIBRARY_PATH', '/opt/ros/humble/opt/rviz_ogre_vendor/lib:/opt/ros/humble/lib/x86_64-linux-gnu:/opt/ros/humble/lib'), ('HOME', '/home/ros2_ws'), ('ROS_PYTHON_VERSION', '3'), ('COLCON_PREFIX_PATH', '/home/ros2_ws/install'), ('ROS_DISTRO', 'humble'), ('_', '/usr/bin/colcon'), ('ROS_VERSION', '2'), ('TERM', 'xterm'), ('ROS_LOCALHOST_ONLY', '0'), ('QT_X11_NO_MITSHM', '1'), ('PATH', '/opt/ros/humble/bin:/usr/local/sbin:/usr/local/bin:/usr/sbin:/usr/bin:/sbin:/bin'), ('XDG_RUNTIME_DIR', '/tmp/runtime-ros2_ws'), ('DISPLAY', ':1'), ('LANG', 'C.UTF-8'), ('AMENT_PREFIX_PATH', '/home/ros2_ws/install/robot_description:/home/ros2_ws/install/puma560_description:/opt/ros/humble'), ('PWD', '/home/ros2_ws/build/robot_description'), ('LC_ALL', 'C.UTF-8'), ('GAZEBO_PLUGIN_PATH', '/usr/lib/x86_64-linux-gnu/gazebo-11/plugins:'), ('PYTHONPATH', '/opt/ros/humble/lib/python3.10/site-packages:/opt/ros/humble/local/lib/python3.10/dist-packages'), ('TZ', 'America/Sao_Paulo'), ('COLCON', '1'), ('CMAKE_PREFIX_PATH', '/home/ros2_ws/install/robot_description:/home/ros2_ws/install/puma560_description:/opt/ros/humble')]), 'shell': False}
[0.031602] (puma560_description) CommandEnded: {'returncode': 0}
[0.035831] (robot_description) CommandEnded: {'returncode': 0}
[0.053985] (puma560_description) JobProgress: {'identifier': 'puma560_description', 'progress': 'install'}
[0.064191] (puma560_description) Command: {'cmd': ['/usr/bin/cmake', '--install', '/home/ros2_ws/build/puma560_description'], 'cwd': '/home/ros2_ws/build/puma560_description', 'env': OrderedDict([('HOSTNAME', 'thallys'), ('SHLVL', '1'), ('LD_LIBRARY_PATH', '/opt/ros/humble/opt/rviz_ogre_vendor/lib:/opt/ros/humble/lib/x86_64-linux-gnu:/opt/ros/humble/lib'), ('HOME', '/home/ros2_ws'), ('ROS_PYTHON_VERSION', '3'), ('COLCON_PREFIX_PATH', '/home/ros2_ws/install'), ('ROS_DISTRO', 'humble'), ('_', '/usr/bin/colcon'), ('ROS_VERSION', '2'), ('TERM', 'xterm'), ('ROS_LOCALHOST_ONLY', '0'), ('QT_X11_NO_MITSHM', '1'), ('PATH', '/opt/ros/humble/bin:/usr/local/sbin:/usr/local/bin:/usr/sbin:/usr/bin:/sbin:/bin'), ('XDG_RUNTIME_DIR', '/tmp/runtime-ros2_ws'), ('DISPLAY', ':1'), ('LANG', 'C.UTF-8'), ('AMENT_PREFIX_PATH', '/home/ros2_ws/install/robot_description:/home/ros2_ws/install/puma560_description:/opt/ros/humble'), ('PWD', '/home/ros2_ws/build/puma560_description'), ('LC_ALL', 'C.UTF-8'), ('GAZEBO_PLUGIN_PATH', '/usr/lib/x86_64-linux-gnu/gazebo-11/plugins:'), ('PYTHONPATH', '/opt/ros/humble/lib/python3.10/site-packages:/opt/ros/humble/local/lib/python3.10/dist-packages'), ('TZ', 'America/Sao_Paulo'), ('COLCON', '1'), ('CMAKE_PREFIX_PATH', '/home/ros2_ws/install/robot_description:/home/ros2_ws/install/puma560_description:/opt/ros/humble')]), 'shell': False}
[0.065491] (robot_description) JobProgress: {'identifier': 'robot_description', 'progress': 'install'}
[0.065797] (robot_description) Command: {'cmd': ['/usr/bin/cmake', '--install', '/home/ros2_ws/build/robot_description'], 'cwd': '/home/ros2_ws/build/robot_description', 'env': OrderedDict([('HOSTNAME', 'thallys'), ('SHLVL', '1'), ('LD_LIBRARY_PATH', '/opt/ros/humble/opt/rviz_ogre_vendor/lib:/opt/ros/humble/lib/x86_64-linux-gnu:/opt/ros/humble/lib'), ('HOME', '/home/ros2_ws'), ('ROS_PYTHON_VERSION', '3'), ('COLCON_PREFIX_PATH', '/home/ros2_ws/install'), ('ROS_DISTRO', 'humble'), ('_', '/usr/bin/colcon'), ('ROS_VERSION', '2'), ('TERM', 'xterm'), ('ROS_LOCALHOST_ONLY', '0'), ('QT_X11_NO_MITSHM', '1'), ('PATH', '/opt/ros/humble/bin:/usr/local/sbin:/usr/local/bin:/usr/sbin:/usr/bin:/sbin:/bin'), ('XDG_RUNTIME_DIR', '/tmp/runtime-ros2_ws'), ('DISPLAY', ':1'), ('LANG', 'C.UTF-8'), ('AMENT_PREFIX_PATH', '/home/ros2_ws/install/robot_description:/home/ros2_ws/install/puma560_description:/opt/ros/humble'), ('PWD', '/home/ros2_ws/build/robot_description'), ('LC_ALL', 'C.UTF-8'), ('GAZEBO_PLUGIN_PATH', '/usr/lib/x86_64-linux-gnu/gazebo-11/plugins:'), ('PYTHONPATH', '/opt/ros/humble/lib/python3.10/site-packages:/opt/ros/humble/local/lib/python3.10/dist-packages'), ('TZ', 'America/Sao_Paulo'), ('COLCON', '1'), ('CMAKE_PREFIX_PATH', '/home/ros2_ws/install/robot_description:/home/ros2_ws/install/puma560_description:/opt/ros/humble')]), 'shell': False}
[0.073282] (puma560_description) StdoutLine: {'line': b'-- Install configuration: ""\n'}
[0.073564] (puma560_description) StdoutLine: {'line': b'-- Up-to-date: /home/ros2_ws/install/puma560_description/share/puma560_description/launch\n'}
[0.073840] (puma560_description) StdoutLine: {'line': b'-- Installing: /home/ros2_ws/install/puma560_description/share/puma560_description/launch/puma_display.launch.py\n'}
[0.074114] (puma560_description) StdoutLine: {'line': b'-- Up-to-date: /home/ros2_ws/install/puma560_description/share/puma560_description/urdf\n'}
[0.074290] (puma560_description) StdoutLine: {'line': b'-- Up-to-date: /home/ros2_ws/install/puma560_description/share/puma560_description/urdf/puma560_description.urdf.xacro\n'}
[0.074422] (puma560_description) StdoutLine: {'line': b'-- Up-to-date: /home/ros2_ws/install/puma560_description/share/puma560_description/urdf/puma560.urdf.xacro\n'}
[0.074481] (puma560_description) StdoutLine: {'line': b'-- Up-to-date: /home/ros2_ws/install/puma560_description/share/puma560_description/config\n'}
[0.074582] (puma560_description) StdoutLine: {'line': b'-- Up-to-date: /home/ros2_ws/install/puma560_description/share/puma560_description/meshes\n'}
[0.074635] (puma560_description) StdoutLine: {'line': b'-- Up-to-date: /home/ros2_ws/install/puma560_description/share/puma560_description/meshes/link_5.STL\n'}
[0.074687] (puma560_description) StdoutLine: {'line': b'-- Up-to-date: /home/ros2_ws/install/puma560_description/share/puma560_description/meshes/link_1.STL\n'}
[0.074738] (puma560_description) StdoutLine: {'line': b'-- Up-to-date: /home/ros2_ws/install/puma560_description/share/puma560_description/meshes/link_4.STL\n'}
[0.074865] (puma560_description) StdoutLine: {'line': b'-- Up-to-date: /home/ros2_ws/install/puma560_description/share/puma560_description/meshes/base_link.STL\n'}
[0.074910] (puma560_description) StdoutLine: {'line': b'-- Up-to-date: /home/ros2_ws/install/puma560_description/share/puma560_description/meshes/link_3.STL\n'}
[0.074954] (puma560_description) StdoutLine: {'line': b'-- Up-to-date: /home/ros2_ws/install/puma560_description/share/puma560_description/meshes/link_2.STL\n'}
[0.074996] (puma560_description) StdoutLine: {'line': b'-- Up-to-date: /home/ros2_ws/install/puma560_description/share/puma560_description/rviz2\n'}
[0.075044] (puma560_description) StdoutLine: {'line': b'-- Up-to-date: /home/ros2_ws/install/puma560_description/share/puma560_description/rviz2/display_puma560.rviz\n'}
[0.075090] (puma560_description) StdoutLine: {'line': b'-- Up-to-date: /home/ros2_ws/install/puma560_description/share/ament_index/resource_index/package_run_dependencies/puma560_description\n'}
[0.075132] (puma560_description) StdoutLine: {'line': b'-- Up-to-date: /home/ros2_ws/install/puma560_description/share/ament_index/resource_index/parent_prefix_path/puma560_description\n'}
[0.075265] (puma560_description) StdoutLine: {'line': b'-- Up-to-date: /home/ros2_ws/install/puma560_description/share/puma560_description/environment/ament_prefix_path.sh\n'}
[0.075309] (puma560_description) StdoutLine: {'line': b'-- Up-to-date: /home/ros2_ws/install/puma560_description/share/puma560_description/environment/ament_prefix_path.dsv\n'}
[0.075413] (puma560_description) StdoutLine: {'line': b'-- Up-to-date: /home/ros2_ws/install/puma560_description/share/puma560_description/environment/path.sh\n'}
[0.075457] (puma560_description) StdoutLine: {'line': b'-- Up-to-date: /home/ros2_ws/install/puma560_description/share/puma560_description/environment/path.dsv\n'}
[0.075500] (puma560_description) StdoutLine: {'line': b'-- Up-to-date: /home/ros2_ws/install/puma560_description/share/puma560_description/local_setup.bash\n'}
[0.075542] (puma560_description) StdoutLine: {'line': b'-- Up-to-date: /home/ros2_ws/install/puma560_description/share/puma560_description/local_setup.sh\n'}
[0.075585] (puma560_description) StdoutLine: {'line': b'-- Up-to-date: /home/ros2_ws/install/puma560_description/share/puma560_description/local_setup.zsh\n'}
[0.075628] (puma560_description) StdoutLine: {'line': b'-- Up-to-date: /home/ros2_ws/install/puma560_description/share/puma560_description/local_setup.dsv\n'}
[0.075720] (puma560_description) StdoutLine: {'line': b'-- Installing: /home/ros2_ws/install/puma560_description/share/puma560_description/package.dsv\n'}
[0.075767] (puma560_description) StdoutLine: {'line': b'-- Up-to-date: /home/ros2_ws/install/puma560_description/share/ament_index/resource_index/packages/puma560_description\n'}
[0.075813] (robot_description) StdoutLine: {'line': b'-- Install configuration: ""\n'}
[0.075989] (puma560_description) StdoutLine: {'line': b'-- Up-to-date: /home/ros2_ws/install/puma560_description/share/puma560_description/cmake/puma560_descriptionConfig.cmake\n'}
[0.076045] (puma560_description) StdoutLine: {'line': b'-- Up-to-date: /home/ros2_ws/install/puma560_description/share/puma560_description/cmake/puma560_descriptionConfig-version.cmake\n'}
[0.076151] (puma560_description) StdoutLine: {'line': b'-- Up-to-date: /home/ros2_ws/install/puma560_description/share/puma560_description/package.xml\n'}
[0.076195] (robot_description) StdoutLine: {'line': b'-- Up-to-date: /home/ros2_ws/install/robot_description/share/robot_description/launch\n'}
[0.076316] (robot_description) StdoutLine: {'line': b'-- Up-to-date: /home/ros2_ws/install/robot_description/share/robot_description/launch/display.launch.py\n'}
[0.076366] (robot_description) StdoutLine: {'line': b'-- Up-to-date: /home/ros2_ws/install/robot_description/share/robot_description/launch/display.launch.yaml\n'}
[0.076409] (robot_description) StdoutLine: {'line': b'-- Up-to-date: /home/ros2_ws/install/robot_description/share/robot_description/launch/test.py\n'}
[0.076543] (robot_description) StdoutLine: {'line': b'-- Up-to-date: /home/ros2_ws/install/robot_description/share/robot_description/urdf\n'}
[0.076587] (robot_description) StdoutLine: {'line': b'-- Up-to-date: /home/ros2_ws/install/robot_description/share/robot_description/urdf/robot_example.urdf\n'}
[0.076629] (robot_description) StdoutLine: {'line': b'-- Up-to-date: /home/ros2_ws/install/robot_description/share/robot_description/config\n'}
[0.076671] (robot_description) StdoutLine: {'line': b'-- Up-to-date: /home/ros2_ws/install/robot_description/share/robot_description/config/config.rviz\n'}
[0.076713] (robot_description) StdoutLine: {'line': b'-- Up-to-date: /home/ros2_ws/install/robot_description/share/ament_index/resource_index/package_run_dependencies/robot_description\n'}
[0.076757] (robot_description) StdoutLine: {'line': b'-- Up-to-date: /home/ros2_ws/install/robot_description/share/ament_index/resource_index/parent_prefix_path/robot_description\n'}
[0.076798] (robot_description) StdoutLine: {'line': b'-- Up-to-date: /home/ros2_ws/install/robot_description/share/robot_description/environment/ament_prefix_path.sh\n'}
[0.076840] (robot_description) StdoutLine: {'line': b'-- Up-to-date: /home/ros2_ws/install/robot_description/share/robot_description/environment/ament_prefix_path.dsv\n'}
[0.076881] (robot_description) StdoutLine: {'line': b'-- Up-to-date: /home/ros2_ws/install/robot_description/share/robot_description/environment/path.sh\n'}
[0.076922] (robot_description) StdoutLine: {'line': b'-- Up-to-date: /home/ros2_ws/install/robot_description/share/robot_description/environment/path.dsv\n'}
[0.076969] (robot_description) StdoutLine: {'line': b'-- Up-to-date: /home/ros2_ws/install/robot_description/share/robot_description/local_setup.bash\n'}
[0.077013] (robot_description) StdoutLine: {'line': b'-- Up-to-date: /home/ros2_ws/install/robot_description/share/robot_description/local_setup.sh\n'}
[0.077059] (robot_description) StdoutLine: {'line': b'-- Up-to-date: /home/ros2_ws/install/robot_description/share/robot_description/local_setup.zsh\n'}
[0.077102] (robot_description) StdoutLine: {'line': b'-- Up-to-date: /home/ros2_ws/install/robot_description/share/robot_description/local_setup.dsv\n'}
[0.077143] (robot_description) StdoutLine: {'line': b'-- Installing: /home/ros2_ws/install/robot_description/share/robot_description/package.dsv\n'}
[0.077186] (robot_description) StdoutLine: {'line': b'-- Up-to-date: /home/ros2_ws/install/robot_description/share/ament_index/resource_index/packages/robot_description\n'}
[0.077227] (robot_description) StdoutLine: {'line': b'-- Up-to-date: /home/ros2_ws/install/robot_description/share/robot_description/cmake/robot_descriptionConfig.cmake\n'}
[0.077270] (robot_description) StdoutLine: {'line': b'-- Up-to-date: /home/ros2_ws/install/robot_description/share/robot_description/cmake/robot_descriptionConfig-version.cmake\n'}
[0.077313] (robot_description) StdoutLine: {'line': b'-- Up-to-date: /home/ros2_ws/install/robot_description/share/robot_description/package.xml\n'}
[0.077701] (puma560_description) CommandEnded: {'returncode': 0}
[0.089551] (robot_description) CommandEnded: {'returncode': 0}
[0.099915] (-) TimerEvent: {}
[0.114764] (puma560_description) JobEnded: {'identifier': 'puma560_description', 'rc': 0}
[0.120051] (robot_description) JobEnded: {'identifier': 'robot_description', 'rc': 0}
[0.120639] (-) EventReactorShutdown: {}
