1730162687.3174424 [INFO] [launch]: All log files can be found below /home/ros2_ws/.ros/log/2024-10-28-21-44-47-316734-thallys-1109
1730162687.3175735 [INFO] [launch]: Default logging verbosity is set to INFO
1730162687.4942584 [INFO] [robot_state_publisher-1]: process started with pid [1111]
1730162687.4943821 [INFO] [spawner-2]: process started with pid [1113]
1730162687.4944320 [INFO] [spawner-3]: process started with pid [1115]
1730162687.4944739 [INFO] [spawner-4]: process started with pid [1117]
1730162687.5442858 [robot_state_publisher-1] [INFO] [1730162687.544030966] [robot_state_publisher]: got segment base_link
1730162687.5445776 [robot_state_publisher-1] [INFO] [1730162687.544109869] [robot_state_publisher]: got segment link_1
1730162687.5446520 [robot_state_publisher-1] [INFO] [1730162687.544114419] [robot_state_publisher]: got segment link_2
1730162687.5447097 [robot_state_publisher-1] [INFO] [1730162687.544116954] [robot_state_publisher]: got segment link_3
1730162687.5447650 [robot_state_publisher-1] [INFO] [1730162687.544119163] [robot_state_publisher]: got segment link_4
1730162687.5448253 [robot_state_publisher-1] [INFO] [1730162687.544121275] [robot_state_publisher]: got segment link_5
1730162687.5448811 [robot_state_publisher-1] [INFO] [1730162687.544123290] [robot_state_publisher]: got segment world
1730162687.7378056 [spawner-2] [INFO] [1730162687.737541206] [spawner_joint_state_broadcaster]: waiting for service /controloer_manager/list_controllers to become available...
1730162687.7383211 [spawner-4] [INFO] [1730162687.737581901] [spawner_gripper_controller]: waiting for service /controloer_manager/list_controllers to become available...
1730162687.7427843 [spawner-3] [INFO] [1730162687.742572850] [spawner_arm_controller]: waiting for service /controloer_manager/list_controllers to become available...
1730162697.7580810 [spawner-3] [WARN] [1730162697.757709092] [spawner_arm_controller]: Could not contact service /controloer_manager/list_controllers
1730162697.7586062 [spawner-4] [WARN] [1730162697.757714954] [spawner_gripper_controller]: Could not contact service /controloer_manager/list_controllers
1730162697.7590532 [spawner-3] [INFO] [1730162697.758525400] [spawner_arm_controller]: waiting for service /controloer_manager/list_controllers to become available...
1730162697.7595904 [spawner-4] [INFO] [1730162697.758531388] [spawner_gripper_controller]: waiting for service /controloer_manager/list_controllers to become available...
1730162697.7602236 [spawner-2] [WARN] [1730162697.759917660] [spawner_joint_state_broadcaster]: Could not contact service /controloer_manager/list_controllers
1730162697.7607255 [spawner-2] [INFO] [1730162697.760424252] [spawner_joint_state_broadcaster]: waiting for service /controloer_manager/list_controllers to become available...
1730162707.7767744 [spawner-3] [WARN] [1730162707.776227692] [spawner_arm_controller]: Could not contact service /controloer_manager/list_controllers
1730162707.7777946 [spawner-3] [INFO] [1730162707.777471279] [spawner_arm_controller]: waiting for service /controloer_manager/list_controllers to become available...
1730162707.7808025 [spawner-2] [WARN] [1730162707.779232448] [spawner_joint_state_broadcaster]: Could not contact service /controloer_manager/list_controllers
1730162707.7815936 [spawner-4] [WARN] [1730162707.779681329] [spawner_gripper_controller]: Could not contact service /controloer_manager/list_controllers
1730162707.7821758 [spawner-2] [INFO] [1730162707.780516547] [spawner_joint_state_broadcaster]: waiting for service /controloer_manager/list_controllers to become available...
1730162707.7833114 [spawner-4] [INFO] [1730162707.780609562] [spawner_gripper_controller]: waiting for service /controloer_manager/list_controllers to become available...
1730162717.8025229 [spawner-3] [WARN] [1730162717.800584301] [spawner_arm_controller]: Could not contact service /controloer_manager/list_controllers
1730162717.8029864 [spawner-3] [INFO] [1730162717.801845244] [spawner_arm_controller]: waiting for service /controloer_manager/list_controllers to become available...
1730162717.8038907 [spawner-2] [WARN] [1730162717.800754880] [spawner_joint_state_broadcaster]: Could not contact service /controloer_manager/list_controllers
1730162717.8045082 [spawner-2] [INFO] [1730162717.802157615] [spawner_joint_state_broadcaster]: waiting for service /controloer_manager/list_controllers to become available...
1730162717.8050804 [spawner-4] [WARN] [1730162717.803614276] [spawner_gripper_controller]: Could not contact service /controloer_manager/list_controllers
1730162717.8055542 [spawner-4] [INFO] [1730162717.804746292] [spawner_gripper_controller]: waiting for service /controloer_manager/list_controllers to become available...
1730162727.8249886 [spawner-4] [WARN] [1730162727.824723927] [spawner_gripper_controller]: Could not contact service /controloer_manager/list_controllers
1730162727.8255887 [spawner-4] [INFO] [1730162727.825490160] [spawner_gripper_controller]: waiting for service /controloer_manager/list_controllers to become available...
1730162727.8265066 [spawner-2] [WARN] [1730162727.826270514] [spawner_joint_state_broadcaster]: Could not contact service /controloer_manager/list_controllers
1730162727.8271317 [spawner-2] [INFO] [1730162727.826989231] [spawner_joint_state_broadcaster]: waiting for service /controloer_manager/list_controllers to become available...
1730162727.8288102 [spawner-3] [WARN] [1730162727.828647732] [spawner_arm_controller]: Could not contact service /controloer_manager/list_controllers
1730162727.8292868 [spawner-3] [INFO] [1730162727.829098318] [spawner_arm_controller]: waiting for service /controloer_manager/list_controllers to become available...
1730162737.8458989 [spawner-4] [WARN] [1730162737.845485918] [spawner_gripper_controller]: Could not contact service /controloer_manager/list_controllers
1730162737.8463297 [spawner-4] [INFO] [1730162737.846169052] [spawner_gripper_controller]: waiting for service /controloer_manager/list_controllers to become available...
1730162737.8473585 [spawner-3] [WARN] [1730162737.846989658] [spawner_arm_controller]: Could not contact service /controloer_manager/list_controllers
1730162737.8480678 [spawner-3] [INFO] [1730162737.847740720] [spawner_arm_controller]: waiting for service /controloer_manager/list_controllers to become available...
1730162737.8485770 [spawner-2] [WARN] [1730162737.848157727] [spawner_joint_state_broadcaster]: Could not contact service /controloer_manager/list_controllers
1730162737.8493273 [spawner-2] [INFO] [1730162737.849027039] [spawner_joint_state_broadcaster]: waiting for service /controloer_manager/list_controllers to become available...
1730162747.8644390 [spawner-4] [WARN] [1730162747.863895015] [spawner_gripper_controller]: Could not contact service /controloer_manager/list_controllers
1730162747.8654189 [spawner-4] [INFO] [1730162747.864611024] [spawner_gripper_controller]: waiting for service /controloer_manager/list_controllers to become available...
1730162747.8718464 [spawner-3] [WARN] [1730162747.871622024] [spawner_arm_controller]: Could not contact service /controloer_manager/list_controllers
1730162747.8722651 [spawner-3] [INFO] [1730162747.872133677] [spawner_arm_controller]: waiting for service /controloer_manager/list_controllers to become available...
1730162747.8777599 [spawner-2] [WARN] [1730162747.877564790] [spawner_joint_state_broadcaster]: Could not contact service /controloer_manager/list_controllers
1730162747.8780937 [spawner-2] [INFO] [1730162747.877895968] [spawner_joint_state_broadcaster]: waiting for service /controloer_manager/list_controllers to become available...
1730162757.8802564 [spawner-4] [WARN] [1730162757.880037324] [spawner_gripper_controller]: Could not contact service /controloer_manager/list_controllers
1730162757.8807986 [spawner-4] [INFO] [1730162757.880545818] [spawner_gripper_controller]: waiting for service /controloer_manager/list_controllers to become available...
1730162757.8911574 [spawner-3] [WARN] [1730162757.888927215] [spawner_arm_controller]: Could not contact service /controloer_manager/list_controllers
1730162757.8914793 [spawner-3] [INFO] [1730162757.889765365] [spawner_arm_controller]: waiting for service /controloer_manager/list_controllers to become available...
1730162757.9007943 [spawner-2] [WARN] [1730162757.900363637] [spawner_joint_state_broadcaster]: Could not contact service /controloer_manager/list_controllers
1730162757.9010665 [spawner-2] [INFO] [1730162757.900804002] [spawner_joint_state_broadcaster]: waiting for service /controloer_manager/list_controllers to become available...
1730162767.9080255 [spawner-4] [WARN] [1730162767.907417936] [spawner_gripper_controller]: Could not contact service /controloer_manager/list_controllers
1730162767.9081664 [spawner-4] [INFO] [1730162767.907801533] [spawner_gripper_controller]: waiting for service /controloer_manager/list_controllers to become available...
1730162767.9085782 [spawner-3] [WARN] [1730162767.907976239] [spawner_arm_controller]: Could not contact service /controloer_manager/list_controllers
1730162767.9093025 [spawner-3] [INFO] [1730162767.908539915] [spawner_arm_controller]: waiting for service /controloer_manager/list_controllers to become available...
1730162767.9278805 [spawner-2] [WARN] [1730162767.925940341] [spawner_joint_state_broadcaster]: Could not contact service /controloer_manager/list_controllers
1730162767.9282906 [spawner-2] [INFO] [1730162767.927210466] [spawner_joint_state_broadcaster]: waiting for service /controloer_manager/list_controllers to become available...
1730162777.9267366 [spawner-3] [WARN] [1730162777.926145763] [spawner_arm_controller]: Could not contact service /controloer_manager/list_controllers
1730162777.9269276 [spawner-3] [INFO] [1730162777.926516892] [spawner_arm_controller]: waiting for service /controloer_manager/list_controllers to become available...
1730162777.9278286 [spawner-4] [WARN] [1730162777.927618140] [spawner_gripper_controller]: Could not contact service /controloer_manager/list_controllers
1730162777.9285054 [spawner-4] [INFO] [1730162777.928218483] [spawner_gripper_controller]: waiting for service /controloer_manager/list_controllers to become available...
1730162777.9509163 [spawner-2] [WARN] [1730162777.949609811] [spawner_joint_state_broadcaster]: Could not contact service /controloer_manager/list_controllers
1730162777.9513044 [spawner-2] [INFO] [1730162777.950497088] [spawner_joint_state_broadcaster]: waiting for service /controloer_manager/list_controllers to become available...
1730162787.9499776 [spawner-3] [WARN] [1730162787.949737717] [spawner_arm_controller]: Could not contact service /controloer_manager/list_controllers
1730162787.9503348 [spawner-3] [INFO] [1730162787.950133288] [spawner_arm_controller]: waiting for service /controloer_manager/list_controllers to become available...
1730162787.9597223 [spawner-4] [WARN] [1730162787.959513862] [spawner_gripper_controller]: Could not contact service /controloer_manager/list_controllers
1730162787.9600680 [spawner-4] [INFO] [1730162787.959988928] [spawner_gripper_controller]: waiting for service /controloer_manager/list_controllers to become available...
1730162787.9721882 [spawner-2] [WARN] [1730162787.971849831] [spawner_joint_state_broadcaster]: Could not contact service /controloer_manager/list_controllers
1730162787.9729426 [spawner-2] [INFO] [1730162787.972602126] [spawner_joint_state_broadcaster]: waiting for service /controloer_manager/list_controllers to become available...
1730162797.9727817 [spawner-3] [WARN] [1730162797.972525861] [spawner_arm_controller]: Could not contact service /controloer_manager/list_controllers
1730162797.9731917 [spawner-3] [INFO] [1730162797.972951222] [spawner_arm_controller]: waiting for service /controloer_manager/list_controllers to become available...
1730162797.9826295 [spawner-4] [WARN] [1730162797.982437559] [spawner_gripper_controller]: Could not contact service /controloer_manager/list_controllers
1730162797.9829133 [spawner-4] [INFO] [1730162797.982849116] [spawner_gripper_controller]: waiting for service /controloer_manager/list_controllers to become available...
1730162797.9947522 [spawner-2] [WARN] [1730162797.994614922] [spawner_joint_state_broadcaster]: Could not contact service /controloer_manager/list_controllers
1730162797.9949734 [spawner-2] [INFO] [1730162797.994893727] [spawner_joint_state_broadcaster]: waiting for service /controloer_manager/list_controllers to become available...
1730162807.9952097 [spawner-3] [WARN] [1730162807.994993646] [spawner_arm_controller]: Could not contact service /controloer_manager/list_controllers
1730162807.9955623 [spawner-3] [INFO] [1730162807.995451870] [spawner_arm_controller]: waiting for service /controloer_manager/list_controllers to become available...
1730162808.0114567 [spawner-4] [WARN] [1730162808.009926647] [spawner_gripper_controller]: Could not contact service /controloer_manager/list_controllers
1730162808.0116584 [spawner-4] [INFO] [1730162808.010700298] [spawner_gripper_controller]: waiting for service /controloer_manager/list_controllers to become available...
1730162808.0174506 [spawner-2] [WARN] [1730162808.017277856] [spawner_joint_state_broadcaster]: Could not contact service /controloer_manager/list_controllers
1730162808.0177329 [spawner-2] [INFO] [1730162808.017637120] [spawner_joint_state_broadcaster]: waiting for service /controloer_manager/list_controllers to become available...
1730162818.0163810 [spawner-3] [WARN] [1730162818.014582790] [spawner_arm_controller]: Could not contact service /controloer_manager/list_controllers
1730162818.0167303 [spawner-3] [INFO] [1730162818.015859081] [spawner_arm_controller]: waiting for service /controloer_manager/list_controllers to become available...
1730162818.0303946 [spawner-4] [WARN] [1730162818.030229997] [spawner_gripper_controller]: Could not contact service /controloer_manager/list_controllers
1730162818.0306611 [spawner-4] [INFO] [1730162818.030516999] [spawner_gripper_controller]: waiting for service /controloer_manager/list_controllers to become available...
1730162818.0458353 [spawner-2] [WARN] [1730162818.045557775] [spawner_joint_state_broadcaster]: Could not contact service /controloer_manager/list_controllers
1730162818.0465441 [spawner-2] [INFO] [1730162818.046245582] [spawner_joint_state_broadcaster]: waiting for service /controloer_manager/list_controllers to become available...
1730162828.0373278 [spawner-3] [WARN] [1730162828.037016766] [spawner_arm_controller]: Could not contact service /controloer_manager/list_controllers
1730162828.0378692 [spawner-3] [INFO] [1730162828.037592458] [spawner_arm_controller]: waiting for service /controloer_manager/list_controllers to become available...
1730162828.0481536 [spawner-4] [WARN] [1730162828.047938828] [spawner_gripper_controller]: Could not contact service /controloer_manager/list_controllers
1730162828.0488660 [spawner-4] [INFO] [1730162828.048315004] [spawner_gripper_controller]: waiting for service /controloer_manager/list_controllers to become available...
1730162828.0664530 [spawner-2] [WARN] [1730162828.066017490] [spawner_joint_state_broadcaster]: Could not contact service /controloer_manager/list_controllers
1730162828.0667188 [spawner-2] [INFO] [1730162828.066508154] [spawner_joint_state_broadcaster]: waiting for service /controloer_manager/list_controllers to become available...
1730162838.0614283 [spawner-3] [WARN] [1730162838.061241109] [spawner_arm_controller]: Could not contact service /controloer_manager/list_controllers
1730162838.0616827 [spawner-3] [INFO] [1730162838.061532094] [spawner_arm_controller]: waiting for service /controloer_manager/list_controllers to become available...
1730162838.0646782 [spawner-4] [WARN] [1730162838.064583396] [spawner_gripper_controller]: Could not contact service /controloer_manager/list_controllers
1730162838.0649989 [spawner-4] [INFO] [1730162838.064935871] [spawner_gripper_controller]: waiting for service /controloer_manager/list_controllers to become available...
1730162838.0875008 [spawner-2] [WARN] [1730162838.087245819] [spawner_joint_state_broadcaster]: Could not contact service /controloer_manager/list_controllers
1730162838.0879118 [spawner-2] [INFO] [1730162838.087610910] [spawner_joint_state_broadcaster]: waiting for service /controloer_manager/list_controllers to become available...
1730162848.0805366 [spawner-3] [WARN] [1730162848.080350110] [spawner_arm_controller]: Could not contact service /controloer_manager/list_controllers
1730162848.0807898 [spawner-3] [INFO] [1730162848.080666900] [spawner_arm_controller]: waiting for service /controloer_manager/list_controllers to become available...
1730162848.0815654 [spawner-4] [WARN] [1730162848.081449913] [spawner_gripper_controller]: Could not contact service /controloer_manager/list_controllers
1730162848.0820055 [spawner-4] [INFO] [1730162848.081956300] [spawner_gripper_controller]: waiting for service /controloer_manager/list_controllers to become available...
1730162848.1082876 [spawner-2] [WARN] [1730162848.108057634] [spawner_joint_state_broadcaster]: Could not contact service /controloer_manager/list_controllers
1730162848.1086137 [spawner-2] [INFO] [1730162848.108394950] [spawner_joint_state_broadcaster]: waiting for service /controloer_manager/list_controllers to become available...
1730162858.1034999 [spawner-4] [WARN] [1730162858.103220871] [spawner_gripper_controller]: Could not contact service /controloer_manager/list_controllers
1730162858.1042619 [spawner-4] [INFO] [1730162858.104092611] [spawner_gripper_controller]: waiting for service /controloer_manager/list_controllers to become available...
1730162858.1051698 [spawner-3] [WARN] [1730162858.105078024] [spawner_arm_controller]: Could not contact service /controloer_manager/list_controllers
1730162858.1053469 [spawner-3] [INFO] [1730162858.105301434] [spawner_arm_controller]: waiting for service /controloer_manager/list_controllers to become available...
1730162858.1343646 [spawner-2] [WARN] [1730162858.133914058] [spawner_joint_state_broadcaster]: Could not contact service /controloer_manager/list_controllers
1730162858.1349735 [spawner-2] [INFO] [1730162858.134739446] [spawner_joint_state_broadcaster]: waiting for service /controloer_manager/list_controllers to become available...
1730162868.1215122 [spawner-4] [WARN] [1730162868.120629358] [spawner_gripper_controller]: Could not contact service /controloer_manager/list_controllers
1730162868.1222763 [spawner-4] [INFO] [1730162868.121449071] [spawner_gripper_controller]: waiting for service /controloer_manager/list_controllers to become available...
1730162868.1270344 [spawner-3] [WARN] [1730162868.126663904] [spawner_arm_controller]: Could not contact service /controloer_manager/list_controllers
1730162868.1280849 [spawner-3] [INFO] [1730162868.127790192] [spawner_arm_controller]: waiting for service /controloer_manager/list_controllers to become available...
1730162868.1570287 [spawner-2] [WARN] [1730162868.155353754] [spawner_joint_state_broadcaster]: Could not contact service /controloer_manager/list_controllers
1730162868.1580300 [spawner-2] [INFO] [1730162868.156528432] [spawner_joint_state_broadcaster]: waiting for service /controloer_manager/list_controllers to become available...
1730162878.1396325 [spawner-4] [WARN] [1730162878.139471701] [spawner_gripper_controller]: Could not contact service /controloer_manager/list_controllers
1730162878.1399400 [spawner-4] [INFO] [1730162878.139738982] [spawner_gripper_controller]: waiting for service /controloer_manager/list_controllers to become available...
1730162878.1577556 [spawner-3] [WARN] [1730162878.157091958] [spawner_arm_controller]: Could not contact service /controloer_manager/list_controllers
1730162878.1582098 [spawner-3] [INFO] [1730162878.157741282] [spawner_arm_controller]: waiting for service /controloer_manager/list_controllers to become available...
1730162878.1756935 [spawner-2] [WARN] [1730162878.175274504] [spawner_joint_state_broadcaster]: Could not contact service /controloer_manager/list_controllers
1730162878.1762841 [spawner-2] [INFO] [1730162878.175954717] [spawner_joint_state_broadcaster]: waiting for service /controloer_manager/list_controllers to become available...
1730162888.1607814 [spawner-4] [WARN] [1730162888.160617609] [spawner_gripper_controller]: Could not contact service /controloer_manager/list_controllers
1730162888.1610565 [spawner-4] [INFO] [1730162888.160854806] [spawner_gripper_controller]: waiting for service /controloer_manager/list_controllers to become available...
1730162888.1802747 [spawner-3] [WARN] [1730162888.179657025] [spawner_arm_controller]: Could not contact service /controloer_manager/list_controllers
1730162888.1813302 [spawner-3] [INFO] [1730162888.180722278] [spawner_arm_controller]: waiting for service /controloer_manager/list_controllers to become available...
1730162888.1944256 [spawner-2] [WARN] [1730162888.194266800] [spawner_joint_state_broadcaster]: Could not contact service /controloer_manager/list_controllers
1730162888.1946614 [spawner-2] [INFO] [1730162888.194467964] [spawner_joint_state_broadcaster]: waiting for service /controloer_manager/list_controllers to become available...
1730162898.1815360 [spawner-4] [WARN] [1730162898.181326106] [spawner_gripper_controller]: Could not contact service /controloer_manager/list_controllers
1730162898.1818671 [spawner-4] [INFO] [1730162898.181637221] [spawner_gripper_controller]: waiting for service /controloer_manager/list_controllers to become available...
1730162898.2003236 [spawner-3] [WARN] [1730162898.197712900] [spawner_arm_controller]: Could not contact service /controloer_manager/list_controllers
1730162898.2007873 [spawner-3] [INFO] [1730162898.199037404] [spawner_arm_controller]: waiting for service /controloer_manager/list_controllers to become available...
1730162898.2191048 [spawner-2] [WARN] [1730162898.218947730] [spawner_joint_state_broadcaster]: Could not contact service /controloer_manager/list_controllers
1730162898.2193711 [spawner-2] [INFO] [1730162898.219160708] [spawner_joint_state_broadcaster]: waiting for service /controloer_manager/list_controllers to become available...
1730162908.2104678 [spawner-4] [WARN] [1730162908.209979554] [spawner_gripper_controller]: Could not contact service /controloer_manager/list_controllers
1730162908.2115400 [spawner-4] [INFO] [1730162908.211174594] [spawner_gripper_controller]: waiting for service /controloer_manager/list_controllers to become available...
1730162908.2221301 [spawner-3] [WARN] [1730162908.220717265] [spawner_arm_controller]: Could not contact service /controloer_manager/list_controllers
1730162908.2229471 [spawner-3] [INFO] [1730162908.221804581] [spawner_arm_controller]: waiting for service /controloer_manager/list_controllers to become available...
1730162908.2473121 [spawner-2] [WARN] [1730162908.246364101] [spawner_joint_state_broadcaster]: Could not contact service /controloer_manager/list_controllers
1730162908.2497714 [spawner-2] [INFO] [1730162908.248971949] [spawner_joint_state_broadcaster]: waiting for service /controloer_manager/list_controllers to become available...
1730162918.2354088 [spawner-4] [WARN] [1730162918.234727613] [spawner_gripper_controller]: Could not contact service /controloer_manager/list_controllers
1730162918.2360830 [spawner-4] [INFO] [1730162918.235389103] [spawner_gripper_controller]: waiting for service /controloer_manager/list_controllers to become available...
1730162918.2406771 [spawner-3] [WARN] [1730162918.240369921] [spawner_arm_controller]: Could not contact service /controloer_manager/list_controllers
1730162918.2412694 [spawner-3] [INFO] [1730162918.241053668] [spawner_arm_controller]: waiting for service /controloer_manager/list_controllers to become available...
1730162918.2684109 [spawner-2] [WARN] [1730162918.267828625] [spawner_joint_state_broadcaster]: Could not contact service /controloer_manager/list_controllers
1730162918.2694449 [spawner-2] [INFO] [1730162918.268994721] [spawner_joint_state_broadcaster]: waiting for service /controloer_manager/list_controllers to become available...
1730162928.2695215 [spawner-4] [WARN] [1730162928.268931006] [spawner_gripper_controller]: Could not contact service /controloer_manager/list_controllers
1730162928.2711689 [spawner-3] [WARN] [1730162928.269047093] [spawner_arm_controller]: Could not contact service /controloer_manager/list_controllers
1730162928.2719336 [spawner-4] [INFO] [1730162928.269951184] [spawner_gripper_controller]: waiting for service /controloer_manager/list_controllers to become available...
1730162928.2724867 [spawner-3] [INFO] [1730162928.270100196] [spawner_arm_controller]: waiting for service /controloer_manager/list_controllers to become available...
1730162928.2897465 [spawner-2] [WARN] [1730162928.289556435] [spawner_joint_state_broadcaster]: Could not contact service /controloer_manager/list_controllers
1730162928.2899652 [spawner-2] [INFO] [1730162928.289788506] [spawner_joint_state_broadcaster]: waiting for service /controloer_manager/list_controllers to become available...
1730162938.2910178 [spawner-4] [WARN] [1730162938.290728502] [spawner_gripper_controller]: Could not contact service /controloer_manager/list_controllers
1730162938.2914548 [spawner-4] [INFO] [1730162938.291225026] [spawner_gripper_controller]: waiting for service /controloer_manager/list_controllers to become available...
1730162938.2916923 [spawner-3] [WARN] [1730162938.291260438] [spawner_arm_controller]: Could not contact service /controloer_manager/list_controllers
1730162938.2921443 [spawner-3] [INFO] [1730162938.291868251] [spawner_arm_controller]: waiting for service /controloer_manager/list_controllers to become available...
1730162938.3099668 [spawner-2] [WARN] [1730162938.309678328] [spawner_joint_state_broadcaster]: Could not contact service /controloer_manager/list_controllers
1730162938.3103034 [spawner-2] [INFO] [1730162938.309927544] [spawner_joint_state_broadcaster]: waiting for service /controloer_manager/list_controllers to become available...
1730162948.3186405 [spawner-3] [WARN] [1730162948.318075643] [spawner_arm_controller]: Could not contact service /controloer_manager/list_controllers
1730162948.3195055 [spawner-3] [INFO] [1730162948.319157998] [spawner_arm_controller]: waiting for service /controloer_manager/list_controllers to become available...
1730162948.3202655 [spawner-4] [WARN] [1730162948.320063784] [spawner_gripper_controller]: Could not contact service /controloer_manager/list_controllers
1730162948.3212397 [spawner-4] [INFO] [1730162948.320883533] [spawner_gripper_controller]: waiting for service /controloer_manager/list_controllers to become available...
1730162948.3274493 [spawner-2] [WARN] [1730162948.327238388] [spawner_joint_state_broadcaster]: Could not contact service /controloer_manager/list_controllers
1730162948.3275726 [spawner-2] [INFO] [1730162948.327503078] [spawner_joint_state_broadcaster]: waiting for service /controloer_manager/list_controllers to become available...
1730162958.3411186 [spawner-3] [WARN] [1730162958.340957784] [spawner_arm_controller]: Could not contact service /controloer_manager/list_controllers
1730162958.3413825 [spawner-3] [INFO] [1730162958.341197595] [spawner_arm_controller]: waiting for service /controloer_manager/list_controllers to become available...
1730162958.3417132 [spawner-4] [WARN] [1730162958.341661147] [spawner_gripper_controller]: Could not contact service /controloer_manager/list_controllers
1730162958.3419504 [spawner-4] [INFO] [1730162958.341902348] [spawner_gripper_controller]: waiting for service /controloer_manager/list_controllers to become available...
1730162958.3433259 [spawner-2] [WARN] [1730162958.343240483] [spawner_joint_state_broadcaster]: Could not contact service /controloer_manager/list_controllers
1730162958.3435123 [spawner-2] [INFO] [1730162958.343477694] [spawner_joint_state_broadcaster]: waiting for service /controloer_manager/list_controllers to become available...
1730162968.3578010 [spawner-2] [WARN] [1730162968.357617675] [spawner_joint_state_broadcaster]: Could not contact service /controloer_manager/list_controllers
1730162968.3580916 [spawner-2] [INFO] [1730162968.357885120] [spawner_joint_state_broadcaster]: waiting for service /controloer_manager/list_controllers to become available...
1730162968.3586154 [spawner-4] [WARN] [1730162968.358535325] [spawner_gripper_controller]: Could not contact service /controloer_manager/list_controllers
1730162968.3590877 [spawner-4] [INFO] [1730162968.359014037] [spawner_gripper_controller]: waiting for service /controloer_manager/list_controllers to become available...
1730162968.3700321 [spawner-3] [WARN] [1730162968.369862633] [spawner_arm_controller]: Could not contact service /controloer_manager/list_controllers
1730162968.3702853 [spawner-3] [INFO] [1730162968.370119708] [spawner_arm_controller]: waiting for service /controloer_manager/list_controllers to become available...
1730162978.3751001 [spawner-4] [WARN] [1730162978.374907721] [spawner_gripper_controller]: Could not contact service /controloer_manager/list_controllers
1730162978.3754551 [spawner-4] [INFO] [1730162978.375296060] [spawner_gripper_controller]: waiting for service /controloer_manager/list_controllers to become available...
1730162978.3807299 [spawner-2] [WARN] [1730162978.380548004] [spawner_joint_state_broadcaster]: Could not contact service /controloer_manager/list_controllers
1730162978.3809710 [spawner-2] [INFO] [1730162978.380769481] [spawner_joint_state_broadcaster]: waiting for service /controloer_manager/list_controllers to become available...
1730162978.3884640 [spawner-3] [WARN] [1730162978.386861089] [spawner_arm_controller]: Could not contact service /controloer_manager/list_controllers
1730162978.3886275 [spawner-3] [INFO] [1730162978.387626549] [spawner_arm_controller]: waiting for service /controloer_manager/list_controllers to become available...
1730162988.3961692 [spawner-4] [WARN] [1730162988.395949010] [spawner_gripper_controller]: Could not contact service /controloer_manager/list_controllers
1730162988.3965707 [spawner-4] [INFO] [1730162988.396447383] [spawner_gripper_controller]: waiting for service /controloer_manager/list_controllers to become available...
1730162988.4036403 [spawner-3] [WARN] [1730162988.402706615] [spawner_arm_controller]: Could not contact service /controloer_manager/list_controllers
1730162988.4038455 [spawner-3] [INFO] [1730162988.403350532] [spawner_arm_controller]: waiting for service /controloer_manager/list_controllers to become available...
1730162988.4041088 [spawner-2] [WARN] [1730162988.403896200] [spawner_joint_state_broadcaster]: Could not contact service /controloer_manager/list_controllers
1730162988.4042788 [spawner-2] [INFO] [1730162988.404182328] [spawner_joint_state_broadcaster]: waiting for service /controloer_manager/list_controllers to become available...
1730162998.4182634 [spawner-4] [WARN] [1730162998.418080975] [spawner_gripper_controller]: Could not contact service /controloer_manager/list_controllers
1730162998.4185627 [spawner-4] [INFO] [1730162998.418384774] [spawner_gripper_controller]: waiting for service /controloer_manager/list_controllers to become available...
1730162998.4368665 [spawner-2] [WARN] [1730162998.435342542] [spawner_joint_state_broadcaster]: Could not contact service /controloer_manager/list_controllers
1730162998.4372127 [spawner-2] [INFO] [1730162998.436455174] [spawner_joint_state_broadcaster]: waiting for service /controloer_manager/list_controllers to become available...
1730162998.4379294 [spawner-3] [WARN] [1730162998.437057456] [spawner_arm_controller]: Could not contact service /controloer_manager/list_controllers
1730162998.4387095 [spawner-3] [INFO] [1730162998.437866789] [spawner_arm_controller]: waiting for service /controloer_manager/list_controllers to become available...
1730163008.4409931 [spawner-4] [WARN] [1730163008.440814071] [spawner_gripper_controller]: Could not contact service /controloer_manager/list_controllers
1730163008.4412916 [spawner-4] [INFO] [1730163008.441221819] [spawner_gripper_controller]: waiting for service /controloer_manager/list_controllers to become available...
1730163008.4581146 [spawner-3] [WARN] [1730163008.457902573] [spawner_arm_controller]: Could not contact service /controloer_manager/list_controllers
1730163008.4584846 [spawner-3] [INFO] [1730163008.458300523] [spawner_arm_controller]: waiting for service /controloer_manager/list_controllers to become available...
1730163008.4587281 [spawner-2] [WARN] [1730163008.458345904] [spawner_joint_state_broadcaster]: Could not contact service /controloer_manager/list_controllers
1730163008.4591084 [spawner-2] [INFO] [1730163008.458992173] [spawner_joint_state_broadcaster]: waiting for service /controloer_manager/list_controllers to become available...
1730163018.4679265 [spawner-4] [WARN] [1730163018.467204621] [spawner_gripper_controller]: Could not contact service /controloer_manager/list_controllers
1730163018.4692142 [spawner-4] [INFO] [1730163018.468868373] [spawner_gripper_controller]: waiting for service /controloer_manager/list_controllers to become available...
1730163018.4780734 [spawner-2] [WARN] [1730163018.477852178] [spawner_joint_state_broadcaster]: Could not contact service /controloer_manager/list_controllers
1730163018.4783366 [spawner-2] [INFO] [1730163018.478102568] [spawner_joint_state_broadcaster]: waiting for service /controloer_manager/list_controllers to become available...
1730163018.4809759 [spawner-3] [WARN] [1730163018.480927835] [spawner_arm_controller]: Could not contact service /controloer_manager/list_controllers
1730163018.4811769 [spawner-3] [INFO] [1730163018.481136755] [spawner_arm_controller]: waiting for service /controloer_manager/list_controllers to become available...
1730163028.4902966 [spawner-4] [WARN] [1730163028.489312003] [spawner_gripper_controller]: Could not contact service /controloer_manager/list_controllers
1730163028.4909782 [spawner-4] [INFO] [1730163028.490363223] [spawner_gripper_controller]: waiting for service /controloer_manager/list_controllers to become available...
1730163028.4971235 [spawner-2] [WARN] [1730163028.496725387] [spawner_joint_state_broadcaster]: Could not contact service /controloer_manager/list_controllers
1730163028.4979448 [spawner-2] [INFO] [1730163028.497732690] [spawner_joint_state_broadcaster]: waiting for service /controloer_manager/list_controllers to become available...
1730163028.4988794 [spawner-3] [WARN] [1730163028.498660259] [spawner_arm_controller]: Could not contact service /controloer_manager/list_controllers
1730163028.5001588 [spawner-3] [INFO] [1730163028.500096712] [spawner_arm_controller]: waiting for service /controloer_manager/list_controllers to become available...
1730163038.5105274 [spawner-4] [WARN] [1730163038.510333832] [spawner_gripper_controller]: Could not contact service /controloer_manager/list_controllers
1730163038.5109594 [spawner-4] [INFO] [1730163038.510859375] [spawner_gripper_controller]: waiting for service /controloer_manager/list_controllers to become available...
1730163038.5198548 [spawner-2] [WARN] [1730163038.519619979] [spawner_joint_state_broadcaster]: Could not contact service /controloer_manager/list_controllers
1730163038.5201948 [spawner-2] [INFO] [1730163038.520060734] [spawner_joint_state_broadcaster]: waiting for service /controloer_manager/list_controllers to become available...
1730163038.5213883 [spawner-3] [WARN] [1730163038.521253834] [spawner_arm_controller]: Could not contact service /controloer_manager/list_controllers
1730163038.5223470 [spawner-3] [INFO] [1730163038.522180001] [spawner_arm_controller]: waiting for service /controloer_manager/list_controllers to become available...
1730163048.5298872 [spawner-4] [WARN] [1730163048.529694793] [spawner_gripper_controller]: Could not contact service /controloer_manager/list_controllers
1730163048.5304260 [spawner-4] [INFO] [1730163048.530149085] [spawner_gripper_controller]: waiting for service /controloer_manager/list_controllers to become available...
1730163048.5394707 [spawner-3] [WARN] [1730163048.539222455] [spawner_arm_controller]: Could not contact service /controloer_manager/list_controllers
1730163048.5400338 [spawner-3] [INFO] [1730163048.539895444] [spawner_arm_controller]: waiting for service /controloer_manager/list_controllers to become available...
1730163048.5409997 [spawner-2] [WARN] [1730163048.540936796] [spawner_joint_state_broadcaster]: Could not contact service /controloer_manager/list_controllers
1730163048.5412090 [spawner-2] [INFO] [1730163048.541169624] [spawner_joint_state_broadcaster]: waiting for service /controloer_manager/list_controllers to become available...
1730163058.5486734 [spawner-4] [WARN] [1730163058.548459716] [spawner_gripper_controller]: Could not contact service /controloer_manager/list_controllers
1730163058.5491524 [spawner-4] [INFO] [1730163058.549017263] [spawner_gripper_controller]: waiting for service /controloer_manager/list_controllers to become available...
1730163058.5626538 [spawner-2] [WARN] [1730163058.561108657] [spawner_joint_state_broadcaster]: Could not contact service /controloer_manager/list_controllers
1730163058.5630805 [spawner-2] [INFO] [1730163058.562189641] [spawner_joint_state_broadcaster]: waiting for service /controloer_manager/list_controllers to become available...
1730163058.5671933 [spawner-3] [WARN] [1730163058.564681327] [spawner_arm_controller]: Could not contact service /controloer_manager/list_controllers
1730163058.5673914 [spawner-3] [INFO] [1730163058.566155318] [spawner_arm_controller]: waiting for service /controloer_manager/list_controllers to become available...
1730163068.5754535 [spawner-4] [WARN] [1730163068.574900769] [spawner_gripper_controller]: Could not contact service /controloer_manager/list_controllers
1730163068.5768621 [spawner-4] [INFO] [1730163068.576437767] [spawner_gripper_controller]: waiting for service /controloer_manager/list_controllers to become available...
1730163068.5853004 [spawner-2] [WARN] [1730163068.585135432] [spawner_joint_state_broadcaster]: Could not contact service /controloer_manager/list_controllers
1730163068.5855417 [spawner-2] [INFO] [1730163068.585402689] [spawner_joint_state_broadcaster]: waiting for service /controloer_manager/list_controllers to become available...
1730163068.5892730 [spawner-3] [WARN] [1730163068.589143064] [spawner_arm_controller]: Could not contact service /controloer_manager/list_controllers
1730163068.5895135 [spawner-3] [INFO] [1730163068.589405696] [spawner_arm_controller]: waiting for service /controloer_manager/list_controllers to become available...
1730163078.5979698 [spawner-4] [WARN] [1730163078.597770320] [spawner_gripper_controller]: Could not contact service /controloer_manager/list_controllers
1730163078.5983002 [spawner-4] [INFO] [1730163078.598187643] [spawner_gripper_controller]: waiting for service /controloer_manager/list_controllers to become available...
1730163078.6030059 [spawner-2] [WARN] [1730163078.602645002] [spawner_joint_state_broadcaster]: Could not contact service /controloer_manager/list_controllers
1730163078.6035266 [spawner-2] [INFO] [1730163078.603303016] [spawner_joint_state_broadcaster]: waiting for service /controloer_manager/list_controllers to become available...
1730163078.6066370 [spawner-3] [WARN] [1730163078.606439545] [spawner_arm_controller]: Could not contact service /controloer_manager/list_controllers
1730163078.6076579 [spawner-3] [INFO] [1730163078.607468476] [spawner_arm_controller]: waiting for service /controloer_manager/list_controllers to become available...
1730163088.6254346 [spawner-2] [WARN] [1730163088.625244530] [spawner_joint_state_broadcaster]: Could not contact service /controloer_manager/list_controllers
1730163088.6257284 [spawner-4] [WARN] [1730163088.625570078] [spawner_gripper_controller]: Could not contact service /controloer_manager/list_controllers
1730163088.6258919 [spawner-2] [INFO] [1730163088.625602023] [spawner_joint_state_broadcaster]: waiting for service /controloer_manager/list_controllers to become available...
1730163088.6260874 [spawner-4] [INFO] [1730163088.626030350] [spawner_gripper_controller]: waiting for service /controloer_manager/list_controllers to become available...
1730163088.6268957 [spawner-3] [WARN] [1730163088.626799156] [spawner_arm_controller]: Could not contact service /controloer_manager/list_controllers
1730163088.6272161 [spawner-3] [INFO] [1730163088.627143955] [spawner_arm_controller]: waiting for service /controloer_manager/list_controllers to become available...
1730163098.6501377 [spawner-3] [WARN] [1730163098.649715548] [spawner_arm_controller]: Could not contact service /controloer_manager/list_controllers
1730163098.6504240 [spawner-4] [WARN] [1730163098.649717328] [spawner_gripper_controller]: Could not contact service /controloer_manager/list_controllers
1730163098.6505475 [spawner-4] [INFO] [1730163098.650115047] [spawner_gripper_controller]: waiting for service /controloer_manager/list_controllers to become available...
1730163098.6506643 [spawner-3] [INFO] [1730163098.650206899] [spawner_arm_controller]: waiting for service /controloer_manager/list_controllers to become available...
1730163098.6526423 [spawner-2] [WARN] [1730163098.652437876] [spawner_joint_state_broadcaster]: Could not contact service /controloer_manager/list_controllers
1730163098.6529710 [spawner-2] [INFO] [1730163098.652681083] [spawner_joint_state_broadcaster]: waiting for service /controloer_manager/list_controllers to become available...
1730163108.6685436 [spawner-3] [WARN] [1730163108.666790509] [spawner_arm_controller]: Could not contact service /controloer_manager/list_controllers
1730163108.6691103 [spawner-3] [INFO] [1730163108.668026997] [spawner_arm_controller]: waiting for service /controloer_manager/list_controllers to become available...
1730163108.6716192 [spawner-4] [WARN] [1730163108.671234254] [spawner_gripper_controller]: Could not contact service /controloer_manager/list_controllers
1730163108.6727800 [spawner-4] [INFO] [1730163108.672131751] [spawner_gripper_controller]: waiting for service /controloer_manager/list_controllers to become available...
1730163108.6790848 [spawner-2] [WARN] [1730163108.678007555] [spawner_joint_state_broadcaster]: Could not contact service /controloer_manager/list_controllers
1730163108.6796961 [spawner-2] [INFO] [1730163108.679360010] [spawner_joint_state_broadcaster]: waiting for service /controloer_manager/list_controllers to become available...
1730163118.6844192 [spawner-3] [WARN] [1730163118.684216177] [spawner_arm_controller]: Could not contact service /controloer_manager/list_controllers
1730163118.6846700 [spawner-3] [INFO] [1730163118.684451198] [spawner_arm_controller]: waiting for service /controloer_manager/list_controllers to become available...
1730163118.6960974 [spawner-4] [WARN] [1730163118.695578064] [spawner_gripper_controller]: Could not contact service /controloer_manager/list_controllers
1730163118.6968858 [spawner-4] [INFO] [1730163118.696638476] [spawner_gripper_controller]: waiting for service /controloer_manager/list_controllers to become available...
1730163118.6974456 [spawner-2] [WARN] [1730163118.696941619] [spawner_joint_state_broadcaster]: Could not contact service /controloer_manager/list_controllers
1730163118.6991911 [spawner-2] [INFO] [1730163118.698579572] [spawner_joint_state_broadcaster]: waiting for service /controloer_manager/list_controllers to become available...
1730163128.7066741 [spawner-3] [WARN] [1730163128.706284660] [spawner_arm_controller]: Could not contact service /controloer_manager/list_controllers
1730163128.7073500 [spawner-3] [INFO] [1730163128.707007456] [spawner_arm_controller]: waiting for service /controloer_manager/list_controllers to become available...
1730163128.7171428 [spawner-2] [WARN] [1730163128.716982630] [spawner_joint_state_broadcaster]: Could not contact service /controloer_manager/list_controllers
1730163128.7173712 [spawner-2] [INFO] [1730163128.717240542] [spawner_joint_state_broadcaster]: waiting for service /controloer_manager/list_controllers to become available...
1730163128.7212551 [spawner-4] [WARN] [1730163128.721066979] [spawner_gripper_controller]: Could not contact service /controloer_manager/list_controllers
1730163128.7214940 [spawner-4] [INFO] [1730163128.721389272] [spawner_gripper_controller]: waiting for service /controloer_manager/list_controllers to become available...
1730163138.7279503 [spawner-3] [WARN] [1730163138.727724538] [spawner_arm_controller]: Could not contact service /controloer_manager/list_controllers
1730163138.7284565 [spawner-3] [INFO] [1730163138.728269553] [spawner_arm_controller]: waiting for service /controloer_manager/list_controllers to become available...
1730163138.7384329 [spawner-2] [WARN] [1730163138.738214423] [spawner_joint_state_broadcaster]: Could not contact service /controloer_manager/list_controllers
1730163138.7387516 [spawner-2] [INFO] [1730163138.738457329] [spawner_joint_state_broadcaster]: waiting for service /controloer_manager/list_controllers to become available...
1730163138.7445292 [spawner-4] [WARN] [1730163138.744297532] [spawner_gripper_controller]: Could not contact service /controloer_manager/list_controllers
1730163138.7450123 [spawner-4] [INFO] [1730163138.744789542] [spawner_gripper_controller]: waiting for service /controloer_manager/list_controllers to become available...
1730163148.7465045 [spawner-3] [WARN] [1730163148.746260579] [spawner_arm_controller]: Could not contact service /controloer_manager/list_controllers
1730163148.7468762 [spawner-3] [INFO] [1730163148.746655556] [spawner_arm_controller]: waiting for service /controloer_manager/list_controllers to become available...
1730163148.7593310 [spawner-2] [WARN] [1730163148.758893616] [spawner_joint_state_broadcaster]: Could not contact service /controloer_manager/list_controllers
1730163148.7596645 [spawner-2] [INFO] [1730163148.759427917] [spawner_joint_state_broadcaster]: waiting for service /controloer_manager/list_controllers to become available...
1730163148.7606180 [spawner-4] [WARN] [1730163148.760531717] [spawner_gripper_controller]: Could not contact service /controloer_manager/list_controllers
1730163148.7608531 [spawner-4] [INFO] [1730163148.760776254] [spawner_gripper_controller]: waiting for service /controloer_manager/list_controllers to become available...
1730163158.7679937 [spawner-3] [WARN] [1730163158.767782836] [spawner_arm_controller]: Could not contact service /controloer_manager/list_controllers
1730163158.7684960 [spawner-3] [INFO] [1730163158.768035812] [spawner_arm_controller]: waiting for service /controloer_manager/list_controllers to become available...
1730163158.7876446 [spawner-4] [WARN] [1730163158.785199637] [spawner_gripper_controller]: Could not contact service /controloer_manager/list_controllers
1730163158.7879987 [spawner-4] [INFO] [1730163158.786678485] [spawner_gripper_controller]: waiting for service /controloer_manager/list_controllers to become available...
1730163158.7887223 [spawner-2] [WARN] [1730163158.788445133] [spawner_joint_state_broadcaster]: Could not contact service /controloer_manager/list_controllers
1730163158.7896762 [spawner-2] [INFO] [1730163158.789194878] [spawner_joint_state_broadcaster]: waiting for service /controloer_manager/list_controllers to become available...
1730163168.7893713 [spawner-3] [WARN] [1730163168.789166047] [spawner_arm_controller]: Could not contact service /controloer_manager/list_controllers
1730163168.7896192 [spawner-3] [INFO] [1730163168.789439569] [spawner_arm_controller]: waiting for service /controloer_manager/list_controllers to become available...
1730163168.8047695 [spawner-4] [WARN] [1730163168.804567119] [spawner_gripper_controller]: Could not contact service /controloer_manager/list_controllers
1730163168.8051212 [spawner-4] [INFO] [1730163168.804840490] [spawner_gripper_controller]: waiting for service /controloer_manager/list_controllers to become available...
1730163168.8073564 [spawner-2] [WARN] [1730163168.807216351] [spawner_joint_state_broadcaster]: Could not contact service /controloer_manager/list_controllers
1730163168.8077166 [spawner-2] [INFO] [1730163168.807561659] [spawner_joint_state_broadcaster]: waiting for service /controloer_manager/list_controllers to become available...
1730163178.8128421 [spawner-3] [WARN] [1730163178.812610371] [spawner_arm_controller]: Could not contact service /controloer_manager/list_controllers
1730163178.8132195 [spawner-3] [INFO] [1730163178.813041318] [spawner_arm_controller]: waiting for service /controloer_manager/list_controllers to become available...
1730163178.8322260 [spawner-2] [WARN] [1730163178.831866404] [spawner_joint_state_broadcaster]: Could not contact service /controloer_manager/list_controllers
1730163178.8332722 [spawner-4] [WARN] [1730163178.832160303] [spawner_gripper_controller]: Could not contact service /controloer_manager/list_controllers
1730163178.8339734 [spawner-2] [INFO] [1730163178.832583247] [spawner_joint_state_broadcaster]: waiting for service /controloer_manager/list_controllers to become available...
1730163178.8350353 [spawner-4] [INFO] [1730163178.832999325] [spawner_gripper_controller]: waiting for service /controloer_manager/list_controllers to become available...
1730163183.2304783 [WARNING] [launch]: user interrupted with ctrl-c (SIGINT)
1730163183.2357373 [robot_state_publisher-1] [INFO] [1730163183.232875839] [rclcpp]: signal_handler(signum=2)
1730163183.3461854 [INFO] [robot_state_publisher-1]: process has finished cleanly [pid 1111]
1730163183.3826361 [INFO] [spawner-4]: process has finished cleanly [pid 1117]
1730163183.3828332 [INFO] [spawner-2]: process has finished cleanly [pid 1113]
1730163183.3829286 [INFO] [spawner-3]: process has finished cleanly [pid 1115]
