[0.008s] Invoking command in '/home/ROS/ros2_ws/build/puma560_description': CMAKE_PREFIX_PATH=${CMAKE_PREFIX_PATH}:/opt/ros/humble /usr/bin/cmake /home/ROS/ros2_ws/src/puma560_description -DCMAKE_INSTALL_PREFIX=/home/ROS/ros2_ws/install/puma560_description
[0.036s] -- The C compiler identification is GNU 11.4.0
[0.067s] -- The CXX compiler identification is GNU 11.4.0
[0.071s] -- Detecting C compiler ABI info
[0.134s] -- Detecting C compiler ABI info - done
[0.143s] -- Check for working C compiler: /usr/bin/cc - skipped
[0.143s] -- Detecting C compile features
[0.144s] -- Detecting C compile features - done
[0.147s] -- Detecting CXX compiler ABI info
[0.214s] -- Detecting CXX compiler ABI info - done
[0.217s] -- Check for working CXX compiler: /usr/bin/c++ - skipped
[0.217s] -- Detecting CXX compile features
[0.218s] -- Detecting CXX compile features - done
[0.219s] -- Found ament_cmake: 1.3.9 (/opt/ros/humble/share/ament_cmake/cmake)
[0.323s] -- Found Python3: /usr/bin/python3 (found version "3.10.12") found components: Interpreter 
[0.367s] -- Found ament_lint_auto: 0.12.11 (/opt/ros/humble/share/ament_lint_auto/cmake)
[0.413s] -- Added test 'lint_cmake' to check CMake code style
[0.414s] -- Added test 'xmllint' to check XML markup files
[0.415s] -- Configuring done
[0.416s] -- Generating done
[0.417s] -- Build files have been written to: /home/ROS/ros2_ws/build/puma560_description
[0.419s] Invoked command in '/home/ROS/ros2_ws/build/puma560_description' returned '0': CMAKE_PREFIX_PATH=${CMAKE_PREFIX_PATH}:/opt/ros/humble /usr/bin/cmake /home/ROS/ros2_ws/src/puma560_description -DCMAKE_INSTALL_PREFIX=/home/ROS/ros2_ws/install/puma560_description
[0.419s] Invoking command in '/home/ROS/ros2_ws/build/puma560_description': CMAKE_PREFIX_PATH=${CMAKE_PREFIX_PATH}:/opt/ros/humble /usr/bin/cmake --build /home/ROS/ros2_ws/build/puma560_description -- -j20 -l20
[0.449s] Invoked command in '/home/ROS/ros2_ws/build/puma560_description' returned '0': CMAKE_PREFIX_PATH=${CMAKE_PREFIX_PATH}:/opt/ros/humble /usr/bin/cmake --build /home/ROS/ros2_ws/build/puma560_description -- -j20 -l20
[0.475s] Invoking command in '/home/ROS/ros2_ws/build/puma560_description': CMAKE_PREFIX_PATH=${CMAKE_PREFIX_PATH}:/opt/ros/humble /usr/bin/cmake --install /home/ROS/ros2_ws/build/puma560_description
[0.483s] -- Install configuration: ""
[0.483s] -- Installing: /home/ROS/ros2_ws/install/puma560_description/share/ament_index/resource_index/package_run_dependencies/puma560_description
[0.483s] -- Installing: /home/ROS/ros2_ws/install/puma560_description/share/ament_index/resource_index/parent_prefix_path/puma560_description
[0.484s] -- Installing: /home/ROS/ros2_ws/install/puma560_description/share/puma560_description/environment/ament_prefix_path.sh
[0.484s] -- Installing: /home/ROS/ros2_ws/install/puma560_description/share/puma560_description/environment/ament_prefix_path.dsv
[0.484s] -- Installing: /home/ROS/ros2_ws/install/puma560_description/share/puma560_description/environment/path.sh
[0.484s] -- Installing: /home/ROS/ros2_ws/install/puma560_description/share/puma560_description/environment/path.dsv
[0.484s] -- Installing: /home/ROS/ros2_ws/install/puma560_description/share/puma560_description/local_setup.bash
[0.484s] -- Installing: /home/ROS/ros2_ws/install/puma560_description/share/puma560_description/local_setup.sh
[0.484s] -- Installing: /home/ROS/ros2_ws/install/puma560_description/share/puma560_description/local_setup.zsh
[0.485s] -- Installing: /home/ROS/ros2_ws/install/puma560_description/share/puma560_description/local_setup.dsv
[0.485s] -- Installing: /home/ROS/ros2_ws/install/puma560_description/share/puma560_description/package.dsv
[0.485s] -- Installing: /home/ROS/ros2_ws/install/puma560_description/share/ament_index/resource_index/packages/puma560_description
[0.485s] -- Installing: /home/ROS/ros2_ws/install/puma560_description/share/puma560_description/cmake/puma560_descriptionConfig.cmake
[0.485s] -- Installing: /home/ROS/ros2_ws/install/puma560_description/share/puma560_description/cmake/puma560_descriptionConfig-version.cmake
[0.485s] -- Installing: /home/ROS/ros2_ws/install/puma560_description/share/puma560_description/package.xml
[0.487s] Invoked command in '/home/ROS/ros2_ws/build/puma560_description' returned '0': CMAKE_PREFIX_PATH=${CMAKE_PREFIX_PATH}:/opt/ros/humble /usr/bin/cmake --install /home/ROS/ros2_ws/build/puma560_description
