[0.008s] Invoking command in '/home/ros2_ws/build/pub_sub': CMAKE_PREFIX_PATH=/opt/ros/humble /usr/bin/cmake /home/ros2_ws/src/pub_sub -DCMAKE_INSTALL_PREFIX=/home/ros2_ws/install/pub_sub
[0.042s] -- The C compiler identification is GNU 11.4.0
[0.076s] -- The CXX compiler identification is GNU 11.4.0
[0.080s] -- Detecting C compiler ABI info
[0.119s] -- Detecting C compiler ABI info - done
[0.123s] -- Check for working C compiler: /usr/bin/cc - skipped
[0.123s] -- Detecting C compile features
[0.123s] -- Detecting C compile features - done
[0.125s] -- Detecting CXX compiler ABI info
[0.173s] -- Detecting CXX compiler ABI info - done
[0.178s] -- Check for working CXX compiler: /usr/bin/c++ - skipped
[0.178s] -- Detecting CXX compile features
[0.178s] -- Detecting CXX compile features - done
[0.180s] -- Found ament_cmake: 1.3.10 (/opt/ros/humble/share/ament_cmake/cmake)
[0.271s] -- Found Python3: /usr/bin/python3 (found version "3.10.12") found components: Interpreter 
[0.320s] -- Found rclcpp: 16.0.10 (/opt/ros/humble/share/rclcpp/cmake)
[0.349s] -- Found rosidl_generator_c: 3.1.5 (/opt/ros/humble/share/rosidl_generator_c/cmake)
[0.352s] -- Found rosidl_adapter: 3.1.5 (/opt/ros/humble/share/rosidl_adapter/cmake)
[0.357s] -- Found rosidl_generator_cpp: 3.1.5 (/opt/ros/humble/share/rosidl_generator_cpp/cmake)
[0.364s] -- Using all available rosidl_typesupport_c: rosidl_typesupport_fastrtps_c;rosidl_typesupport_introspection_c
[0.373s] -- Using all available rosidl_typesupport_cpp: rosidl_typesupport_fastrtps_cpp;rosidl_typesupport_introspection_cpp
[0.398s] -- Found rmw_implementation_cmake: 6.1.2 (/opt/ros/humble/share/rmw_implementation_cmake/cmake)
[0.399s] -- Found rmw_fastrtps_cpp: 6.2.7 (/opt/ros/humble/share/rmw_fastrtps_cpp/cmake)
[0.459s] -- Found OpenSSL: /usr/lib/x86_64-linux-gnu/libcrypto.so (found version "3.0.2")  
[0.477s] -- Found FastRTPS: /opt/ros/humble/include  
[0.507s] -- Using RMW implementation 'rmw_fastrtps_cpp' as default
[0.513s] -- Looking for pthread.h
[0.579s] -- Looking for pthread.h - found
[0.579s] -- Performing Test CMAKE_HAVE_LIBC_PTHREAD
[0.642s] -- Performing Test CMAKE_HAVE_LIBC_PTHREAD - Success
[0.643s] -- Found Threads: TRUE  
[0.670s] -- Found ament_lint_auto: 0.12.11 (/opt/ros/humble/share/ament_lint_auto/cmake)
[0.717s] -- Added test 'cppcheck' to perform static code analysis on C / C++ code
[0.717s] -- Configured cppcheck include dirs: 
[0.717s] -- Configured cppcheck exclude dirs and/or files: 
[0.717s] -- Added test 'lint_cmake' to check CMake code style
[0.718s] -- Added test 'uncrustify' to check C / C++ code style
[0.718s] -- Configured uncrustify additional arguments: 
[0.718s] -- Added test 'xmllint' to check XML markup files
[0.719s] -- Configuring done
[0.723s] -- Generating done
[0.724s] -- Build files have been written to: /home/ros2_ws/build/pub_sub
[0.729s] Invoked command in '/home/ros2_ws/build/pub_sub' returned '0': CMAKE_PREFIX_PATH=/opt/ros/humble /usr/bin/cmake /home/ros2_ws/src/pub_sub -DCMAKE_INSTALL_PREFIX=/home/ros2_ws/install/pub_sub
[0.730s] Invoking command in '/home/ros2_ws/build/pub_sub': CMAKE_PREFIX_PATH=/opt/ros/humble /usr/bin/cmake --build /home/ros2_ws/build/pub_sub -- -j20 -l20
[0.766s] [ 50%] [32mBuilding CXX object CMakeFiles/publicador_cpp.dir/src/publicador_cpp.cpp.o[0m
[2.789s] [100%] [32m[1mLinking CXX executable publicador_cpp[0m
[2.891s] [100%] Built target publicador_cpp
[2.899s] Invoked command in '/home/ros2_ws/build/pub_sub' returned '0': CMAKE_PREFIX_PATH=/opt/ros/humble /usr/bin/cmake --build /home/ros2_ws/build/pub_sub -- -j20 -l20
[2.923s] Invoking command in '/home/ros2_ws/build/pub_sub': CMAKE_PREFIX_PATH=/opt/ros/humble /usr/bin/cmake --install /home/ros2_ws/build/pub_sub
[2.931s] -- Install configuration: ""
[2.931s] -- Installing: /home/ros2_ws/install/pub_sub/lib/pub_sub/publicador_cpp
[2.932s] -- Set runtime path of "/home/ros2_ws/install/pub_sub/lib/pub_sub/publicador_cpp" to ""
[2.932s] -- Installing: /home/ros2_ws/install/pub_sub/share/ament_index/resource_index/package_run_dependencies/pub_sub
[2.932s] -- Installing: /home/ros2_ws/install/pub_sub/share/ament_index/resource_index/parent_prefix_path/pub_sub
[2.933s] -- Installing: /home/ros2_ws/install/pub_sub/share/pub_sub/environment/ament_prefix_path.sh
[2.933s] -- Installing: /home/ros2_ws/install/pub_sub/share/pub_sub/environment/ament_prefix_path.dsv
[2.933s] -- Installing: /home/ros2_ws/install/pub_sub/share/pub_sub/environment/path.sh
[2.933s] -- Installing: /home/ros2_ws/install/pub_sub/share/pub_sub/environment/path.dsv
[2.933s] -- Installing: /home/ros2_ws/install/pub_sub/share/pub_sub/local_setup.bash
[2.933s] -- Installing: /home/ros2_ws/install/pub_sub/share/pub_sub/local_setup.sh
[2.933s] -- Installing: /home/ros2_ws/install/pub_sub/share/pub_sub/local_setup.zsh
[2.934s] -- Installing: /home/ros2_ws/install/pub_sub/share/pub_sub/local_setup.dsv
[2.934s] -- Installing: /home/ros2_ws/install/pub_sub/share/pub_sub/package.dsv
[2.934s] -- Installing: /home/ros2_ws/install/pub_sub/share/ament_index/resource_index/packages/pub_sub
[2.934s] -- Installing: /home/ros2_ws/install/pub_sub/share/pub_sub/cmake/pub_subConfig.cmake
[2.934s] -- Installing: /home/ros2_ws/install/pub_sub/share/pub_sub/cmake/pub_subConfig-version.cmake
[2.934s] -- Installing: /home/ros2_ws/install/pub_sub/share/pub_sub/package.xml
[2.937s] Invoked command in '/home/ros2_ws/build/pub_sub' returned '0': CMAKE_PREFIX_PATH=/opt/ros/humble /usr/bin/cmake --install /home/ros2_ws/build/pub_sub
