[0.007s] Invoking command in '/home/ros2_ws/build/puma560_description': CMAKE_PREFIX_PATH=${CMAKE_PREFIX_PATH}:/opt/ros/humble /usr/bin/cmake --build /home/ros2_ws/build/puma560_description -- -j20 -l20
[0.032s] Invoked command in '/home/ros2_ws/build/puma560_description' returned '0': CMAKE_PREFIX_PATH=${CMAKE_PREFIX_PATH}:/opt/ros/humble /usr/bin/cmake --build /home/ros2_ws/build/puma560_description -- -j20 -l20
[0.058s] Invoking command in '/home/ros2_ws/build/puma560_description': CMAKE_PREFIX_PATH=${CMAKE_PREFIX_PATH}:/opt/ros/humble /usr/bin/cmake --install /home/ros2_ws/build/puma560_description
[0.065s] -- Install configuration: ""
[0.066s] -- Up-to-date: /home/ros2_ws/install/puma560_description/share/puma560_description/launch
[0.066s] -- Up-to-date: /home/ros2_ws/install/puma560_description/share/puma560_description/launch/puma_display.launch.py
[0.066s] -- Up-to-date: /home/ros2_ws/install/puma560_description/share/puma560_description/launch/puma_gazebo.launch.py
[0.066s] -- Up-to-date: /home/ros2_ws/install/puma560_description/share/puma560_description/urdf
[0.066s] -- Up-to-date: /home/ros2_ws/install/puma560_description/share/puma560_description/urdf/puma560_gazebo.xacro
[0.066s] -- Up-to-date: /home/ros2_ws/install/puma560_description/share/puma560_description/urdf/puma560_cores.xacro
[0.066s] -- Installing: /home/ros2_ws/install/puma560_description/share/puma560_description/urdf/puma560_description.urdf.xacro
[0.066s] -- Up-to-date: /home/ros2_ws/install/puma560_description/share/puma560_description/urdf/puma560_control.xacro
[0.066s] -- Up-to-date: /home/ros2_ws/install/puma560_description/share/puma560_description/config
[0.066s] -- Up-to-date: /home/ros2_ws/install/puma560_description/share/puma560_description/config/link2_inertia.yaml
[0.066s] -- Up-to-date: /home/ros2_ws/install/puma560_description/share/puma560_description/meshes
[0.066s] -- Up-to-date: /home/ros2_ws/install/puma560_description/share/puma560_description/meshes/link_5.STL
[0.066s] -- Up-to-date: /home/ros2_ws/install/puma560_description/share/puma560_description/meshes/link_1.STL
[0.066s] -- Up-to-date: /home/ros2_ws/install/puma560_description/share/puma560_description/meshes/link_4.STL
[0.067s] -- Up-to-date: /home/ros2_ws/install/puma560_description/share/puma560_description/meshes/base_link.STL
[0.067s] -- Up-to-date: /home/ros2_ws/install/puma560_description/share/puma560_description/meshes/link_3.STL
[0.067s] -- Up-to-date: /home/ros2_ws/install/puma560_description/share/puma560_description/meshes/link_2.STL
[0.067s] -- Up-to-date: /home/ros2_ws/install/puma560_description/share/puma560_description/rviz2
[0.067s] -- Up-to-date: /home/ros2_ws/install/puma560_description/share/puma560_description/rviz2/display_puma560.rviz
[0.067s] -- Up-to-date: /home/ros2_ws/install/puma560_description/share/ament_index/resource_index/package_run_dependencies/puma560_description
[0.067s] -- Up-to-date: /home/ros2_ws/install/puma560_description/share/ament_index/resource_index/parent_prefix_path/puma560_description
[0.067s] -- Up-to-date: /home/ros2_ws/install/puma560_description/share/puma560_description/environment/ament_prefix_path.sh
[0.067s] -- Up-to-date: /home/ros2_ws/install/puma560_description/share/puma560_description/environment/ament_prefix_path.dsv
[0.067s] -- Up-to-date: /home/ros2_ws/install/puma560_description/share/puma560_description/environment/path.sh
[0.068s] -- Up-to-date: /home/ros2_ws/install/puma560_description/share/puma560_description/environment/path.dsv
[0.068s] -- Up-to-date: /home/ros2_ws/install/puma560_description/share/puma560_description/local_setup.bash
[0.068s] -- Up-to-date: /home/ros2_ws/install/puma560_description/share/puma560_description/local_setup.sh
[0.068s] -- Up-to-date: /home/ros2_ws/install/puma560_description/share/puma560_description/local_setup.zsh
[0.068s] -- Up-to-date: /home/ros2_ws/install/puma560_description/share/puma560_description/local_setup.dsv
[0.068s] -- Installing: /home/ros2_ws/install/puma560_description/share/puma560_description/package.dsv
[0.069s] -- Up-to-date: /home/ros2_ws/install/puma560_description/share/ament_index/resource_index/packages/puma560_description
[0.070s] -- Up-to-date: /home/ros2_ws/install/puma560_description/share/puma560_description/cmake/puma560_descriptionConfig.cmake
[0.070s] -- Up-to-date: /home/ros2_ws/install/puma560_description/share/puma560_description/cmake/puma560_descriptionConfig-version.cmake
[0.070s] -- Up-to-date: /home/ros2_ws/install/puma560_description/share/puma560_description/package.xml
[0.085s] Invoked command in '/home/ros2_ws/build/puma560_description' returned '0': CMAKE_PREFIX_PATH=${CMAKE_PREFIX_PATH}:/opt/ros/humble /usr/bin/cmake --install /home/ros2_ws/build/puma560_description
