[0.000000] (-) TimerEvent: {}
[0.000393] (puma560_description) JobQueued: {'identifier': 'puma560_description', 'dependencies': OrderedDict()}
[0.000591] (robot_description) JobQueued: {'identifier': 'robot_description', 'dependencies': OrderedDict()}
[0.000732] (puma560_description) JobStarted: {'identifier': 'puma560_description'}
[0.022642] (robot_description) JobStarted: {'identifier': 'robot_description'}
[0.037640] (puma560_description) JobProgress: {'identifier': 'puma560_description', 'progress': 'cmake'}
[0.040037] (puma560_description) JobProgress: {'identifier': 'puma560_description', 'progress': 'build'}
[0.042054] (puma560_description) Command: {'cmd': ['/usr/bin/cmake', '--build', '/home/ROS/ros2_ws/build/puma560_description', '--', '-j8', '-l8'], 'cwd': '/home/ROS/ros2_ws/build/puma560_description', 'env': OrderedDict([('HOSTNAME', 'thallys-pc'), ('SHLVL', '1'), ('LIBGL_ALWAYS_SOFTWARE', '1'), ('LD_LIBRARY_PATH', '/opt/ros/humble/opt/rviz_ogre_vendor/lib:/opt/ros/humble/lib/x86_64-linux-gnu:/opt/ros/humble/lib'), ('HOME', '/home/ros2_ws'), ('ROS_PYTHON_VERSION', '3'), ('COLCON_PREFIX_PATH', '/home/ROS/ros2_ws/install'), ('ROS_DISTRO', 'humble'), ('_', '/usr/bin/colcon'), ('ROS_VERSION', '2'), ('TERM', 'xterm'), ('ROS_LOCALHOST_ONLY', '0'), ('QT_X11_NO_MITSHM', '1'), ('PATH', '/opt/ros/humble/bin:/usr/local/sbin:/usr/local/bin:/usr/sbin:/usr/bin:/sbin:/bin'), ('XDG_RUNTIME_DIR', '/tmp/runtime-ros_ws'), ('DISPLAY', ':0'), ('LANG', 'C.UTF-8'), ('AMENT_PREFIX_PATH', '/home/ROS/ros2_ws/install/robot_description:/home/ROS/ros2_ws/install/puma560_description:/opt/ros/humble'), ('PWD', '/home/ROS/ros2_ws/build/puma560_description'), ('LC_ALL', 'C.UTF-8'), ('PYTHONPATH', '/opt/ros/humble/lib/python3.10/site-packages:/opt/ros/humble/local/lib/python3.10/dist-packages'), ('TZ', 'America/Sao_Paulo'), ('COLCON', '1'), ('CMAKE_PREFIX_PATH', '/home/ROS/ros2_ws/install/robot_description:/home/ROS/ros2_ws/install/puma560_description:/opt/ros/humble')]), 'shell': False}
[0.054158] (robot_description) JobProgress: {'identifier': 'robot_description', 'progress': 'cmake'}
[0.056108] (robot_description) JobProgress: {'identifier': 'robot_description', 'progress': 'build'}
[0.056573] (robot_description) Command: {'cmd': ['/usr/bin/cmake', '--build', '/home/ROS/ros2_ws/build/robot_description', '--', '-j8', '-l8'], 'cwd': '/home/ROS/ros2_ws/build/robot_description', 'env': OrderedDict([('HOSTNAME', 'thallys-pc'), ('SHLVL', '1'), ('LIBGL_ALWAYS_SOFTWARE', '1'), ('LD_LIBRARY_PATH', '/opt/ros/humble/opt/rviz_ogre_vendor/lib:/opt/ros/humble/lib/x86_64-linux-gnu:/opt/ros/humble/lib'), ('HOME', '/home/ros2_ws'), ('ROS_PYTHON_VERSION', '3'), ('COLCON_PREFIX_PATH', '/home/ROS/ros2_ws/install'), ('ROS_DISTRO', 'humble'), ('_', '/usr/bin/colcon'), ('ROS_VERSION', '2'), ('TERM', 'xterm'), ('ROS_LOCALHOST_ONLY', '0'), ('QT_X11_NO_MITSHM', '1'), ('PATH', '/opt/ros/humble/bin:/usr/local/sbin:/usr/local/bin:/usr/sbin:/usr/bin:/sbin:/bin'), ('XDG_RUNTIME_DIR', '/tmp/runtime-ros_ws'), ('DISPLAY', ':0'), ('LANG', 'C.UTF-8'), ('AMENT_PREFIX_PATH', '/home/ROS/ros2_ws/install/robot_description:/home/ROS/ros2_ws/install/puma560_description:/opt/ros/humble'), ('PWD', '/home/ROS/ros2_ws/build/robot_description'), ('LC_ALL', 'C.UTF-8'), ('PYTHONPATH', '/opt/ros/humble/lib/python3.10/site-packages:/opt/ros/humble/local/lib/python3.10/dist-packages'), ('TZ', 'America/Sao_Paulo'), ('COLCON', '1'), ('CMAKE_PREFIX_PATH', '/home/ROS/ros2_ws/install/robot_description:/home/ROS/ros2_ws/install/puma560_description:/opt/ros/humble')]), 'shell': False}
[0.098188] (-) TimerEvent: {}
[0.156953] (robot_description) StdoutLine: {'line': b'-- Found ament_cmake: 1.3.9 (/opt/ros/humble/share/ament_cmake/cmake)\n'}
[0.157464] (puma560_description) StdoutLine: {'line': b'-- Found ament_cmake: 1.3.9 (/opt/ros/humble/share/ament_cmake/cmake)\n'}
[0.198345] (-) TimerEvent: {}
[0.298961] (-) TimerEvent: {}
[0.399496] (-) TimerEvent: {}
[0.453394] (puma560_description) StdoutLine: {'line': b'-- Found xacro: 2.0.8 (/opt/ros/humble/share/xacro/cmake)\n'}
[0.453828] (robot_description) StdoutLine: {'line': b'-- Found ament_lint_auto: 0.12.11 (/opt/ros/humble/share/ament_lint_auto/cmake)\n'}
[0.454150] (puma560_description) StdoutLine: {'line': b'-- Found ament_lint_auto: 0.12.11 (/opt/ros/humble/share/ament_lint_auto/cmake)\n'}
[0.499688] (-) TimerEvent: {}
[0.600303] (-) TimerEvent: {}
[0.600912] (robot_description) StdoutLine: {'line': b"-- Added test 'flake8' to check Python code syntax and style conventions\n"}
[0.601457] (puma560_description) StdoutLine: {'line': b"-- Added test 'flake8' to check Python code syntax and style conventions\n"}
[0.601871] (robot_description) StdoutLine: {'line': b"-- Added test 'lint_cmake' to check CMake code style\n"}
[0.602118] (puma560_description) StdoutLine: {'line': b"-- Added test 'lint_cmake' to check CMake code style\n"}
[0.602717] (robot_description) StdoutLine: {'line': b"-- Added test 'pep257' to check Python code against some of the docstring style conventions in PEP 257\n"}
[0.602997] (puma560_description) StdoutLine: {'line': b"-- Added test 'pep257' to check Python code against some of the docstring style conventions in PEP 257\n"}
[0.605250] (robot_description) StdoutLine: {'line': b"-- Added test 'xmllint' to check XML markup files\n"}
[0.605879] (puma560_description) StdoutLine: {'line': b"-- Added test 'xmllint' to check XML markup files\n"}
[0.607741] (robot_description) StdoutLine: {'line': b'-- Configuring done\n'}
[0.608018] (puma560_description) StdoutLine: {'line': b'-- Configuring done\n'}
[0.617241] (puma560_description) StdoutLine: {'line': b'-- Generating done\n'}
[0.617616] (robot_description) StdoutLine: {'line': b'-- Generating done\n'}
[0.619486] (robot_description) StdoutLine: {'line': b'-- Build files have been written to: /home/ROS/ros2_ws/build/robot_description\n'}
[0.619838] (puma560_description) StdoutLine: {'line': b'-- Build files have been written to: /home/ROS/ros2_ws/build/puma560_description\n'}
[0.672201] (robot_description) CommandEnded: {'returncode': 0}
[0.674933] (puma560_description) CommandEnded: {'returncode': 0}
[0.700420] (-) TimerEvent: {}
[0.718546] (robot_description) JobProgress: {'identifier': 'robot_description', 'progress': 'install'}
[0.740394] (robot_description) Command: {'cmd': ['/usr/bin/cmake', '--install', '/home/ROS/ros2_ws/build/robot_description'], 'cwd': '/home/ROS/ros2_ws/build/robot_description', 'env': OrderedDict([('HOSTNAME', 'thallys-pc'), ('SHLVL', '1'), ('LIBGL_ALWAYS_SOFTWARE', '1'), ('LD_LIBRARY_PATH', '/opt/ros/humble/opt/rviz_ogre_vendor/lib:/opt/ros/humble/lib/x86_64-linux-gnu:/opt/ros/humble/lib'), ('HOME', '/home/ros2_ws'), ('ROS_PYTHON_VERSION', '3'), ('COLCON_PREFIX_PATH', '/home/ROS/ros2_ws/install'), ('ROS_DISTRO', 'humble'), ('_', '/usr/bin/colcon'), ('ROS_VERSION', '2'), ('TERM', 'xterm'), ('ROS_LOCALHOST_ONLY', '0'), ('QT_X11_NO_MITSHM', '1'), ('PATH', '/opt/ros/humble/bin:/usr/local/sbin:/usr/local/bin:/usr/sbin:/usr/bin:/sbin:/bin'), ('XDG_RUNTIME_DIR', '/tmp/runtime-ros_ws'), ('DISPLAY', ':0'), ('LANG', 'C.UTF-8'), ('AMENT_PREFIX_PATH', '/home/ROS/ros2_ws/install/robot_description:/home/ROS/ros2_ws/install/puma560_description:/opt/ros/humble'), ('PWD', '/home/ROS/ros2_ws/build/robot_description'), ('LC_ALL', 'C.UTF-8'), ('PYTHONPATH', '/opt/ros/humble/lib/python3.10/site-packages:/opt/ros/humble/local/lib/python3.10/dist-packages'), ('TZ', 'America/Sao_Paulo'), ('COLCON', '1'), ('CMAKE_PREFIX_PATH', '/home/ROS/ros2_ws/install/robot_description:/home/ROS/ros2_ws/install/puma560_description:/opt/ros/humble')]), 'shell': False}
[0.743278] (puma560_description) JobProgress: {'identifier': 'puma560_description', 'progress': 'install'}
[0.744112] (puma560_description) Command: {'cmd': ['/usr/bin/cmake', '--install', '/home/ROS/ros2_ws/build/puma560_description'], 'cwd': '/home/ROS/ros2_ws/build/puma560_description', 'env': OrderedDict([('HOSTNAME', 'thallys-pc'), ('SHLVL', '1'), ('LIBGL_ALWAYS_SOFTWARE', '1'), ('LD_LIBRARY_PATH', '/opt/ros/humble/opt/rviz_ogre_vendor/lib:/opt/ros/humble/lib/x86_64-linux-gnu:/opt/ros/humble/lib'), ('HOME', '/home/ros2_ws'), ('ROS_PYTHON_VERSION', '3'), ('COLCON_PREFIX_PATH', '/home/ROS/ros2_ws/install'), ('ROS_DISTRO', 'humble'), ('_', '/usr/bin/colcon'), ('ROS_VERSION', '2'), ('TERM', 'xterm'), ('ROS_LOCALHOST_ONLY', '0'), ('QT_X11_NO_MITSHM', '1'), ('PATH', '/opt/ros/humble/bin:/usr/local/sbin:/usr/local/bin:/usr/sbin:/usr/bin:/sbin:/bin'), ('XDG_RUNTIME_DIR', '/tmp/runtime-ros_ws'), ('DISPLAY', ':0'), ('LANG', 'C.UTF-8'), ('AMENT_PREFIX_PATH', '/home/ROS/ros2_ws/install/robot_description:/home/ROS/ros2_ws/install/puma560_description:/opt/ros/humble'), ('PWD', '/home/ROS/ros2_ws/build/puma560_description'), ('LC_ALL', 'C.UTF-8'), ('PYTHONPATH', '/opt/ros/humble/lib/python3.10/site-packages:/opt/ros/humble/local/lib/python3.10/dist-packages'), ('TZ', 'America/Sao_Paulo'), ('COLCON', '1'), ('CMAKE_PREFIX_PATH', '/home/ROS/ros2_ws/install/robot_description:/home/ROS/ros2_ws/install/puma560_description:/opt/ros/humble')]), 'shell': False}
[0.758502] (robot_description) StdoutLine: {'line': b'-- Install configuration: ""\n'}
[0.759032] (robot_description) StdoutLine: {'line': b'-- Up-to-date: /home/ROS/ros2_ws/install/robot_description/share/robot_description/launch\n'}
[0.759284] (robot_description) StdoutLine: {'line': b'-- Up-to-date: /home/ROS/ros2_ws/install/robot_description/share/robot_description/launch/test.py\n'}
[0.759473] (robot_description) StdoutLine: {'line': b'-- Up-to-date: /home/ROS/ros2_ws/install/robot_description/share/robot_description/launch/display.launch.yaml\n'}
[0.759641] (robot_description) StdoutLine: {'line': b'-- Up-to-date: /home/ROS/ros2_ws/install/robot_description/share/robot_description/launch/display.launch.py\n'}
[0.759844] (robot_description) StdoutLine: {'line': b'-- Up-to-date: /home/ROS/ros2_ws/install/robot_description/share/robot_description/urdf\n'}
[0.760015] (robot_description) StdoutLine: {'line': b'-- Up-to-date: /home/ROS/ros2_ws/install/robot_description/share/robot_description/urdf/robot_example.urdf\n'}
[0.760222] (robot_description) StdoutLine: {'line': b'-- Up-to-date: /home/ROS/ros2_ws/install/robot_description/share/robot_description/config\n'}
[0.760395] (robot_description) StdoutLine: {'line': b'-- Up-to-date: /home/ROS/ros2_ws/install/robot_description/share/robot_description/config/config.rviz\n'}
[0.760599] (robot_description) StdoutLine: {'line': b'-- Up-to-date: /home/ROS/ros2_ws/install/robot_description/share/ament_index/resource_index/package_run_dependencies/robot_description\n'}
[0.760767] (robot_description) StdoutLine: {'line': b'-- Up-to-date: /home/ROS/ros2_ws/install/robot_description/share/ament_index/resource_index/parent_prefix_path/robot_description\n'}
[0.761040] (robot_description) StdoutLine: {'line': b'-- Installing: /home/ROS/ros2_ws/install/robot_description/share/robot_description/environment/ament_prefix_path.sh\n'}
[0.761241] (robot_description) StdoutLine: {'line': b'-- Installing: /home/ROS/ros2_ws/install/robot_description/share/robot_description/environment/ament_prefix_path.dsv\n'}
[0.761405] (robot_description) StdoutLine: {'line': b'-- Installing: /home/ROS/ros2_ws/install/robot_description/share/robot_description/environment/path.sh\n'}
[0.761731] (robot_description) StdoutLine: {'line': b'-- Installing: /home/ROS/ros2_ws/install/robot_description/share/robot_description/environment/path.dsv\n'}
[0.762055] (robot_description) StdoutLine: {'line': b'-- Up-to-date: /home/ROS/ros2_ws/install/robot_description/share/robot_description/local_setup.bash\n'}
[0.762316] (robot_description) StdoutLine: {'line': b'-- Up-to-date: /home/ROS/ros2_ws/install/robot_description/share/robot_description/local_setup.sh\n'}
[0.762590] (robot_description) StdoutLine: {'line': b'-- Up-to-date: /home/ROS/ros2_ws/install/robot_description/share/robot_description/local_setup.zsh\n'}
[0.762756] (robot_description) StdoutLine: {'line': b'-- Installing: /home/ROS/ros2_ws/install/robot_description/share/robot_description/local_setup.dsv\n'}
[0.762926] (robot_description) StdoutLine: {'line': b'-- Installing: /home/ROS/ros2_ws/install/robot_description/share/robot_description/package.dsv\n'}
[0.763077] (puma560_description) StdoutLine: {'line': b'-- Install configuration: ""\n'}
[0.763260] (puma560_description) StdoutLine: {'line': b'-- Up-to-date: /home/ROS/ros2_ws/install/puma560_description/share/puma560_description/launch\n'}
[0.763401] (robot_description) StdoutLine: {'line': b'-- Up-to-date: /home/ROS/ros2_ws/install/robot_description/share/ament_index/resource_index/packages/robot_description\n'}
[0.763541] (puma560_description) StdoutLine: {'line': b'-- Up-to-date: /home/ROS/ros2_ws/install/puma560_description/share/puma560_description/launch/display.launch.py\n'}
[0.763682] (robot_description) StdoutLine: {'line': b'-- Up-to-date: /home/ROS/ros2_ws/install/robot_description/share/robot_description/cmake/robot_descriptionConfig.cmake\n'}
[0.763820] (puma560_description) StdoutLine: {'line': b'-- Up-to-date: /home/ROS/ros2_ws/install/puma560_description/share/puma560_description/urdf\n'}
[0.763959] (robot_description) StdoutLine: {'line': b'-- Up-to-date: /home/ROS/ros2_ws/install/robot_description/share/robot_description/cmake/robot_descriptionConfig-version.cmake\n'}
[0.764101] (puma560_description) StdoutLine: {'line': b'-- Up-to-date: /home/ROS/ros2_ws/install/puma560_description/share/puma560_description/urdf/material.xacro\n'}
[0.764241] (robot_description) StdoutLine: {'line': b'-- Up-to-date: /home/ROS/ros2_ws/install/robot_description/share/robot_description/package.xml\n'}
[0.764381] (puma560_description) StdoutLine: {'line': b'-- Up-to-date: /home/ROS/ros2_ws/install/puma560_description/share/puma560_description/urdf/puma560_description.xacro\n'}
[0.764519] (puma560_description) StdoutLine: {'line': b'-- Up-to-date: /home/ROS/ros2_ws/install/puma560_description/share/puma560_description/urdf/description.txt\n'}
[0.764664] (puma560_description) StderrLine: {'line': b'\x1b[31mCMake Error at cmake_install.cmake:46 (file):\n'}
[0.764851] (puma560_description) StderrLine: {'line': b'  file INSTALL cannot find\n'}
[0.764999] (puma560_description) StderrLine: {'line': b'  "/home/ROS/ros2_ws/src/puma560_description/config": No such file or\n'}
[0.765138] (puma560_description) StderrLine: {'line': b'  directory.\n'}
[0.765281] (puma560_description) StderrLine: {'line': b'\n'}
[0.765596] (puma560_description) StderrLine: {'line': b'\x1b[0m\n'}
[0.766919] (robot_description) CommandEnded: {'returncode': 0}
[0.796580] (puma560_description) CommandEnded: {'returncode': 1}
[0.800527] (-) TimerEvent: {}
[0.849965] (puma560_description) JobEnded: {'identifier': 'puma560_description', 'rc': 1}
[0.851625] (robot_description) JobEnded: {'identifier': 'robot_description', 'rc': 'SIGINT'}
[0.862321] (-) EventReactorShutdown: {}
