[0.000000] (-) TimerEvent: {}
[0.000234] (puma560_description) JobQueued: {'identifier': 'puma560_description', 'dependencies': OrderedDict()}
[0.000462] (puma560_description) JobStarted: {'identifier': 'puma560_description'}
[0.005711] (puma560_description) JobProgress: {'identifier': 'puma560_description', 'progress': 'cmake'}
[0.006012] (puma560_description) JobProgress: {'identifier': 'puma560_description', 'progress': 'build'}
[0.006421] (puma560_description) Command: {'cmd': ['/usr/bin/cmake', '--build', '/home/ROS/ros_ws/build/puma560_description', '--', '-j20', '-l20'], 'cwd': '/home/ROS/ros_ws/build/puma560_description', 'env': OrderedDict([('HOSTNAME', 'thallys'), ('SHLVL', '1'), ('LIBGL_ALWAYS_SOFTWARE', '1'), ('LD_LIBRARY_PATH', '/opt/ros/humble/opt/rviz_ogre_vendor/lib:/opt/ros/humble/lib/x86_64-linux-gnu:/opt/ros/humble/lib'), ('HOME', '/home/ros_ws'), ('OLDPWD', '/home/ROS/ros_ws/src'), ('ROS_PYTHON_VERSION', '3'), ('COLCON_PREFIX_PATH', '/home/ROS/ros_ws/install'), ('ROS_DISTRO', 'humble'), ('_', '/usr/bin/colcon'), ('ROS_VERSION', '2'), ('TERM', 'xterm'), ('ROS_LOCALHOST_ONLY', '0'), ('QT_X11_NO_MITSHM', '1'), ('PATH', '/opt/ros/humble/bin:/usr/local/sbin:/usr/local/bin:/usr/sbin:/usr/bin:/sbin:/bin'), ('XDG_RUNTIME_DIR', '/tmp/runtime-ros_ws'), ('DISPLAY', ':1'), ('LANG', 'C.UTF-8'), ('AMENT_PREFIX_PATH', '/home/ROS/ros_ws/install/puma560_description:/opt/ros/humble'), ('PWD', '/home/ROS/ros_ws/build/puma560_description'), ('LC_ALL', 'C.UTF-8'), ('PYTHONPATH', '/opt/ros/humble/lib/python3.10/site-packages:/opt/ros/humble/local/lib/python3.10/dist-packages'), ('NVIDIA_VISIBLE_DEVICES', 'all'), ('TZ', 'America/Sao_Paulo'), ('COLCON', '1'), ('CMAKE_PREFIX_PATH', '/home/ROS/ros_ws/install/puma560_description:/opt/ros/humble')]), 'shell': False}
[0.038629] (puma560_description) CommandEnded: {'returncode': 0}
[0.061503] (puma560_description) JobProgress: {'identifier': 'puma560_description', 'progress': 'install'}
[0.070554] (puma560_description) Command: {'cmd': ['/usr/bin/cmake', '--install', '/home/ROS/ros_ws/build/puma560_description'], 'cwd': '/home/ROS/ros_ws/build/puma560_description', 'env': OrderedDict([('HOSTNAME', 'thallys'), ('SHLVL', '1'), ('LIBGL_ALWAYS_SOFTWARE', '1'), ('LD_LIBRARY_PATH', '/opt/ros/humble/opt/rviz_ogre_vendor/lib:/opt/ros/humble/lib/x86_64-linux-gnu:/opt/ros/humble/lib'), ('HOME', '/home/ros_ws'), ('OLDPWD', '/home/ROS/ros_ws/src'), ('ROS_PYTHON_VERSION', '3'), ('COLCON_PREFIX_PATH', '/home/ROS/ros_ws/install'), ('ROS_DISTRO', 'humble'), ('_', '/usr/bin/colcon'), ('ROS_VERSION', '2'), ('TERM', 'xterm'), ('ROS_LOCALHOST_ONLY', '0'), ('QT_X11_NO_MITSHM', '1'), ('PATH', '/opt/ros/humble/bin:/usr/local/sbin:/usr/local/bin:/usr/sbin:/usr/bin:/sbin:/bin'), ('XDG_RUNTIME_DIR', '/tmp/runtime-ros_ws'), ('DISPLAY', ':1'), ('LANG', 'C.UTF-8'), ('AMENT_PREFIX_PATH', '/home/ROS/ros_ws/install/puma560_description:/opt/ros/humble'), ('PWD', '/home/ROS/ros_ws/build/puma560_description'), ('LC_ALL', 'C.UTF-8'), ('PYTHONPATH', '/opt/ros/humble/lib/python3.10/site-packages:/opt/ros/humble/local/lib/python3.10/dist-packages'), ('NVIDIA_VISIBLE_DEVICES', 'all'), ('TZ', 'America/Sao_Paulo'), ('COLCON', '1'), ('CMAKE_PREFIX_PATH', '/home/ROS/ros_ws/install/puma560_description:/opt/ros/humble')]), 'shell': False}
[0.078100] (puma560_description) StdoutLine: {'line': b'-- Install configuration: ""\n'}
[0.078334] (puma560_description) StdoutLine: {'line': b'-- Up-to-date: /home/ROS/ros_ws/install/puma560_description/share/puma560_description/urdf\n'}
[0.078469] (puma560_description) StdoutLine: {'line': b'-- Up-to-date: /home/ROS/ros_ws/install/puma560_description/share/puma560_description/urdf/puma560_description.urdf\n'}
[0.078648] (puma560_description) StdoutLine: {'line': b'-- Up-to-date: /home/ROS/ros_ws/install/puma560_description/share/puma560_description/meshes\n'}
[0.078827] (puma560_description) StdoutLine: {'line': b'-- Up-to-date: /home/ROS/ros_ws/install/puma560_description/share/puma560_description/meshes/link_4.STL\n'}
[0.078949] (puma560_description) StdoutLine: {'line': b'-- Up-to-date: /home/ROS/ros_ws/install/puma560_description/share/puma560_description/meshes/link_2.STL\n'}
[0.079095] (puma560_description) StdoutLine: {'line': b'-- Up-to-date: /home/ROS/ros_ws/install/puma560_description/share/puma560_description/meshes/link_3.STL\n'}
[0.079196] (puma560_description) StdoutLine: {'line': b'-- Up-to-date: /home/ROS/ros_ws/install/puma560_description/share/puma560_description/meshes/link_1.STL\n'}
[0.079292] (puma560_description) StdoutLine: {'line': b'-- Up-to-date: /home/ROS/ros_ws/install/puma560_description/share/puma560_description/meshes/base_link.STL\n'}
[0.079389] (puma560_description) StdoutLine: {'line': b'-- Up-to-date: /home/ROS/ros_ws/install/puma560_description/share/puma560_description/meshes/link_5.STL\n'}
[0.079485] (puma560_description) StdoutLine: {'line': b'-- Up-to-date: /home/ROS/ros_ws/install/puma560_description/share/puma560_description/launch\n'}
[0.079581] (puma560_description) StdoutLine: {'line': b'-- Installing: /home/ROS/ros_ws/install/puma560_description/share/puma560_description/launch/display_launch.yaml\n'}
[0.079676] (puma560_description) StdoutLine: {'line': b'-- Up-to-date: /home/ROS/ros_ws/install/puma560_description/share/ament_index/resource_index/package_run_dependencies/puma560_description\n'}
[0.079772] (puma560_description) StdoutLine: {'line': b'-- Up-to-date: /home/ROS/ros_ws/install/puma560_description/share/ament_index/resource_index/parent_prefix_path/puma560_description\n'}
[0.079867] (puma560_description) StdoutLine: {'line': b'-- Up-to-date: /home/ROS/ros_ws/install/puma560_description/share/puma560_description/environment/ament_prefix_path.sh\n'}
[0.080109] (puma560_description) StdoutLine: {'line': b'-- Up-to-date: /home/ROS/ros_ws/install/puma560_description/share/puma560_description/environment/ament_prefix_path.dsv\n'}
[0.080248] (puma560_description) StdoutLine: {'line': b'-- Up-to-date: /home/ROS/ros_ws/install/puma560_description/share/puma560_description/environment/path.sh\n'}
[0.080692] (puma560_description) StdoutLine: {'line': b'-- Up-to-date: /home/ROS/ros_ws/install/puma560_description/share/puma560_description/environment/path.dsv\n'}
[0.081123] (puma560_description) StdoutLine: {'line': b'-- Up-to-date: /home/ROS/ros_ws/install/puma560_description/share/puma560_description/local_setup.bash\n'}
[0.081245] (puma560_description) StdoutLine: {'line': b'-- Up-to-date: /home/ROS/ros_ws/install/puma560_description/share/puma560_description/local_setup.sh\n'}
[0.081386] (puma560_description) StdoutLine: {'line': b'-- Up-to-date: /home/ROS/ros_ws/install/puma560_description/share/puma560_description/local_setup.zsh\n'}
[0.081449] (puma560_description) StdoutLine: {'line': b'-- Up-to-date: /home/ROS/ros_ws/install/puma560_description/share/puma560_description/local_setup.dsv\n'}
[0.081502] (puma560_description) StdoutLine: {'line': b'-- Installing: /home/ROS/ros_ws/install/puma560_description/share/puma560_description/package.dsv\n'}
[0.081621] (puma560_description) StdoutLine: {'line': b'-- Up-to-date: /home/ROS/ros_ws/install/puma560_description/share/ament_index/resource_index/packages/puma560_description\n'}
[0.081675] (puma560_description) StdoutLine: {'line': b'-- Up-to-date: /home/ROS/ros_ws/install/puma560_description/share/puma560_description/cmake/puma560_descriptionConfig.cmake\n'}
[0.081731] (puma560_description) StdoutLine: {'line': b'-- Up-to-date: /home/ROS/ros_ws/install/puma560_description/share/puma560_description/cmake/puma560_descriptionConfig-version.cmake\n'}
[0.081793] (puma560_description) StdoutLine: {'line': b'-- Up-to-date: /home/ROS/ros_ws/install/puma560_description/share/puma560_description/package.xml\n'}
[0.081879] (puma560_description) CommandEnded: {'returncode': 0}
[0.099861] (-) TimerEvent: {}
[0.122251] (puma560_description) JobEnded: {'identifier': 'puma560_description', 'rc': 0}
[0.122984] (-) EventReactorShutdown: {}
