-- Found ament_cmake: 1.3.9 (/opt/ros/humble/share/ament_cmake/cmake)
-- Found xacro: 2.0.8 (/opt/ros/humble/share/xacro/cmake)
-- Found ament_lint_auto: 0.12.11 (/opt/ros/humble/share/ament_lint_auto/cmake)
-- Added test 'flake8' to check Python code syntax and style conventions
-- Added test 'lint_cmake' to check CMake code style
-- Added test 'pep257' to check Python code against some of the docstring style conventions in PEP 257
-- Added test 'xmllint' to check XML markup files
-- Configuring done
-- Generating done
-- Build files have been written to: /home/ROS/ros2_ws/build/puma560_description
-- Install configuration: ""
-- Up-to-date: /home/ROS/ros2_ws/install/puma560_description/share/puma560_description/launch
-- Up-to-date: /home/ROS/ros2_ws/install/puma560_description/share/puma560_description/launch/display.launch.py
-- Up-to-date: /home/ROS/ros2_ws/install/puma560_description/share/puma560_description/urdf
-- Up-to-date: /home/ROS/ros2_ws/install/puma560_description/share/puma560_description/urdf/material.xacro
-- Up-to-date: /home/ROS/ros2_ws/install/puma560_description/share/puma560_description/urdf/puma560_description.xacro
-- Up-to-date: /home/ROS/ros2_ws/install/puma560_description/share/puma560_description/urdf/description.txt
[31mCMake Error at cmake_install.cmake:46 (file):
  file INSTALL cannot find
  "/home/ROS/ros2_ws/src/puma560_description/config": No such file or
  directory.

[0m
