[0.043s] Invoking command in '/home/ROS/ros2_ws/build/puma560_description': CMAKE_PREFIX_PATH=${CMAKE_PREFIX_PATH}:/opt/ros/humble /usr/bin/cmake --build /home/ROS/ros2_ws/build/puma560_description -- -j8 -l8
[0.157s] -- Found ament_cmake: 1.3.9 (/opt/ros/humble/share/ament_cmake/cmake)
[0.453s] -- Found xacro: 2.0.8 (/opt/ros/humble/share/xacro/cmake)
[0.454s] -- Found ament_lint_auto: 0.12.11 (/opt/ros/humble/share/ament_lint_auto/cmake)
[0.601s] -- Added test 'flake8' to check Python code syntax and style conventions
[0.601s] -- Added test 'lint_cmake' to check CMake code style
[0.602s] -- Added test 'pep257' to check Python code against some of the docstring style conventions in PEP 257
[0.605s] -- Added test 'xmllint' to check XML markup files
[0.607s] -- Configuring done
[0.617s] -- Generating done
[0.619s] -- Build files have been written to: /home/ROS/ros2_ws/build/puma560_description
[0.674s] Invoked command in '/home/ROS/ros2_ws/build/puma560_description' returned '0': CMAKE_PREFIX_PATH=${CMAKE_PREFIX_PATH}:/opt/ros/humble /usr/bin/cmake --build /home/ROS/ros2_ws/build/puma560_description -- -j8 -l8
[0.745s] Invoking command in '/home/ROS/ros2_ws/build/puma560_description': CMAKE_PREFIX_PATH=${CMAKE_PREFIX_PATH}:/opt/ros/humble /usr/bin/cmake --install /home/ROS/ros2_ws/build/puma560_description
[0.762s] -- Install configuration: ""
[0.763s] -- Up-to-date: /home/ROS/ros2_ws/install/puma560_description/share/puma560_description/launch
[0.763s] -- Up-to-date: /home/ROS/ros2_ws/install/puma560_description/share/puma560_description/launch/display.launch.py
[0.763s] -- Up-to-date: /home/ROS/ros2_ws/install/puma560_description/share/puma560_description/urdf
[0.763s] -- Up-to-date: /home/ROS/ros2_ws/install/puma560_description/share/puma560_description/urdf/material.xacro
[0.764s] -- Up-to-date: /home/ROS/ros2_ws/install/puma560_description/share/puma560_description/urdf/puma560_description.xacro
[0.764s] -- Up-to-date: /home/ROS/ros2_ws/install/puma560_description/share/puma560_description/urdf/description.txt
[0.764s] [31mCMake Error at cmake_install.cmake:46 (file):
[0.764s]   file INSTALL cannot find
[0.764s]   "/home/ROS/ros2_ws/src/puma560_description/config": No such file or
[0.764s]   directory.
[0.765s] 
[0.765s] [0m
[0.796s] Invoked command in '/home/ROS/ros2_ws/build/puma560_description' returned '1': CMAKE_PREFIX_PATH=${CMAKE_PREFIX_PATH}:/opt/ros/humble /usr/bin/cmake --install /home/ROS/ros2_ws/build/puma560_description
