[0.007s] Invoking command in '/home/ROS/ros2_ws/build/puma560_description': CMAKE_PREFIX_PATH=${CMAKE_PREFIX_PATH}:/opt/ros/humble /usr/bin/cmake --build /home/ROS/ros2_ws/build/puma560_description -- -j20 -l20
[0.021s] -- Found ament_cmake: 1.3.9 (/opt/ros/humble/share/ament_cmake/cmake)
[0.090s] -- Found xacro: 2.0.8 (/opt/ros/humble/share/xacro/cmake)
[0.090s] -- Found ament_lint_auto: 0.12.11 (/opt/ros/humble/share/ament_lint_auto/cmake)
[0.124s] -- Added test 'flake8' to check Python code syntax and style conventions
[0.124s] -- Added test 'lint_cmake' to check CMake code style
[0.124s] -- Added test 'pep257' to check Python code against some of the docstring style conventions in PEP 257
[0.125s] -- Added test 'xmllint' to check XML markup files
[0.125s] -- Configuring done
[0.127s] -- Generating done
[0.127s] -- Build files have been written to: /home/ROS/ros2_ws/build/puma560_description
[0.138s] Invoked command in '/home/ROS/ros2_ws/build/puma560_description' returned '0': CMAKE_PREFIX_PATH=${CMAKE_PREFIX_PATH}:/opt/ros/humble /usr/bin/cmake --build /home/ROS/ros2_ws/build/puma560_description -- -j20 -l20
[0.156s] Invoking command in '/home/ROS/ros2_ws/build/puma560_description': CMAKE_PREFIX_PATH=${CMAKE_PREFIX_PATH}:/opt/ros/humble /usr/bin/cmake --install /home/ROS/ros2_ws/build/puma560_description
[0.165s] -- Install configuration: ""
[0.165s] -- Up-to-date: /home/ROS/ros2_ws/install/puma560_description/share/puma560_description/launch
[0.165s] -- Installing: /home/ROS/ros2_ws/install/puma560_description/share/puma560_description/launch/display.launch.py
[0.165s] -- Up-to-date: /home/ROS/ros2_ws/install/puma560_description/share/puma560_description/urdf
[0.165s] -- Up-to-date: /home/ROS/ros2_ws/install/puma560_description/share/puma560_description/urdf/description.txt
[0.165s] -- Installing: /home/ROS/ros2_ws/install/puma560_description/share/puma560_description/urdf/puma560_description.xacro
[0.165s] -- Up-to-date: /home/ROS/ros2_ws/install/puma560_description/share/puma560_description/urdf/material.xacro
[0.165s] -- Up-to-date: /home/ROS/ros2_ws/install/puma560_description/share/puma560_description/config
[0.165s] -- Up-to-date: /home/ROS/ros2_ws/install/puma560_description/share/puma560_description/meshes
[0.165s] -- Up-to-date: /home/ROS/ros2_ws/install/puma560_description/share/puma560_description/meshes/link_4.STL
[0.166s] -- Up-to-date: /home/ROS/ros2_ws/install/puma560_description/share/puma560_description/meshes/link_2.STL
[0.166s] -- Up-to-date: /home/ROS/ros2_ws/install/puma560_description/share/puma560_description/meshes/link_3.STL
[0.166s] -- Up-to-date: /home/ROS/ros2_ws/install/puma560_description/share/puma560_description/meshes/link_1.STL
[0.166s] -- Up-to-date: /home/ROS/ros2_ws/install/puma560_description/share/puma560_description/meshes/base_link.STL
[0.166s] -- Up-to-date: /home/ROS/ros2_ws/install/puma560_description/share/puma560_description/meshes/link_5.STL
[0.166s] -- Installing: /home/ROS/ros2_ws/install/puma560_description/share/puma560_description/rviz2
[0.166s] -- Installing: /home/ROS/ros2_ws/install/puma560_description/share/puma560_description/rviz2/puma560_config.rviz
[0.166s] -- Up-to-date: /home/ROS/ros2_ws/install/puma560_description/share/ament_index/resource_index/package_run_dependencies/puma560_description
[0.166s] -- Up-to-date: /home/ROS/ros2_ws/install/puma560_description/share/ament_index/resource_index/parent_prefix_path/puma560_description
[0.166s] -- Up-to-date: /home/ROS/ros2_ws/install/puma560_description/share/puma560_description/environment/ament_prefix_path.sh
[0.166s] -- Installing: /home/ROS/ros2_ws/install/puma560_description/share/puma560_description/environment/ament_prefix_path.dsv
[0.166s] -- Up-to-date: /home/ROS/ros2_ws/install/puma560_description/share/puma560_description/environment/path.sh
[0.166s] -- Installing: /home/ROS/ros2_ws/install/puma560_description/share/puma560_description/environment/path.dsv
[0.166s] -- Up-to-date: /home/ROS/ros2_ws/install/puma560_description/share/puma560_description/local_setup.bash
[0.167s] -- Up-to-date: /home/ROS/ros2_ws/install/puma560_description/share/puma560_description/local_setup.sh
[0.167s] -- Up-to-date: /home/ROS/ros2_ws/install/puma560_description/share/puma560_description/local_setup.zsh
[0.167s] -- Installing: /home/ROS/ros2_ws/install/puma560_description/share/puma560_description/local_setup.dsv
[0.167s] -- Installing: /home/ROS/ros2_ws/install/puma560_description/share/puma560_description/package.dsv
[0.167s] -- Up-to-date: /home/ROS/ros2_ws/install/puma560_description/share/ament_index/resource_index/packages/puma560_description
[0.167s] -- Up-to-date: /home/ROS/ros2_ws/install/puma560_description/share/puma560_description/cmake/puma560_descriptionConfig.cmake
[0.167s] -- Up-to-date: /home/ROS/ros2_ws/install/puma560_description/share/puma560_description/cmake/puma560_descriptionConfig-version.cmake
[0.167s] -- Up-to-date: /home/ROS/ros2_ws/install/puma560_description/share/puma560_description/package.xml
[0.169s] Invoked command in '/home/ROS/ros2_ws/build/puma560_description' returned '0': CMAKE_PREFIX_PATH=${CMAKE_PREFIX_PATH}:/opt/ros/humble /usr/bin/cmake --install /home/ROS/ros2_ws/build/puma560_description
