[0.012s] Invoking command in '/home/ros2_ws/build/dahora_cpp': CMAKE_PREFIX_PATH=${CMAKE_PREFIX_PATH}:/opt/ros/humble /usr/bin/cmake --build /home/ros2_ws/build/dahora_cpp -- -j20 -l20
[0.032s] -- Found ament_cmake: 1.3.10 (/opt/ros/humble/share/ament_cmake/cmake)
[0.112s] -- Found rclcpp: 16.0.10 (/opt/ros/humble/share/rclcpp/cmake)
[0.126s] -- Found rosidl_generator_c: 3.1.5 (/opt/ros/humble/share/rosidl_generator_c/cmake)
[0.127s] -- Found rosidl_adapter: 3.1.5 (/opt/ros/humble/share/rosidl_adapter/cmake)
[0.130s] -- Found rosidl_generator_cpp: 3.1.5 (/opt/ros/humble/share/rosidl_generator_cpp/cmake)
[0.135s] -- Using all available rosidl_typesupport_c: rosidl_typesupport_fastrtps_c;rosidl_typesupport_introspection_c
[0.141s] -- Using all available rosidl_typesupport_cpp: rosidl_typesupport_fastrtps_cpp;rosidl_typesupport_introspection_cpp
[0.158s] -- Found rmw_implementation_cmake: 6.1.2 (/opt/ros/humble/share/rmw_implementation_cmake/cmake)
[0.158s] -- Found rmw_fastrtps_cpp: 6.2.7 (/opt/ros/humble/share/rmw_fastrtps_cpp/cmake)
[0.232s] -- Using RMW implementation 'rmw_fastrtps_cpp' as default
[0.261s] -- Found ament_lint_auto: 0.12.11 (/opt/ros/humble/share/ament_lint_auto/cmake)
[0.293s] -- Added test 'cppcheck' to perform static code analysis on C / C++ code
[0.293s] -- Configured cppcheck include dirs: 
[0.293s] -- Configured cppcheck exclude dirs and/or files: 
[0.293s] -- Added test 'lint_cmake' to check CMake code style
[0.293s] -- Added test 'uncrustify' to check C / C++ code style
[0.294s] -- Configured uncrustify additional arguments: 
[0.294s] -- Added test 'xmllint' to check XML markup files
[0.294s] -- Configuring done
[0.298s] -- Generating done
[0.298s] -- Build files have been written to: /home/ros2_ws/build/dahora_cpp
[0.330s] [ 50%] [32mBuilding CXX object CMakeFiles/publicador.dir/src/publicador.cpp.o[0m
[2.255s] [100%] [32m[1mLinking CXX executable publicador[0m
[2.340s] [100%] Built target publicador
[2.351s] Invoked command in '/home/ros2_ws/build/dahora_cpp' returned '0': CMAKE_PREFIX_PATH=${CMAKE_PREFIX_PATH}:/opt/ros/humble /usr/bin/cmake --build /home/ros2_ws/build/dahora_cpp -- -j20 -l20
[2.381s] Invoking command in '/home/ros2_ws/build/dahora_cpp': CMAKE_PREFIX_PATH=${CMAKE_PREFIX_PATH}:/opt/ros/humble /usr/bin/cmake --install /home/ros2_ws/build/dahora_cpp
[2.390s] -- Install configuration: ""
[2.390s] -- Installing: /home/ros2_ws/install/dahora_cpp/lib/dahora_cpp/publicador
[2.391s] -- Set runtime path of "/home/ros2_ws/install/dahora_cpp/lib/dahora_cpp/publicador" to ""
[2.391s] -- Up-to-date: /home/ros2_ws/install/dahora_cpp/share/ament_index/resource_index/package_run_dependencies/dahora_cpp
[2.391s] -- Installing: /home/ros2_ws/install/dahora_cpp/share/ament_index/resource_index/parent_prefix_path/dahora_cpp
[2.391s] -- Up-to-date: /home/ros2_ws/install/dahora_cpp/share/dahora_cpp/environment/ament_prefix_path.sh
[2.391s] -- Installing: /home/ros2_ws/install/dahora_cpp/share/dahora_cpp/environment/ament_prefix_path.dsv
[2.391s] -- Up-to-date: /home/ros2_ws/install/dahora_cpp/share/dahora_cpp/environment/path.sh
[2.391s] -- Installing: /home/ros2_ws/install/dahora_cpp/share/dahora_cpp/environment/path.dsv
[2.391s] -- Up-to-date: /home/ros2_ws/install/dahora_cpp/share/dahora_cpp/local_setup.bash
[2.391s] -- Up-to-date: /home/ros2_ws/install/dahora_cpp/share/dahora_cpp/local_setup.sh
[2.392s] -- Up-to-date: /home/ros2_ws/install/dahora_cpp/share/dahora_cpp/local_setup.zsh
[2.392s] -- Installing: /home/ros2_ws/install/dahora_cpp/share/dahora_cpp/local_setup.dsv
[2.392s] -- Installing: /home/ros2_ws/install/dahora_cpp/share/dahora_cpp/package.dsv
[2.392s] -- Up-to-date: /home/ros2_ws/install/dahora_cpp/share/ament_index/resource_index/packages/dahora_cpp
[2.392s] -- Up-to-date: /home/ros2_ws/install/dahora_cpp/share/dahora_cpp/cmake/dahora_cppConfig.cmake
[2.392s] -- Up-to-date: /home/ros2_ws/install/dahora_cpp/share/dahora_cpp/cmake/dahora_cppConfig-version.cmake
[2.392s] -- Installing: /home/ros2_ws/install/dahora_cpp/share/dahora_cpp/package.xml
[2.394s] Invoked command in '/home/ros2_ws/build/dahora_cpp' returned '0': CMAKE_PREFIX_PATH=${CMAKE_PREFIX_PATH}:/opt/ros/humble /usr/bin/cmake --install /home/ros2_ws/build/dahora_cpp
