[0.010s] Invoking command in '/home/ros2_ws/build/puma560_controller': CMAKE_PREFIX_PATH=${CMAKE_PREFIX_PATH}:/opt/ros/humble /usr/bin/cmake --build /home/ros2_ws/build/puma560_controller -- -j20 -l20
[0.035s] Invoked command in '/home/ros2_ws/build/puma560_controller' returned '0': CMAKE_PREFIX_PATH=${CMAKE_PREFIX_PATH}:/opt/ros/humble /usr/bin/cmake --build /home/ros2_ws/build/puma560_controller -- -j20 -l20
[0.059s] Invoking command in '/home/ros2_ws/build/puma560_controller': CMAKE_PREFIX_PATH=${CMAKE_PREFIX_PATH}:/opt/ros/humble /usr/bin/cmake --install /home/ros2_ws/build/puma560_controller
[0.069s] -- Install configuration: ""
[0.069s] -- Up-to-date: /home/ros2_ws/install/puma560_controller/share/puma560_controller/config
[0.069s] -- Up-to-date: /home/ros2_ws/install/puma560_controller/share/puma560_controller/config/puma560_controller.yaml
[0.069s] -- Up-to-date: /home/ros2_ws/install/puma560_controller/share/ament_index/resource_index/package_run_dependencies/puma560_controller
[0.069s] -- Up-to-date: /home/ros2_ws/install/puma560_controller/share/ament_index/resource_index/parent_prefix_path/puma560_controller
[0.070s] -- Up-to-date: /home/ros2_ws/install/puma560_controller/share/puma560_controller/environment/ament_prefix_path.sh
[0.070s] -- Up-to-date: /home/ros2_ws/install/puma560_controller/share/puma560_controller/environment/ament_prefix_path.dsv
[0.070s] -- Up-to-date: /home/ros2_ws/install/puma560_controller/share/puma560_controller/environment/path.sh
[0.070s] -- Up-to-date: /home/ros2_ws/install/puma560_controller/share/puma560_controller/environment/path.dsv
[0.070s] -- Up-to-date: /home/ros2_ws/install/puma560_controller/share/puma560_controller/local_setup.bash
[0.071s] -- Up-to-date: /home/ros2_ws/install/puma560_controller/share/puma560_controller/local_setup.sh
[0.071s] -- Up-to-date: /home/ros2_ws/install/puma560_controller/share/puma560_controller/local_setup.zsh
[0.071s] -- Up-to-date: /home/ros2_ws/install/puma560_controller/share/puma560_controller/local_setup.dsv
[0.071s] -- Installing: /home/ros2_ws/install/puma560_controller/share/puma560_controller/package.dsv
[0.071s] -- Up-to-date: /home/ros2_ws/install/puma560_controller/share/ament_index/resource_index/packages/puma560_controller
[0.071s] -- Up-to-date: /home/ros2_ws/install/puma560_controller/share/puma560_controller/cmake/puma560_controllerConfig.cmake
[0.071s] -- Up-to-date: /home/ros2_ws/install/puma560_controller/share/puma560_controller/cmake/puma560_controllerConfig-version.cmake
[0.071s] -- Up-to-date: /home/ros2_ws/install/puma560_controller/share/puma560_controller/package.xml
[0.072s] Invoked command in '/home/ros2_ws/build/puma560_controller' returned '0': CMAKE_PREFIX_PATH=${CMAKE_PREFIX_PATH}:/opt/ros/humble /usr/bin/cmake --install /home/ros2_ws/build/puma560_controller
