[0.006s] Invoking command in '/home/ROS/ros2_ws/build/robot_description': CMAKE_PREFIX_PATH=${CMAKE_PREFIX_PATH}:/opt/ros/humble /usr/bin/cmake /home/ROS/ros2_ws/src/robot_description -DCMAKE_INSTALL_PREFIX=/home/ROS/ros2_ws/install/robot_description
[0.097s] -- The C compiler identification is GNU 11.4.0
[0.163s] -- The CXX compiler identification is GNU 11.4.0
[0.169s] -- Detecting C compiler ABI info
[0.219s] -- Detecting C compiler ABI info - done
[0.222s] -- Check for working C compiler: /usr/bin/cc - skipped
[0.223s] -- Detecting C compile features
[0.224s] -- Detecting C compile features - done
[0.226s] -- Detecting CXX compiler ABI info
[0.267s] -- Detecting CXX compiler ABI info - done
[0.271s] -- Check for working CXX compiler: /usr/bin/c++ - skipped
[0.271s] -- Detecting CXX compile features
[0.271s] -- Detecting CXX compile features - done
[0.274s] -- Found ament_cmake: 1.3.9 (/opt/ros/humble/share/ament_cmake/cmake)
[0.355s] -- Found Python3: /usr/bin/python3 (found version "3.10.12") found components: Interpreter 
[0.408s] -- Found ament_lint_auto: 0.12.11 (/opt/ros/humble/share/ament_lint_auto/cmake)
[0.450s] -- Added test 'flake8' to check Python code syntax and style conventions
[0.450s] -- Added test 'lint_cmake' to check CMake code style
[0.450s] -- Added test 'pep257' to check Python code against some of the docstring style conventions in PEP 257
[0.451s] -- Added test 'xmllint' to check XML markup files
[0.452s] -- Configuring done
[0.453s] -- Generating done
[0.453s] -- Build files have been written to: /home/ROS/ros2_ws/build/robot_description
[0.457s] Invoked command in '/home/ROS/ros2_ws/build/robot_description' returned '0': CMAKE_PREFIX_PATH=${CMAKE_PREFIX_PATH}:/opt/ros/humble /usr/bin/cmake /home/ROS/ros2_ws/src/robot_description -DCMAKE_INSTALL_PREFIX=/home/ROS/ros2_ws/install/robot_description
[0.458s] Invoking command in '/home/ROS/ros2_ws/build/robot_description': CMAKE_PREFIX_PATH=${CMAKE_PREFIX_PATH}:/opt/ros/humble /usr/bin/cmake --build /home/ROS/ros2_ws/build/robot_description -- -j20 -l20
[0.476s] Invoked command in '/home/ROS/ros2_ws/build/robot_description' returned '0': CMAKE_PREFIX_PATH=${CMAKE_PREFIX_PATH}:/opt/ros/humble /usr/bin/cmake --build /home/ROS/ros2_ws/build/robot_description -- -j20 -l20
[0.494s] Invoking command in '/home/ROS/ros2_ws/build/robot_description': CMAKE_PREFIX_PATH=${CMAKE_PREFIX_PATH}:/opt/ros/humble /usr/bin/cmake --install /home/ROS/ros2_ws/build/robot_description
[0.500s] -- Install configuration: ""
[0.500s] -- Installing: /home/ROS/ros2_ws/install/robot_description/share/robot_description/launch
[0.500s] -- Installing: /home/ROS/ros2_ws/install/robot_description/share/robot_description/launch/display.launch.py
[0.501s] -- Installing: /home/ROS/ros2_ws/install/robot_description/share/robot_description/launch/test.py
[0.501s] -- Installing: /home/ROS/ros2_ws/install/robot_description/share/robot_description/launch/display.launch.yaml
[0.501s] -- Installing: /home/ROS/ros2_ws/install/robot_description/share/robot_description/urdf
[0.501s] -- Installing: /home/ROS/ros2_ws/install/robot_description/share/robot_description/urdf/robot_example.urdf
[0.501s] -- Installing: /home/ROS/ros2_ws/install/robot_description/share/robot_description/config
[0.501s] -- Installing: /home/ROS/ros2_ws/install/robot_description/share/robot_description/config/config.rviz
[0.501s] -- Installing: /home/ROS/ros2_ws/install/robot_description/share/ament_index/resource_index/package_run_dependencies/robot_description
[0.501s] -- Installing: /home/ROS/ros2_ws/install/robot_description/share/ament_index/resource_index/parent_prefix_path/robot_description
[0.501s] -- Installing: /home/ROS/ros2_ws/install/robot_description/share/robot_description/environment/ament_prefix_path.sh
[0.501s] -- Installing: /home/ROS/ros2_ws/install/robot_description/share/robot_description/environment/ament_prefix_path.dsv
[0.501s] -- Installing: /home/ROS/ros2_ws/install/robot_description/share/robot_description/environment/path.sh
[0.501s] -- Installing: /home/ROS/ros2_ws/install/robot_description/share/robot_description/environment/path.dsv
[0.501s] -- Installing: /home/ROS/ros2_ws/install/robot_description/share/robot_description/local_setup.bash
[0.501s] -- Installing: /home/ROS/ros2_ws/install/robot_description/share/robot_description/local_setup.sh
[0.501s] -- Installing: /home/ROS/ros2_ws/install/robot_description/share/robot_description/local_setup.zsh
[0.502s] -- Installing: /home/ROS/ros2_ws/install/robot_description/share/robot_description/local_setup.dsv
[0.502s] -- Installing: /home/ROS/ros2_ws/install/robot_description/share/robot_description/package.dsv
[0.502s] -- Installing: /home/ROS/ros2_ws/install/robot_description/share/ament_index/resource_index/packages/robot_description
[0.502s] -- Installing: /home/ROS/ros2_ws/install/robot_description/share/robot_description/cmake/robot_descriptionConfig.cmake
[0.502s] -- Installing: /home/ROS/ros2_ws/install/robot_description/share/robot_description/cmake/robot_descriptionConfig-version.cmake
[0.502s] -- Installing: /home/ROS/ros2_ws/install/robot_description/share/robot_description/package.xml
[0.503s] Invoked command in '/home/ROS/ros2_ws/build/robot_description' returned '0': CMAKE_PREFIX_PATH=${CMAKE_PREFIX_PATH}:/opt/ros/humble /usr/bin/cmake --install /home/ROS/ros2_ws/build/robot_description
