[0.021s] Invoking command in '/home/ros2_ws/ros2_ws/build/puma560_description': CMAKE_PREFIX_PATH=${CMAKE_PREFIX_PATH}:/opt/ros/humble /usr/bin/cmake --build /home/ros2_ws/ros2_ws/build/puma560_description -- -j20 -l20
[0.080s] Invoked command in '/home/ros2_ws/ros2_ws/build/puma560_description' returned '0': CMAKE_PREFIX_PATH=${CMAKE_PREFIX_PATH}:/opt/ros/humble /usr/bin/cmake --build /home/ros2_ws/ros2_ws/build/puma560_description -- -j20 -l20
[0.130s] Invoking command in '/home/ros2_ws/ros2_ws/build/puma560_description': CMAKE_PREFIX_PATH=${CMAKE_PREFIX_PATH}:/opt/ros/humble /usr/bin/cmake --install /home/ros2_ws/ros2_ws/build/puma560_description
[0.139s] -- Install configuration: ""
[0.140s] -- Up-to-date: /home/ros2_ws/ros2_ws/install/puma560_description/share/puma560_description/launch
[0.140s] -- Up-to-date: /home/ros2_ws/ros2_ws/install/puma560_description/share/puma560_description/launch/display.launch.py
[0.140s] -- Up-to-date: /home/ros2_ws/ros2_ws/install/puma560_description/share/puma560_description/urdf
[0.140s] -- Up-to-date: /home/ros2_ws/ros2_ws/install/puma560_description/share/puma560_description/urdf/description.txt
[0.141s] -- Up-to-date: /home/ros2_ws/ros2_ws/install/puma560_description/share/puma560_description/urdf/material.xacro
[0.141s] -- Up-to-date: /home/ros2_ws/ros2_ws/install/puma560_description/share/puma560_description/urdf/puma560_description.xacro
[0.141s] -- Up-to-date: /home/ros2_ws/ros2_ws/install/puma560_description/share/puma560_description/config
[0.141s] -- Up-to-date: /home/ros2_ws/ros2_ws/install/puma560_description/share/puma560_description/meshes
[0.141s] -- Up-to-date: /home/ros2_ws/ros2_ws/install/puma560_description/share/puma560_description/meshes/link_5.STL
[0.141s] -- Up-to-date: /home/ros2_ws/ros2_ws/install/puma560_description/share/puma560_description/meshes/link_1.STL
[0.141s] -- Up-to-date: /home/ros2_ws/ros2_ws/install/puma560_description/share/puma560_description/meshes/link_4.STL
[0.141s] -- Up-to-date: /home/ros2_ws/ros2_ws/install/puma560_description/share/puma560_description/meshes/base_link.STL
[0.141s] -- Up-to-date: /home/ros2_ws/ros2_ws/install/puma560_description/share/puma560_description/meshes/link_3.STL
[0.141s] -- Up-to-date: /home/ros2_ws/ros2_ws/install/puma560_description/share/puma560_description/meshes/link_2.STL
[0.141s] -- Up-to-date: /home/ros2_ws/ros2_ws/install/puma560_description/share/puma560_description/rviz2
[0.141s] -- Up-to-date: /home/ros2_ws/ros2_ws/install/puma560_description/share/puma560_description/rviz2/puma560_config.rviz
[0.142s] -- Up-to-date: /home/ros2_ws/ros2_ws/install/puma560_description/share/ament_index/resource_index/package_run_dependencies/puma560_description
[0.142s] -- Up-to-date: /home/ros2_ws/ros2_ws/install/puma560_description/share/ament_index/resource_index/parent_prefix_path/puma560_description
[0.142s] -- Up-to-date: /home/ros2_ws/ros2_ws/install/puma560_description/share/puma560_description/environment/ament_prefix_path.sh
[0.142s] -- Up-to-date: /home/ros2_ws/ros2_ws/install/puma560_description/share/puma560_description/environment/ament_prefix_path.dsv
[0.142s] -- Up-to-date: /home/ros2_ws/ros2_ws/install/puma560_description/share/puma560_description/environment/path.sh
[0.142s] -- Up-to-date: /home/ros2_ws/ros2_ws/install/puma560_description/share/puma560_description/environment/path.dsv
[0.142s] -- Up-to-date: /home/ros2_ws/ros2_ws/install/puma560_description/share/puma560_description/local_setup.bash
[0.142s] -- Up-to-date: /home/ros2_ws/ros2_ws/install/puma560_description/share/puma560_description/local_setup.sh
[0.142s] -- Up-to-date: /home/ros2_ws/ros2_ws/install/puma560_description/share/puma560_description/local_setup.zsh
[0.142s] -- Up-to-date: /home/ros2_ws/ros2_ws/install/puma560_description/share/puma560_description/local_setup.dsv
[0.142s] -- Installing: /home/ros2_ws/ros2_ws/install/puma560_description/share/puma560_description/package.dsv
[0.142s] -- Up-to-date: /home/ros2_ws/ros2_ws/install/puma560_description/share/ament_index/resource_index/packages/puma560_description
[0.142s] -- Up-to-date: /home/ros2_ws/ros2_ws/install/puma560_description/share/puma560_description/cmake/puma560_descriptionConfig.cmake
[0.142s] -- Up-to-date: /home/ros2_ws/ros2_ws/install/puma560_description/share/puma560_description/cmake/puma560_descriptionConfig-version.cmake
[0.143s] -- Up-to-date: /home/ros2_ws/ros2_ws/install/puma560_description/share/puma560_description/package.xml
[0.146s] Invoked command in '/home/ros2_ws/ros2_ws/build/puma560_description' returned '0': CMAKE_PREFIX_PATH=${CMAKE_PREFIX_PATH}:/opt/ros/humble /usr/bin/cmake --install /home/ros2_ws/ros2_ws/build/puma560_description
