[0.007s] Invoking command in '/home/ROS/ros_ws/build/puma560_description': CMAKE_PREFIX_PATH=${CMAKE_PREFIX_PATH}:/opt/ros/humble /usr/bin/cmake --build /home/ROS/ros_ws/build/puma560_description -- -j20 -l20
[0.033s] Invoked command in '/home/ROS/ros_ws/build/puma560_description' returned '0': CMAKE_PREFIX_PATH=${CMAKE_PREFIX_PATH}:/opt/ros/humble /usr/bin/cmake --build /home/ROS/ros_ws/build/puma560_description -- -j20 -l20
[0.063s] Invoking command in '/home/ROS/ros_ws/build/puma560_description': CMAKE_PREFIX_PATH=${CMAKE_PREFIX_PATH}:/opt/ros/humble /usr/bin/cmake --install /home/ROS/ros_ws/build/puma560_description
[0.071s] -- Install configuration: ""
[0.071s] -- Up-to-date: /home/ROS/ros_ws/install/puma560_description/share/puma560_description/urdf
[0.072s] -- Up-to-date: /home/ROS/ros_ws/install/puma560_description/share/puma560_description/urdf/puma560_description.urdf
[0.072s] -- Up-to-date: /home/ROS/ros_ws/install/puma560_description/share/puma560_description/meshes
[0.072s] -- Up-to-date: /home/ROS/ros_ws/install/puma560_description/share/puma560_description/meshes/link_4.STL
[0.072s] -- Up-to-date: /home/ROS/ros_ws/install/puma560_description/share/puma560_description/meshes/link_2.STL
[0.072s] -- Up-to-date: /home/ROS/ros_ws/install/puma560_description/share/puma560_description/meshes/link_3.STL
[0.072s] -- Up-to-date: /home/ROS/ros_ws/install/puma560_description/share/puma560_description/meshes/link_1.STL
[0.072s] -- Up-to-date: /home/ROS/ros_ws/install/puma560_description/share/puma560_description/meshes/base_link.STL
[0.072s] -- Up-to-date: /home/ROS/ros_ws/install/puma560_description/share/puma560_description/meshes/link_5.STL
[0.072s] -- Up-to-date: /home/ROS/ros_ws/install/puma560_description/share/puma560_description/launch
[0.072s] -- Installing: /home/ROS/ros_ws/install/puma560_description/share/puma560_description/launch/display_launch.yaml
[0.073s] -- Up-to-date: /home/ROS/ros_ws/install/puma560_description/share/ament_index/resource_index/package_run_dependencies/puma560_description
[0.073s] -- Up-to-date: /home/ROS/ros_ws/install/puma560_description/share/ament_index/resource_index/parent_prefix_path/puma560_description
[0.073s] -- Up-to-date: /home/ROS/ros_ws/install/puma560_description/share/puma560_description/environment/ament_prefix_path.sh
[0.073s] -- Up-to-date: /home/ROS/ros_ws/install/puma560_description/share/puma560_description/environment/ament_prefix_path.dsv
[0.073s] -- Up-to-date: /home/ROS/ros_ws/install/puma560_description/share/puma560_description/environment/path.sh
[0.073s] -- Up-to-date: /home/ROS/ros_ws/install/puma560_description/share/puma560_description/environment/path.dsv
[0.073s] -- Up-to-date: /home/ROS/ros_ws/install/puma560_description/share/puma560_description/local_setup.bash
[0.073s] -- Up-to-date: /home/ROS/ros_ws/install/puma560_description/share/puma560_description/local_setup.sh
[0.073s] -- Up-to-date: /home/ROS/ros_ws/install/puma560_description/share/puma560_description/local_setup.zsh
[0.073s] -- Up-to-date: /home/ROS/ros_ws/install/puma560_description/share/puma560_description/local_setup.dsv
[0.073s] -- Up-to-date: /home/ROS/ros_ws/install/puma560_description/share/puma560_description/package.dsv
[0.074s] -- Up-to-date: /home/ROS/ros_ws/install/puma560_description/share/ament_index/resource_index/packages/puma560_description
[0.075s] -- Up-to-date: /home/ROS/ros_ws/install/puma560_description/share/puma560_description/cmake/puma560_descriptionConfig.cmake
[0.075s] -- Up-to-date: /home/ROS/ros_ws/install/puma560_description/share/puma560_description/cmake/puma560_descriptionConfig-version.cmake
[0.075s] -- Up-to-date: /home/ROS/ros_ws/install/puma560_description/share/puma560_description/package.xml
[0.076s] Invoked command in '/home/ROS/ros_ws/build/puma560_description' returned '0': CMAKE_PREFIX_PATH=${CMAKE_PREFIX_PATH}:/opt/ros/humble /usr/bin/cmake --install /home/ROS/ros_ws/build/puma560_description
