[0.007s] Invoking command in '/home/ROS/ros_ws/build/puma560_description': CMAKE_PREFIX_PATH=${CMAKE_PREFIX_PATH}:/opt/ros/humble /usr/bin/cmake --build /home/ROS/ros_ws/build/puma560_description -- -j20 -l20
[0.022s] -- Found ament_cmake: 1.3.9 (/opt/ros/humble/share/ament_cmake/cmake)
[0.118s] -- Found urdf: 2.6.0 (/opt/ros/humble/share/urdf/cmake)
[0.158s] -- Found xacro: 2.0.8 (/opt/ros/humble/share/xacro/cmake)
[0.158s] -- Found ament_lint_auto: 0.12.11 (/opt/ros/humble/share/ament_lint_auto/cmake)
[0.205s] -- Added test 'cppcheck' to perform static code analysis on C / C++ code
[0.205s] -- Configured cppcheck include dirs: 
[0.205s] -- Configured cppcheck exclude dirs and/or files: 
[0.206s] -- Added test 'flake8' to check Python code syntax and style conventions
[0.207s] -- Added test 'lint_cmake' to check CMake code style
[0.208s] -- Added test 'pep257' to check Python code against some of the docstring style conventions in PEP 257
[0.212s] -- Added test 'uncrustify' to check C / C++ code style
[0.212s] -- Configured uncrustify additional arguments: 
[0.213s] -- Added test 'xmllint' to check XML markup files
[0.213s] -- Configuring done
[0.215s] -- Generating done
[0.215s] -- Build files have been written to: /home/ROS/ros_ws/build/puma560_description
[0.230s] Invoked command in '/home/ROS/ros_ws/build/puma560_description' returned '0': CMAKE_PREFIX_PATH=${CMAKE_PREFIX_PATH}:/opt/ros/humble /usr/bin/cmake --build /home/ROS/ros_ws/build/puma560_description -- -j20 -l20
[0.251s] Invoking command in '/home/ROS/ros_ws/build/puma560_description': CMAKE_PREFIX_PATH=${CMAKE_PREFIX_PATH}:/opt/ros/humble /usr/bin/cmake --install /home/ROS/ros_ws/build/puma560_description
[0.257s] -- Install configuration: ""
[0.257s] -- Installing: /home/ROS/ros_ws/install/puma560_description/share/puma560_description/urdf
[0.257s] -- Installing: /home/ROS/ros_ws/install/puma560_description/share/puma560_description/urdf/puma560_description.urdf
[0.257s] -- Installing: /home/ROS/ros_ws/install/puma560_description/share/puma560_description/meshes
[0.258s] -- Installing: /home/ROS/ros_ws/install/puma560_description/share/puma560_description/meshes/link_4.STL
[0.258s] -- Installing: /home/ROS/ros_ws/install/puma560_description/share/puma560_description/meshes/link_2.STL
[0.258s] -- Installing: /home/ROS/ros_ws/install/puma560_description/share/puma560_description/meshes/link_3.STL
[0.258s] -- Installing: /home/ROS/ros_ws/install/puma560_description/share/puma560_description/meshes/link_1.STL
[0.258s] -- Installing: /home/ROS/ros_ws/install/puma560_description/share/puma560_description/meshes/base_link.STL
[0.260s] -- Installing: /home/ROS/ros_ws/install/puma560_description/share/puma560_description/meshes/link_5.STL
[0.260s] -- Installing: /home/ROS/ros_ws/install/puma560_description/share/puma560_description/launch
[0.260s] -- Installing: /home/ROS/ros_ws/install/puma560_description/share/puma560_description/launch/display_launch.yaml
[0.260s] -- Installing: /home/ROS/ros_ws/install/puma560_description/share/ament_index/resource_index/package_run_dependencies/puma560_description
[0.260s] -- Installing: /home/ROS/ros_ws/install/puma560_description/share/ament_index/resource_index/parent_prefix_path/puma560_description
[0.260s] -- Up-to-date: /home/ROS/ros_ws/install/puma560_description/share/puma560_description/environment/ament_prefix_path.sh
[0.260s] -- Installing: /home/ROS/ros_ws/install/puma560_description/share/puma560_description/environment/ament_prefix_path.dsv
[0.260s] -- Up-to-date: /home/ROS/ros_ws/install/puma560_description/share/puma560_description/environment/path.sh
[0.261s] -- Installing: /home/ROS/ros_ws/install/puma560_description/share/puma560_description/environment/path.dsv
[0.261s] -- Up-to-date: /home/ROS/ros_ws/install/puma560_description/share/puma560_description/local_setup.bash
[0.261s] -- Up-to-date: /home/ROS/ros_ws/install/puma560_description/share/puma560_description/local_setup.sh
[0.261s] -- Up-to-date: /home/ROS/ros_ws/install/puma560_description/share/puma560_description/local_setup.zsh
[0.261s] -- Installing: /home/ROS/ros_ws/install/puma560_description/share/puma560_description/local_setup.dsv
[0.261s] -- Installing: /home/ROS/ros_ws/install/puma560_description/share/puma560_description/package.dsv
[0.261s] -- Up-to-date: /home/ROS/ros_ws/install/puma560_description/share/ament_index/resource_index/packages/puma560_description
[0.261s] -- Up-to-date: /home/ROS/ros_ws/install/puma560_description/share/puma560_description/cmake/puma560_descriptionConfig.cmake
[0.261s] -- Up-to-date: /home/ROS/ros_ws/install/puma560_description/share/puma560_description/cmake/puma560_descriptionConfig-version.cmake
[0.261s] -- Installing: /home/ROS/ros_ws/install/puma560_description/share/puma560_description/package.xml
[0.263s] Invoked command in '/home/ROS/ros_ws/build/puma560_description' returned '0': CMAKE_PREFIX_PATH=${CMAKE_PREFIX_PATH}:/opt/ros/humble /usr/bin/cmake --install /home/ROS/ros_ws/build/puma560_description
