[0.019s] Invoking command in '/home/ROS/ros2_ws/build/puma560_description': CMAKE_PREFIX_PATH=/opt/ros/humble /usr/bin/cmake /home/ROS/ros2_ws/src/puma560_description -DCMAKE_INSTALL_PREFIX=/home/ROS/ros2_ws/install/puma560_description
[0.197s] -- The C compiler identification is GNU 11.4.0
[0.329s] -- The CXX compiler identification is GNU 11.4.0
[0.349s] -- Detecting C compiler ABI info
[0.492s] -- Detecting C compiler ABI info - done
[0.507s] -- Check for working C compiler: /usr/bin/cc - skipped
[0.507s] -- Detecting C compile features
[0.507s] -- Detecting C compile features - done
[0.513s] -- Detecting CXX compiler ABI info
[0.652s] -- Detecting CXX compiler ABI info - done
[0.664s] -- Check for working CXX compiler: /usr/bin/c++ - skipped
[0.664s] -- Detecting CXX compile features
[0.664s] -- Detecting CXX compile features - done
[0.668s] -- Found ament_cmake: 1.3.9 (/opt/ros/humble/share/ament_cmake/cmake)
[0.918s] -- Found Python3: /usr/bin/python3 (found version "3.10.12") found components: Interpreter 
[1.073s] -- Found xacro: 2.0.8 (/opt/ros/humble/share/xacro/cmake)
[1.081s] -- Found urdf: 2.6.0 (/opt/ros/humble/share/urdf/cmake)
[1.206s] -- Found rviz2: 11.2.12 (/opt/ros/humble/share/rviz2/cmake)
[1.210s] -- Found ament_lint_auto: 0.12.11 (/opt/ros/humble/share/ament_lint_auto/cmake)
[1.332s] -- Added test 'flake8' to check Python code syntax and style conventions
[1.333s] -- Added test 'lint_cmake' to check CMake code style
[1.334s] -- Added test 'pep257' to check Python code against some of the docstring style conventions in PEP 257
[1.336s] -- Added test 'xmllint' to check XML markup files
[1.338s] -- Configuring done
[1.345s] -- Generating done
[1.346s] -- Build files have been written to: /home/ROS/ros2_ws/build/puma560_description
[1.355s] Invoked command in '/home/ROS/ros2_ws/build/puma560_description' returned '0': CMAKE_PREFIX_PATH=/opt/ros/humble /usr/bin/cmake /home/ROS/ros2_ws/src/puma560_description -DCMAKE_INSTALL_PREFIX=/home/ROS/ros2_ws/install/puma560_description
[1.357s] Invoking command in '/home/ROS/ros2_ws/build/puma560_description': CMAKE_PREFIX_PATH=/opt/ros/humble /usr/bin/cmake --build /home/ROS/ros2_ws/build/puma560_description -- -j8 -l8
[1.434s] Invoked command in '/home/ROS/ros2_ws/build/puma560_description' returned '0': CMAKE_PREFIX_PATH=/opt/ros/humble /usr/bin/cmake --build /home/ROS/ros2_ws/build/puma560_description -- -j8 -l8
[1.470s] Invoking command in '/home/ROS/ros2_ws/build/puma560_description': CMAKE_PREFIX_PATH=/opt/ros/humble /usr/bin/cmake --install /home/ROS/ros2_ws/build/puma560_description
[1.483s] -- Install configuration: ""
[1.483s] -- Installing: /home/ROS/ros2_ws/install/puma560_description/share/puma560_description/launch
[1.483s] -- Installing: /home/ROS/ros2_ws/install/puma560_description/share/puma560_description/launch/display.launch.py
[1.483s] -- Installing: /home/ROS/ros2_ws/install/puma560_description/share/puma560_description/urdf
[1.483s] -- Installing: /home/ROS/ros2_ws/install/puma560_description/share/puma560_description/urdf/material.xacro
[1.483s] -- Installing: /home/ROS/ros2_ws/install/puma560_description/share/puma560_description/urdf/puma560_description.xacro
[1.484s] -- Installing: /home/ROS/ros2_ws/install/puma560_description/share/puma560_description/urdf/description.txt
[1.484s] -- Installing: /home/ROS/ros2_ws/install/puma560_description/share/puma560_description/config
[1.484s] -- Installing: /home/ROS/ros2_ws/install/puma560_description/share/puma560_description/meshes
[1.484s] -- Installing: /home/ROS/ros2_ws/install/puma560_description/share/puma560_description/meshes/base_link.STL
[1.487s] -- Installing: /home/ROS/ros2_ws/install/puma560_description/share/puma560_description/meshes/link_4.STL
[1.487s] -- Installing: /home/ROS/ros2_ws/install/puma560_description/share/puma560_description/meshes/link_3.STL
[1.488s] -- Installing: /home/ROS/ros2_ws/install/puma560_description/share/puma560_description/meshes/link_2.STL
[1.488s] -- Installing: /home/ROS/ros2_ws/install/puma560_description/share/puma560_description/meshes/link_1.STL
[1.489s] -- Installing: /home/ROS/ros2_ws/install/puma560_description/share/puma560_description/meshes/link_5.STL
[1.489s] -- Installing: /home/ROS/ros2_ws/install/puma560_description/share/puma560_description/rviz2
[1.489s] -- Installing: /home/ROS/ros2_ws/install/puma560_description/share/puma560_description/rviz2/puma560_config.rviz
[1.490s] -- Installing: /home/ROS/ros2_ws/install/puma560_description/share/ament_index/resource_index/package_run_dependencies/puma560_description
[1.490s] -- Installing: /home/ROS/ros2_ws/install/puma560_description/share/ament_index/resource_index/parent_prefix_path/puma560_description
[1.491s] -- Installing: /home/ROS/ros2_ws/install/puma560_description/share/puma560_description/environment/ament_prefix_path.sh
[1.491s] -- Installing: /home/ROS/ros2_ws/install/puma560_description/share/puma560_description/environment/ament_prefix_path.dsv
[1.491s] -- Installing: /home/ROS/ros2_ws/install/puma560_description/share/puma560_description/environment/path.sh
[1.492s] -- Installing: /home/ROS/ros2_ws/install/puma560_description/share/puma560_description/environment/path.dsv
[1.492s] -- Installing: /home/ROS/ros2_ws/install/puma560_description/share/puma560_description/local_setup.bash
[1.492s] -- Installing: /home/ROS/ros2_ws/install/puma560_description/share/puma560_description/local_setup.sh
[1.492s] -- Installing: /home/ROS/ros2_ws/install/puma560_description/share/puma560_description/local_setup.zsh
[1.493s] -- Installing: /home/ROS/ros2_ws/install/puma560_description/share/puma560_description/local_setup.dsv
[1.493s] -- Installing: /home/ROS/ros2_ws/install/puma560_description/share/puma560_description/package.dsv
[1.493s] -- Installing: /home/ROS/ros2_ws/install/puma560_description/share/ament_index/resource_index/packages/puma560_description
[1.493s] -- Installing: /home/ROS/ros2_ws/install/puma560_description/share/puma560_description/cmake/puma560_descriptionConfig.cmake
[1.494s] -- Installing: /home/ROS/ros2_ws/install/puma560_description/share/puma560_description/cmake/puma560_descriptionConfig-version.cmake
[1.494s] -- Installing: /home/ROS/ros2_ws/install/puma560_description/share/puma560_description/package.xml
[1.498s] Invoked command in '/home/ROS/ros2_ws/build/puma560_description' returned '0': CMAKE_PREFIX_PATH=/opt/ros/humble /usr/bin/cmake --install /home/ROS/ros2_ws/build/puma560_description
