[0.000000] (-) TimerEvent: {}
[0.000146] (puma560_controller) JobQueued: {'identifier': 'puma560_controller', 'dependencies': OrderedDict()}
[0.000175] (puma560_description) JobQueued: {'identifier': 'puma560_description', 'dependencies': OrderedDict()}
[0.000297] (robot_description) JobQueued: {'identifier': 'robot_description', 'dependencies': OrderedDict()}
[0.000352] (puma560_controller) JobStarted: {'identifier': 'puma560_controller'}
[0.004769] (puma560_description) JobStarted: {'identifier': 'puma560_description'}
[0.006612] (robot_description) JobStarted: {'identifier': 'robot_description'}
[0.009443] (puma560_controller) JobProgress: {'identifier': 'puma560_controller', 'progress': 'cmake'}
[0.009712] (puma560_controller) JobProgress: {'identifier': 'puma560_controller', 'progress': 'build'}
[0.010089] (puma560_controller) Command: {'cmd': ['/usr/bin/cmake', '--build', '/home/ros2_ws/build/puma560_controller', '--', '-j20', '-l20'], 'cwd': '/home/ros2_ws/build/puma560_controller', 'env': OrderedDict([('HOSTNAME', 'thallys'), ('SHLVL', '1'), ('LD_LIBRARY_PATH', '/opt/ros/humble/opt/rviz_ogre_vendor/lib:/opt/ros/humble/lib/x86_64-linux-gnu:/opt/ros/humble/lib'), ('HOME', '/home/ros2_ws'), ('ROS_PYTHON_VERSION', '3'), ('COLCON_PREFIX_PATH', '/home/ros2_ws/install'), ('ROS_DISTRO', 'humble'), ('_', '/usr/bin/colcon'), ('ROS_VERSION', '2'), ('TERM', 'xterm'), ('ROS_LOCALHOST_ONLY', '0'), ('QT_X11_NO_MITSHM', '1'), ('PATH', '/opt/ros/humble/bin:/usr/local/sbin:/usr/local/bin:/usr/sbin:/usr/bin:/sbin:/bin'), ('XDG_RUNTIME_DIR', '/tmp/runtime-ros2_ws'), ('DISPLAY', ':1'), ('LANG', 'C.UTF-8'), ('AMENT_PREFIX_PATH', '/home/ros2_ws/install/robot_description:/home/ros2_ws/install/puma560_description:/home/ros2_ws/install/puma560_controller:/opt/ros/humble'), ('PWD', '/home/ros2_ws/build/puma560_controller'), ('LC_ALL', 'C.UTF-8'), ('GAZEBO_PLUGIN_PATH', '/usr/lib/x86_64-linux-gnu/gazebo-11/plugins:'), ('PYTHONPATH', '/opt/ros/humble/lib/python3.10/site-packages:/opt/ros/humble/local/lib/python3.10/dist-packages'), ('TZ', 'America/Sao_Paulo'), ('COLCON', '1'), ('CMAKE_PREFIX_PATH', '/home/ros2_ws/install/robot_description:/home/ros2_ws/install/puma560_description:/home/ros2_ws/install/puma560_controller:/opt/ros/humble')]), 'shell': False}
[0.011370] (puma560_description) JobProgress: {'identifier': 'puma560_description', 'progress': 'cmake'}
[0.011604] (puma560_description) JobProgress: {'identifier': 'puma560_description', 'progress': 'build'}
[0.012068] (puma560_description) Command: {'cmd': ['/usr/bin/cmake', '--build', '/home/ros2_ws/build/puma560_description', '--', '-j20', '-l20'], 'cwd': '/home/ros2_ws/build/puma560_description', 'env': OrderedDict([('HOSTNAME', 'thallys'), ('SHLVL', '1'), ('LD_LIBRARY_PATH', '/opt/ros/humble/opt/rviz_ogre_vendor/lib:/opt/ros/humble/lib/x86_64-linux-gnu:/opt/ros/humble/lib'), ('HOME', '/home/ros2_ws'), ('ROS_PYTHON_VERSION', '3'), ('COLCON_PREFIX_PATH', '/home/ros2_ws/install'), ('ROS_DISTRO', 'humble'), ('_', '/usr/bin/colcon'), ('ROS_VERSION', '2'), ('TERM', 'xterm'), ('ROS_LOCALHOST_ONLY', '0'), ('QT_X11_NO_MITSHM', '1'), ('PATH', '/opt/ros/humble/bin:/usr/local/sbin:/usr/local/bin:/usr/sbin:/usr/bin:/sbin:/bin'), ('XDG_RUNTIME_DIR', '/tmp/runtime-ros2_ws'), ('DISPLAY', ':1'), ('LANG', 'C.UTF-8'), ('AMENT_PREFIX_PATH', '/home/ros2_ws/install/robot_description:/home/ros2_ws/install/puma560_description:/home/ros2_ws/install/puma560_controller:/opt/ros/humble'), ('PWD', '/home/ros2_ws/build/puma560_description'), ('LC_ALL', 'C.UTF-8'), ('GAZEBO_PLUGIN_PATH', '/usr/lib/x86_64-linux-gnu/gazebo-11/plugins:'), ('PYTHONPATH', '/opt/ros/humble/lib/python3.10/site-packages:/opt/ros/humble/local/lib/python3.10/dist-packages'), ('TZ', 'America/Sao_Paulo'), ('COLCON', '1'), ('CMAKE_PREFIX_PATH', '/home/ros2_ws/install/robot_description:/home/ros2_ws/install/puma560_description:/home/ros2_ws/install/puma560_controller:/opt/ros/humble')]), 'shell': False}
[0.013649] (robot_description) JobProgress: {'identifier': 'robot_description', 'progress': 'cmake'}
[0.013881] (robot_description) JobProgress: {'identifier': 'robot_description', 'progress': 'build'}
[0.014038] (robot_description) Command: {'cmd': ['/usr/bin/cmake', '--build', '/home/ros2_ws/build/robot_description', '--', '-j20', '-l20'], 'cwd': '/home/ros2_ws/build/robot_description', 'env': OrderedDict([('HOSTNAME', 'thallys'), ('SHLVL', '1'), ('LD_LIBRARY_PATH', '/opt/ros/humble/opt/rviz_ogre_vendor/lib:/opt/ros/humble/lib/x86_64-linux-gnu:/opt/ros/humble/lib'), ('HOME', '/home/ros2_ws'), ('ROS_PYTHON_VERSION', '3'), ('COLCON_PREFIX_PATH', '/home/ros2_ws/install'), ('ROS_DISTRO', 'humble'), ('_', '/usr/bin/colcon'), ('ROS_VERSION', '2'), ('TERM', 'xterm'), ('ROS_LOCALHOST_ONLY', '0'), ('QT_X11_NO_MITSHM', '1'), ('PATH', '/opt/ros/humble/bin:/usr/local/sbin:/usr/local/bin:/usr/sbin:/usr/bin:/sbin:/bin'), ('XDG_RUNTIME_DIR', '/tmp/runtime-ros2_ws'), ('DISPLAY', ':1'), ('LANG', 'C.UTF-8'), ('AMENT_PREFIX_PATH', '/home/ros2_ws/install/robot_description:/home/ros2_ws/install/puma560_description:/home/ros2_ws/install/puma560_controller:/opt/ros/humble'), ('PWD', '/home/ros2_ws/build/robot_description'), ('LC_ALL', 'C.UTF-8'), ('GAZEBO_PLUGIN_PATH', '/usr/lib/x86_64-linux-gnu/gazebo-11/plugins:'), ('PYTHONPATH', '/opt/ros/humble/lib/python3.10/site-packages:/opt/ros/humble/local/lib/python3.10/dist-packages'), ('TZ', 'America/Sao_Paulo'), ('COLCON', '1'), ('CMAKE_PREFIX_PATH', '/home/ros2_ws/install/robot_description:/home/ros2_ws/install/puma560_description:/home/ros2_ws/install/puma560_controller:/opt/ros/humble')]), 'shell': False}
[0.035581] (robot_description) CommandEnded: {'returncode': 0}
[0.036337] (puma560_description) CommandEnded: {'returncode': 0}
[0.037177] (puma560_controller) CommandEnded: {'returncode': 0}
[0.055085] (puma560_description) JobProgress: {'identifier': 'puma560_description', 'progress': 'install'}
[0.062419] (puma560_description) Command: {'cmd': ['/usr/bin/cmake', '--install', '/home/ros2_ws/build/puma560_description'], 'cwd': '/home/ros2_ws/build/puma560_description', 'env': OrderedDict([('HOSTNAME', 'thallys'), ('SHLVL', '1'), ('LD_LIBRARY_PATH', '/opt/ros/humble/opt/rviz_ogre_vendor/lib:/opt/ros/humble/lib/x86_64-linux-gnu:/opt/ros/humble/lib'), ('HOME', '/home/ros2_ws'), ('ROS_PYTHON_VERSION', '3'), ('COLCON_PREFIX_PATH', '/home/ros2_ws/install'), ('ROS_DISTRO', 'humble'), ('_', '/usr/bin/colcon'), ('ROS_VERSION', '2'), ('TERM', 'xterm'), ('ROS_LOCALHOST_ONLY', '0'), ('QT_X11_NO_MITSHM', '1'), ('PATH', '/opt/ros/humble/bin:/usr/local/sbin:/usr/local/bin:/usr/sbin:/usr/bin:/sbin:/bin'), ('XDG_RUNTIME_DIR', '/tmp/runtime-ros2_ws'), ('DISPLAY', ':1'), ('LANG', 'C.UTF-8'), ('AMENT_PREFIX_PATH', '/home/ros2_ws/install/robot_description:/home/ros2_ws/install/puma560_description:/home/ros2_ws/install/puma560_controller:/opt/ros/humble'), ('PWD', '/home/ros2_ws/build/puma560_description'), ('LC_ALL', 'C.UTF-8'), ('GAZEBO_PLUGIN_PATH', '/usr/lib/x86_64-linux-gnu/gazebo-11/plugins:'), ('PYTHONPATH', '/opt/ros/humble/lib/python3.10/site-packages:/opt/ros/humble/local/lib/python3.10/dist-packages'), ('TZ', 'America/Sao_Paulo'), ('COLCON', '1'), ('CMAKE_PREFIX_PATH', '/home/ros2_ws/install/robot_description:/home/ros2_ws/install/puma560_description:/home/ros2_ws/install/puma560_controller:/opt/ros/humble')]), 'shell': False}
[0.064085] (robot_description) JobProgress: {'identifier': 'robot_description', 'progress': 'install'}
[0.064825] (robot_description) Command: {'cmd': ['/usr/bin/cmake', '--install', '/home/ros2_ws/build/robot_description'], 'cwd': '/home/ros2_ws/build/robot_description', 'env': OrderedDict([('HOSTNAME', 'thallys'), ('SHLVL', '1'), ('LD_LIBRARY_PATH', '/opt/ros/humble/opt/rviz_ogre_vendor/lib:/opt/ros/humble/lib/x86_64-linux-gnu:/opt/ros/humble/lib'), ('HOME', '/home/ros2_ws'), ('ROS_PYTHON_VERSION', '3'), ('COLCON_PREFIX_PATH', '/home/ros2_ws/install'), ('ROS_DISTRO', 'humble'), ('_', '/usr/bin/colcon'), ('ROS_VERSION', '2'), ('TERM', 'xterm'), ('ROS_LOCALHOST_ONLY', '0'), ('QT_X11_NO_MITSHM', '1'), ('PATH', '/opt/ros/humble/bin:/usr/local/sbin:/usr/local/bin:/usr/sbin:/usr/bin:/sbin:/bin'), ('XDG_RUNTIME_DIR', '/tmp/runtime-ros2_ws'), ('DISPLAY', ':1'), ('LANG', 'C.UTF-8'), ('AMENT_PREFIX_PATH', '/home/ros2_ws/install/robot_description:/home/ros2_ws/install/puma560_description:/home/ros2_ws/install/puma560_controller:/opt/ros/humble'), ('PWD', '/home/ros2_ws/build/robot_description'), ('LC_ALL', 'C.UTF-8'), ('GAZEBO_PLUGIN_PATH', '/usr/lib/x86_64-linux-gnu/gazebo-11/plugins:'), ('PYTHONPATH', '/opt/ros/humble/lib/python3.10/site-packages:/opt/ros/humble/local/lib/python3.10/dist-packages'), ('TZ', 'America/Sao_Paulo'), ('COLCON', '1'), ('CMAKE_PREFIX_PATH', '/home/ros2_ws/install/robot_description:/home/ros2_ws/install/puma560_description:/home/ros2_ws/install/puma560_controller:/opt/ros/humble')]), 'shell': False}
[0.065853] (puma560_controller) JobProgress: {'identifier': 'puma560_controller', 'progress': 'install'}
[0.066305] (puma560_controller) Command: {'cmd': ['/usr/bin/cmake', '--install', '/home/ros2_ws/build/puma560_controller'], 'cwd': '/home/ros2_ws/build/puma560_controller', 'env': OrderedDict([('HOSTNAME', 'thallys'), ('SHLVL', '1'), ('LD_LIBRARY_PATH', '/opt/ros/humble/opt/rviz_ogre_vendor/lib:/opt/ros/humble/lib/x86_64-linux-gnu:/opt/ros/humble/lib'), ('HOME', '/home/ros2_ws'), ('ROS_PYTHON_VERSION', '3'), ('COLCON_PREFIX_PATH', '/home/ros2_ws/install'), ('ROS_DISTRO', 'humble'), ('_', '/usr/bin/colcon'), ('ROS_VERSION', '2'), ('TERM', 'xterm'), ('ROS_LOCALHOST_ONLY', '0'), ('QT_X11_NO_MITSHM', '1'), ('PATH', '/opt/ros/humble/bin:/usr/local/sbin:/usr/local/bin:/usr/sbin:/usr/bin:/sbin:/bin'), ('XDG_RUNTIME_DIR', '/tmp/runtime-ros2_ws'), ('DISPLAY', ':1'), ('LANG', 'C.UTF-8'), ('AMENT_PREFIX_PATH', '/home/ros2_ws/install/robot_description:/home/ros2_ws/install/puma560_description:/home/ros2_ws/install/puma560_controller:/opt/ros/humble'), ('PWD', '/home/ros2_ws/build/puma560_controller'), ('LC_ALL', 'C.UTF-8'), ('GAZEBO_PLUGIN_PATH', '/usr/lib/x86_64-linux-gnu/gazebo-11/plugins:'), ('PYTHONPATH', '/opt/ros/humble/lib/python3.10/site-packages:/opt/ros/humble/local/lib/python3.10/dist-packages'), ('TZ', 'America/Sao_Paulo'), ('COLCON', '1'), ('CMAKE_PREFIX_PATH', '/home/ros2_ws/install/robot_description:/home/ros2_ws/install/puma560_description:/home/ros2_ws/install/puma560_controller:/opt/ros/humble')]), 'shell': False}
[0.073006] (puma560_description) StdoutLine: {'line': b'-- Install configuration: ""\n'}
[0.073331] (puma560_description) StdoutLine: {'line': b'-- Up-to-date: /home/ros2_ws/install/puma560_description/share/puma560_description/launch\n'}
[0.073498] (puma560_description) StdoutLine: {'line': b'-- Up-to-date: /home/ros2_ws/install/puma560_description/share/puma560_description/launch/puma_display.launch.py\n'}
[0.073760] (puma560_description) StdoutLine: {'line': b'-- Up-to-date: /home/ros2_ws/install/puma560_description/share/puma560_description/launch/puma_gazebo.launch.py\n'}
[0.073972] (puma560_description) StdoutLine: {'line': b'-- Up-to-date: /home/ros2_ws/install/puma560_description/share/puma560_description/urdf\n'}
[0.074301] (puma560_description) StdoutLine: {'line': b'-- Installing: /home/ros2_ws/install/puma560_description/share/puma560_description/urdf/puma560_gazebo.xacro\n'}
[0.074593] (puma560_description) StdoutLine: {'line': b'-- Up-to-date: /home/ros2_ws/install/puma560_description/share/puma560_description/urdf/puma560_cores.xacro\n'}
[0.074791] (puma560_description) StdoutLine: {'line': b'-- Up-to-date: /home/ros2_ws/install/puma560_description/share/puma560_description/urdf/puma560_description.urdf.xacro\n'}
[0.075038] (puma560_description) StdoutLine: {'line': b'-- Up-to-date: /home/ros2_ws/install/puma560_description/share/puma560_description/urdf/puma560_control.xacro\n'}
[0.075196] (puma560_description) StdoutLine: {'line': b'-- Up-to-date: /home/ros2_ws/install/puma560_description/share/puma560_description/config\n'}
[0.075352] (puma560_description) StdoutLine: {'line': b'-- Up-to-date: /home/ros2_ws/install/puma560_description/share/puma560_description/config/link2_inertia.yaml\n'}
[0.075537] (puma560_description) StdoutLine: {'line': b'-- Up-to-date: /home/ros2_ws/install/puma560_description/share/puma560_description/meshes\n'}
[0.075699] (puma560_description) StdoutLine: {'line': b'-- Up-to-date: /home/ros2_ws/install/puma560_description/share/puma560_description/meshes/link_5.STL\n'}
[0.075861] (puma560_description) StdoutLine: {'line': b'-- Up-to-date: /home/ros2_ws/install/puma560_description/share/puma560_description/meshes/link_1.STL\n'}
[0.076142] (puma560_description) StdoutLine: {'line': b'-- Up-to-date: /home/ros2_ws/install/puma560_description/share/puma560_description/meshes/link_4.STL\n'}
[0.076800] (puma560_description) StdoutLine: {'line': b'-- Up-to-date: /home/ros2_ws/install/puma560_description/share/puma560_description/meshes/base_link.STL\n'}
[0.077015] (puma560_description) StdoutLine: {'line': b'-- Up-to-date: /home/ros2_ws/install/puma560_description/share/puma560_description/meshes/link_3.STL\n'}
[0.077079] (puma560_description) StdoutLine: {'line': b'-- Up-to-date: /home/ros2_ws/install/puma560_description/share/puma560_description/meshes/link_2.STL\n'}
[0.077135] (puma560_description) StdoutLine: {'line': b'-- Up-to-date: /home/ros2_ws/install/puma560_description/share/puma560_description/rviz2\n'}
[0.077190] (puma560_description) StdoutLine: {'line': b'-- Up-to-date: /home/ros2_ws/install/puma560_description/share/puma560_description/rviz2/display_puma560.rviz\n'}
[0.077239] (puma560_description) StdoutLine: {'line': b'-- Up-to-date: /home/ros2_ws/install/puma560_description/share/ament_index/resource_index/package_run_dependencies/puma560_description\n'}
[0.077289] (robot_description) StdoutLine: {'line': b'-- Install configuration: ""\n'}
[0.077686] (puma560_description) StdoutLine: {'line': b'-- Up-to-date: /home/ros2_ws/install/puma560_description/share/ament_index/resource_index/parent_prefix_path/puma560_description\n'}
[0.077748] (puma560_description) StdoutLine: {'line': b'-- Up-to-date: /home/ros2_ws/install/puma560_description/share/puma560_description/environment/ament_prefix_path.sh\n'}
[0.077803] (robot_description) StdoutLine: {'line': b'-- Up-to-date: /home/ros2_ws/install/robot_description/share/robot_description/launch\n'}
[0.077858] (robot_description) StdoutLine: {'line': b'-- Up-to-date: /home/ros2_ws/install/robot_description/share/robot_description/launch/display.launch.py\n'}
[0.077909] (puma560_description) StdoutLine: {'line': b'-- Up-to-date: /home/ros2_ws/install/puma560_description/share/puma560_description/environment/ament_prefix_path.dsv\n'}
[0.077958] (puma560_description) StdoutLine: {'line': b'-- Up-to-date: /home/ros2_ws/install/puma560_description/share/puma560_description/environment/path.sh\n'}
[0.078006] (robot_description) StdoutLine: {'line': b'-- Up-to-date: /home/ros2_ws/install/robot_description/share/robot_description/launch/display.launch.yaml\n'}
[0.078054] (robot_description) StdoutLine: {'line': b'-- Up-to-date: /home/ros2_ws/install/robot_description/share/robot_description/launch/test.py\n'}
[0.078105] (robot_description) StdoutLine: {'line': b'-- Up-to-date: /home/ros2_ws/install/robot_description/share/robot_description/urdf\n'}
[0.078153] (robot_description) StdoutLine: {'line': b'-- Up-to-date: /home/ros2_ws/install/robot_description/share/robot_description/urdf/robot_example.urdf\n'}
[0.078201] (puma560_description) StdoutLine: {'line': b'-- Up-to-date: /home/ros2_ws/install/puma560_description/share/puma560_description/environment/path.dsv\n'}
[0.078248] (puma560_description) StdoutLine: {'line': b'-- Up-to-date: /home/ros2_ws/install/puma560_description/share/puma560_description/local_setup.bash\n'}
[0.078295] (puma560_description) StdoutLine: {'line': b'-- Up-to-date: /home/ros2_ws/install/puma560_description/share/puma560_description/local_setup.sh\n'}
[0.078341] (puma560_description) StdoutLine: {'line': b'-- Up-to-date: /home/ros2_ws/install/puma560_description/share/puma560_description/local_setup.zsh\n'}
[0.078388] (robot_description) StdoutLine: {'line': b'-- Up-to-date: /home/ros2_ws/install/robot_description/share/robot_description/config\n'}
[0.078434] (robot_description) StdoutLine: {'line': b'-- Up-to-date: /home/ros2_ws/install/robot_description/share/robot_description/config/config.rviz\n'}
[0.078824] (robot_description) StdoutLine: {'line': b'-- Up-to-date: /home/ros2_ws/install/robot_description/share/ament_index/resource_index/package_run_dependencies/robot_description\n'}
[0.078923] (puma560_description) StdoutLine: {'line': b'-- Up-to-date: /home/ros2_ws/install/puma560_description/share/puma560_description/local_setup.dsv\n'}
[0.078995] (puma560_description) StdoutLine: {'line': b'-- Installing: /home/ros2_ws/install/puma560_description/share/puma560_description/package.dsv\n'}
[0.079043] (robot_description) StdoutLine: {'line': b'-- Up-to-date: /home/ros2_ws/install/robot_description/share/ament_index/resource_index/parent_prefix_path/robot_description\n'}
[0.079089] (robot_description) StdoutLine: {'line': b'-- Up-to-date: /home/ros2_ws/install/robot_description/share/robot_description/environment/ament_prefix_path.sh\n'}
[0.079134] (robot_description) StdoutLine: {'line': b'-- Up-to-date: /home/ros2_ws/install/robot_description/share/robot_description/environment/ament_prefix_path.dsv\n'}
[0.079178] (robot_description) StdoutLine: {'line': b'-- Up-to-date: /home/ros2_ws/install/robot_description/share/robot_description/environment/path.sh\n'}
[0.079221] (puma560_description) StdoutLine: {'line': b'-- Up-to-date: /home/ros2_ws/install/puma560_description/share/ament_index/resource_index/packages/puma560_description\n'}
[0.079279] (puma560_description) StdoutLine: {'line': b'-- Up-to-date: /home/ros2_ws/install/puma560_description/share/puma560_description/cmake/puma560_descriptionConfig.cmake\n'}
[0.079330] (robot_description) StdoutLine: {'line': b'-- Up-to-date: /home/ros2_ws/install/robot_description/share/robot_description/environment/path.dsv\n'}
[0.079377] (robot_description) StdoutLine: {'line': b'-- Up-to-date: /home/ros2_ws/install/robot_description/share/robot_description/local_setup.bash\n'}
[0.079424] (robot_description) StdoutLine: {'line': b'-- Up-to-date: /home/ros2_ws/install/robot_description/share/robot_description/local_setup.sh\n'}
[0.079469] (puma560_description) StdoutLine: {'line': b'-- Up-to-date: /home/ros2_ws/install/puma560_description/share/puma560_description/cmake/puma560_descriptionConfig-version.cmake\n'}
[0.079513] (puma560_description) StdoutLine: {'line': b'-- Up-to-date: /home/ros2_ws/install/puma560_description/share/puma560_description/package.xml\n'}
[0.079556] (robot_description) StdoutLine: {'line': b'-- Up-to-date: /home/ros2_ws/install/robot_description/share/robot_description/local_setup.zsh\n'}
[0.079605] (robot_description) StdoutLine: {'line': b'-- Up-to-date: /home/ros2_ws/install/robot_description/share/robot_description/local_setup.dsv\n'}
[0.079648] (robot_description) StdoutLine: {'line': b'-- Installing: /home/ros2_ws/install/robot_description/share/robot_description/package.dsv\n'}
[0.079689] (robot_description) StdoutLine: {'line': b'-- Up-to-date: /home/ros2_ws/install/robot_description/share/ament_index/resource_index/packages/robot_description\n'}
[0.079730] (robot_description) StdoutLine: {'line': b'-- Up-to-date: /home/ros2_ws/install/robot_description/share/robot_description/cmake/robot_descriptionConfig.cmake\n'}
[0.079773] (robot_description) StdoutLine: {'line': b'-- Up-to-date: /home/ros2_ws/install/robot_description/share/robot_description/cmake/robot_descriptionConfig-version.cmake\n'}
[0.079815] (robot_description) StdoutLine: {'line': b'-- Up-to-date: /home/ros2_ws/install/robot_description/share/robot_description/package.xml\n'}
[0.079856] (puma560_controller) StdoutLine: {'line': b'-- Install configuration: ""\n'}
[0.079934] (puma560_controller) StdoutLine: {'line': b'-- Up-to-date: /home/ros2_ws/install/puma560_controller/share/puma560_controller/config\n'}
[0.079983] (puma560_controller) StdoutLine: {'line': b'-- Up-to-date: /home/ros2_ws/install/puma560_controller/share/puma560_controller/config/puma560_controller.yaml\n'}
[0.080029] (puma560_controller) StdoutLine: {'line': b'-- Up-to-date: /home/ros2_ws/install/puma560_controller/share/ament_index/resource_index/package_run_dependencies/puma560_controller\n'}
[0.080099] (puma560_controller) StdoutLine: {'line': b'-- Up-to-date: /home/ros2_ws/install/puma560_controller/share/ament_index/resource_index/parent_prefix_path/puma560_controller\n'}
[0.080143] (puma560_controller) StdoutLine: {'line': b'-- Up-to-date: /home/ros2_ws/install/puma560_controller/share/puma560_controller/environment/ament_prefix_path.sh\n'}
[0.080188] (puma560_controller) StdoutLine: {'line': b'-- Up-to-date: /home/ros2_ws/install/puma560_controller/share/puma560_controller/environment/ament_prefix_path.dsv\n'}
[0.080233] (puma560_controller) StdoutLine: {'line': b'-- Up-to-date: /home/ros2_ws/install/puma560_controller/share/puma560_controller/environment/path.sh\n'}
[0.080275] (puma560_controller) StdoutLine: {'line': b'-- Up-to-date: /home/ros2_ws/install/puma560_controller/share/puma560_controller/environment/path.dsv\n'}
[0.080318] (puma560_controller) StdoutLine: {'line': b'-- Up-to-date: /home/ros2_ws/install/puma560_controller/share/puma560_controller/local_setup.bash\n'}
[0.080359] (puma560_controller) StdoutLine: {'line': b'-- Up-to-date: /home/ros2_ws/install/puma560_controller/share/puma560_controller/local_setup.sh\n'}
[0.080401] (puma560_controller) StdoutLine: {'line': b'-- Up-to-date: /home/ros2_ws/install/puma560_controller/share/puma560_controller/local_setup.zsh\n'}
[0.080443] (puma560_controller) StdoutLine: {'line': b'-- Up-to-date: /home/ros2_ws/install/puma560_controller/share/puma560_controller/local_setup.dsv\n'}
[0.080484] (puma560_controller) StdoutLine: {'line': b'-- Installing: /home/ros2_ws/install/puma560_controller/share/puma560_controller/package.dsv\n'}
[0.080525] (puma560_controller) StdoutLine: {'line': b'-- Up-to-date: /home/ros2_ws/install/puma560_controller/share/ament_index/resource_index/packages/puma560_controller\n'}
[0.080616] (puma560_controller) StdoutLine: {'line': b'-- Up-to-date: /home/ros2_ws/install/puma560_controller/share/puma560_controller/cmake/puma560_controllerConfig.cmake\n'}
[0.080666] (puma560_controller) StdoutLine: {'line': b'-- Up-to-date: /home/ros2_ws/install/puma560_controller/share/puma560_controller/cmake/puma560_controllerConfig-version.cmake\n'}
[0.080708] (puma560_controller) StdoutLine: {'line': b'-- Up-to-date: /home/ros2_ws/install/puma560_controller/share/puma560_controller/package.xml\n'}
[0.080749] (puma560_description) CommandEnded: {'returncode': 0}
[0.087685] (robot_description) CommandEnded: {'returncode': 0}
[0.090447] (puma560_controller) CommandEnded: {'returncode': 0}
[0.099518] (-) TimerEvent: {}
[0.107727] (robot_description) JobEnded: {'identifier': 'robot_description', 'rc': 0}
[0.111698] (puma560_description) JobEnded: {'identifier': 'puma560_description', 'rc': 0}
[0.114624] (puma560_controller) JobEnded: {'identifier': 'puma560_controller', 'rc': 0}
[0.115093] (-) EventReactorShutdown: {}
