[0.000000] (-) TimerEvent: {}
[0.000222] (puma560_description) JobQueued: {'identifier': 'puma560_description', 'dependencies': OrderedDict()}
[0.000465] (puma560_description) JobStarted: {'identifier': 'puma560_description'}
[0.006024] (puma560_description) JobProgress: {'identifier': 'puma560_description', 'progress': 'cmake'}
[0.006320] (puma560_description) JobProgress: {'identifier': 'puma560_description', 'progress': 'build'}
[0.006708] (puma560_description) Command: {'cmd': ['/usr/bin/cmake', '--build', '/home/ROS/ros_ws/build/puma560_description', '--', '-j20', '-l20'], 'cwd': '/home/ROS/ros_ws/build/puma560_description', 'env': OrderedDict([('HOSTNAME', 'thallys'), ('SHLVL', '1'), ('LIBGL_ALWAYS_SOFTWARE', '1'), ('LD_LIBRARY_PATH', '/opt/ros/humble/opt/rviz_ogre_vendor/lib:/opt/ros/humble/lib/x86_64-linux-gnu:/opt/ros/humble/lib'), ('HOME', '/home/ros_ws'), ('OLDPWD', '/home/ROS/ros_ws/src'), ('ROS_PYTHON_VERSION', '3'), ('COLCON_PREFIX_PATH', '/home/ROS/ros_ws/install'), ('ROS_DISTRO', 'humble'), ('_', '/usr/bin/colcon'), ('ROS_VERSION', '2'), ('TERM', 'xterm'), ('ROS_LOCALHOST_ONLY', '0'), ('QT_X11_NO_MITSHM', '1'), ('PATH', '/opt/ros/humble/bin:/usr/local/sbin:/usr/local/bin:/usr/sbin:/usr/bin:/sbin:/bin'), ('XDG_RUNTIME_DIR', '/tmp/runtime-ros_ws'), ('DISPLAY', ':1'), ('LANG', 'C.UTF-8'), ('AMENT_PREFIX_PATH', '/home/ROS/ros_ws/install/puma560_description:/opt/ros/humble'), ('PWD', '/home/ROS/ros_ws/build/puma560_description'), ('LC_ALL', 'C.UTF-8'), ('PYTHONPATH', '/opt/ros/humble/lib/python3.10/site-packages:/opt/ros/humble/local/lib/python3.10/dist-packages'), ('NVIDIA_VISIBLE_DEVICES', 'all'), ('TZ', 'America/Sao_Paulo'), ('COLCON', '1'), ('CMAKE_PREFIX_PATH', '/home/ROS/ros_ws/install/puma560_description:/opt/ros/humble')]), 'shell': False}
[0.033198] (puma560_description) CommandEnded: {'returncode': 0}
[0.052442] (puma560_description) JobProgress: {'identifier': 'puma560_description', 'progress': 'install'}
[0.062517] (puma560_description) Command: {'cmd': ['/usr/bin/cmake', '--install', '/home/ROS/ros_ws/build/puma560_description'], 'cwd': '/home/ROS/ros_ws/build/puma560_description', 'env': OrderedDict([('HOSTNAME', 'thallys'), ('SHLVL', '1'), ('LIBGL_ALWAYS_SOFTWARE', '1'), ('LD_LIBRARY_PATH', '/opt/ros/humble/opt/rviz_ogre_vendor/lib:/opt/ros/humble/lib/x86_64-linux-gnu:/opt/ros/humble/lib'), ('HOME', '/home/ros_ws'), ('OLDPWD', '/home/ROS/ros_ws/src'), ('ROS_PYTHON_VERSION', '3'), ('COLCON_PREFIX_PATH', '/home/ROS/ros_ws/install'), ('ROS_DISTRO', 'humble'), ('_', '/usr/bin/colcon'), ('ROS_VERSION', '2'), ('TERM', 'xterm'), ('ROS_LOCALHOST_ONLY', '0'), ('QT_X11_NO_MITSHM', '1'), ('PATH', '/opt/ros/humble/bin:/usr/local/sbin:/usr/local/bin:/usr/sbin:/usr/bin:/sbin:/bin'), ('XDG_RUNTIME_DIR', '/tmp/runtime-ros_ws'), ('DISPLAY', ':1'), ('LANG', 'C.UTF-8'), ('AMENT_PREFIX_PATH', '/home/ROS/ros_ws/install/puma560_description:/opt/ros/humble'), ('PWD', '/home/ROS/ros_ws/build/puma560_description'), ('LC_ALL', 'C.UTF-8'), ('PYTHONPATH', '/opt/ros/humble/lib/python3.10/site-packages:/opt/ros/humble/local/lib/python3.10/dist-packages'), ('NVIDIA_VISIBLE_DEVICES', 'all'), ('TZ', 'America/Sao_Paulo'), ('COLCON', '1'), ('CMAKE_PREFIX_PATH', '/home/ROS/ros_ws/install/puma560_description:/opt/ros/humble')]), 'shell': False}
[0.071504] (puma560_description) StdoutLine: {'line': b'-- Install configuration: ""\n'}
[0.071731] (puma560_description) StdoutLine: {'line': b'-- Up-to-date: /home/ROS/ros_ws/install/puma560_description/share/puma560_description/urdf\n'}
[0.072031] (puma560_description) StdoutLine: {'line': b'-- Up-to-date: /home/ROS/ros_ws/install/puma560_description/share/puma560_description/urdf/puma560_description.urdf\n'}
[0.072254] (puma560_description) StdoutLine: {'line': b'-- Up-to-date: /home/ROS/ros_ws/install/puma560_description/share/puma560_description/meshes\n'}
[0.072408] (puma560_description) StdoutLine: {'line': b'-- Up-to-date: /home/ROS/ros_ws/install/puma560_description/share/puma560_description/meshes/link_4.STL\n'}
[0.072517] (puma560_description) StdoutLine: {'line': b'-- Up-to-date: /home/ROS/ros_ws/install/puma560_description/share/puma560_description/meshes/link_2.STL\n'}
[0.072596] (puma560_description) StdoutLine: {'line': b'-- Up-to-date: /home/ROS/ros_ws/install/puma560_description/share/puma560_description/meshes/link_3.STL\n'}
[0.072661] (puma560_description) StdoutLine: {'line': b'-- Up-to-date: /home/ROS/ros_ws/install/puma560_description/share/puma560_description/meshes/link_1.STL\n'}
[0.072726] (puma560_description) StdoutLine: {'line': b'-- Up-to-date: /home/ROS/ros_ws/install/puma560_description/share/puma560_description/meshes/base_link.STL\n'}
[0.072789] (puma560_description) StdoutLine: {'line': b'-- Up-to-date: /home/ROS/ros_ws/install/puma560_description/share/puma560_description/meshes/link_5.STL\n'}
[0.072850] (puma560_description) StdoutLine: {'line': b'-- Up-to-date: /home/ROS/ros_ws/install/puma560_description/share/puma560_description/launch\n'}
[0.072911] (puma560_description) StdoutLine: {'line': b'-- Installing: /home/ROS/ros_ws/install/puma560_description/share/puma560_description/launch/display_launch.yaml\n'}
[0.072971] (puma560_description) StdoutLine: {'line': b'-- Up-to-date: /home/ROS/ros_ws/install/puma560_description/share/ament_index/resource_index/package_run_dependencies/puma560_description\n'}
[0.073031] (puma560_description) StdoutLine: {'line': b'-- Up-to-date: /home/ROS/ros_ws/install/puma560_description/share/ament_index/resource_index/parent_prefix_path/puma560_description\n'}
[0.073094] (puma560_description) StdoutLine: {'line': b'-- Up-to-date: /home/ROS/ros_ws/install/puma560_description/share/puma560_description/environment/ament_prefix_path.sh\n'}
[0.073155] (puma560_description) StdoutLine: {'line': b'-- Up-to-date: /home/ROS/ros_ws/install/puma560_description/share/puma560_description/environment/ament_prefix_path.dsv\n'}
[0.073216] (puma560_description) StdoutLine: {'line': b'-- Up-to-date: /home/ROS/ros_ws/install/puma560_description/share/puma560_description/environment/path.sh\n'}
[0.073276] (puma560_description) StdoutLine: {'line': b'-- Up-to-date: /home/ROS/ros_ws/install/puma560_description/share/puma560_description/environment/path.dsv\n'}
[0.073336] (puma560_description) StdoutLine: {'line': b'-- Up-to-date: /home/ROS/ros_ws/install/puma560_description/share/puma560_description/local_setup.bash\n'}
[0.073396] (puma560_description) StdoutLine: {'line': b'-- Up-to-date: /home/ROS/ros_ws/install/puma560_description/share/puma560_description/local_setup.sh\n'}
[0.073456] (puma560_description) StdoutLine: {'line': b'-- Up-to-date: /home/ROS/ros_ws/install/puma560_description/share/puma560_description/local_setup.zsh\n'}
[0.073633] (puma560_description) StdoutLine: {'line': b'-- Up-to-date: /home/ROS/ros_ws/install/puma560_description/share/puma560_description/local_setup.dsv\n'}
[0.073806] (puma560_description) StdoutLine: {'line': b'-- Up-to-date: /home/ROS/ros_ws/install/puma560_description/share/puma560_description/package.dsv\n'}
[0.074011] (puma560_description) StdoutLine: {'line': b'-- Up-to-date: /home/ROS/ros_ws/install/puma560_description/share/ament_index/resource_index/packages/puma560_description\n'}
[0.075149] (puma560_description) StdoutLine: {'line': b'-- Up-to-date: /home/ROS/ros_ws/install/puma560_description/share/puma560_description/cmake/puma560_descriptionConfig.cmake\n'}
[0.075363] (puma560_description) StdoutLine: {'line': b'-- Up-to-date: /home/ROS/ros_ws/install/puma560_description/share/puma560_description/cmake/puma560_descriptionConfig-version.cmake\n'}
[0.075729] (puma560_description) StdoutLine: {'line': b'-- Up-to-date: /home/ROS/ros_ws/install/puma560_description/share/puma560_description/package.xml\n'}
[0.075909] (puma560_description) CommandEnded: {'returncode': 0}
[0.099878] (-) TimerEvent: {}
[0.117033] (puma560_description) JobEnded: {'identifier': 'puma560_description', 'rc': 0}
[0.117902] (-) EventReactorShutdown: {}
