[0.237s] DEBUG:colcon:Command line arguments: ['/usr/bin/colcon', 'build']
[0.237s] DEBUG:colcon:Parsed command line arguments: Namespace(log_base=None, log_level=None, verb_name='build', build_base='build', install_base='install', merge_install=False, symlink_install=False, test_result_base=None, continue_on_error=False, executor='parallel', parallel_workers=8, event_handlers=None, ignore_user_meta=False, metas=['./colcon.meta'], base_paths=['.'], packages_ignore=None, packages_ignore_regex=None, paths=None, packages_up_to=None, packages_up_to_regex=None, packages_above=None, packages_above_and_dependencies=None, packages_above_depth=None, packages_select_by_dep=None, packages_skip_by_dep=None, packages_skip_up_to=None, packages_select_build_failed=False, packages_skip_build_finished=False, packages_select_test_failures=False, packages_skip_test_passed=False, packages_select=None, packages_skip=None, packages_select_regex=None, packages_skip_regex=None, packages_start=None, packages_end=None, cmake_args=None, cmake_target=None, cmake_target_skip_unavailable=False, cmake_clean_cache=False, cmake_clean_first=False, cmake_force_configure=False, ament_cmake_args=None, catkin_cmake_args=None, catkin_skip_building_tests=False, mixin_files=None, mixin=None, verb_parser=<colcon_mixin.mixin.mixin_argument.MixinArgumentDecorator object at 0x79cce676fb80>, verb_extension=<colcon_core.verb.build.BuildVerb object at 0x79cce676f4f0>, main=<bound method BuildVerb.main of <colcon_core.verb.build.BuildVerb object at 0x79cce676f4f0>>, mixin_verb=('build',))
[0.468s] Level 1:colcon.colcon_core.package_discovery:discover_packages(colcon_meta) check parameters
[0.468s] Level 1:colcon.colcon_core.package_discovery:discover_packages(recursive) check parameters
[0.468s] Level 1:colcon.colcon_core.package_discovery:discover_packages(ignore) check parameters
[0.468s] Level 1:colcon.colcon_core.package_discovery:discover_packages(path) check parameters
[0.468s] Level 1:colcon.colcon_core.package_discovery:discover_packages(colcon_meta) discover
[0.468s] Level 1:colcon.colcon_core.package_discovery:discover_packages(recursive) discover
[0.468s] INFO:colcon.colcon_core.package_discovery:Crawling recursively for packages in '/home/ROS/ros2_ws'
[0.468s] Level 1:colcon.colcon_core.package_identification:_identify(.) by extensions ['ignore', 'ignore_ament_install']
[0.468s] Level 1:colcon.colcon_core.package_identification:_identify(.) by extension 'ignore'
[0.468s] Level 1:colcon.colcon_core.package_identification:_identify(.) by extension 'ignore_ament_install'
[0.469s] Level 1:colcon.colcon_core.package_identification:_identify(.) by extensions ['colcon_pkg']
[0.469s] Level 1:colcon.colcon_core.package_identification:_identify(.) by extension 'colcon_pkg'
[0.469s] Level 1:colcon.colcon_core.package_identification:_identify(.) by extensions ['colcon_meta']
[0.469s] Level 1:colcon.colcon_core.package_identification:_identify(.) by extension 'colcon_meta'
[0.469s] Level 1:colcon.colcon_core.package_identification:_identify(.) by extensions ['ros']
[0.469s] Level 1:colcon.colcon_core.package_identification:_identify(.) by extension 'ros'
[0.483s] Level 1:colcon.colcon_core.package_identification:_identify(.) by extensions ['cmake', 'python']
[0.484s] Level 1:colcon.colcon_core.package_identification:_identify(.) by extension 'cmake'
[0.484s] Level 1:colcon.colcon_core.package_identification:_identify(.) by extension 'python'
[0.484s] Level 1:colcon.colcon_core.package_identification:_identify(.) by extensions ['python_setup_py']
[0.484s] Level 1:colcon.colcon_core.package_identification:_identify(.) by extension 'python_setup_py'
[0.484s] Level 1:colcon.colcon_core.package_identification:_identify(build) by extensions ['ignore', 'ignore_ament_install']
[0.484s] Level 1:colcon.colcon_core.package_identification:_identify(build) by extension 'ignore'
[0.484s] Level 1:colcon.colcon_core.package_identification:_identify(build) ignored
[0.484s] Level 1:colcon.colcon_core.package_identification:_identify(install) by extensions ['ignore', 'ignore_ament_install']
[0.484s] Level 1:colcon.colcon_core.package_identification:_identify(install) by extension 'ignore'
[0.484s] Level 1:colcon.colcon_core.package_identification:_identify(install) ignored
[0.484s] Level 1:colcon.colcon_core.package_identification:_identify(log) by extensions ['ignore', 'ignore_ament_install']
[0.484s] Level 1:colcon.colcon_core.package_identification:_identify(log) by extension 'ignore'
[0.484s] Level 1:colcon.colcon_core.package_identification:_identify(log) ignored
[0.485s] Level 1:colcon.colcon_core.package_identification:_identify(src) by extensions ['ignore', 'ignore_ament_install']
[0.485s] Level 1:colcon.colcon_core.package_identification:_identify(src) by extension 'ignore'
[0.485s] Level 1:colcon.colcon_core.package_identification:_identify(src) by extension 'ignore_ament_install'
[0.485s] Level 1:colcon.colcon_core.package_identification:_identify(src) by extensions ['colcon_pkg']
[0.485s] Level 1:colcon.colcon_core.package_identification:_identify(src) by extension 'colcon_pkg'
[0.485s] Level 1:colcon.colcon_core.package_identification:_identify(src) by extensions ['colcon_meta']
[0.485s] Level 1:colcon.colcon_core.package_identification:_identify(src) by extension 'colcon_meta'
[0.485s] Level 1:colcon.colcon_core.package_identification:_identify(src) by extensions ['ros']
[0.485s] Level 1:colcon.colcon_core.package_identification:_identify(src) by extension 'ros'
[0.485s] Level 1:colcon.colcon_core.package_identification:_identify(src) by extensions ['cmake', 'python']
[0.485s] Level 1:colcon.colcon_core.package_identification:_identify(src) by extension 'cmake'
[0.485s] Level 1:colcon.colcon_core.package_identification:_identify(src) by extension 'python'
[0.485s] Level 1:colcon.colcon_core.package_identification:_identify(src) by extensions ['python_setup_py']
[0.485s] Level 1:colcon.colcon_core.package_identification:_identify(src) by extension 'python_setup_py'
[0.485s] Level 1:colcon.colcon_core.package_identification:_identify(src/puma560_description) by extensions ['ignore', 'ignore_ament_install']
[0.485s] Level 1:colcon.colcon_core.package_identification:_identify(src/puma560_description) by extension 'ignore'
[0.485s] Level 1:colcon.colcon_core.package_identification:_identify(src/puma560_description) by extension 'ignore_ament_install'
[0.486s] Level 1:colcon.colcon_core.package_identification:_identify(src/puma560_description) by extensions ['colcon_pkg']
[0.486s] Level 1:colcon.colcon_core.package_identification:_identify(src/puma560_description) by extension 'colcon_pkg'
[0.486s] Level 1:colcon.colcon_core.package_identification:_identify(src/puma560_description) by extensions ['colcon_meta']
[0.486s] Level 1:colcon.colcon_core.package_identification:_identify(src/puma560_description) by extension 'colcon_meta'
[0.486s] Level 1:colcon.colcon_core.package_identification:_identify(src/puma560_description) by extensions ['ros']
[0.486s] Level 1:colcon.colcon_core.package_identification:_identify(src/puma560_description) by extension 'ros'
[0.489s] DEBUG:colcon.colcon_core.package_identification:Package 'src/puma560_description' with type 'ros.ament_cmake' and name 'puma560_description'
[0.489s] Level 1:colcon.colcon_core.package_identification:_identify(src/robot_description) by extensions ['ignore', 'ignore_ament_install']
[0.489s] Level 1:colcon.colcon_core.package_identification:_identify(src/robot_description) by extension 'ignore'
[0.489s] Level 1:colcon.colcon_core.package_identification:_identify(src/robot_description) by extension 'ignore_ament_install'
[0.489s] Level 1:colcon.colcon_core.package_identification:_identify(src/robot_description) by extensions ['colcon_pkg']
[0.489s] Level 1:colcon.colcon_core.package_identification:_identify(src/robot_description) by extension 'colcon_pkg'
[0.489s] Level 1:colcon.colcon_core.package_identification:_identify(src/robot_description) by extensions ['colcon_meta']
[0.489s] Level 1:colcon.colcon_core.package_identification:_identify(src/robot_description) by extension 'colcon_meta'
[0.489s] Level 1:colcon.colcon_core.package_identification:_identify(src/robot_description) by extensions ['ros']
[0.490s] Level 1:colcon.colcon_core.package_identification:_identify(src/robot_description) by extension 'ros'
[0.490s] DEBUG:colcon.colcon_core.package_identification:Package 'src/robot_description' with type 'ros.ament_cmake' and name 'robot_description'
[0.490s] Level 1:colcon.colcon_core.package_discovery:discover_packages(recursive) using defaults
[0.490s] Level 1:colcon.colcon_core.package_discovery:discover_packages(ignore) discover
[0.490s] Level 1:colcon.colcon_core.package_discovery:discover_packages(ignore) using defaults
[0.490s] Level 1:colcon.colcon_core.package_discovery:discover_packages(path) discover
[0.490s] Level 1:colcon.colcon_core.package_discovery:discover_packages(path) using defaults
[0.522s] Level 5:colcon.colcon_core.verb:set package 'puma560_description' build argument 'cmake_args' from command line to 'None'
[0.523s] Level 5:colcon.colcon_core.verb:set package 'puma560_description' build argument 'cmake_target' from command line to 'None'
[0.523s] Level 5:colcon.colcon_core.verb:set package 'puma560_description' build argument 'cmake_target_skip_unavailable' from command line to 'False'
[0.523s] Level 5:colcon.colcon_core.verb:set package 'puma560_description' build argument 'cmake_clean_cache' from command line to 'False'
[0.523s] Level 5:colcon.colcon_core.verb:set package 'puma560_description' build argument 'cmake_clean_first' from command line to 'False'
[0.523s] Level 5:colcon.colcon_core.verb:set package 'puma560_description' build argument 'cmake_force_configure' from command line to 'False'
[0.523s] Level 5:colcon.colcon_core.verb:set package 'puma560_description' build argument 'ament_cmake_args' from command line to 'None'
[0.523s] Level 5:colcon.colcon_core.verb:set package 'puma560_description' build argument 'catkin_cmake_args' from command line to 'None'
[0.523s] Level 5:colcon.colcon_core.verb:set package 'puma560_description' build argument 'catkin_skip_building_tests' from command line to 'False'
[0.523s] DEBUG:colcon.colcon_core.verb:Building package 'puma560_description' with the following arguments: {'ament_cmake_args': None, 'build_base': '/home/ROS/ros2_ws/build/puma560_description', 'catkin_cmake_args': None, 'catkin_skip_building_tests': False, 'cmake_args': None, 'cmake_clean_cache': False, 'cmake_clean_first': False, 'cmake_force_configure': False, 'cmake_target': None, 'cmake_target_skip_unavailable': False, 'install_base': '/home/ROS/ros2_ws/install/puma560_description', 'merge_install': False, 'path': '/home/ROS/ros2_ws/src/puma560_description', 'symlink_install': False, 'test_result_base': None}
[0.523s] Level 5:colcon.colcon_core.verb:set package 'robot_description' build argument 'cmake_args' from command line to 'None'
[0.523s] Level 5:colcon.colcon_core.verb:set package 'robot_description' build argument 'cmake_target' from command line to 'None'
[0.523s] Level 5:colcon.colcon_core.verb:set package 'robot_description' build argument 'cmake_target_skip_unavailable' from command line to 'False'
[0.523s] Level 5:colcon.colcon_core.verb:set package 'robot_description' build argument 'cmake_clean_cache' from command line to 'False'
[0.523s] Level 5:colcon.colcon_core.verb:set package 'robot_description' build argument 'cmake_clean_first' from command line to 'False'
[0.523s] Level 5:colcon.colcon_core.verb:set package 'robot_description' build argument 'cmake_force_configure' from command line to 'False'
[0.523s] Level 5:colcon.colcon_core.verb:set package 'robot_description' build argument 'ament_cmake_args' from command line to 'None'
[0.523s] Level 5:colcon.colcon_core.verb:set package 'robot_description' build argument 'catkin_cmake_args' from command line to 'None'
[0.523s] Level 5:colcon.colcon_core.verb:set package 'robot_description' build argument 'catkin_skip_building_tests' from command line to 'False'
[0.523s] DEBUG:colcon.colcon_core.verb:Building package 'robot_description' with the following arguments: {'ament_cmake_args': None, 'build_base': '/home/ROS/ros2_ws/build/robot_description', 'catkin_cmake_args': None, 'catkin_skip_building_tests': False, 'cmake_args': None, 'cmake_clean_cache': False, 'cmake_clean_first': False, 'cmake_force_configure': False, 'cmake_target': None, 'cmake_target_skip_unavailable': False, 'install_base': '/home/ROS/ros2_ws/install/robot_description', 'merge_install': False, 'path': '/home/ROS/ros2_ws/src/robot_description', 'symlink_install': False, 'test_result_base': None}
[0.524s] INFO:colcon.colcon_core.executor:Executing jobs using 'parallel' executor
[0.525s] DEBUG:colcon.colcon_parallel_executor.executor.parallel:run_until_complete
[0.525s] INFO:colcon.colcon_ros.task.ament_cmake.build:Building ROS package in '/home/ROS/ros2_ws/src/puma560_description' with build type 'ament_cmake'
[0.525s] INFO:colcon.colcon_cmake.task.cmake.build:Building CMake package in '/home/ROS/ros2_ws/src/puma560_description'
[0.530s] INFO:colcon.colcon_core.plugin_system:Skipping extension 'colcon_core.shell.bat': Not used on non-Windows systems
[0.530s] INFO:colcon.colcon_core.shell:Skip shell extension 'powershell' for command environment: Not usable outside of PowerShell
[0.530s] DEBUG:colcon.colcon_core.shell:Skip shell extension 'dsv' for command environment
[0.537s] INFO:colcon.colcon_ros.task.ament_cmake.build:Building ROS package in '/home/ROS/ros2_ws/src/robot_description' with build type 'ament_cmake'
[0.537s] INFO:colcon.colcon_cmake.task.cmake.build:Building CMake package in '/home/ROS/ros2_ws/src/robot_description'
[0.537s] INFO:colcon.colcon_core.shell:Skip shell extension 'powershell' for command environment: Not usable outside of PowerShell
[0.538s] DEBUG:colcon.colcon_core.shell:Skip shell extension 'dsv' for command environment
[0.545s] DEBUG:colcon.colcon_core.event_handler.log_command:Invoking command in '/home/ROS/ros2_ws/build/puma560_description': CMAKE_PREFIX_PATH=/opt/ros/humble /usr/bin/cmake /home/ROS/ros2_ws/src/puma560_description -DCMAKE_INSTALL_PREFIX=/home/ROS/ros2_ws/install/puma560_description
[0.552s] DEBUG:colcon.colcon_core.event_handler.log_command:Invoking command in '/home/ROS/ros2_ws/build/robot_description': CMAKE_PREFIX_PATH=/opt/ros/humble /usr/bin/cmake /home/ROS/ros2_ws/src/robot_description -DCMAKE_INSTALL_PREFIX=/home/ROS/ros2_ws/install/robot_description
[1.781s] DEBUG:colcon.colcon_core.event_handler.log_command:Invoked command in '/home/ROS/ros2_ws/build/robot_description' returned '0': CMAKE_PREFIX_PATH=/opt/ros/humble /usr/bin/cmake /home/ROS/ros2_ws/src/robot_description -DCMAKE_INSTALL_PREFIX=/home/ROS/ros2_ws/install/robot_description
[1.785s] DEBUG:colcon.colcon_core.event_handler.log_command:Invoking command in '/home/ROS/ros2_ws/build/robot_description': CMAKE_PREFIX_PATH=/opt/ros/humble /usr/bin/cmake --build /home/ROS/ros2_ws/build/robot_description -- -j8 -l8
[1.854s] DEBUG:colcon.colcon_core.event_handler.log_command:Invoked command in '/home/ROS/ros2_ws/build/robot_description' returned '0': CMAKE_PREFIX_PATH=/opt/ros/humble /usr/bin/cmake --build /home/ROS/ros2_ws/build/robot_description -- -j8 -l8
[1.881s] DEBUG:colcon.colcon_core.event_handler.log_command:Invoked command in '/home/ROS/ros2_ws/build/puma560_description' returned '0': CMAKE_PREFIX_PATH=/opt/ros/humble /usr/bin/cmake /home/ROS/ros2_ws/src/puma560_description -DCMAKE_INSTALL_PREFIX=/home/ROS/ros2_ws/install/puma560_description
[1.883s] DEBUG:colcon.colcon_core.event_handler.log_command:Invoking command in '/home/ROS/ros2_ws/build/puma560_description': CMAKE_PREFIX_PATH=/opt/ros/humble /usr/bin/cmake --build /home/ROS/ros2_ws/build/puma560_description -- -j8 -l8
[1.913s] DEBUG:colcon.colcon_core.event_handler.log_command:Invoking command in '/home/ROS/ros2_ws/build/robot_description': CMAKE_PREFIX_PATH=/opt/ros/humble /usr/bin/cmake --install /home/ROS/ros2_ws/build/robot_description
[1.932s] Level 1:colcon.colcon_core.environment:create_environment_scripts_only(robot_description)
[1.933s] DEBUG:colcon.colcon_core.event_handler.log_command:Invoked command in '/home/ROS/ros2_ws/build/robot_description' returned '0': CMAKE_PREFIX_PATH=/opt/ros/humble /usr/bin/cmake --install /home/ROS/ros2_ws/build/robot_description
[1.941s] Level 1:colcon.colcon_core.environment:checking '/home/ROS/ros2_ws/install/robot_description' for CMake module files
[1.942s] Level 1:colcon.colcon_core.environment:checking '/home/ROS/ros2_ws/install/robot_description' for CMake config files
[1.942s] Level 1:colcon.colcon_core.shell:create_environment_hook('robot_description', 'cmake_prefix_path')
[1.943s] INFO:colcon.colcon_core.shell:Creating environment hook '/home/ROS/ros2_ws/install/robot_description/share/robot_description/hook/cmake_prefix_path.ps1'
[1.944s] INFO:colcon.colcon_core.shell:Creating environment descriptor '/home/ROS/ros2_ws/install/robot_description/share/robot_description/hook/cmake_prefix_path.dsv'
[1.945s] INFO:colcon.colcon_core.shell:Creating environment hook '/home/ROS/ros2_ws/install/robot_description/share/robot_description/hook/cmake_prefix_path.sh'
[1.946s] Level 1:colcon.colcon_core.environment:checking '/home/ROS/ros2_ws/install/robot_description/bin'
[1.946s] Level 1:colcon.colcon_core.environment:checking '/home/ROS/ros2_ws/install/robot_description/lib/pkgconfig/robot_description.pc'
[1.949s] Level 1:colcon.colcon_core.environment:checking '/home/ROS/ros2_ws/install/robot_description/lib/python3.10/site-packages'
[1.950s] Level 1:colcon.colcon_core.environment:checking '/home/ROS/ros2_ws/install/robot_description/bin'
[1.950s] INFO:colcon.colcon_core.shell:Creating package script '/home/ROS/ros2_ws/install/robot_description/share/robot_description/package.ps1'
[1.952s] INFO:colcon.colcon_core.shell:Creating package descriptor '/home/ROS/ros2_ws/install/robot_description/share/robot_description/package.dsv'
[1.953s] INFO:colcon.colcon_core.shell:Creating package script '/home/ROS/ros2_ws/install/robot_description/share/robot_description/package.sh'
[1.954s] INFO:colcon.colcon_core.shell:Creating package script '/home/ROS/ros2_ws/install/robot_description/share/robot_description/package.bash'
[1.956s] INFO:colcon.colcon_core.shell:Creating package script '/home/ROS/ros2_ws/install/robot_description/share/robot_description/package.zsh'
[1.957s] Level 1:colcon.colcon_core.environment:create_file_with_runtime_dependencies(/home/ROS/ros2_ws/install/robot_description/share/colcon-core/packages/robot_description)
[1.960s] DEBUG:colcon.colcon_core.event_handler.log_command:Invoked command in '/home/ROS/ros2_ws/build/puma560_description' returned '0': CMAKE_PREFIX_PATH=/opt/ros/humble /usr/bin/cmake --build /home/ROS/ros2_ws/build/puma560_description -- -j8 -l8
[1.996s] DEBUG:colcon.colcon_core.event_handler.log_command:Invoking command in '/home/ROS/ros2_ws/build/puma560_description': CMAKE_PREFIX_PATH=/opt/ros/humble /usr/bin/cmake --install /home/ROS/ros2_ws/build/puma560_description
[1.997s] Level 1:colcon.colcon_core.environment:create_environment_scripts_only(robot_description)
[1.997s] Level 1:colcon.colcon_core.environment:checking '/home/ROS/ros2_ws/install/robot_description' for CMake module files
[1.998s] Level 1:colcon.colcon_core.environment:checking '/home/ROS/ros2_ws/install/robot_description' for CMake config files
[1.999s] Level 1:colcon.colcon_core.shell:create_environment_hook('robot_description', 'cmake_prefix_path')
[1.999s] INFO:colcon.colcon_core.shell:Creating environment hook '/home/ROS/ros2_ws/install/robot_description/share/robot_description/hook/cmake_prefix_path.ps1'
[2.000s] INFO:colcon.colcon_core.shell:Creating environment descriptor '/home/ROS/ros2_ws/install/robot_description/share/robot_description/hook/cmake_prefix_path.dsv'
[2.001s] INFO:colcon.colcon_core.shell:Creating environment hook '/home/ROS/ros2_ws/install/robot_description/share/robot_description/hook/cmake_prefix_path.sh'
[2.001s] Level 1:colcon.colcon_core.environment:checking '/home/ROS/ros2_ws/install/robot_description/bin'
[2.002s] Level 1:colcon.colcon_core.environment:checking '/home/ROS/ros2_ws/install/robot_description/lib/pkgconfig/robot_description.pc'
[2.002s] Level 1:colcon.colcon_core.environment:checking '/home/ROS/ros2_ws/install/robot_description/lib/python3.10/site-packages'
[2.002s] Level 1:colcon.colcon_core.environment:checking '/home/ROS/ros2_ws/install/robot_description/bin'
[2.002s] INFO:colcon.colcon_core.shell:Creating package script '/home/ROS/ros2_ws/install/robot_description/share/robot_description/package.ps1'
[2.003s] INFO:colcon.colcon_core.shell:Creating package descriptor '/home/ROS/ros2_ws/install/robot_description/share/robot_description/package.dsv'
[2.004s] INFO:colcon.colcon_core.shell:Creating package script '/home/ROS/ros2_ws/install/robot_description/share/robot_description/package.sh'
[2.005s] INFO:colcon.colcon_core.shell:Creating package script '/home/ROS/ros2_ws/install/robot_description/share/robot_description/package.bash'
[2.005s] INFO:colcon.colcon_core.shell:Creating package script '/home/ROS/ros2_ws/install/robot_description/share/robot_description/package.zsh'
[2.005s] Level 1:colcon.colcon_core.environment:create_file_with_runtime_dependencies(/home/ROS/ros2_ws/install/robot_description/share/colcon-core/packages/robot_description)
[2.023s] Level 1:colcon.colcon_core.environment:create_environment_scripts_only(puma560_description)
[2.023s] Level 1:colcon.colcon_core.environment:checking '/home/ROS/ros2_ws/install/puma560_description' for CMake module files
[2.024s] DEBUG:colcon.colcon_core.event_handler.log_command:Invoked command in '/home/ROS/ros2_ws/build/puma560_description' returned '0': CMAKE_PREFIX_PATH=/opt/ros/humble /usr/bin/cmake --install /home/ROS/ros2_ws/build/puma560_description
[2.025s] Level 1:colcon.colcon_core.environment:checking '/home/ROS/ros2_ws/install/puma560_description' for CMake config files
[2.025s] Level 1:colcon.colcon_core.shell:create_environment_hook('puma560_description', 'cmake_prefix_path')
[2.025s] INFO:colcon.colcon_core.shell:Creating environment hook '/home/ROS/ros2_ws/install/puma560_description/share/puma560_description/hook/cmake_prefix_path.ps1'
[2.026s] INFO:colcon.colcon_core.shell:Creating environment descriptor '/home/ROS/ros2_ws/install/puma560_description/share/puma560_description/hook/cmake_prefix_path.dsv'
[2.026s] INFO:colcon.colcon_core.shell:Creating environment hook '/home/ROS/ros2_ws/install/puma560_description/share/puma560_description/hook/cmake_prefix_path.sh'
[2.027s] Level 1:colcon.colcon_core.environment:checking '/home/ROS/ros2_ws/install/puma560_description/bin'
[2.027s] Level 1:colcon.colcon_core.environment:checking '/home/ROS/ros2_ws/install/puma560_description/lib/pkgconfig/puma560_description.pc'
[2.027s] Level 1:colcon.colcon_core.environment:checking '/home/ROS/ros2_ws/install/puma560_description/lib/python3.10/site-packages'
[2.027s] Level 1:colcon.colcon_core.environment:checking '/home/ROS/ros2_ws/install/puma560_description/bin'
[2.028s] INFO:colcon.colcon_core.shell:Creating package script '/home/ROS/ros2_ws/install/puma560_description/share/puma560_description/package.ps1'
[2.028s] INFO:colcon.colcon_core.shell:Creating package descriptor '/home/ROS/ros2_ws/install/puma560_description/share/puma560_description/package.dsv'
[2.029s] INFO:colcon.colcon_core.shell:Creating package script '/home/ROS/ros2_ws/install/puma560_description/share/puma560_description/package.sh'
[2.029s] INFO:colcon.colcon_core.shell:Creating package script '/home/ROS/ros2_ws/install/puma560_description/share/puma560_description/package.bash'
[2.029s] INFO:colcon.colcon_core.shell:Creating package script '/home/ROS/ros2_ws/install/puma560_description/share/puma560_description/package.zsh'
[2.030s] Level 1:colcon.colcon_core.environment:create_file_with_runtime_dependencies(/home/ROS/ros2_ws/install/puma560_description/share/colcon-core/packages/puma560_description)
[2.079s] Level 1:colcon.colcon_core.environment:create_environment_scripts_only(puma560_description)
[2.080s] Level 1:colcon.colcon_core.environment:checking '/home/ROS/ros2_ws/install/puma560_description' for CMake module files
[2.080s] Level 1:colcon.colcon_core.environment:checking '/home/ROS/ros2_ws/install/puma560_description' for CMake config files
[2.081s] Level 1:colcon.colcon_core.shell:create_environment_hook('puma560_description', 'cmake_prefix_path')
[2.081s] INFO:colcon.colcon_core.shell:Creating environment hook '/home/ROS/ros2_ws/install/puma560_description/share/puma560_description/hook/cmake_prefix_path.ps1'
[2.082s] INFO:colcon.colcon_core.shell:Creating environment descriptor '/home/ROS/ros2_ws/install/puma560_description/share/puma560_description/hook/cmake_prefix_path.dsv'
[2.082s] INFO:colcon.colcon_core.shell:Creating environment hook '/home/ROS/ros2_ws/install/puma560_description/share/puma560_description/hook/cmake_prefix_path.sh'
[2.083s] Level 1:colcon.colcon_core.environment:checking '/home/ROS/ros2_ws/install/puma560_description/bin'
[2.083s] Level 1:colcon.colcon_core.environment:checking '/home/ROS/ros2_ws/install/puma560_description/lib/pkgconfig/puma560_description.pc'
[2.083s] Level 1:colcon.colcon_core.environment:checking '/home/ROS/ros2_ws/install/puma560_description/lib/python3.10/site-packages'
[2.083s] Level 1:colcon.colcon_core.environment:checking '/home/ROS/ros2_ws/install/puma560_description/bin'
[2.084s] INFO:colcon.colcon_core.shell:Creating package script '/home/ROS/ros2_ws/install/puma560_description/share/puma560_description/package.ps1'
[2.085s] INFO:colcon.colcon_core.shell:Creating package descriptor '/home/ROS/ros2_ws/install/puma560_description/share/puma560_description/package.dsv'
[2.086s] INFO:colcon.colcon_core.shell:Creating package script '/home/ROS/ros2_ws/install/puma560_description/share/puma560_description/package.sh'
[2.086s] INFO:colcon.colcon_core.shell:Creating package script '/home/ROS/ros2_ws/install/puma560_description/share/puma560_description/package.bash'
[2.087s] INFO:colcon.colcon_core.shell:Creating package script '/home/ROS/ros2_ws/install/puma560_description/share/puma560_description/package.zsh'
[2.088s] Level 1:colcon.colcon_core.environment:create_file_with_runtime_dependencies(/home/ROS/ros2_ws/install/puma560_description/share/colcon-core/packages/puma560_description)
[2.088s] DEBUG:colcon.colcon_parallel_executor.executor.parallel:closing loop
[2.089s] DEBUG:colcon.colcon_parallel_executor.executor.parallel:loop closed
[2.089s] DEBUG:colcon.colcon_parallel_executor.executor.parallel:run_until_complete finished with '0'
[2.089s] DEBUG:colcon.colcon_core.event_reactor:joining thread
[2.111s] INFO:colcon.colcon_core.plugin_system:Skipping extension 'colcon_notification.desktop_notification.notify_send': Could not find 'notify-send'
[2.112s] INFO:colcon.colcon_core.plugin_system:Skipping extension 'colcon_notification.desktop_notification.terminal_notifier': Not used on non-Darwin systems
[2.112s] INFO:colcon.colcon_core.plugin_system:Skipping extension 'colcon_notification.desktop_notification.win32': Not used on non-Windows systems
[2.112s] INFO:colcon.colcon_notification.desktop_notification:Sending desktop notification using 'notify2'
[2.120s] DEBUG:colcon.colcon_notification.desktop_notification.notify2:Failed to initialize notify2: org.freedesktop.DBus.Error.Spawn.ExecFailed: /usr/bin/dbus-launch terminated abnormally without any error message
[2.121s] DEBUG:colcon.colcon_core.event_reactor:joined thread
[2.122s] INFO:colcon.colcon_core.shell:Creating prefix script '/home/ROS/ros2_ws/install/local_setup.ps1'
[2.125s] INFO:colcon.colcon_core.shell:Creating prefix util module '/home/ROS/ros2_ws/install/_local_setup_util_ps1.py'
[2.128s] INFO:colcon.colcon_core.shell:Creating prefix chain script '/home/ROS/ros2_ws/install/setup.ps1'
[2.130s] INFO:colcon.colcon_core.shell:Creating prefix script '/home/ROS/ros2_ws/install/local_setup.sh'
[2.132s] INFO:colcon.colcon_core.shell:Creating prefix util module '/home/ROS/ros2_ws/install/_local_setup_util_sh.py'
[2.133s] INFO:colcon.colcon_core.shell:Creating prefix chain script '/home/ROS/ros2_ws/install/setup.sh'
[2.135s] INFO:colcon.colcon_core.shell:Creating prefix script '/home/ROS/ros2_ws/install/local_setup.bash'
[2.137s] INFO:colcon.colcon_core.shell:Creating prefix chain script '/home/ROS/ros2_ws/install/setup.bash'
[2.138s] INFO:colcon.colcon_core.shell:Creating prefix script '/home/ROS/ros2_ws/install/local_setup.zsh'
[2.139s] INFO:colcon.colcon_core.shell:Creating prefix chain script '/home/ROS/ros2_ws/install/setup.zsh'
