[0.007s] Invoking command in '/home/ROS/ros_ws/src/puma560_description/build/puma560_description': CMAKE_PREFIX_PATH=/opt/ros/humble /usr/bin/cmake /home/ROS/ros_ws/src/puma560_description -DCMAKE_INSTALL_PREFIX=/home/ROS/ros_ws/src/puma560_description/install/puma560_description
[0.043s] -- The C compiler identification is GNU 11.4.0
[0.088s] -- The CXX compiler identification is GNU 11.4.0
[0.093s] -- Detecting C compiler ABI info
[0.166s] -- Detecting C compiler ABI info - done
[0.174s] -- Check for working C compiler: /usr/bin/cc - skipped
[0.174s] -- Detecting C compile features
[0.174s] -- Detecting C compile features - done
[0.177s] -- Detecting CXX compiler ABI info
[0.253s] -- Detecting CXX compiler ABI info - done
[0.258s] -- Check for working CXX compiler: /usr/bin/c++ - skipped
[0.259s] -- Detecting CXX compile features
[0.259s] -- Detecting CXX compile features - done
[0.262s] -- Found ament_cmake: 1.3.9 (/opt/ros/humble/share/ament_cmake/cmake)
[0.367s] -- Found Python3: /usr/bin/python3 (found version "3.10.12") found components: Interpreter 
[0.441s] -- Found urdf: 2.6.0 (/opt/ros/humble/share/urdf/cmake)
[0.489s] -- Found xacro: 2.0.8 (/opt/ros/humble/share/xacro/cmake)
[0.491s] -- Found ament_lint_auto: 0.12.11 (/opt/ros/humble/share/ament_lint_auto/cmake)
[0.549s] -- Added test 'cppcheck' to perform static code analysis on C / C++ code
[0.549s] -- Configured cppcheck include dirs: 
[0.549s] -- Configured cppcheck exclude dirs and/or files: 
[0.550s] -- Added test 'lint_cmake' to check CMake code style
[0.553s] -- Added test 'uncrustify' to check C / C++ code style
[0.553s] -- Configured uncrustify additional arguments: 
[0.553s] -- Added test 'xmllint' to check XML markup files
[0.554s] -- Configuring done
[0.556s] -- Generating done
[0.557s] -- Build files have been written to: /home/ROS/ros_ws/src/puma560_description/build/puma560_description
[0.561s] Invoked command in '/home/ROS/ros_ws/src/puma560_description/build/puma560_description' returned '0': CMAKE_PREFIX_PATH=/opt/ros/humble /usr/bin/cmake /home/ROS/ros_ws/src/puma560_description -DCMAKE_INSTALL_PREFIX=/home/ROS/ros_ws/src/puma560_description/install/puma560_description
[0.562s] Invoking command in '/home/ROS/ros_ws/src/puma560_description/build/puma560_description': CMAKE_PREFIX_PATH=/opt/ros/humble /usr/bin/cmake --build /home/ROS/ros_ws/src/puma560_description/build/puma560_description -- -j20 -l20
[0.598s] Invoked command in '/home/ROS/ros_ws/src/puma560_description/build/puma560_description' returned '0': CMAKE_PREFIX_PATH=/opt/ros/humble /usr/bin/cmake --build /home/ROS/ros_ws/src/puma560_description/build/puma560_description -- -j20 -l20
[0.628s] Invoking command in '/home/ROS/ros_ws/src/puma560_description/build/puma560_description': CMAKE_PREFIX_PATH=/opt/ros/humble /usr/bin/cmake --install /home/ROS/ros_ws/src/puma560_description/build/puma560_description
[0.633s] -- Install configuration: ""
[0.633s] -- Installing: /home/ROS/ros_ws/src/puma560_description/install/puma560_description/share/ament_index/resource_index/package_run_dependencies/puma560_description
[0.634s] -- Installing: /home/ROS/ros_ws/src/puma560_description/install/puma560_description/share/ament_index/resource_index/parent_prefix_path/puma560_description
[0.634s] -- Installing: /home/ROS/ros_ws/src/puma560_description/install/puma560_description/share/puma560_description/environment/ament_prefix_path.sh
[0.634s] -- Installing: /home/ROS/ros_ws/src/puma560_description/install/puma560_description/share/puma560_description/environment/ament_prefix_path.dsv
[0.634s] -- Installing: /home/ROS/ros_ws/src/puma560_description/install/puma560_description/share/puma560_description/environment/path.sh
[0.634s] -- Installing: /home/ROS/ros_ws/src/puma560_description/install/puma560_description/share/puma560_description/environment/path.dsv
[0.634s] -- Installing: /home/ROS/ros_ws/src/puma560_description/install/puma560_description/share/puma560_description/local_setup.bash
[0.635s] -- Installing: /home/ROS/ros_ws/src/puma560_description/install/puma560_description/share/puma560_description/local_setup.sh
[0.635s] -- Installing: /home/ROS/ros_ws/src/puma560_description/install/puma560_description/share/puma560_description/local_setup.zsh
[0.635s] -- Installing: /home/ROS/ros_ws/src/puma560_description/install/puma560_description/share/puma560_description/local_setup.dsv
[0.635s] -- Installing: /home/ROS/ros_ws/src/puma560_description/install/puma560_description/share/puma560_description/package.dsv
[0.635s] -- Installing: /home/ROS/ros_ws/src/puma560_description/install/puma560_description/share/ament_index/resource_index/packages/puma560_description
[0.635s] -- Installing: /home/ROS/ros_ws/src/puma560_description/install/puma560_description/share/puma560_description/cmake/puma560_descriptionConfig.cmake
[0.635s] -- Installing: /home/ROS/ros_ws/src/puma560_description/install/puma560_description/share/puma560_description/cmake/puma560_descriptionConfig-version.cmake
[0.636s] -- Installing: /home/ROS/ros_ws/src/puma560_description/install/puma560_description/share/puma560_description/package.xml
[0.637s] Invoked command in '/home/ROS/ros_ws/src/puma560_description/build/puma560_description' returned '0': CMAKE_PREFIX_PATH=/opt/ros/humble /usr/bin/cmake --install /home/ROS/ros_ws/src/puma560_description/build/puma560_description
