[0.000000] (-) TimerEvent: {}
[0.000126] (puma560_description) JobQueued: {'identifier': 'puma560_description', 'dependencies': OrderedDict()}
[0.000152] (robot_description) JobQueued: {'identifier': 'robot_description', 'dependencies': OrderedDict()}
[0.000164] (puma560_description) JobStarted: {'identifier': 'puma560_description'}
[0.004248] (robot_description) JobStarted: {'identifier': 'robot_description'}
[0.006994] (puma560_description) JobProgress: {'identifier': 'puma560_description', 'progress': 'cmake'}
[0.007324] (puma560_description) JobProgress: {'identifier': 'puma560_description', 'progress': 'build'}
[0.007707] (puma560_description) Command: {'cmd': ['/usr/bin/cmake', '--build', '/home/ROS/ros2_ws/build/puma560_description', '--', '-j20', '-l20'], 'cwd': '/home/ROS/ros2_ws/build/puma560_description', 'env': OrderedDict([('HOSTNAME', 'thallys'), ('SHLVL', '1'), ('LIBGL_ALWAYS_SOFTWARE', '1'), ('LD_LIBRARY_PATH', '/opt/ros/humble/opt/rviz_ogre_vendor/lib:/opt/ros/humble/lib/x86_64-linux-gnu:/opt/ros/humble/lib'), ('HOME', '/home/ros2_ws'), ('ROS_PYTHON_VERSION', '3'), ('COLCON_PREFIX_PATH', '/home/ROS/ros2_ws/install'), ('ROS_DISTRO', 'humble'), ('_', '/usr/bin/colcon'), ('ROS_VERSION', '2'), ('TERM', 'xterm'), ('ROS_LOCALHOST_ONLY', '0'), ('QT_X11_NO_MITSHM', '1'), ('PATH', '/opt/ros/humble/bin:/usr/local/sbin:/usr/local/bin:/usr/sbin:/usr/bin:/sbin:/bin'), ('XDG_RUNTIME_DIR', '/tmp/runtime-ros_ws'), ('DISPLAY', ':1'), ('LANG', 'C.UTF-8'), ('AMENT_PREFIX_PATH', '/home/ROS/ros2_ws/install/robot_description:/home/ROS/ros2_ws/install/puma560_description:/opt/ros/humble'), ('PWD', '/home/ROS/ros2_ws/build/puma560_description'), ('LC_ALL', 'C.UTF-8'), ('PYTHONPATH', '/opt/ros/humble/lib/python3.10/site-packages:/opt/ros/humble/local/lib/python3.10/dist-packages'), ('NVIDIA_VISIBLE_DEVICES', 'all'), ('TZ', 'America/Sao_Paulo'), ('COLCON', '1'), ('CMAKE_PREFIX_PATH', '/home/ROS/ros2_ws/install/robot_description:/home/ROS/ros2_ws/install/puma560_description:/opt/ros/humble')]), 'shell': False}
[0.009843] (robot_description) JobProgress: {'identifier': 'robot_description', 'progress': 'cmake'}
[0.010144] (robot_description) JobProgress: {'identifier': 'robot_description', 'progress': 'build'}
[0.010345] (robot_description) Command: {'cmd': ['/usr/bin/cmake', '--build', '/home/ROS/ros2_ws/build/robot_description', '--', '-j20', '-l20'], 'cwd': '/home/ROS/ros2_ws/build/robot_description', 'env': OrderedDict([('HOSTNAME', 'thallys'), ('SHLVL', '1'), ('LIBGL_ALWAYS_SOFTWARE', '1'), ('LD_LIBRARY_PATH', '/opt/ros/humble/opt/rviz_ogre_vendor/lib:/opt/ros/humble/lib/x86_64-linux-gnu:/opt/ros/humble/lib'), ('HOME', '/home/ros2_ws'), ('ROS_PYTHON_VERSION', '3'), ('COLCON_PREFIX_PATH', '/home/ROS/ros2_ws/install'), ('ROS_DISTRO', 'humble'), ('_', '/usr/bin/colcon'), ('ROS_VERSION', '2'), ('TERM', 'xterm'), ('ROS_LOCALHOST_ONLY', '0'), ('QT_X11_NO_MITSHM', '1'), ('PATH', '/opt/ros/humble/bin:/usr/local/sbin:/usr/local/bin:/usr/sbin:/usr/bin:/sbin:/bin'), ('XDG_RUNTIME_DIR', '/tmp/runtime-ros_ws'), ('DISPLAY', ':1'), ('LANG', 'C.UTF-8'), ('AMENT_PREFIX_PATH', '/home/ROS/ros2_ws/install/robot_description:/home/ROS/ros2_ws/install/puma560_description:/opt/ros/humble'), ('PWD', '/home/ROS/ros2_ws/build/robot_description'), ('LC_ALL', 'C.UTF-8'), ('PYTHONPATH', '/opt/ros/humble/lib/python3.10/site-packages:/opt/ros/humble/local/lib/python3.10/dist-packages'), ('NVIDIA_VISIBLE_DEVICES', 'all'), ('TZ', 'America/Sao_Paulo'), ('COLCON', '1'), ('CMAKE_PREFIX_PATH', '/home/ROS/ros2_ws/install/robot_description:/home/ROS/ros2_ws/install/puma560_description:/opt/ros/humble')]), 'shell': False}
[0.030286] (puma560_description) CommandEnded: {'returncode': 0}
[0.031844] (robot_description) CommandEnded: {'returncode': 0}
[0.042669] (puma560_description) JobProgress: {'identifier': 'puma560_description', 'progress': 'install'}
[0.047856] (puma560_description) Command: {'cmd': ['/usr/bin/cmake', '--install', '/home/ROS/ros2_ws/build/puma560_description'], 'cwd': '/home/ROS/ros2_ws/build/puma560_description', 'env': OrderedDict([('HOSTNAME', 'thallys'), ('SHLVL', '1'), ('LIBGL_ALWAYS_SOFTWARE', '1'), ('LD_LIBRARY_PATH', '/opt/ros/humble/opt/rviz_ogre_vendor/lib:/opt/ros/humble/lib/x86_64-linux-gnu:/opt/ros/humble/lib'), ('HOME', '/home/ros2_ws'), ('ROS_PYTHON_VERSION', '3'), ('COLCON_PREFIX_PATH', '/home/ROS/ros2_ws/install'), ('ROS_DISTRO', 'humble'), ('_', '/usr/bin/colcon'), ('ROS_VERSION', '2'), ('TERM', 'xterm'), ('ROS_LOCALHOST_ONLY', '0'), ('QT_X11_NO_MITSHM', '1'), ('PATH', '/opt/ros/humble/bin:/usr/local/sbin:/usr/local/bin:/usr/sbin:/usr/bin:/sbin:/bin'), ('XDG_RUNTIME_DIR', '/tmp/runtime-ros_ws'), ('DISPLAY', ':1'), ('LANG', 'C.UTF-8'), ('AMENT_PREFIX_PATH', '/home/ROS/ros2_ws/install/robot_description:/home/ROS/ros2_ws/install/puma560_description:/opt/ros/humble'), ('PWD', '/home/ROS/ros2_ws/build/puma560_description'), ('LC_ALL', 'C.UTF-8'), ('PYTHONPATH', '/opt/ros/humble/lib/python3.10/site-packages:/opt/ros/humble/local/lib/python3.10/dist-packages'), ('NVIDIA_VISIBLE_DEVICES', 'all'), ('TZ', 'America/Sao_Paulo'), ('COLCON', '1'), ('CMAKE_PREFIX_PATH', '/home/ROS/ros2_ws/install/robot_description:/home/ROS/ros2_ws/install/puma560_description:/opt/ros/humble')]), 'shell': False}
[0.048995] (robot_description) JobProgress: {'identifier': 'robot_description', 'progress': 'install'}
[0.049763] (robot_description) Command: {'cmd': ['/usr/bin/cmake', '--install', '/home/ROS/ros2_ws/build/robot_description'], 'cwd': '/home/ROS/ros2_ws/build/robot_description', 'env': OrderedDict([('HOSTNAME', 'thallys'), ('SHLVL', '1'), ('LIBGL_ALWAYS_SOFTWARE', '1'), ('LD_LIBRARY_PATH', '/opt/ros/humble/opt/rviz_ogre_vendor/lib:/opt/ros/humble/lib/x86_64-linux-gnu:/opt/ros/humble/lib'), ('HOME', '/home/ros2_ws'), ('ROS_PYTHON_VERSION', '3'), ('COLCON_PREFIX_PATH', '/home/ROS/ros2_ws/install'), ('ROS_DISTRO', 'humble'), ('_', '/usr/bin/colcon'), ('ROS_VERSION', '2'), ('TERM', 'xterm'), ('ROS_LOCALHOST_ONLY', '0'), ('QT_X11_NO_MITSHM', '1'), ('PATH', '/opt/ros/humble/bin:/usr/local/sbin:/usr/local/bin:/usr/sbin:/usr/bin:/sbin:/bin'), ('XDG_RUNTIME_DIR', '/tmp/runtime-ros_ws'), ('DISPLAY', ':1'), ('LANG', 'C.UTF-8'), ('AMENT_PREFIX_PATH', '/home/ROS/ros2_ws/install/robot_description:/home/ROS/ros2_ws/install/puma560_description:/opt/ros/humble'), ('PWD', '/home/ROS/ros2_ws/build/robot_description'), ('LC_ALL', 'C.UTF-8'), ('PYTHONPATH', '/opt/ros/humble/lib/python3.10/site-packages:/opt/ros/humble/local/lib/python3.10/dist-packages'), ('NVIDIA_VISIBLE_DEVICES', 'all'), ('TZ', 'America/Sao_Paulo'), ('COLCON', '1'), ('CMAKE_PREFIX_PATH', '/home/ROS/ros2_ws/install/robot_description:/home/ROS/ros2_ws/install/puma560_description:/opt/ros/humble')]), 'shell': False}
[0.052593] (puma560_description) StdoutLine: {'line': b'-- Install configuration: ""\n'}
[0.052714] (puma560_description) StdoutLine: {'line': b'-- Up-to-date: /home/ROS/ros2_ws/install/puma560_description/share/puma560_description/launch\n'}
[0.052753] (puma560_description) StdoutLine: {'line': b'-- Up-to-date: /home/ROS/ros2_ws/install/puma560_description/share/puma560_description/launch/display.launch.py\n'}
[0.052785] (puma560_description) StdoutLine: {'line': b'-- Up-to-date: /home/ROS/ros2_ws/install/puma560_description/share/puma560_description/urdf\n'}
[0.052815] (puma560_description) StdoutLine: {'line': b'-- Up-to-date: /home/ROS/ros2_ws/install/puma560_description/share/puma560_description/urdf/description.txt\n'}
[0.052846] (puma560_description) StdoutLine: {'line': b'-- Up-to-date: /home/ROS/ros2_ws/install/puma560_description/share/puma560_description/urdf/puma560_description.xacro\n'}
[0.052875] (puma560_description) StdoutLine: {'line': b'-- Up-to-date: /home/ROS/ros2_ws/install/puma560_description/share/puma560_description/urdf/material.xacro\n'}
[0.052904] (puma560_description) StdoutLine: {'line': b'-- Up-to-date: /home/ROS/ros2_ws/install/puma560_description/share/puma560_description/config\n'}
[0.052934] (puma560_description) StdoutLine: {'line': b'-- Up-to-date: /home/ROS/ros2_ws/install/puma560_description/share/puma560_description/meshes\n'}
[0.052962] (puma560_description) StdoutLine: {'line': b'-- Up-to-date: /home/ROS/ros2_ws/install/puma560_description/share/puma560_description/meshes/link_4.STL\n'}
[0.052993] (puma560_description) StdoutLine: {'line': b'-- Up-to-date: /home/ROS/ros2_ws/install/puma560_description/share/puma560_description/meshes/link_2.STL\n'}
[0.053021] (puma560_description) StdoutLine: {'line': b'-- Up-to-date: /home/ROS/ros2_ws/install/puma560_description/share/puma560_description/meshes/link_3.STL\n'}
[0.053049] (puma560_description) StdoutLine: {'line': b'-- Up-to-date: /home/ROS/ros2_ws/install/puma560_description/share/puma560_description/meshes/link_1.STL\n'}
[0.053077] (puma560_description) StdoutLine: {'line': b'-- Up-to-date: /home/ROS/ros2_ws/install/puma560_description/share/puma560_description/meshes/base_link.STL\n'}
[0.053104] (puma560_description) StdoutLine: {'line': b'-- Up-to-date: /home/ROS/ros2_ws/install/puma560_description/share/puma560_description/meshes/link_5.STL\n'}
[0.053760] (puma560_description) StdoutLine: {'line': b'-- Up-to-date: /home/ROS/ros2_ws/install/puma560_description/share/puma560_description/rviz2\n'}
[0.054046] (puma560_description) StdoutLine: {'line': b'-- Up-to-date: /home/ROS/ros2_ws/install/puma560_description/share/puma560_description/rviz2/puma560_config.rviz\n'}
[0.054096] (puma560_description) StdoutLine: {'line': b'-- Up-to-date: /home/ROS/ros2_ws/install/puma560_description/share/ament_index/resource_index/package_run_dependencies/puma560_description\n'}
[0.054133] (puma560_description) StdoutLine: {'line': b'-- Up-to-date: /home/ROS/ros2_ws/install/puma560_description/share/ament_index/resource_index/parent_prefix_path/puma560_description\n'}
[0.054165] (puma560_description) StdoutLine: {'line': b'-- Up-to-date: /home/ROS/ros2_ws/install/puma560_description/share/puma560_description/environment/ament_prefix_path.sh\n'}
[0.054198] (puma560_description) StdoutLine: {'line': b'-- Up-to-date: /home/ROS/ros2_ws/install/puma560_description/share/puma560_description/environment/ament_prefix_path.dsv\n'}
[0.054230] (puma560_description) StdoutLine: {'line': b'-- Up-to-date: /home/ROS/ros2_ws/install/puma560_description/share/puma560_description/environment/path.sh\n'}
[0.054260] (puma560_description) StdoutLine: {'line': b'-- Up-to-date: /home/ROS/ros2_ws/install/puma560_description/share/puma560_description/environment/path.dsv\n'}
[0.054293] (puma560_description) StdoutLine: {'line': b'-- Up-to-date: /home/ROS/ros2_ws/install/puma560_description/share/puma560_description/local_setup.bash\n'}
[0.054323] (puma560_description) StdoutLine: {'line': b'-- Up-to-date: /home/ROS/ros2_ws/install/puma560_description/share/puma560_description/local_setup.sh\n'}
[0.054354] (puma560_description) StdoutLine: {'line': b'-- Up-to-date: /home/ROS/ros2_ws/install/puma560_description/share/puma560_description/local_setup.zsh\n'}
[0.054384] (puma560_description) StdoutLine: {'line': b'-- Up-to-date: /home/ROS/ros2_ws/install/puma560_description/share/puma560_description/local_setup.dsv\n'}
[0.054462] (puma560_description) StdoutLine: {'line': b'-- Installing: /home/ROS/ros2_ws/install/puma560_description/share/puma560_description/package.dsv\n'}
[0.054495] (puma560_description) StdoutLine: {'line': b'-- Up-to-date: /home/ROS/ros2_ws/install/puma560_description/share/ament_index/resource_index/packages/puma560_description\n'}
[0.054527] (puma560_description) StdoutLine: {'line': b'-- Up-to-date: /home/ROS/ros2_ws/install/puma560_description/share/puma560_description/cmake/puma560_descriptionConfig.cmake\n'}
[0.054885] (puma560_description) StdoutLine: {'line': b'-- Up-to-date: /home/ROS/ros2_ws/install/puma560_description/share/puma560_description/cmake/puma560_descriptionConfig-version.cmake\n'}
[0.054971] (puma560_description) StdoutLine: {'line': b'-- Up-to-date: /home/ROS/ros2_ws/install/puma560_description/share/puma560_description/package.xml\n'}
[0.055028] (robot_description) StdoutLine: {'line': b'-- Install configuration: ""\n'}
[0.055146] (robot_description) StdoutLine: {'line': b'-- Up-to-date: /home/ROS/ros2_ws/install/robot_description/share/robot_description/launch\n'}
[0.055207] (robot_description) StdoutLine: {'line': b'-- Up-to-date: /home/ROS/ros2_ws/install/robot_description/share/robot_description/launch/display.launch.py\n'}
[0.055249] (robot_description) StdoutLine: {'line': b'-- Up-to-date: /home/ROS/ros2_ws/install/robot_description/share/robot_description/launch/test.py\n'}
[0.055287] (robot_description) StdoutLine: {'line': b'-- Up-to-date: /home/ROS/ros2_ws/install/robot_description/share/robot_description/launch/display.launch.yaml\n'}
[0.055324] (robot_description) StdoutLine: {'line': b'-- Up-to-date: /home/ROS/ros2_ws/install/robot_description/share/robot_description/urdf\n'}
[0.055362] (robot_description) StdoutLine: {'line': b'-- Up-to-date: /home/ROS/ros2_ws/install/robot_description/share/robot_description/urdf/robot_example.urdf\n'}
[0.055400] (robot_description) StdoutLine: {'line': b'-- Up-to-date: /home/ROS/ros2_ws/install/robot_description/share/robot_description/config\n'}
[0.055438] (robot_description) StdoutLine: {'line': b'-- Up-to-date: /home/ROS/ros2_ws/install/robot_description/share/robot_description/config/config.rviz\n'}
[0.055475] (robot_description) StdoutLine: {'line': b'-- Up-to-date: /home/ROS/ros2_ws/install/robot_description/share/ament_index/resource_index/package_run_dependencies/robot_description\n'}
[0.055555] (robot_description) StdoutLine: {'line': b'-- Up-to-date: /home/ROS/ros2_ws/install/robot_description/share/ament_index/resource_index/parent_prefix_path/robot_description\n'}
[0.055626] (robot_description) StdoutLine: {'line': b'-- Up-to-date: /home/ROS/ros2_ws/install/robot_description/share/robot_description/environment/ament_prefix_path.sh\n'}
[0.055666] (robot_description) StdoutLine: {'line': b'-- Up-to-date: /home/ROS/ros2_ws/install/robot_description/share/robot_description/environment/ament_prefix_path.dsv\n'}
[0.055705] (robot_description) StdoutLine: {'line': b'-- Up-to-date: /home/ROS/ros2_ws/install/robot_description/share/robot_description/environment/path.sh\n'}
[0.055742] (robot_description) StdoutLine: {'line': b'-- Up-to-date: /home/ROS/ros2_ws/install/robot_description/share/robot_description/environment/path.dsv\n'}
[0.055782] (robot_description) StdoutLine: {'line': b'-- Up-to-date: /home/ROS/ros2_ws/install/robot_description/share/robot_description/local_setup.bash\n'}
[0.055824] (robot_description) StdoutLine: {'line': b'-- Up-to-date: /home/ROS/ros2_ws/install/robot_description/share/robot_description/local_setup.sh\n'}
[0.055863] (robot_description) StdoutLine: {'line': b'-- Up-to-date: /home/ROS/ros2_ws/install/robot_description/share/robot_description/local_setup.zsh\n'}
[0.055901] (robot_description) StdoutLine: {'line': b'-- Up-to-date: /home/ROS/ros2_ws/install/robot_description/share/robot_description/local_setup.dsv\n'}
[0.055952] (puma560_description) CommandEnded: {'returncode': 0}
[0.056122] (robot_description) StdoutLine: {'line': b'-- Installing: /home/ROS/ros2_ws/install/robot_description/share/robot_description/package.dsv\n'}
[0.056188] (robot_description) StdoutLine: {'line': b'-- Up-to-date: /home/ROS/ros2_ws/install/robot_description/share/ament_index/resource_index/packages/robot_description\n'}
[0.056230] (robot_description) StdoutLine: {'line': b'-- Up-to-date: /home/ROS/ros2_ws/install/robot_description/share/robot_description/cmake/robot_descriptionConfig.cmake\n'}
[0.056276] (robot_description) StdoutLine: {'line': b'-- Up-to-date: /home/ROS/ros2_ws/install/robot_description/share/robot_description/cmake/robot_descriptionConfig-version.cmake\n'}
[0.056315] (robot_description) StdoutLine: {'line': b'-- Up-to-date: /home/ROS/ros2_ws/install/robot_description/share/robot_description/package.xml\n'}
[0.063882] (robot_description) CommandEnded: {'returncode': 0}
[0.077190] (puma560_description) JobEnded: {'identifier': 'puma560_description', 'rc': 0}
[0.080529] (robot_description) JobEnded: {'identifier': 'robot_description', 'rc': 0}
[0.080892] (-) EventReactorShutdown: {}
