2024-09-20 18:32:35.398 [info] [principal] Nível de log: Info
2024-09-20 18:32:35.398 [info] [principal] Validando o git encontrado em: "git"
2024-09-20 18:32:35.398 [info] [principal] Usando git "2.34.1" de "git"
2024-09-20 18:32:35.398 [info] [Model][doInitialScan] Initial repository scan started
2024-09-20 18:32:35.398 [info] > git rev-parse --show-toplevel [1ms]
2024-09-20 18:32:35.398 [info] fatal: not a git repository (or any of the parent directories): .git
2024-09-20 18:32:35.398 [info] > git rev-parse --show-toplevel [2ms]
2024-09-20 18:32:35.398 [info] fatal: not a git repository (or any of the parent directories): .git
2024-09-20 18:32:35.399 [warning] [Model][traverseWorkspaceFolder] Unable to read workspace folder '/root': Error: EACCES: permission denied, scandir '/root'
2024-09-20 18:32:35.401 [info] > git rev-parse --show-toplevel [1ms]
2024-09-20 18:32:35.401 [info] fatal: not a git repository (or any of the parent directories): .git
2024-09-20 18:32:35.403 [info] > git rev-parse --show-toplevel [1ms]
2024-09-20 18:32:35.403 [info] fatal: not a git repository (or any parent up to mount point /)
Stopping at filesystem boundary (GIT_DISCOVERY_ACROSS_FILESYSTEM not set).
2024-09-20 18:32:35.405 [info] > git rev-parse --show-toplevel [0ms]
2024-09-20 18:32:35.405 [info] fatal: not a git repository (or any of the parent directories): .git
2024-09-20 18:32:35.407 [info] > git rev-parse --show-toplevel [0ms]
2024-09-20 18:32:35.407 [info] fatal: not a git repository (or any of the parent directories): .git
2024-09-20 18:32:35.409 [info] > git rev-parse --show-toplevel [0ms]
2024-09-20 18:32:35.409 [info] fatal: not a git repository (or any of the parent directories): .git
2024-09-20 18:32:35.412 [info] > git rev-parse --show-toplevel [2ms]
2024-09-20 18:32:35.412 [info] fatal: not a git repository (or any of the parent directories): .git
2024-09-20 18:32:35.415 [info] > git rev-parse --show-toplevel [0ms]
2024-09-20 18:32:35.415 [info] fatal: not a git repository (or any of the parent directories): .git
2024-09-20 18:32:35.418 [info] > git rev-parse --show-toplevel [2ms]
2024-09-20 18:32:35.418 [info] fatal: not a git repository (or any of the parent directories): .git
2024-09-20 18:32:35.420 [info] > git rev-parse --show-toplevel [1ms]
2024-09-20 18:32:35.420 [info] fatal: not a git repository (or any parent up to mount point /)
Stopping at filesystem boundary (GIT_DISCOVERY_ACROSS_FILESYSTEM not set).
2024-09-20 18:32:35.422 [info] > git rev-parse --show-toplevel [1ms]
2024-09-20 18:32:35.422 [info] fatal: not a git repository (or any of the parent directories): .git
2024-09-20 18:32:35.424 [info] > git rev-parse --show-toplevel [1ms]
2024-09-20 18:32:35.424 [info] fatal: not a git repository (or any of the parent directories): .git
2024-09-20 18:32:35.426 [info] > git rev-parse --show-toplevel [1ms]
2024-09-20 18:32:35.426 [info] fatal: not a git repository (or any parent up to mount point /)
Stopping at filesystem boundary (GIT_DISCOVERY_ACROSS_FILESYSTEM not set).
2024-09-20 18:32:35.427 [info] > git rev-parse --show-toplevel [0ms]
2024-09-20 18:32:35.427 [info] fatal: not a git repository (or any of the parent directories): .git
2024-09-20 18:32:35.429 [info] > git rev-parse --show-toplevel [1ms]
2024-09-20 18:32:35.429 [info] fatal: not a git repository (or any of the parent directories): .git
2024-09-20 18:32:35.431 [info] > git rev-parse --show-toplevel [0ms]
2024-09-20 18:32:35.431 [info] fatal: not a git repository (or any of the parent directories): .git
2024-09-20 18:32:35.432 [info] [Model][doInitialScan] Initial repository scan completed - repositories (0), closed repositories (0), parent repositories (0), unsafe repositories (0)
2024-09-20 18:32:36.609 [info] > git rev-parse --show-toplevel [1ms]
2024-09-20 18:32:36.609 [info] fatal: not a git repository (or any of the parent directories): .git
