[0.000000] (-) TimerEvent: {}
[0.000170] (dahora_cpp) JobQueued: {'identifier': 'dahora_cpp', 'dependencies': OrderedDict()}
[0.000420] (meu_pacote_cpp) JobQueued: {'identifier': 'meu_pacote_cpp', 'dependencies': OrderedDict()}
[0.000483] (pub_sub) JobQueued: {'identifier': 'pub_sub', 'dependencies': OrderedDict()}
[0.000502] (teste_cpp) JobQueued: {'identifier': 'teste_cpp', 'dependencies': OrderedDict()}
[0.000525] (dahora_cpp) JobStarted: {'identifier': 'dahora_cpp'}
[0.004222] (meu_pacote_cpp) JobStarted: {'identifier': 'meu_pacote_cpp'}
[0.006823] (pub_sub) JobStarted: {'identifier': 'pub_sub'}
[0.008488] (teste_cpp) JobStarted: {'identifier': 'teste_cpp'}
[0.010984] (dahora_cpp) JobProgress: {'identifier': 'dahora_cpp', 'progress': 'cmake'}
[0.011266] (dahora_cpp) JobProgress: {'identifier': 'dahora_cpp', 'progress': 'build'}
[0.011596] (dahora_cpp) Command: {'cmd': ['/usr/bin/cmake', '--build', '/home/ros2_ws/build/dahora_cpp', '--', '-j20', '-l20'], 'cwd': '/home/ros2_ws/build/dahora_cpp', 'env': OrderedDict([('HOSTNAME', 'thallys'), ('SHLVL', '1'), ('LD_LIBRARY_PATH', '/opt/ros/humble/opt/rviz_ogre_vendor/lib:/opt/ros/humble/lib/x86_64-linux-gnu:/opt/ros/humble/lib'), ('HOME', '/home/ros2_ws'), ('ROS_PYTHON_VERSION', '3'), ('COLCON_PREFIX_PATH', '/home/ros2_ws/install'), ('ROS_DISTRO', 'humble'), ('_', '/usr/bin/colcon'), ('ROS_VERSION', '2'), ('TERM', 'xterm'), ('ROS_LOCALHOST_ONLY', '0'), ('QT_X11_NO_MITSHM', '1'), ('PATH', '/opt/ros/humble/bin:/usr/local/sbin:/usr/local/bin:/usr/sbin:/usr/bin:/sbin:/bin'), ('XDG_RUNTIME_DIR', '/tmp/runtime-ros2_ws'), ('DISPLAY', ':1'), ('LANG', 'C.UTF-8'), ('AMENT_PREFIX_PATH', '/home/ros2_ws/install/teste_cpp:/home/ros2_ws/install/pub_sub:/home/ros2_ws/install/meu_pacote_cpp:/home/ros2_ws/install/dahora_cpp:/opt/ros/humble'), ('PWD', '/home/ros2_ws/build/dahora_cpp'), ('LC_ALL', 'C.UTF-8'), ('GAZEBO_PLUGIN_PATH', '/usr/lib/x86_64-linux-gnu/gazebo-11/plugins:'), ('PYTHONPATH', '/opt/ros/humble/lib/python3.10/site-packages:/opt/ros/humble/local/lib/python3.10/dist-packages'), ('TZ', 'America/Sao_Paulo'), ('COLCON', '1'), ('CMAKE_PREFIX_PATH', '/home/ros2_ws/install/teste_cpp:/home/ros2_ws/install/pub_sub:/home/ros2_ws/install/meu_pacote_cpp:/home/ros2_ws/install/dahora_cpp:/opt/ros/humble')]), 'shell': False}
[0.012958] (meu_pacote_cpp) JobProgress: {'identifier': 'meu_pacote_cpp', 'progress': 'cmake'}
[0.013113] (meu_pacote_cpp) JobProgress: {'identifier': 'meu_pacote_cpp', 'progress': 'build'}
[0.013293] (meu_pacote_cpp) Command: {'cmd': ['/usr/bin/cmake', '--build', '/home/ros2_ws/build/meu_pacote_cpp', '--', '-j20', '-l20'], 'cwd': '/home/ros2_ws/build/meu_pacote_cpp', 'env': OrderedDict([('HOSTNAME', 'thallys'), ('SHLVL', '1'), ('LD_LIBRARY_PATH', '/opt/ros/humble/opt/rviz_ogre_vendor/lib:/opt/ros/humble/lib/x86_64-linux-gnu:/opt/ros/humble/lib'), ('HOME', '/home/ros2_ws'), ('ROS_PYTHON_VERSION', '3'), ('COLCON_PREFIX_PATH', '/home/ros2_ws/install'), ('ROS_DISTRO', 'humble'), ('_', '/usr/bin/colcon'), ('ROS_VERSION', '2'), ('TERM', 'xterm'), ('ROS_LOCALHOST_ONLY', '0'), ('QT_X11_NO_MITSHM', '1'), ('PATH', '/opt/ros/humble/bin:/usr/local/sbin:/usr/local/bin:/usr/sbin:/usr/bin:/sbin:/bin'), ('XDG_RUNTIME_DIR', '/tmp/runtime-ros2_ws'), ('DISPLAY', ':1'), ('LANG', 'C.UTF-8'), ('AMENT_PREFIX_PATH', '/home/ros2_ws/install/teste_cpp:/home/ros2_ws/install/pub_sub:/home/ros2_ws/install/meu_pacote_cpp:/home/ros2_ws/install/dahora_cpp:/opt/ros/humble'), ('PWD', '/home/ros2_ws/build/meu_pacote_cpp'), ('LC_ALL', 'C.UTF-8'), ('GAZEBO_PLUGIN_PATH', '/usr/lib/x86_64-linux-gnu/gazebo-11/plugins:'), ('PYTHONPATH', '/opt/ros/humble/lib/python3.10/site-packages:/opt/ros/humble/local/lib/python3.10/dist-packages'), ('TZ', 'America/Sao_Paulo'), ('COLCON', '1'), ('CMAKE_PREFIX_PATH', '/home/ros2_ws/install/teste_cpp:/home/ros2_ws/install/pub_sub:/home/ros2_ws/install/meu_pacote_cpp:/home/ros2_ws/install/dahora_cpp:/opt/ros/humble')]), 'shell': False}
[0.014220] (pub_sub) JobProgress: {'identifier': 'pub_sub', 'progress': 'cmake'}
[0.014245] (pub_sub) JobProgress: {'identifier': 'pub_sub', 'progress': 'build'}
[0.014563] (pub_sub) Command: {'cmd': ['/usr/bin/cmake', '--build', '/home/ros2_ws/build/pub_sub', '--', '-j20', '-l20'], 'cwd': '/home/ros2_ws/build/pub_sub', 'env': OrderedDict([('HOSTNAME', 'thallys'), ('SHLVL', '1'), ('LD_LIBRARY_PATH', '/opt/ros/humble/opt/rviz_ogre_vendor/lib:/opt/ros/humble/lib/x86_64-linux-gnu:/opt/ros/humble/lib'), ('HOME', '/home/ros2_ws'), ('ROS_PYTHON_VERSION', '3'), ('COLCON_PREFIX_PATH', '/home/ros2_ws/install'), ('ROS_DISTRO', 'humble'), ('_', '/usr/bin/colcon'), ('ROS_VERSION', '2'), ('TERM', 'xterm'), ('ROS_LOCALHOST_ONLY', '0'), ('QT_X11_NO_MITSHM', '1'), ('PATH', '/opt/ros/humble/bin:/usr/local/sbin:/usr/local/bin:/usr/sbin:/usr/bin:/sbin:/bin'), ('XDG_RUNTIME_DIR', '/tmp/runtime-ros2_ws'), ('DISPLAY', ':1'), ('LANG', 'C.UTF-8'), ('AMENT_PREFIX_PATH', '/home/ros2_ws/install/teste_cpp:/home/ros2_ws/install/pub_sub:/home/ros2_ws/install/meu_pacote_cpp:/home/ros2_ws/install/dahora_cpp:/opt/ros/humble'), ('PWD', '/home/ros2_ws/build/pub_sub'), ('LC_ALL', 'C.UTF-8'), ('GAZEBO_PLUGIN_PATH', '/usr/lib/x86_64-linux-gnu/gazebo-11/plugins:'), ('PYTHONPATH', '/opt/ros/humble/lib/python3.10/site-packages:/opt/ros/humble/local/lib/python3.10/dist-packages'), ('TZ', 'America/Sao_Paulo'), ('COLCON', '1'), ('CMAKE_PREFIX_PATH', '/home/ros2_ws/install/teste_cpp:/home/ros2_ws/install/pub_sub:/home/ros2_ws/install/meu_pacote_cpp:/home/ros2_ws/install/dahora_cpp:/opt/ros/humble')]), 'shell': False}
[0.015978] (teste_cpp) JobProgress: {'identifier': 'teste_cpp', 'progress': 'cmake'}
[0.016205] (teste_cpp) JobProgress: {'identifier': 'teste_cpp', 'progress': 'build'}
[0.016379] (teste_cpp) Command: {'cmd': ['/usr/bin/cmake', '--build', '/home/ros2_ws/build/teste_cpp', '--', '-j20', '-l20'], 'cwd': '/home/ros2_ws/build/teste_cpp', 'env': OrderedDict([('HOSTNAME', 'thallys'), ('SHLVL', '1'), ('LD_LIBRARY_PATH', '/opt/ros/humble/opt/rviz_ogre_vendor/lib:/opt/ros/humble/lib/x86_64-linux-gnu:/opt/ros/humble/lib'), ('HOME', '/home/ros2_ws'), ('ROS_PYTHON_VERSION', '3'), ('COLCON_PREFIX_PATH', '/home/ros2_ws/install'), ('ROS_DISTRO', 'humble'), ('_', '/usr/bin/colcon'), ('ROS_VERSION', '2'), ('TERM', 'xterm'), ('ROS_LOCALHOST_ONLY', '0'), ('QT_X11_NO_MITSHM', '1'), ('PATH', '/opt/ros/humble/bin:/usr/local/sbin:/usr/local/bin:/usr/sbin:/usr/bin:/sbin:/bin'), ('XDG_RUNTIME_DIR', '/tmp/runtime-ros2_ws'), ('DISPLAY', ':1'), ('LANG', 'C.UTF-8'), ('AMENT_PREFIX_PATH', '/home/ros2_ws/install/teste_cpp:/home/ros2_ws/install/pub_sub:/home/ros2_ws/install/meu_pacote_cpp:/home/ros2_ws/install/dahora_cpp:/opt/ros/humble'), ('PWD', '/home/ros2_ws/build/teste_cpp'), ('LC_ALL', 'C.UTF-8'), ('GAZEBO_PLUGIN_PATH', '/usr/lib/x86_64-linux-gnu/gazebo-11/plugins:'), ('PYTHONPATH', '/opt/ros/humble/lib/python3.10/site-packages:/opt/ros/humble/local/lib/python3.10/dist-packages'), ('TZ', 'America/Sao_Paulo'), ('COLCON', '1'), ('CMAKE_PREFIX_PATH', '/home/ros2_ws/install/teste_cpp:/home/ros2_ws/install/pub_sub:/home/ros2_ws/install/meu_pacote_cpp:/home/ros2_ws/install/dahora_cpp:/opt/ros/humble')]), 'shell': False}
[0.032798] (dahora_cpp) StdoutLine: {'line': b'-- Found ament_cmake: 1.3.10 (/opt/ros/humble/share/ament_cmake/cmake)\n'}
[0.038536] (meu_pacote_cpp) CommandEnded: {'returncode': 0}
[0.041292] (pub_sub) StdoutLine: {'line': b'\x1b[35m\x1b[1mConsolidate compiler generated dependencies of target publicador_cpp\x1b[0m\n'}
[0.041779] (teste_cpp) CommandEnded: {'returncode': 0}
[0.051907] (meu_pacote_cpp) JobProgress: {'identifier': 'meu_pacote_cpp', 'progress': 'install'}
[0.054315] (pub_sub) StdoutLine: {'line': b'[100%] Built target publicador_cpp\n'}
[0.056438] (meu_pacote_cpp) Command: {'cmd': ['/usr/bin/cmake', '--install', '/home/ros2_ws/build/meu_pacote_cpp'], 'cwd': '/home/ros2_ws/build/meu_pacote_cpp', 'env': OrderedDict([('HOSTNAME', 'thallys'), ('SHLVL', '1'), ('LD_LIBRARY_PATH', '/opt/ros/humble/opt/rviz_ogre_vendor/lib:/opt/ros/humble/lib/x86_64-linux-gnu:/opt/ros/humble/lib'), ('HOME', '/home/ros2_ws'), ('ROS_PYTHON_VERSION', '3'), ('COLCON_PREFIX_PATH', '/home/ros2_ws/install'), ('ROS_DISTRO', 'humble'), ('_', '/usr/bin/colcon'), ('ROS_VERSION', '2'), ('TERM', 'xterm'), ('ROS_LOCALHOST_ONLY', '0'), ('QT_X11_NO_MITSHM', '1'), ('PATH', '/opt/ros/humble/bin:/usr/local/sbin:/usr/local/bin:/usr/sbin:/usr/bin:/sbin:/bin'), ('XDG_RUNTIME_DIR', '/tmp/runtime-ros2_ws'), ('DISPLAY', ':1'), ('LANG', 'C.UTF-8'), ('AMENT_PREFIX_PATH', '/home/ros2_ws/install/teste_cpp:/home/ros2_ws/install/pub_sub:/home/ros2_ws/install/meu_pacote_cpp:/home/ros2_ws/install/dahora_cpp:/opt/ros/humble'), ('PWD', '/home/ros2_ws/build/meu_pacote_cpp'), ('LC_ALL', 'C.UTF-8'), ('GAZEBO_PLUGIN_PATH', '/usr/lib/x86_64-linux-gnu/gazebo-11/plugins:'), ('PYTHONPATH', '/opt/ros/humble/lib/python3.10/site-packages:/opt/ros/humble/local/lib/python3.10/dist-packages'), ('TZ', 'America/Sao_Paulo'), ('COLCON', '1'), ('CMAKE_PREFIX_PATH', '/home/ros2_ws/install/teste_cpp:/home/ros2_ws/install/pub_sub:/home/ros2_ws/install/meu_pacote_cpp:/home/ros2_ws/install/dahora_cpp:/opt/ros/humble')]), 'shell': False}
[0.057416] (teste_cpp) JobProgress: {'identifier': 'teste_cpp', 'progress': 'install'}
[0.057736] (teste_cpp) Command: {'cmd': ['/usr/bin/cmake', '--install', '/home/ros2_ws/build/teste_cpp'], 'cwd': '/home/ros2_ws/build/teste_cpp', 'env': OrderedDict([('HOSTNAME', 'thallys'), ('SHLVL', '1'), ('LD_LIBRARY_PATH', '/opt/ros/humble/opt/rviz_ogre_vendor/lib:/opt/ros/humble/lib/x86_64-linux-gnu:/opt/ros/humble/lib'), ('HOME', '/home/ros2_ws'), ('ROS_PYTHON_VERSION', '3'), ('COLCON_PREFIX_PATH', '/home/ros2_ws/install'), ('ROS_DISTRO', 'humble'), ('_', '/usr/bin/colcon'), ('ROS_VERSION', '2'), ('TERM', 'xterm'), ('ROS_LOCALHOST_ONLY', '0'), ('QT_X11_NO_MITSHM', '1'), ('PATH', '/opt/ros/humble/bin:/usr/local/sbin:/usr/local/bin:/usr/sbin:/usr/bin:/sbin:/bin'), ('XDG_RUNTIME_DIR', '/tmp/runtime-ros2_ws'), ('DISPLAY', ':1'), ('LANG', 'C.UTF-8'), ('AMENT_PREFIX_PATH', '/home/ros2_ws/install/teste_cpp:/home/ros2_ws/install/pub_sub:/home/ros2_ws/install/meu_pacote_cpp:/home/ros2_ws/install/dahora_cpp:/opt/ros/humble'), ('PWD', '/home/ros2_ws/build/teste_cpp'), ('LC_ALL', 'C.UTF-8'), ('GAZEBO_PLUGIN_PATH', '/usr/lib/x86_64-linux-gnu/gazebo-11/plugins:'), ('PYTHONPATH', '/opt/ros/humble/lib/python3.10/site-packages:/opt/ros/humble/local/lib/python3.10/dist-packages'), ('TZ', 'America/Sao_Paulo'), ('COLCON', '1'), ('CMAKE_PREFIX_PATH', '/home/ros2_ws/install/teste_cpp:/home/ros2_ws/install/pub_sub:/home/ros2_ws/install/meu_pacote_cpp:/home/ros2_ws/install/dahora_cpp:/opt/ros/humble')]), 'shell': False}
[0.061251] (pub_sub) CommandEnded: {'returncode': 0}
[0.061603] (teste_cpp) StdoutLine: {'line': b'-- Install configuration: ""\n'}
[0.061866] (meu_pacote_cpp) StdoutLine: {'line': b'-- Install configuration: ""\n'}
[0.061963] (teste_cpp) StdoutLine: {'line': b'-- Up-to-date: /home/ros2_ws/install/teste_cpp/share/ament_index/resource_index/package_run_dependencies/teste_cpp\n'}
[0.061994] (teste_cpp) StdoutLine: {'line': b'-- Up-to-date: /home/ros2_ws/install/teste_cpp/share/ament_index/resource_index/parent_prefix_path/teste_cpp\n'}
[0.062020] (teste_cpp) StdoutLine: {'line': b'-- Up-to-date: /home/ros2_ws/install/teste_cpp/share/teste_cpp/environment/ament_prefix_path.sh\n'}
[0.062045] (teste_cpp) StdoutLine: {'line': b'-- Up-to-date: /home/ros2_ws/install/teste_cpp/share/teste_cpp/environment/ament_prefix_path.dsv\n'}
[0.062070] (teste_cpp) StdoutLine: {'line': b'-- Up-to-date: /home/ros2_ws/install/teste_cpp/share/teste_cpp/environment/path.sh\n'}
[0.062094] (teste_cpp) StdoutLine: {'line': b'-- Up-to-date: /home/ros2_ws/install/teste_cpp/share/teste_cpp/environment/path.dsv\n'}
[0.062121] (teste_cpp) StdoutLine: {'line': b'-- Up-to-date: /home/ros2_ws/install/teste_cpp/share/teste_cpp/local_setup.bash\n'}
[0.062145] (teste_cpp) StdoutLine: {'line': b'-- Up-to-date: /home/ros2_ws/install/teste_cpp/share/teste_cpp/local_setup.sh\n'}
[0.062167] (teste_cpp) StdoutLine: {'line': b'-- Up-to-date: /home/ros2_ws/install/teste_cpp/share/teste_cpp/local_setup.zsh\n'}
[0.062190] (teste_cpp) StdoutLine: {'line': b'-- Up-to-date: /home/ros2_ws/install/teste_cpp/share/teste_cpp/local_setup.dsv\n'}
[0.062512] (teste_cpp) StdoutLine: {'line': b'-- Up-to-date: /home/ros2_ws/install/teste_cpp/share/teste_cpp/package.dsv\n'}
[0.062539] (teste_cpp) StdoutLine: {'line': b'-- Up-to-date: /home/ros2_ws/install/teste_cpp/share/ament_index/resource_index/packages/teste_cpp\n'}
[0.062566] (teste_cpp) StdoutLine: {'line': b'-- Up-to-date: /home/ros2_ws/install/teste_cpp/share/teste_cpp/cmake/teste_cppConfig.cmake\n'}
[0.062594] (teste_cpp) StdoutLine: {'line': b'-- Up-to-date: /home/ros2_ws/install/teste_cpp/share/teste_cpp/cmake/teste_cppConfig-version.cmake\n'}
[0.062618] (teste_cpp) StdoutLine: {'line': b'-- Up-to-date: /home/ros2_ws/install/teste_cpp/share/teste_cpp/package.xml\n'}
[0.062644] (meu_pacote_cpp) StdoutLine: {'line': b'-- Up-to-date: /home/ros2_ws/install/meu_pacote_cpp/share/ament_index/resource_index/package_run_dependencies/meu_pacote_cpp\n'}
[0.062669] (meu_pacote_cpp) StdoutLine: {'line': b'-- Up-to-date: /home/ros2_ws/install/meu_pacote_cpp/share/ament_index/resource_index/parent_prefix_path/meu_pacote_cpp\n'}
[0.062693] (meu_pacote_cpp) StdoutLine: {'line': b'-- Up-to-date: /home/ros2_ws/install/meu_pacote_cpp/share/meu_pacote_cpp/environment/ament_prefix_path.sh\n'}
[0.062716] (meu_pacote_cpp) StdoutLine: {'line': b'-- Up-to-date: /home/ros2_ws/install/meu_pacote_cpp/share/meu_pacote_cpp/environment/ament_prefix_path.dsv\n'}
[0.062739] (meu_pacote_cpp) StdoutLine: {'line': b'-- Up-to-date: /home/ros2_ws/install/meu_pacote_cpp/share/meu_pacote_cpp/environment/path.sh\n'}
[0.062762] (meu_pacote_cpp) StdoutLine: {'line': b'-- Up-to-date: /home/ros2_ws/install/meu_pacote_cpp/share/meu_pacote_cpp/environment/path.dsv\n'}
[0.062821] (meu_pacote_cpp) StdoutLine: {'line': b'-- Up-to-date: /home/ros2_ws/install/meu_pacote_cpp/share/meu_pacote_cpp/local_setup.bash\n'}
[0.062845] (meu_pacote_cpp) StdoutLine: {'line': b'-- Up-to-date: /home/ros2_ws/install/meu_pacote_cpp/share/meu_pacote_cpp/local_setup.sh\n'}
[0.062867] (meu_pacote_cpp) StdoutLine: {'line': b'-- Up-to-date: /home/ros2_ws/install/meu_pacote_cpp/share/meu_pacote_cpp/local_setup.zsh\n'}
[0.062889] (meu_pacote_cpp) StdoutLine: {'line': b'-- Up-to-date: /home/ros2_ws/install/meu_pacote_cpp/share/meu_pacote_cpp/local_setup.dsv\n'}
[0.062913] (meu_pacote_cpp) StdoutLine: {'line': b'-- Up-to-date: /home/ros2_ws/install/meu_pacote_cpp/share/meu_pacote_cpp/package.dsv\n'}
[0.062937] (meu_pacote_cpp) StdoutLine: {'line': b'-- Up-to-date: /home/ros2_ws/install/meu_pacote_cpp/share/ament_index/resource_index/packages/meu_pacote_cpp\n'}
[0.062960] (meu_pacote_cpp) StdoutLine: {'line': b'-- Up-to-date: /home/ros2_ws/install/meu_pacote_cpp/share/meu_pacote_cpp/cmake/meu_pacote_cppConfig.cmake\n'}
[0.062981] (meu_pacote_cpp) StdoutLine: {'line': b'-- Up-to-date: /home/ros2_ws/install/meu_pacote_cpp/share/meu_pacote_cpp/cmake/meu_pacote_cppConfig-version.cmake\n'}
[0.063003] (meu_pacote_cpp) StdoutLine: {'line': b'-- Up-to-date: /home/ros2_ws/install/meu_pacote_cpp/share/meu_pacote_cpp/package.xml\n'}
[0.063707] (meu_pacote_cpp) CommandEnded: {'returncode': 0}
[0.069592] (teste_cpp) CommandEnded: {'returncode': 0}
[0.077097] (pub_sub) JobProgress: {'identifier': 'pub_sub', 'progress': 'install'}
[0.077230] (pub_sub) Command: {'cmd': ['/usr/bin/cmake', '--install', '/home/ros2_ws/build/pub_sub'], 'cwd': '/home/ros2_ws/build/pub_sub', 'env': OrderedDict([('HOSTNAME', 'thallys'), ('SHLVL', '1'), ('LD_LIBRARY_PATH', '/opt/ros/humble/opt/rviz_ogre_vendor/lib:/opt/ros/humble/lib/x86_64-linux-gnu:/opt/ros/humble/lib'), ('HOME', '/home/ros2_ws'), ('ROS_PYTHON_VERSION', '3'), ('COLCON_PREFIX_PATH', '/home/ros2_ws/install'), ('ROS_DISTRO', 'humble'), ('_', '/usr/bin/colcon'), ('ROS_VERSION', '2'), ('TERM', 'xterm'), ('ROS_LOCALHOST_ONLY', '0'), ('QT_X11_NO_MITSHM', '1'), ('PATH', '/opt/ros/humble/bin:/usr/local/sbin:/usr/local/bin:/usr/sbin:/usr/bin:/sbin:/bin'), ('XDG_RUNTIME_DIR', '/tmp/runtime-ros2_ws'), ('DISPLAY', ':1'), ('LANG', 'C.UTF-8'), ('AMENT_PREFIX_PATH', '/home/ros2_ws/install/teste_cpp:/home/ros2_ws/install/pub_sub:/home/ros2_ws/install/meu_pacote_cpp:/home/ros2_ws/install/dahora_cpp:/opt/ros/humble'), ('PWD', '/home/ros2_ws/build/pub_sub'), ('LC_ALL', 'C.UTF-8'), ('GAZEBO_PLUGIN_PATH', '/usr/lib/x86_64-linux-gnu/gazebo-11/plugins:'), ('PYTHONPATH', '/opt/ros/humble/lib/python3.10/site-packages:/opt/ros/humble/local/lib/python3.10/dist-packages'), ('TZ', 'America/Sao_Paulo'), ('COLCON', '1'), ('CMAKE_PREFIX_PATH', '/home/ros2_ws/install/teste_cpp:/home/ros2_ws/install/pub_sub:/home/ros2_ws/install/meu_pacote_cpp:/home/ros2_ws/install/dahora_cpp:/opt/ros/humble')]), 'shell': False}
[0.081900] (pub_sub) StdoutLine: {'line': b'-- Install configuration: ""\n'}
[0.081981] (pub_sub) StdoutLine: {'line': b'-- Up-to-date: /home/ros2_ws/install/pub_sub/lib/pub_sub/publicador_cpp\n'}
[0.082020] (pub_sub) StdoutLine: {'line': b'-- Up-to-date: /home/ros2_ws/install/pub_sub/share/ament_index/resource_index/package_run_dependencies/pub_sub\n'}
[0.082083] (pub_sub) StdoutLine: {'line': b'-- Up-to-date: /home/ros2_ws/install/pub_sub/share/ament_index/resource_index/parent_prefix_path/pub_sub\n'}
[0.082112] (pub_sub) StdoutLine: {'line': b'-- Up-to-date: /home/ros2_ws/install/pub_sub/share/pub_sub/environment/ament_prefix_path.sh\n'}
[0.082136] (pub_sub) StdoutLine: {'line': b'-- Up-to-date: /home/ros2_ws/install/pub_sub/share/pub_sub/environment/ament_prefix_path.dsv\n'}
[0.082160] (pub_sub) StdoutLine: {'line': b'-- Up-to-date: /home/ros2_ws/install/pub_sub/share/pub_sub/environment/path.sh\n'}
[0.082184] (pub_sub) StdoutLine: {'line': b'-- Up-to-date: /home/ros2_ws/install/pub_sub/share/pub_sub/environment/path.dsv\n'}
[0.082208] (pub_sub) StdoutLine: {'line': b'-- Up-to-date: /home/ros2_ws/install/pub_sub/share/pub_sub/local_setup.bash\n'}
[0.082263] (pub_sub) StdoutLine: {'line': b'-- Up-to-date: /home/ros2_ws/install/pub_sub/share/pub_sub/local_setup.sh\n'}
[0.082360] (pub_sub) StdoutLine: {'line': b'-- Up-to-date: /home/ros2_ws/install/pub_sub/share/pub_sub/local_setup.zsh\n'}
[0.082386] (pub_sub) StdoutLine: {'line': b'-- Up-to-date: /home/ros2_ws/install/pub_sub/share/pub_sub/local_setup.dsv\n'}
[0.082412] (pub_sub) StdoutLine: {'line': b'-- Installing: /home/ros2_ws/install/pub_sub/share/pub_sub/package.dsv\n'}
[0.082437] (pub_sub) StdoutLine: {'line': b'-- Up-to-date: /home/ros2_ws/install/pub_sub/share/ament_index/resource_index/packages/pub_sub\n'}
[0.082463] (pub_sub) StdoutLine: {'line': b'-- Up-to-date: /home/ros2_ws/install/pub_sub/share/pub_sub/cmake/pub_subConfig.cmake\n'}
[0.082509] (pub_sub) StdoutLine: {'line': b'-- Up-to-date: /home/ros2_ws/install/pub_sub/share/pub_sub/cmake/pub_subConfig-version.cmake\n'}
[0.082547] (pub_sub) StdoutLine: {'line': b'-- Up-to-date: /home/ros2_ws/install/pub_sub/share/pub_sub/package.xml\n'}
[0.083269] (pub_sub) CommandEnded: {'returncode': 0}
[0.090140] (meu_pacote_cpp) JobEnded: {'identifier': 'meu_pacote_cpp', 'rc': 0}
[0.092867] (teste_cpp) JobEnded: {'identifier': 'teste_cpp', 'rc': 0}
[0.099877] (-) TimerEvent: {}
[0.104812] (pub_sub) JobEnded: {'identifier': 'pub_sub', 'rc': 0}
[0.112003] (dahora_cpp) StdoutLine: {'line': b'-- Found rclcpp: 16.0.10 (/opt/ros/humble/share/rclcpp/cmake)\n'}
[0.126457] (dahora_cpp) StdoutLine: {'line': b'-- Found rosidl_generator_c: 3.1.5 (/opt/ros/humble/share/rosidl_generator_c/cmake)\n'}
[0.127741] (dahora_cpp) StdoutLine: {'line': b'-- Found rosidl_adapter: 3.1.5 (/opt/ros/humble/share/rosidl_adapter/cmake)\n'}
[0.130550] (dahora_cpp) StdoutLine: {'line': b'-- Found rosidl_generator_cpp: 3.1.5 (/opt/ros/humble/share/rosidl_generator_cpp/cmake)\n'}
[0.135297] (dahora_cpp) StdoutLine: {'line': b'-- Using all available rosidl_typesupport_c: rosidl_typesupport_fastrtps_c;rosidl_typesupport_introspection_c\n'}
[0.141530] (dahora_cpp) StdoutLine: {'line': b'-- Using all available rosidl_typesupport_cpp: rosidl_typesupport_fastrtps_cpp;rosidl_typesupport_introspection_cpp\n'}
[0.158190] (dahora_cpp) StdoutLine: {'line': b'-- Found rmw_implementation_cmake: 6.1.2 (/opt/ros/humble/share/rmw_implementation_cmake/cmake)\n'}
[0.158891] (dahora_cpp) StdoutLine: {'line': b'-- Found rmw_fastrtps_cpp: 6.2.7 (/opt/ros/humble/share/rmw_fastrtps_cpp/cmake)\n'}
[0.199982] (-) TimerEvent: {}
[0.232207] (dahora_cpp) StdoutLine: {'line': b"-- Using RMW implementation 'rmw_fastrtps_cpp' as default\n"}
[0.261407] (dahora_cpp) StdoutLine: {'line': b'-- Found ament_lint_auto: 0.12.11 (/opt/ros/humble/share/ament_lint_auto/cmake)\n'}
[0.293317] (dahora_cpp) StdoutLine: {'line': b"-- Added test 'cppcheck' to perform static code analysis on C / C++ code\n"}
[0.293402] (dahora_cpp) StdoutLine: {'line': b'-- Configured cppcheck include dirs: \n'}
[0.293429] (dahora_cpp) StdoutLine: {'line': b'-- Configured cppcheck exclude dirs and/or files: \n'}
[0.293559] (dahora_cpp) StdoutLine: {'line': b"-- Added test 'lint_cmake' to check CMake code style\n"}
[0.293954] (dahora_cpp) StdoutLine: {'line': b"-- Added test 'uncrustify' to check C / C++ code style\n"}
[0.294048] (dahora_cpp) StdoutLine: {'line': b'-- Configured uncrustify additional arguments: \n'}
[0.294076] (dahora_cpp) StdoutLine: {'line': b"-- Added test 'xmllint' to check XML markup files\n"}
[0.294370] (dahora_cpp) StdoutLine: {'line': b'-- Configuring done\n'}
[0.298331] (dahora_cpp) StdoutLine: {'line': b'-- Generating done\n'}
[0.298911] (dahora_cpp) StdoutLine: {'line': b'-- Build files have been written to: /home/ros2_ws/build/dahora_cpp\n'}
[0.300070] (-) TimerEvent: {}
[0.330501] (dahora_cpp) StdoutLine: {'line': b'[ 50%] \x1b[32mBuilding CXX object CMakeFiles/publicador.dir/src/publicador.cpp.o\x1b[0m\n'}
[0.400294] (-) TimerEvent: {}
[0.500498] (-) TimerEvent: {}
[0.600700] (-) TimerEvent: {}
[0.700931] (-) TimerEvent: {}
[0.801242] (-) TimerEvent: {}
[0.901523] (-) TimerEvent: {}
[1.001883] (-) TimerEvent: {}
[1.102189] (-) TimerEvent: {}
[1.202506] (-) TimerEvent: {}
[1.302697] (-) TimerEvent: {}
[1.403007] (-) TimerEvent: {}
[1.503305] (-) TimerEvent: {}
[1.603612] (-) TimerEvent: {}
[1.703828] (-) TimerEvent: {}
[1.804168] (-) TimerEvent: {}
[1.904373] (-) TimerEvent: {}
[2.004670] (-) TimerEvent: {}
[2.104969] (-) TimerEvent: {}
[2.205278] (-) TimerEvent: {}
[2.254957] (dahora_cpp) StdoutLine: {'line': b'[100%] \x1b[32m\x1b[1mLinking CXX executable publicador\x1b[0m\n'}
[2.305510] (-) TimerEvent: {}
[2.340051] (dahora_cpp) StdoutLine: {'line': b'[100%] Built target publicador\n'}
[2.350819] (dahora_cpp) CommandEnded: {'returncode': 0}
[2.380114] (dahora_cpp) JobProgress: {'identifier': 'dahora_cpp', 'progress': 'install'}
[2.381321] (dahora_cpp) Command: {'cmd': ['/usr/bin/cmake', '--install', '/home/ros2_ws/build/dahora_cpp'], 'cwd': '/home/ros2_ws/build/dahora_cpp', 'env': OrderedDict([('HOSTNAME', 'thallys'), ('SHLVL', '1'), ('LD_LIBRARY_PATH', '/opt/ros/humble/opt/rviz_ogre_vendor/lib:/opt/ros/humble/lib/x86_64-linux-gnu:/opt/ros/humble/lib'), ('HOME', '/home/ros2_ws'), ('ROS_PYTHON_VERSION', '3'), ('COLCON_PREFIX_PATH', '/home/ros2_ws/install'), ('ROS_DISTRO', 'humble'), ('_', '/usr/bin/colcon'), ('ROS_VERSION', '2'), ('TERM', 'xterm'), ('ROS_LOCALHOST_ONLY', '0'), ('QT_X11_NO_MITSHM', '1'), ('PATH', '/opt/ros/humble/bin:/usr/local/sbin:/usr/local/bin:/usr/sbin:/usr/bin:/sbin:/bin'), ('XDG_RUNTIME_DIR', '/tmp/runtime-ros2_ws'), ('DISPLAY', ':1'), ('LANG', 'C.UTF-8'), ('AMENT_PREFIX_PATH', '/home/ros2_ws/install/teste_cpp:/home/ros2_ws/install/pub_sub:/home/ros2_ws/install/meu_pacote_cpp:/home/ros2_ws/install/dahora_cpp:/opt/ros/humble'), ('PWD', '/home/ros2_ws/build/dahora_cpp'), ('LC_ALL', 'C.UTF-8'), ('GAZEBO_PLUGIN_PATH', '/usr/lib/x86_64-linux-gnu/gazebo-11/plugins:'), ('PYTHONPATH', '/opt/ros/humble/lib/python3.10/site-packages:/opt/ros/humble/local/lib/python3.10/dist-packages'), ('TZ', 'America/Sao_Paulo'), ('COLCON', '1'), ('CMAKE_PREFIX_PATH', '/home/ros2_ws/install/teste_cpp:/home/ros2_ws/install/pub_sub:/home/ros2_ws/install/meu_pacote_cpp:/home/ros2_ws/install/dahora_cpp:/opt/ros/humble')]), 'shell': False}
[2.389973] (dahora_cpp) StdoutLine: {'line': b'-- Install configuration: ""\n'}
[2.390105] (dahora_cpp) StdoutLine: {'line': b'-- Installing: /home/ros2_ws/install/dahora_cpp/lib/dahora_cpp/publicador\n'}
[2.391148] (dahora_cpp) StdoutLine: {'line': b'-- Set runtime path of "/home/ros2_ws/install/dahora_cpp/lib/dahora_cpp/publicador" to ""\n'}
[2.391274] (dahora_cpp) StdoutLine: {'line': b'-- Up-to-date: /home/ros2_ws/install/dahora_cpp/share/ament_index/resource_index/package_run_dependencies/dahora_cpp\n'}
[2.391468] (dahora_cpp) StdoutLine: {'line': b'-- Installing: /home/ros2_ws/install/dahora_cpp/share/ament_index/resource_index/parent_prefix_path/dahora_cpp\n'}
[2.391587] (dahora_cpp) StdoutLine: {'line': b'-- Up-to-date: /home/ros2_ws/install/dahora_cpp/share/dahora_cpp/environment/ament_prefix_path.sh\n'}
[2.391659] (dahora_cpp) StdoutLine: {'line': b'-- Installing: /home/ros2_ws/install/dahora_cpp/share/dahora_cpp/environment/ament_prefix_path.dsv\n'}
[2.391753] (dahora_cpp) StdoutLine: {'line': b'-- Up-to-date: /home/ros2_ws/install/dahora_cpp/share/dahora_cpp/environment/path.sh\n'}
[2.391817] (dahora_cpp) StdoutLine: {'line': b'-- Installing: /home/ros2_ws/install/dahora_cpp/share/dahora_cpp/environment/path.dsv\n'}
[2.391912] (dahora_cpp) StdoutLine: {'line': b'-- Up-to-date: /home/ros2_ws/install/dahora_cpp/share/dahora_cpp/local_setup.bash\n'}
[2.391976] (dahora_cpp) StdoutLine: {'line': b'-- Up-to-date: /home/ros2_ws/install/dahora_cpp/share/dahora_cpp/local_setup.sh\n'}
[2.392037] (dahora_cpp) StdoutLine: {'line': b'-- Up-to-date: /home/ros2_ws/install/dahora_cpp/share/dahora_cpp/local_setup.zsh\n'}
[2.392127] (dahora_cpp) StdoutLine: {'line': b'-- Installing: /home/ros2_ws/install/dahora_cpp/share/dahora_cpp/local_setup.dsv\n'}
[2.392184] (dahora_cpp) StdoutLine: {'line': b'-- Installing: /home/ros2_ws/install/dahora_cpp/share/dahora_cpp/package.dsv\n'}
[2.392276] (dahora_cpp) StdoutLine: {'line': b'-- Up-to-date: /home/ros2_ws/install/dahora_cpp/share/ament_index/resource_index/packages/dahora_cpp\n'}
[2.392372] (dahora_cpp) StdoutLine: {'line': b'-- Up-to-date: /home/ros2_ws/install/dahora_cpp/share/dahora_cpp/cmake/dahora_cppConfig.cmake\n'}
[2.392434] (dahora_cpp) StdoutLine: {'line': b'-- Up-to-date: /home/ros2_ws/install/dahora_cpp/share/dahora_cpp/cmake/dahora_cppConfig-version.cmake\n'}
[2.392524] (dahora_cpp) StdoutLine: {'line': b'-- Installing: /home/ros2_ws/install/dahora_cpp/share/dahora_cpp/package.xml\n'}
[2.394189] (dahora_cpp) CommandEnded: {'returncode': 0}
[2.405608] (-) TimerEvent: {}
[2.436950] (dahora_cpp) JobEnded: {'identifier': 'dahora_cpp', 'rc': 0}
[2.437927] (-) EventReactorShutdown: {}
