2024-09-20 15:09:54.388 [info] [principal] Nível de log: Info
2024-09-20 15:09:54.388 [info] [principal] Validando o git encontrado em: "git"
2024-09-20 15:09:54.388 [info] [principal] Usando git "2.34.1" de "git"
2024-09-20 15:09:54.388 [info] [Model][doInitialScan] Initial repository scan started
2024-09-20 15:09:54.388 [info] > git rev-parse --show-toplevel [7ms]
2024-09-20 15:09:54.388 [info] fatal: not a git repository (or any of the parent directories): .git
2024-09-20 15:09:54.391 [warning] [Model][traverseWorkspaceFolder] Unable to read workspace folder '/root': Error: EACCES: permission denied, scandir '/root'
2024-09-20 15:09:54.398 [info] > git rev-parse --show-toplevel [2ms]
2024-09-20 15:09:54.398 [info] fatal: not a git repository (or any of the parent directories): .git
2024-09-20 15:09:54.404 [info] > git rev-parse --show-toplevel [2ms]
2024-09-20 15:09:54.404 [info] fatal: not a git repository (or any parent up to mount point /)
Stopping at filesystem boundary (GIT_DISCOVERY_ACROSS_FILESYSTEM not set).
2024-09-20 15:09:54.408 [info] > git rev-parse --show-toplevel [1ms]
2024-09-20 15:09:54.408 [info] fatal: not a git repository (or any of the parent directories): .git
2024-09-20 15:09:54.413 [info] > git rev-parse --show-toplevel [2ms]
2024-09-20 15:09:54.413 [info] fatal: not a git repository (or any of the parent directories): .git
2024-09-20 15:09:54.417 [info] > git rev-parse --show-toplevel [1ms]
2024-09-20 15:09:54.417 [info] fatal: not a git repository (or any of the parent directories): .git
2024-09-20 15:09:54.421 [info] > git rev-parse --show-toplevel [1ms]
2024-09-20 15:09:54.421 [info] fatal: not a git repository (or any of the parent directories): .git
2024-09-20 15:09:54.426 [info] > git rev-parse --show-toplevel [2ms]
2024-09-20 15:09:54.426 [info] fatal: not a git repository (or any of the parent directories): .git
2024-09-20 15:09:54.430 [info] > git rev-parse --show-toplevel [2ms]
2024-09-20 15:09:54.430 [info] fatal: not a git repository (or any of the parent directories): .git
2024-09-20 15:09:54.441 [info] > git rev-parse --show-toplevel [2ms]
2024-09-20 15:09:54.441 [info] fatal: not a git repository (or any parent up to mount point /)
Stopping at filesystem boundary (GIT_DISCOVERY_ACROSS_FILESYSTEM not set).
2024-09-20 15:09:54.446 [info] > git rev-parse --show-toplevel [2ms]
2024-09-20 15:09:54.446 [info] fatal: not a git repository (or any of the parent directories): .git
2024-09-20 15:09:54.452 [info] > git rev-parse --show-toplevel [2ms]
2024-09-20 15:09:54.452 [info] fatal: not a git repository (or any of the parent directories): .git
2024-09-20 15:09:54.458 [info] > git rev-parse --show-toplevel [2ms]
2024-09-20 15:09:54.458 [info] fatal: not a git repository (or any parent up to mount point /)
Stopping at filesystem boundary (GIT_DISCOVERY_ACROSS_FILESYSTEM not set).
2024-09-20 15:09:54.464 [info] > git rev-parse --show-toplevel [2ms]
2024-09-20 15:09:54.464 [info] fatal: not a git repository (or any of the parent directories): .git
2024-09-20 15:09:54.470 [info] > git rev-parse --show-toplevel [2ms]
2024-09-20 15:09:54.470 [info] fatal: not a git repository (or any of the parent directories): .git
2024-09-20 15:09:54.476 [info] > git rev-parse --show-toplevel [2ms]
2024-09-20 15:09:54.476 [info] fatal: not a git repository (or any of the parent directories): .git
2024-09-20 15:09:54.482 [info] [Model][doInitialScan] Initial repository scan completed - repositories (0), closed repositories (0), parent repositories (0), unsafe repositories (0)
2024-09-20 15:10:26.332 [info] > git rev-parse --show-toplevel [2ms]
2024-09-20 15:10:26.332 [info] fatal: not a git repository (or any of the parent directories): .git
2024-09-20 15:24:26.102 [info] > git rev-parse --show-toplevel [1ms]
2024-09-20 15:24:26.102 [info] fatal: not a git repository (or any parent up to mount point /home)
Stopping at filesystem boundary (GIT_DISCOVERY_ACROSS_FILESYSTEM not set).
