-- The C compiler identification is GNU 11.4.0
-- The CXX compiler identification is GNU 11.4.0
-- Detecting C compiler ABI info
-- Detecting C compiler ABI info - done
-- Check for working C compiler: /usr/bin/cc - skipped
-- Detecting C compile features
-- Detecting C compile features - done
-- Detecting CXX compiler ABI info
-- Detecting CXX compiler ABI info - done
-- Check for working CXX compiler: /usr/bin/c++ - skipped
-- Detecting CXX compile features
-- Detecting CXX compile features - done
-- Found ament_cmake: 1.3.10 (/opt/ros/humble/share/ament_cmake/cmake)
-- Found Python3: /usr/bin/python3 (found version "3.10.12") found components: Interpreter 
-- Found ament_lint_auto: 0.12.11 (/opt/ros/humble/share/ament_lint_auto/cmake)
-- Added test 'cppcheck' to perform static code analysis on C / C++ code
-- Configured cppcheck include dirs: 
-- Configured cppcheck exclude dirs and/or files: 
-- Added test 'lint_cmake' to check CMake code style
-- Added test 'uncrustify' to check C / C++ code style
-- Configured uncrustify additional arguments: 
-- Added test 'xmllint' to check XML markup files
-- Configuring done
-- Generating done
-- Build files have been written to: /home/ros2_ws/build/meu_pacote_cpp
-- Install configuration: ""
-- Installing: /home/ros2_ws/install/meu_pacote_cpp/share/ament_index/resource_index/package_run_dependencies/meu_pacote_cpp
-- Installing: /home/ros2_ws/install/meu_pacote_cpp/share/ament_index/resource_index/parent_prefix_path/meu_pacote_cpp
-- Installing: /home/ros2_ws/install/meu_pacote_cpp/share/meu_pacote_cpp/environment/ament_prefix_path.sh
-- Installing: /home/ros2_ws/install/meu_pacote_cpp/share/meu_pacote_cpp/environment/ament_prefix_path.dsv
-- Installing: /home/ros2_ws/install/meu_pacote_cpp/share/meu_pacote_cpp/environment/path.sh
-- Installing: /home/ros2_ws/install/meu_pacote_cpp/share/meu_pacote_cpp/environment/path.dsv
-- Installing: /home/ros2_ws/install/meu_pacote_cpp/share/meu_pacote_cpp/local_setup.bash
-- Installing: /home/ros2_ws/install/meu_pacote_cpp/share/meu_pacote_cpp/local_setup.sh
-- Installing: /home/ros2_ws/install/meu_pacote_cpp/share/meu_pacote_cpp/local_setup.zsh
-- Installing: /home/ros2_ws/install/meu_pacote_cpp/share/meu_pacote_cpp/local_setup.dsv
-- Installing: /home/ros2_ws/install/meu_pacote_cpp/share/meu_pacote_cpp/package.dsv
-- Installing: /home/ros2_ws/install/meu_pacote_cpp/share/ament_index/resource_index/packages/meu_pacote_cpp
-- Installing: /home/ros2_ws/install/meu_pacote_cpp/share/meu_pacote_cpp/cmake/meu_pacote_cppConfig.cmake
-- Installing: /home/ros2_ws/install/meu_pacote_cpp/share/meu_pacote_cpp/cmake/meu_pacote_cppConfig-version.cmake
-- Installing: /home/ros2_ws/install/meu_pacote_cpp/share/meu_pacote_cpp/package.xml
