[0.008s] Invoking command in '/home/ros2_ws/build/meu_pacote_cpp': CMAKE_PREFIX_PATH=/opt/ros/humble /usr/bin/cmake /home/ros2_ws/src/meu_pacote_cpp -DCMAKE_INSTALL_PREFIX=/home/ros2_ws/install/meu_pacote_cpp
[0.045s] -- The C compiler identification is GNU 11.4.0
[0.076s] -- The CXX compiler identification is GNU 11.4.0
[0.081s] -- Detecting C compiler ABI info
[0.123s] -- Detecting C compiler ABI info - done
[0.128s] -- Check for working C compiler: /usr/bin/cc - skipped
[0.128s] -- Detecting C compile features
[0.128s] -- Detecting C compile features - done
[0.130s] -- Detecting CXX compiler ABI info
[0.180s] -- Detecting CXX compiler ABI info - done
[0.184s] -- Check for working CXX compiler: /usr/bin/c++ - skipped
[0.185s] -- Detecting CXX compile features
[0.185s] -- Detecting CXX compile features - done
[0.186s] -- Found ament_cmake: 1.3.10 (/opt/ros/humble/share/ament_cmake/cmake)
[0.270s] -- Found Python3: /usr/bin/python3 (found version "3.10.12") found components: Interpreter 
[0.318s] -- Found ament_lint_auto: 0.12.11 (/opt/ros/humble/share/ament_lint_auto/cmake)
[0.364s] -- Added test 'cppcheck' to perform static code analysis on C / C++ code
[0.364s] -- Configured cppcheck include dirs: 
[0.364s] -- Configured cppcheck exclude dirs and/or files: 
[0.364s] -- Added test 'lint_cmake' to check CMake code style
[0.365s] -- Added test 'uncrustify' to check C / C++ code style
[0.365s] -- Configured uncrustify additional arguments: 
[0.365s] -- Added test 'xmllint' to check XML markup files
[0.365s] -- Configuring done
[0.367s] -- Generating done
[0.367s] -- Build files have been written to: /home/ros2_ws/build/meu_pacote_cpp
[0.370s] Invoked command in '/home/ros2_ws/build/meu_pacote_cpp' returned '0': CMAKE_PREFIX_PATH=/opt/ros/humble /usr/bin/cmake /home/ros2_ws/src/meu_pacote_cpp -DCMAKE_INSTALL_PREFIX=/home/ros2_ws/install/meu_pacote_cpp
[0.371s] Invoking command in '/home/ros2_ws/build/meu_pacote_cpp': CMAKE_PREFIX_PATH=/opt/ros/humble /usr/bin/cmake --build /home/ros2_ws/build/meu_pacote_cpp -- -j20 -l20
[0.399s] Invoked command in '/home/ros2_ws/build/meu_pacote_cpp' returned '0': CMAKE_PREFIX_PATH=/opt/ros/humble /usr/bin/cmake --build /home/ros2_ws/build/meu_pacote_cpp -- -j20 -l20
[0.419s] Invoking command in '/home/ros2_ws/build/meu_pacote_cpp': CMAKE_PREFIX_PATH=/opt/ros/humble /usr/bin/cmake --install /home/ros2_ws/build/meu_pacote_cpp
[0.424s] -- Install configuration: ""
[0.425s] -- Installing: /home/ros2_ws/install/meu_pacote_cpp/share/ament_index/resource_index/package_run_dependencies/meu_pacote_cpp
[0.425s] -- Installing: /home/ros2_ws/install/meu_pacote_cpp/share/ament_index/resource_index/parent_prefix_path/meu_pacote_cpp
[0.425s] -- Installing: /home/ros2_ws/install/meu_pacote_cpp/share/meu_pacote_cpp/environment/ament_prefix_path.sh
[0.425s] -- Installing: /home/ros2_ws/install/meu_pacote_cpp/share/meu_pacote_cpp/environment/ament_prefix_path.dsv
[0.425s] -- Installing: /home/ros2_ws/install/meu_pacote_cpp/share/meu_pacote_cpp/environment/path.sh
[0.425s] -- Installing: /home/ros2_ws/install/meu_pacote_cpp/share/meu_pacote_cpp/environment/path.dsv
[0.425s] -- Installing: /home/ros2_ws/install/meu_pacote_cpp/share/meu_pacote_cpp/local_setup.bash
[0.426s] -- Installing: /home/ros2_ws/install/meu_pacote_cpp/share/meu_pacote_cpp/local_setup.sh
[0.426s] -- Installing: /home/ros2_ws/install/meu_pacote_cpp/share/meu_pacote_cpp/local_setup.zsh
[0.426s] -- Installing: /home/ros2_ws/install/meu_pacote_cpp/share/meu_pacote_cpp/local_setup.dsv
[0.426s] -- Installing: /home/ros2_ws/install/meu_pacote_cpp/share/meu_pacote_cpp/package.dsv
[0.426s] -- Installing: /home/ros2_ws/install/meu_pacote_cpp/share/ament_index/resource_index/packages/meu_pacote_cpp
[0.426s] -- Installing: /home/ros2_ws/install/meu_pacote_cpp/share/meu_pacote_cpp/cmake/meu_pacote_cppConfig.cmake
[0.426s] -- Installing: /home/ros2_ws/install/meu_pacote_cpp/share/meu_pacote_cpp/cmake/meu_pacote_cppConfig-version.cmake
[0.426s] -- Installing: /home/ros2_ws/install/meu_pacote_cpp/share/meu_pacote_cpp/package.xml
[0.428s] Invoked command in '/home/ros2_ws/build/meu_pacote_cpp' returned '0': CMAKE_PREFIX_PATH=/opt/ros/humble /usr/bin/cmake --install /home/ros2_ws/build/meu_pacote_cpp
