[0.007s] Invoking command in '/home/ROS/ros2_ws/build/robot_description': CMAKE_PREFIX_PATH=/opt/ros/humble /usr/bin/cmake /home/ROS/ros2_ws/src/robot_description -DCMAKE_INSTALL_PREFIX=/home/ROS/ros2_ws/install/robot_description
[0.124s] -- The C compiler identification is GNU 11.4.0
[0.206s] -- The CXX compiler identification is GNU 11.4.0
[0.214s] -- Detecting C compiler ABI info
[0.287s] -- Detecting C compiler ABI info - done
[0.296s] -- Check for working C compiler: /usr/bin/cc - skipped
[0.298s] -- Detecting C compile features
[0.298s] -- Detecting C compile features - done
[0.302s] -- Detecting CXX compiler ABI info
[0.373s] -- Detecting CXX compiler ABI info - done
[0.378s] -- Check for working CXX compiler: /usr/bin/c++ - skipped
[0.378s] -- Detecting CXX compile features
[0.378s] -- Detecting CXX compile features - done
[0.382s] -- Found ament_cmake: 1.3.9 (/opt/ros/humble/share/ament_cmake/cmake)
[0.505s] -- Found Python3: /usr/bin/python3 (found version "3.10.12") found components: Interpreter 
[0.577s] -- Found ament_lint_auto: 0.12.11 (/opt/ros/humble/share/ament_lint_auto/cmake)
[0.638s] -- Added test 'lint_cmake' to check CMake code style
[0.639s] -- Added test 'xmllint' to check XML markup files
[0.640s] -- Configuring done
[0.642s] -- Generating done
[0.642s] -- Build files have been written to: /home/ROS/ros2_ws/build/robot_description
[0.645s] Invoked command in '/home/ROS/ros2_ws/build/robot_description' returned '0': CMAKE_PREFIX_PATH=/opt/ros/humble /usr/bin/cmake /home/ROS/ros2_ws/src/robot_description -DCMAKE_INSTALL_PREFIX=/home/ROS/ros2_ws/install/robot_description
[0.646s] Invoking command in '/home/ROS/ros2_ws/build/robot_description': CMAKE_PREFIX_PATH=/opt/ros/humble /usr/bin/cmake --build /home/ROS/ros2_ws/build/robot_description -- -j20 -l20
[0.678s] Invoked command in '/home/ROS/ros2_ws/build/robot_description' returned '0': CMAKE_PREFIX_PATH=/opt/ros/humble /usr/bin/cmake --build /home/ROS/ros2_ws/build/robot_description -- -j20 -l20
[0.710s] Invoking command in '/home/ROS/ros2_ws/build/robot_description': CMAKE_PREFIX_PATH=/opt/ros/humble /usr/bin/cmake --install /home/ROS/ros2_ws/build/robot_description
[0.718s] -- Install configuration: ""
[0.718s] -- Installing: /home/ROS/ros2_ws/install/robot_description/share/ament_index/resource_index/package_run_dependencies/robot_description
[0.718s] -- Installing: /home/ROS/ros2_ws/install/robot_description/share/ament_index/resource_index/parent_prefix_path/robot_description
[0.718s] -- Installing: /home/ROS/ros2_ws/install/robot_description/share/robot_description/environment/ament_prefix_path.sh
[0.718s] -- Installing: /home/ROS/ros2_ws/install/robot_description/share/robot_description/environment/ament_prefix_path.dsv
[0.718s] -- Installing: /home/ROS/ros2_ws/install/robot_description/share/robot_description/environment/path.sh
[0.718s] -- Installing: /home/ROS/ros2_ws/install/robot_description/share/robot_description/environment/path.dsv
[0.718s] -- Installing: /home/ROS/ros2_ws/install/robot_description/share/robot_description/local_setup.bash
[0.718s] -- Installing: /home/ROS/ros2_ws/install/robot_description/share/robot_description/local_setup.sh
[0.718s] -- Installing: /home/ROS/ros2_ws/install/robot_description/share/robot_description/local_setup.zsh
[0.718s] -- Installing: /home/ROS/ros2_ws/install/robot_description/share/robot_description/local_setup.dsv
[0.718s] -- Installing: /home/ROS/ros2_ws/install/robot_description/share/robot_description/package.dsv
[0.718s] -- Installing: /home/ROS/ros2_ws/install/robot_description/share/ament_index/resource_index/packages/robot_description
[0.718s] -- Installing: /home/ROS/ros2_ws/install/robot_description/share/robot_description/cmake/robot_descriptionConfig.cmake
[0.718s] -- Installing: /home/ROS/ros2_ws/install/robot_description/share/robot_description/cmake/robot_descriptionConfig-version.cmake
[0.718s] -- Installing: /home/ROS/ros2_ws/install/robot_description/share/robot_description/package.xml
[0.719s] Invoked command in '/home/ROS/ros2_ws/build/robot_description' returned '0': CMAKE_PREFIX_PATH=/opt/ros/humble /usr/bin/cmake --install /home/ROS/ros2_ws/build/robot_description
