[0.000000] (-) TimerEvent: {}
[0.000357] (puma560_description) JobQueued: {'identifier': 'puma560_description', 'dependencies': OrderedDict()}
[0.000453] (puma560_description) JobStarted: {'identifier': 'puma560_description'}
[0.005816] (puma560_description) JobProgress: {'identifier': 'puma560_description', 'progress': 'cmake'}
[0.006006] (puma560_description) JobProgress: {'identifier': 'puma560_description', 'progress': 'build'}
[0.006392] (puma560_description) Command: {'cmd': ['/usr/bin/cmake', '--build', '/home/ROS/ros_ws/build/puma560_description', '--', '-j20', '-l20'], 'cwd': '/home/ROS/ros_ws/build/puma560_description', 'env': OrderedDict([('HOSTNAME', 'thallys'), ('SHLVL', '1'), ('LIBGL_ALWAYS_SOFTWARE', '1'), ('LD_LIBRARY_PATH', '/opt/ros/humble/opt/rviz_ogre_vendor/lib:/opt/ros/humble/lib/x86_64-linux-gnu:/opt/ros/humble/lib'), ('HOME', '/home/ros_ws'), ('OLDPWD', '/home/ROS/ros_ws/src'), ('ROS_PYTHON_VERSION', '3'), ('COLCON_PREFIX_PATH', '/home/ROS/ros_ws/install'), ('ROS_DISTRO', 'humble'), ('_', '/usr/bin/colcon'), ('ROS_VERSION', '2'), ('TERM', 'xterm'), ('ROS_LOCALHOST_ONLY', '0'), ('QT_X11_NO_MITSHM', '1'), ('PATH', '/opt/ros/humble/bin:/usr/local/sbin:/usr/local/bin:/usr/sbin:/usr/bin:/sbin:/bin'), ('XDG_RUNTIME_DIR', '/tmp/runtime-ros_ws'), ('DISPLAY', ':1'), ('LANG', 'C.UTF-8'), ('AMENT_PREFIX_PATH', '/home/ROS/ros_ws/install/puma560_description:/opt/ros/humble'), ('PWD', '/home/ROS/ros_ws/build/puma560_description'), ('LC_ALL', 'C.UTF-8'), ('PYTHONPATH', '/opt/ros/humble/lib/python3.10/site-packages:/opt/ros/humble/local/lib/python3.10/dist-packages'), ('NVIDIA_VISIBLE_DEVICES', 'all'), ('TZ', 'America/Sao_Paulo'), ('COLCON', '1'), ('CMAKE_PREFIX_PATH', '/home/ROS/ros_ws/install/puma560_description:/opt/ros/humble')]), 'shell': False}
[0.031033] (puma560_description) CommandEnded: {'returncode': 0}
[0.053840] (puma560_description) JobProgress: {'identifier': 'puma560_description', 'progress': 'install'}
[0.062859] (puma560_description) Command: {'cmd': ['/usr/bin/cmake', '--install', '/home/ROS/ros_ws/build/puma560_description'], 'cwd': '/home/ROS/ros_ws/build/puma560_description', 'env': OrderedDict([('HOSTNAME', 'thallys'), ('SHLVL', '1'), ('LIBGL_ALWAYS_SOFTWARE', '1'), ('LD_LIBRARY_PATH', '/opt/ros/humble/opt/rviz_ogre_vendor/lib:/opt/ros/humble/lib/x86_64-linux-gnu:/opt/ros/humble/lib'), ('HOME', '/home/ros_ws'), ('OLDPWD', '/home/ROS/ros_ws/src'), ('ROS_PYTHON_VERSION', '3'), ('COLCON_PREFIX_PATH', '/home/ROS/ros_ws/install'), ('ROS_DISTRO', 'humble'), ('_', '/usr/bin/colcon'), ('ROS_VERSION', '2'), ('TERM', 'xterm'), ('ROS_LOCALHOST_ONLY', '0'), ('QT_X11_NO_MITSHM', '1'), ('PATH', '/opt/ros/humble/bin:/usr/local/sbin:/usr/local/bin:/usr/sbin:/usr/bin:/sbin:/bin'), ('XDG_RUNTIME_DIR', '/tmp/runtime-ros_ws'), ('DISPLAY', ':1'), ('LANG', 'C.UTF-8'), ('AMENT_PREFIX_PATH', '/home/ROS/ros_ws/install/puma560_description:/opt/ros/humble'), ('PWD', '/home/ROS/ros_ws/build/puma560_description'), ('LC_ALL', 'C.UTF-8'), ('PYTHONPATH', '/opt/ros/humble/lib/python3.10/site-packages:/opt/ros/humble/local/lib/python3.10/dist-packages'), ('NVIDIA_VISIBLE_DEVICES', 'all'), ('TZ', 'America/Sao_Paulo'), ('COLCON', '1'), ('CMAKE_PREFIX_PATH', '/home/ROS/ros_ws/install/puma560_description:/opt/ros/humble')]), 'shell': False}
[0.070854] (puma560_description) StdoutLine: {'line': b'-- Install configuration: ""\n'}
[0.071048] (puma560_description) StdoutLine: {'line': b'-- Up-to-date: /home/ROS/ros_ws/install/puma560_description/share/puma560_description/urdf\n'}
[0.071148] (puma560_description) StdoutLine: {'line': b'-- Up-to-date: /home/ROS/ros_ws/install/puma560_description/share/puma560_description/urdf/puma560_description.urdf\n'}
[0.071222] (puma560_description) StdoutLine: {'line': b'-- Up-to-date: /home/ROS/ros_ws/install/puma560_description/share/puma560_description/meshes\n'}
[0.071296] (puma560_description) StdoutLine: {'line': b'-- Up-to-date: /home/ROS/ros_ws/install/puma560_description/share/puma560_description/meshes/link_4.STL\n'}
[0.071380] (puma560_description) StdoutLine: {'line': b'-- Up-to-date: /home/ROS/ros_ws/install/puma560_description/share/puma560_description/meshes/link_2.STL\n'}
[0.071482] (puma560_description) StdoutLine: {'line': b'-- Up-to-date: /home/ROS/ros_ws/install/puma560_description/share/puma560_description/meshes/link_3.STL\n'}
[0.071579] (puma560_description) StdoutLine: {'line': b'-- Up-to-date: /home/ROS/ros_ws/install/puma560_description/share/puma560_description/meshes/link_1.STL\n'}
[0.071668] (puma560_description) StdoutLine: {'line': b'-- Up-to-date: /home/ROS/ros_ws/install/puma560_description/share/puma560_description/meshes/base_link.STL\n'}
[0.071730] (puma560_description) StdoutLine: {'line': b'-- Up-to-date: /home/ROS/ros_ws/install/puma560_description/share/puma560_description/meshes/link_5.STL\n'}
[0.071823] (puma560_description) StdoutLine: {'line': b'-- Up-to-date: /home/ROS/ros_ws/install/puma560_description/share/puma560_description/launch\n'}
[0.071898] (puma560_description) StdoutLine: {'line': b'-- Installing: /home/ROS/ros_ws/install/puma560_description/share/puma560_description/launch/display_launch.yaml\n'}
[0.071955] (puma560_description) StdoutLine: {'line': b'-- Up-to-date: /home/ROS/ros_ws/install/puma560_description/share/ament_index/resource_index/package_run_dependencies/puma560_description\n'}
[0.072014] (puma560_description) StdoutLine: {'line': b'-- Up-to-date: /home/ROS/ros_ws/install/puma560_description/share/ament_index/resource_index/parent_prefix_path/puma560_description\n'}
[0.072070] (puma560_description) StdoutLine: {'line': b'-- Up-to-date: /home/ROS/ros_ws/install/puma560_description/share/puma560_description/environment/ament_prefix_path.sh\n'}
[0.072125] (puma560_description) StdoutLine: {'line': b'-- Up-to-date: /home/ROS/ros_ws/install/puma560_description/share/puma560_description/environment/ament_prefix_path.dsv\n'}
[0.072180] (puma560_description) StdoutLine: {'line': b'-- Up-to-date: /home/ROS/ros_ws/install/puma560_description/share/puma560_description/environment/path.sh\n'}
[0.072240] (puma560_description) StdoutLine: {'line': b'-- Up-to-date: /home/ROS/ros_ws/install/puma560_description/share/puma560_description/environment/path.dsv\n'}
[0.072308] (puma560_description) StdoutLine: {'line': b'-- Up-to-date: /home/ROS/ros_ws/install/puma560_description/share/puma560_description/local_setup.bash\n'}
[0.072368] (puma560_description) StdoutLine: {'line': b'-- Up-to-date: /home/ROS/ros_ws/install/puma560_description/share/puma560_description/local_setup.sh\n'}
[0.072424] (puma560_description) StdoutLine: {'line': b'-- Up-to-date: /home/ROS/ros_ws/install/puma560_description/share/puma560_description/local_setup.zsh\n'}
[0.072481] (puma560_description) StdoutLine: {'line': b'-- Up-to-date: /home/ROS/ros_ws/install/puma560_description/share/puma560_description/local_setup.dsv\n'}
[0.072537] (puma560_description) StdoutLine: {'line': b'-- Installing: /home/ROS/ros_ws/install/puma560_description/share/puma560_description/package.dsv\n'}
[0.072593] (puma560_description) StdoutLine: {'line': b'-- Up-to-date: /home/ROS/ros_ws/install/puma560_description/share/ament_index/resource_index/packages/puma560_description\n'}
[0.072648] (puma560_description) StdoutLine: {'line': b'-- Up-to-date: /home/ROS/ros_ws/install/puma560_description/share/puma560_description/cmake/puma560_descriptionConfig.cmake\n'}
[0.072720] (puma560_description) StdoutLine: {'line': b'-- Up-to-date: /home/ROS/ros_ws/install/puma560_description/share/puma560_description/cmake/puma560_descriptionConfig-version.cmake\n'}
[0.072781] (puma560_description) StdoutLine: {'line': b'-- Up-to-date: /home/ROS/ros_ws/install/puma560_description/share/puma560_description/package.xml\n'}
[0.073564] (puma560_description) CommandEnded: {'returncode': 0}
[0.099882] (-) TimerEvent: {}
[0.117034] (puma560_description) JobEnded: {'identifier': 'puma560_description', 'rc': 0}
[0.117858] (-) EventReactorShutdown: {}
