[0.027s] Invoking command in '/home/ROS/ros2_ws/build/robot_description': CMAKE_PREFIX_PATH=${CMAKE_PREFIX_PATH}:/opt/ros/humble /usr/bin/cmake --build /home/ROS/ros2_ws/build/robot_description -- -j8 -l8
[0.110s] Invoked command in '/home/ROS/ros2_ws/build/robot_description' returned '0': CMAKE_PREFIX_PATH=${CMAKE_PREFIX_PATH}:/opt/ros/humble /usr/bin/cmake --build /home/ROS/ros2_ws/build/robot_description -- -j8 -l8
[0.179s] Invoking command in '/home/ROS/ros2_ws/build/robot_description': CMAKE_PREFIX_PATH=${CMAKE_PREFIX_PATH}:/opt/ros/humble /usr/bin/cmake --install /home/ROS/ros2_ws/build/robot_description
[0.196s] -- Install configuration: ""
[0.196s] -- Up-to-date: /home/ROS/ros2_ws/install/robot_description/share/robot_description/launch
[0.197s] -- Up-to-date: /home/ROS/ros2_ws/install/robot_description/share/robot_description/launch/test.py
[0.197s] -- Up-to-date: /home/ROS/ros2_ws/install/robot_description/share/robot_description/launch/display.launch.yaml
[0.197s] -- Up-to-date: /home/ROS/ros2_ws/install/robot_description/share/robot_description/launch/display.launch.py
[0.197s] -- Up-to-date: /home/ROS/ros2_ws/install/robot_description/share/robot_description/urdf
[0.197s] -- Up-to-date: /home/ROS/ros2_ws/install/robot_description/share/robot_description/urdf/robot_example.urdf
[0.197s] -- Up-to-date: /home/ROS/ros2_ws/install/robot_description/share/robot_description/config
[0.198s] -- Up-to-date: /home/ROS/ros2_ws/install/robot_description/share/robot_description/config/config.rviz
[0.198s] -- Up-to-date: /home/ROS/ros2_ws/install/robot_description/share/ament_index/resource_index/package_run_dependencies/robot_description
[0.198s] -- Up-to-date: /home/ROS/ros2_ws/install/robot_description/share/ament_index/resource_index/parent_prefix_path/robot_description
[0.199s] -- Up-to-date: /home/ROS/ros2_ws/install/robot_description/share/robot_description/environment/ament_prefix_path.sh
[0.199s] -- Up-to-date: /home/ROS/ros2_ws/install/robot_description/share/robot_description/environment/ament_prefix_path.dsv
[0.199s] -- Up-to-date: /home/ROS/ros2_ws/install/robot_description/share/robot_description/environment/path.sh
[0.199s] -- Up-to-date: /home/ROS/ros2_ws/install/robot_description/share/robot_description/environment/path.dsv
[0.200s] -- Up-to-date: /home/ROS/ros2_ws/install/robot_description/share/robot_description/local_setup.bash
[0.200s] -- Up-to-date: /home/ROS/ros2_ws/install/robot_description/share/robot_description/local_setup.sh
[0.200s] -- Up-to-date: /home/ROS/ros2_ws/install/robot_description/share/robot_description/local_setup.zsh
[0.200s] -- Up-to-date: /home/ROS/ros2_ws/install/robot_description/share/robot_description/local_setup.dsv
[0.200s] -- Up-to-date: /home/ROS/ros2_ws/install/robot_description/share/robot_description/package.dsv
[0.201s] -- Up-to-date: /home/ROS/ros2_ws/install/robot_description/share/ament_index/resource_index/packages/robot_description
[0.203s] -- Up-to-date: /home/ROS/ros2_ws/install/robot_description/share/robot_description/cmake/robot_descriptionConfig.cmake
[0.203s] -- Up-to-date: /home/ROS/ros2_ws/install/robot_description/share/robot_description/cmake/robot_descriptionConfig-version.cmake
[0.203s] -- Up-to-date: /home/ROS/ros2_ws/install/robot_description/share/robot_description/package.xml
[0.207s] Invoked command in '/home/ROS/ros2_ws/build/robot_description' returned '0': CMAKE_PREFIX_PATH=${CMAKE_PREFIX_PATH}:/opt/ros/humble /usr/bin/cmake --install /home/ROS/ros2_ws/build/robot_description
