[INFO] [1730162532.584057194] [gz_ros2_control]: [ign_ros2_control] Fixed joint [joint_0] (Entity=29)] is skipped
[INFO] [1730162532.585877426] [gz_ros2_control]: connected to service!! robot_state_publisher asking for robot_description
[INFO] [1730162532.586112497] [gz_ros2_control]: Received URDF from param server
[INFO] [1730162532.592869982] [gz_ros2_control]: The position_proportional_gain has been set to: 0.1
[WARN] [1730162532.592897228] [gz_ros2_control]: Skipping joint in the URDF named 'joint_0' which is not in the gazebo model.
[INFO] [1730162532.592919782] [gz_ros2_control]: Loading joint: joint_1
[INFO] [1730162532.592925504] [gz_ros2_control]: 	State:
[INFO] [1730162532.592930581] [gz_ros2_control]: 		 position
[INFO] [1730162532.592935382] [gz_ros2_control]: 	Command:
[INFO] [1730162532.592938728] [gz_ros2_control]: 		 position
[INFO] [1730162532.592947857] [gz_ros2_control]: Loading joint: joint_3
[INFO] [1730162532.592953724] [gz_ros2_control]: 	State:
[INFO] [1730162532.592957064] [gz_ros2_control]: 		 position
[INFO] [1730162532.592961489] [gz_ros2_control]: 	Command:
[INFO] [1730162532.592967144] [gz_ros2_control]: 		 position
[INFO] [1730162532.592982426] [gz_ros2_control]: Loading joint: joint_4
[INFO] [1730162532.592990858] [gz_ros2_control]: 	State:
[INFO] [1730162532.592998744] [gz_ros2_control]: 		 position
[INFO] [1730162532.593006979] [gz_ros2_control]: 	Command:
[INFO] [1730162532.593014591] [gz_ros2_control]: 		 position
[INFO] [1730162532.593027482] [gz_ros2_control]: Loading joint: joint_5
[INFO] [1730162532.593034645] [gz_ros2_control]: 	State:
[INFO] [1730162532.593039713] [gz_ros2_control]: 		 position
[INFO] [1730162532.593044819] [gz_ros2_control]: 	Command:
[INFO] [1730162532.593049665] [gz_ros2_control]: 		 position
[INFO] [1730162532.593092487] [resource_manager]: Initialize hardware 'RobotSystem' 
[WARN] [1730162532.593111062] [gz_ros2_control]: On init...
[INFO] [1730162532.593143346] [resource_manager]: Successful initialization of hardware 'RobotSystem'
[INFO] [1730162532.593171691] [resource_manager]: 'configure' hardware 'RobotSystem' 
[INFO] [1730162532.593174932] [gz_ros2_control]: System Successfully configured!
[INFO] [1730162532.593181679] [resource_manager]: Successful 'configure' of hardware 'RobotSystem'
[INFO] [1730162532.593187779] [resource_manager]: 'activate' hardware 'RobotSystem' 
[INFO] [1730162532.593192515] [resource_manager]: Successful 'activate' of hardware 'RobotSystem'
[INFO] [1730162532.593198125] [gz_ros2_control]: Loading controller_manager
[WARN] [1730162532.737782674] [gz_ros2_control]:  Desired controller update period (0.1 s) is slower than the gazebo simulation period (0.001 s).
[INFO] [1730162661.027716930] [rclcpp]: signal_handler(signum=2)
