[0.007s] Invoking command in '/home/ROS/ros_ws/build/puma560_description': CMAKE_PREFIX_PATH=/opt/ros/humble /usr/bin/cmake /home/ROS/ros_ws/src/puma560_description -DCMAKE_INSTALL_PREFIX=/home/ROS/ros_ws/install/puma560_description
[0.126s] -- The C compiler identification is GNU 11.4.0
[0.219s] -- The CXX compiler identification is GNU 11.4.0
[0.228s] -- Detecting C compiler ABI info
[0.300s] -- Detecting C compiler ABI info - done
[0.306s] -- Check for working C compiler: /usr/bin/cc - skipped
[0.307s] -- Detecting C compile features
[0.307s] -- Detecting C compile features - done
[0.310s] -- Detecting CXX compiler ABI info
[0.371s] -- Detecting CXX compiler ABI info - done
[0.377s] -- Check for working CXX compiler: /usr/bin/c++ - skipped
[0.377s] -- Detecting CXX compile features
[0.378s] -- Detecting CXX compile features - done
[0.381s] -- Found ament_cmake: 1.3.9 (/opt/ros/humble/share/ament_cmake/cmake)
[0.500s] -- Found Python3: /usr/bin/python3 (found version "3.10.12") found components: Interpreter 
[0.577s] -- Found ament_lint_auto: 0.12.11 (/opt/ros/humble/share/ament_lint_auto/cmake)
[0.636s] -- Added test 'lint_cmake' to check CMake code style
[0.637s] -- Added test 'xmllint' to check XML markup files
[0.638s] -- Configuring done
[0.639s] -- Generating done
[0.640s] -- Build files have been written to: /home/ROS/ros_ws/build/puma560_description
[0.643s] Invoked command in '/home/ROS/ros_ws/build/puma560_description' returned '0': CMAKE_PREFIX_PATH=/opt/ros/humble /usr/bin/cmake /home/ROS/ros_ws/src/puma560_description -DCMAKE_INSTALL_PREFIX=/home/ROS/ros_ws/install/puma560_description
[0.644s] Invoking command in '/home/ROS/ros_ws/build/puma560_description': CMAKE_PREFIX_PATH=/opt/ros/humble /usr/bin/cmake --build /home/ROS/ros_ws/build/puma560_description -- -j20 -l20
[0.671s] Invoked command in '/home/ROS/ros_ws/build/puma560_description' returned '0': CMAKE_PREFIX_PATH=/opt/ros/humble /usr/bin/cmake --build /home/ROS/ros_ws/build/puma560_description -- -j20 -l20
[0.701s] Invoking command in '/home/ROS/ros_ws/build/puma560_description': CMAKE_PREFIX_PATH=/opt/ros/humble /usr/bin/cmake --install /home/ROS/ros_ws/build/puma560_description
[0.708s] -- Install configuration: ""
[0.708s] -- Installing: /home/ROS/ros_ws/install/puma560_description/share/ament_index/resource_index/package_run_dependencies/puma560_description
[0.708s] -- Installing: /home/ROS/ros_ws/install/puma560_description/share/ament_index/resource_index/parent_prefix_path/puma560_description
[0.708s] -- Installing: /home/ROS/ros_ws/install/puma560_description/share/puma560_description/environment/ament_prefix_path.sh
[0.708s] -- Installing: /home/ROS/ros_ws/install/puma560_description/share/puma560_description/environment/ament_prefix_path.dsv
[0.708s] -- Installing: /home/ROS/ros_ws/install/puma560_description/share/puma560_description/environment/path.sh
[0.708s] -- Installing: /home/ROS/ros_ws/install/puma560_description/share/puma560_description/environment/path.dsv
[0.709s] -- Installing: /home/ROS/ros_ws/install/puma560_description/share/puma560_description/local_setup.bash
[0.709s] -- Installing: /home/ROS/ros_ws/install/puma560_description/share/puma560_description/local_setup.sh
[0.709s] -- Installing: /home/ROS/ros_ws/install/puma560_description/share/puma560_description/local_setup.zsh
[0.709s] -- Installing: /home/ROS/ros_ws/install/puma560_description/share/puma560_description/local_setup.dsv
[0.709s] -- Installing: /home/ROS/ros_ws/install/puma560_description/share/puma560_description/package.dsv
[0.709s] -- Installing: /home/ROS/ros_ws/install/puma560_description/share/ament_index/resource_index/packages/puma560_description
[0.709s] -- Installing: /home/ROS/ros_ws/install/puma560_description/share/puma560_description/cmake/puma560_descriptionConfig.cmake
[0.709s] -- Installing: /home/ROS/ros_ws/install/puma560_description/share/puma560_description/cmake/puma560_descriptionConfig-version.cmake
[0.709s] -- Installing: /home/ROS/ros_ws/install/puma560_description/share/puma560_description/package.xml
[0.710s] Invoked command in '/home/ROS/ros_ws/build/puma560_description' returned '0': CMAKE_PREFIX_PATH=/opt/ros/humble /usr/bin/cmake --install /home/ROS/ros_ws/build/puma560_description
