[0.034s] Invoking command in '/home/ROS/ros2_ws/build/puma560_description': CMAKE_PREFIX_PATH=${CMAKE_PREFIX_PATH}:/opt/ros/humble /usr/bin/cmake --build /home/ROS/ros2_ws/build/puma560_description -- -j8 -l8
[0.121s] Invoked command in '/home/ROS/ros2_ws/build/puma560_description' returned '0': CMAKE_PREFIX_PATH=${CMAKE_PREFIX_PATH}:/opt/ros/humble /usr/bin/cmake --build /home/ROS/ros2_ws/build/puma560_description -- -j8 -l8
[0.190s] Invoking command in '/home/ROS/ros2_ws/build/puma560_description': CMAKE_PREFIX_PATH=${CMAKE_PREFIX_PATH}:/opt/ros/humble /usr/bin/cmake --install /home/ROS/ros2_ws/build/puma560_description
[0.206s] -- Install configuration: ""
[0.206s] -- Up-to-date: /home/ROS/ros2_ws/install/puma560_description/share/puma560_description/launch
[0.206s] -- Up-to-date: /home/ROS/ros2_ws/install/puma560_description/share/puma560_description/launch/display.launch.py
[0.206s] -- Up-to-date: /home/ROS/ros2_ws/install/puma560_description/share/puma560_description/urdf
[0.207s] -- Up-to-date: /home/ROS/ros2_ws/install/puma560_description/share/puma560_description/urdf/material.xacro
[0.207s] -- Up-to-date: /home/ROS/ros2_ws/install/puma560_description/share/puma560_description/urdf/puma560_description.xacro
[0.207s] -- Up-to-date: /home/ROS/ros2_ws/install/puma560_description/share/puma560_description/urdf/description.txt
[0.207s] -- Up-to-date: /home/ROS/ros2_ws/install/puma560_description/share/puma560_description/config
[0.207s] -- Up-to-date: /home/ROS/ros2_ws/install/puma560_description/share/puma560_description/meshes
[0.208s] -- Up-to-date: /home/ROS/ros2_ws/install/puma560_description/share/puma560_description/meshes/base_link.STL
[0.208s] -- Up-to-date: /home/ROS/ros2_ws/install/puma560_description/share/puma560_description/meshes/link_4.STL
[0.208s] -- Up-to-date: /home/ROS/ros2_ws/install/puma560_description/share/puma560_description/meshes/link_3.STL
[0.208s] -- Up-to-date: /home/ROS/ros2_ws/install/puma560_description/share/puma560_description/meshes/link_2.STL
[0.208s] -- Up-to-date: /home/ROS/ros2_ws/install/puma560_description/share/puma560_description/meshes/link_1.STL
[0.208s] -- Up-to-date: /home/ROS/ros2_ws/install/puma560_description/share/puma560_description/meshes/link_5.STL
[0.208s] -- Up-to-date: /home/ROS/ros2_ws/install/puma560_description/share/puma560_description/rviz2
[0.209s] -- Up-to-date: /home/ROS/ros2_ws/install/puma560_description/share/puma560_description/rviz2/puma560_config.rviz
[0.209s] -- Up-to-date: /home/ROS/ros2_ws/install/puma560_description/share/ament_index/resource_index/package_run_dependencies/puma560_description
[0.209s] -- Up-to-date: /home/ROS/ros2_ws/install/puma560_description/share/ament_index/resource_index/parent_prefix_path/puma560_description
[0.209s] -- Up-to-date: /home/ROS/ros2_ws/install/puma560_description/share/puma560_description/environment/ament_prefix_path.sh
[0.210s] -- Up-to-date: /home/ROS/ros2_ws/install/puma560_description/share/puma560_description/environment/ament_prefix_path.dsv
[0.210s] -- Up-to-date: /home/ROS/ros2_ws/install/puma560_description/share/puma560_description/environment/path.sh
[0.210s] -- Up-to-date: /home/ROS/ros2_ws/install/puma560_description/share/puma560_description/environment/path.dsv
[0.210s] -- Up-to-date: /home/ROS/ros2_ws/install/puma560_description/share/puma560_description/local_setup.bash
[0.210s] -- Up-to-date: /home/ROS/ros2_ws/install/puma560_description/share/puma560_description/local_setup.sh
[0.210s] -- Up-to-date: /home/ROS/ros2_ws/install/puma560_description/share/puma560_description/local_setup.zsh
[0.211s] -- Up-to-date: /home/ROS/ros2_ws/install/puma560_description/share/puma560_description/local_setup.dsv
[0.211s] -- Installing: /home/ROS/ros2_ws/install/puma560_description/share/puma560_description/package.dsv
[0.211s] -- Up-to-date: /home/ROS/ros2_ws/install/puma560_description/share/ament_index/resource_index/packages/puma560_description
[0.211s] -- Up-to-date: /home/ROS/ros2_ws/install/puma560_description/share/puma560_description/cmake/puma560_descriptionConfig.cmake
[0.211s] -- Up-to-date: /home/ROS/ros2_ws/install/puma560_description/share/puma560_description/cmake/puma560_descriptionConfig-version.cmake
[0.211s] -- Up-to-date: /home/ROS/ros2_ws/install/puma560_description/share/puma560_description/package.xml
[0.219s] Invoked command in '/home/ROS/ros2_ws/build/puma560_description' returned '0': CMAKE_PREFIX_PATH=${CMAKE_PREFIX_PATH}:/opt/ros/humble /usr/bin/cmake --install /home/ROS/ros2_ws/build/puma560_description
