-- The C compiler identification is GNU 11.4.0
-- The CXX compiler identification is GNU 11.4.0
-- Detecting C compiler ABI info
-- Detecting C compiler ABI info - done
-- Check for working C compiler: /usr/bin/cc - skipped
-- Detecting C compile features
-- Detecting C compile features - done
-- Detecting CXX compiler ABI info
-- Detecting CXX compiler ABI info - done
-- Check for working CXX compiler: /usr/bin/c++ - skipped
-- Detecting CXX compile features
-- Detecting CXX compile features - done
-- Found ament_cmake: 1.3.9 (/opt/ros/humble/share/ament_cmake/cmake)
-- Found Python3: /usr/bin/python3 (found version "3.10.12") found components: Interpreter 
-- Found xacro: 2.0.8 (/opt/ros/humble/share/xacro/cmake)
-- Found urdf: 2.6.0 (/opt/ros/humble/share/urdf/cmake)
-- Found rviz2: 11.2.12 (/opt/ros/humble/share/rviz2/cmake)
-- Found ament_lint_auto: 0.12.11 (/opt/ros/humble/share/ament_lint_auto/cmake)
-- Added test 'flake8' to check Python code syntax and style conventions
-- Added test 'lint_cmake' to check CMake code style
-- Added test 'pep257' to check Python code against some of the docstring style conventions in PEP 257
-- Added test 'xmllint' to check XML markup files
-- Configuring done
-- Generating done
-- Build files have been written to: /home/ros2_ws/ros2_ws/build/puma560_description
-- Install configuration: ""
-- Installing: /home/ros2_ws/ros2_ws/install/puma560_description/share/puma560_description/launch
-- Installing: /home/ros2_ws/ros2_ws/install/puma560_description/share/puma560_description/launch/display.launch.py
-- Installing: /home/ros2_ws/ros2_ws/install/puma560_description/share/puma560_description/urdf
-- Installing: /home/ros2_ws/ros2_ws/install/puma560_description/share/puma560_description/urdf/description.txt
-- Installing: /home/ros2_ws/ros2_ws/install/puma560_description/share/puma560_description/urdf/material.xacro
-- Installing: /home/ros2_ws/ros2_ws/install/puma560_description/share/puma560_description/urdf/puma560_description.xacro
[31mCMake Error at cmake_install.cmake:46 (file):
  file INSTALL cannot find
  "/home/ros2_ws/ros2_ws/src/puma560_description/config": No such file or
  directory.

[0m
