[0.008s] Invoking command in '/home/ros2_ws/ros2_ws/build/puma560_description': CMAKE_PREFIX_PATH=${CMAKE_PREFIX_PATH}:/opt/ros/humble /usr/bin/cmake /home/ros2_ws/ros2_ws/src/puma560_description -DCMAKE_INSTALL_PREFIX=/home/ros2_ws/ros2_ws/install/puma560_description
[0.135s] -- The C compiler identification is GNU 11.4.0
[0.200s] -- The CXX compiler identification is GNU 11.4.0
[0.207s] -- Detecting C compiler ABI info
[0.269s] -- Detecting C compiler ABI info - done
[0.276s] -- Check for working C compiler: /usr/bin/cc - skipped
[0.278s] -- Detecting C compile features
[0.278s] -- Detecting C compile features - done
[0.283s] -- Detecting CXX compiler ABI info
[0.377s] -- Detecting CXX compiler ABI info - done
[0.383s] -- Check for working CXX compiler: /usr/bin/c++ - skipped
[0.383s] -- Detecting CXX compile features
[0.383s] -- Detecting CXX compile features - done
[0.385s] -- Found ament_cmake: 1.3.9 (/opt/ros/humble/share/ament_cmake/cmake)
[0.502s] -- Found Python3: /usr/bin/python3 (found version "3.10.12") found components: Interpreter 
[0.572s] -- Found xacro: 2.0.8 (/opt/ros/humble/share/xacro/cmake)
[0.574s] -- Found urdf: 2.6.0 (/opt/ros/humble/share/urdf/cmake)
[0.620s] -- Found rviz2: 11.2.12 (/opt/ros/humble/share/rviz2/cmake)
[0.621s] -- Found ament_lint_auto: 0.12.11 (/opt/ros/humble/share/ament_lint_auto/cmake)
[0.673s] -- Added test 'flake8' to check Python code syntax and style conventions
[0.673s] -- Added test 'lint_cmake' to check CMake code style
[0.673s] -- Added test 'pep257' to check Python code against some of the docstring style conventions in PEP 257
[0.674s] -- Added test 'xmllint' to check XML markup files
[0.675s] -- Configuring done
[0.676s] -- Generating done
[0.677s] -- Build files have been written to: /home/ros2_ws/ros2_ws/build/puma560_description
[0.680s] Invoked command in '/home/ros2_ws/ros2_ws/build/puma560_description' returned '0': CMAKE_PREFIX_PATH=${CMAKE_PREFIX_PATH}:/opt/ros/humble /usr/bin/cmake /home/ros2_ws/ros2_ws/src/puma560_description -DCMAKE_INSTALL_PREFIX=/home/ros2_ws/ros2_ws/install/puma560_description
[0.681s] Invoking command in '/home/ros2_ws/ros2_ws/build/puma560_description': CMAKE_PREFIX_PATH=${CMAKE_PREFIX_PATH}:/opt/ros/humble /usr/bin/cmake --build /home/ros2_ws/ros2_ws/build/puma560_description -- -j20 -l20
[0.717s] Invoked command in '/home/ros2_ws/ros2_ws/build/puma560_description' returned '0': CMAKE_PREFIX_PATH=${CMAKE_PREFIX_PATH}:/opt/ros/humble /usr/bin/cmake --build /home/ros2_ws/ros2_ws/build/puma560_description -- -j20 -l20
[0.739s] Invoking command in '/home/ros2_ws/ros2_ws/build/puma560_description': CMAKE_PREFIX_PATH=${CMAKE_PREFIX_PATH}:/opt/ros/humble /usr/bin/cmake --install /home/ros2_ws/ros2_ws/build/puma560_description
[0.746s] -- Install configuration: ""
[0.746s] -- Installing: /home/ros2_ws/ros2_ws/install/puma560_description/share/puma560_description/launch
[0.746s] -- Installing: /home/ros2_ws/ros2_ws/install/puma560_description/share/puma560_description/launch/display.launch.py
[0.746s] -- Installing: /home/ros2_ws/ros2_ws/install/puma560_description/share/puma560_description/urdf
[0.746s] -- Installing: /home/ros2_ws/ros2_ws/install/puma560_description/share/puma560_description/urdf/description.txt
[0.746s] -- Installing: /home/ros2_ws/ros2_ws/install/puma560_description/share/puma560_description/urdf/material.xacro
[0.746s] -- Installing: /home/ros2_ws/ros2_ws/install/puma560_description/share/puma560_description/urdf/puma560_description.xacro
[0.746s] [31mCMake Error at cmake_install.cmake:46 (file):
[0.746s]   file INSTALL cannot find
[0.746s]   "/home/ros2_ws/ros2_ws/src/puma560_description/config": No such file or
[0.746s]   directory.
[0.746s] 
[0.746s] [0m
[0.747s] Invoked command in '/home/ros2_ws/ros2_ws/build/puma560_description' returned '1': CMAKE_PREFIX_PATH=${CMAKE_PREFIX_PATH}:/opt/ros/humble /usr/bin/cmake --install /home/ros2_ws/ros2_ws/build/puma560_description
