[0.000000] (-) TimerEvent: {}
[0.000143] (puma560_controller) JobQueued: {'identifier': 'puma560_controller', 'dependencies': OrderedDict()}
[0.000158] (puma560_description) JobQueued: {'identifier': 'puma560_description', 'dependencies': OrderedDict()}
[0.000168] (robot_description) JobQueued: {'identifier': 'robot_description', 'dependencies': OrderedDict()}
[0.000300] (puma560_controller) JobStarted: {'identifier': 'puma560_controller'}
[0.003948] (puma560_description) JobStarted: {'identifier': 'puma560_description'}
[0.005985] (robot_description) JobStarted: {'identifier': 'robot_description'}
[0.008786] (puma560_controller) JobProgress: {'identifier': 'puma560_controller', 'progress': 'cmake'}
[0.008945] (puma560_controller) JobProgress: {'identifier': 'puma560_controller', 'progress': 'build'}
[0.009233] (puma560_controller) Command: {'cmd': ['/usr/bin/cmake', '--build', '/home/ros2_ws/build/puma560_controller', '--', '-j20', '-l20'], 'cwd': '/home/ros2_ws/build/puma560_controller', 'env': OrderedDict([('HOSTNAME', 'thallys'), ('SHLVL', '1'), ('LD_LIBRARY_PATH', '/opt/ros/humble/opt/rviz_ogre_vendor/lib:/opt/ros/humble/lib/x86_64-linux-gnu:/opt/ros/humble/lib'), ('HOME', '/home/ros2_ws'), ('ROS_PYTHON_VERSION', '3'), ('COLCON_PREFIX_PATH', '/home/ros2_ws/install'), ('ROS_DISTRO', 'humble'), ('_', '/usr/bin/colcon'), ('ROS_VERSION', '2'), ('TERM', 'xterm'), ('ROS_LOCALHOST_ONLY', '0'), ('QT_X11_NO_MITSHM', '1'), ('PATH', '/opt/ros/humble/bin:/usr/local/sbin:/usr/local/bin:/usr/sbin:/usr/bin:/sbin:/bin'), ('XDG_RUNTIME_DIR', '/tmp/runtime-ros2_ws'), ('DISPLAY', ':1'), ('LANG', 'C.UTF-8'), ('AMENT_PREFIX_PATH', '/home/ros2_ws/install/robot_description:/home/ros2_ws/install/puma560_description:/home/ros2_ws/install/puma560_controller:/opt/ros/humble'), ('PWD', '/home/ros2_ws/build/puma560_controller'), ('LC_ALL', 'C.UTF-8'), ('GAZEBO_PLUGIN_PATH', '/usr/lib/x86_64-linux-gnu/gazebo-11/plugins:'), ('PYTHONPATH', '/opt/ros/humble/lib/python3.10/site-packages:/opt/ros/humble/local/lib/python3.10/dist-packages'), ('TZ', 'America/Sao_Paulo'), ('COLCON', '1'), ('CMAKE_PREFIX_PATH', '/home/ros2_ws/install/robot_description:/home/ros2_ws/install/puma560_description:/home/ros2_ws/install/puma560_controller:/opt/ros/humble')]), 'shell': False}
[0.010311] (puma560_description) JobProgress: {'identifier': 'puma560_description', 'progress': 'cmake'}
[0.010504] (puma560_description) JobProgress: {'identifier': 'puma560_description', 'progress': 'build'}
[0.010648] (puma560_description) Command: {'cmd': ['/usr/bin/cmake', '--build', '/home/ros2_ws/build/puma560_description', '--', '-j20', '-l20'], 'cwd': '/home/ros2_ws/build/puma560_description', 'env': OrderedDict([('HOSTNAME', 'thallys'), ('SHLVL', '1'), ('LD_LIBRARY_PATH', '/opt/ros/humble/opt/rviz_ogre_vendor/lib:/opt/ros/humble/lib/x86_64-linux-gnu:/opt/ros/humble/lib'), ('HOME', '/home/ros2_ws'), ('ROS_PYTHON_VERSION', '3'), ('COLCON_PREFIX_PATH', '/home/ros2_ws/install'), ('ROS_DISTRO', 'humble'), ('_', '/usr/bin/colcon'), ('ROS_VERSION', '2'), ('TERM', 'xterm'), ('ROS_LOCALHOST_ONLY', '0'), ('QT_X11_NO_MITSHM', '1'), ('PATH', '/opt/ros/humble/bin:/usr/local/sbin:/usr/local/bin:/usr/sbin:/usr/bin:/sbin:/bin'), ('XDG_RUNTIME_DIR', '/tmp/runtime-ros2_ws'), ('DISPLAY', ':1'), ('LANG', 'C.UTF-8'), ('AMENT_PREFIX_PATH', '/home/ros2_ws/install/robot_description:/home/ros2_ws/install/puma560_description:/home/ros2_ws/install/puma560_controller:/opt/ros/humble'), ('PWD', '/home/ros2_ws/build/puma560_description'), ('LC_ALL', 'C.UTF-8'), ('GAZEBO_PLUGIN_PATH', '/usr/lib/x86_64-linux-gnu/gazebo-11/plugins:'), ('PYTHONPATH', '/opt/ros/humble/lib/python3.10/site-packages:/opt/ros/humble/local/lib/python3.10/dist-packages'), ('TZ', 'America/Sao_Paulo'), ('COLCON', '1'), ('CMAKE_PREFIX_PATH', '/home/ros2_ws/install/robot_description:/home/ros2_ws/install/puma560_description:/home/ros2_ws/install/puma560_controller:/opt/ros/humble')]), 'shell': False}
[0.012337] (robot_description) JobProgress: {'identifier': 'robot_description', 'progress': 'cmake'}
[0.012479] (robot_description) JobProgress: {'identifier': 'robot_description', 'progress': 'build'}
[0.012628] (robot_description) Command: {'cmd': ['/usr/bin/cmake', '--build', '/home/ros2_ws/build/robot_description', '--', '-j20', '-l20'], 'cwd': '/home/ros2_ws/build/robot_description', 'env': OrderedDict([('HOSTNAME', 'thallys'), ('SHLVL', '1'), ('LD_LIBRARY_PATH', '/opt/ros/humble/opt/rviz_ogre_vendor/lib:/opt/ros/humble/lib/x86_64-linux-gnu:/opt/ros/humble/lib'), ('HOME', '/home/ros2_ws'), ('ROS_PYTHON_VERSION', '3'), ('COLCON_PREFIX_PATH', '/home/ros2_ws/install'), ('ROS_DISTRO', 'humble'), ('_', '/usr/bin/colcon'), ('ROS_VERSION', '2'), ('TERM', 'xterm'), ('ROS_LOCALHOST_ONLY', '0'), ('QT_X11_NO_MITSHM', '1'), ('PATH', '/opt/ros/humble/bin:/usr/local/sbin:/usr/local/bin:/usr/sbin:/usr/bin:/sbin:/bin'), ('XDG_RUNTIME_DIR', '/tmp/runtime-ros2_ws'), ('DISPLAY', ':1'), ('LANG', 'C.UTF-8'), ('AMENT_PREFIX_PATH', '/home/ros2_ws/install/robot_description:/home/ros2_ws/install/puma560_description:/home/ros2_ws/install/puma560_controller:/opt/ros/humble'), ('PWD', '/home/ros2_ws/build/robot_description'), ('LC_ALL', 'C.UTF-8'), ('GAZEBO_PLUGIN_PATH', '/usr/lib/x86_64-linux-gnu/gazebo-11/plugins:'), ('PYTHONPATH', '/opt/ros/humble/lib/python3.10/site-packages:/opt/ros/humble/local/lib/python3.10/dist-packages'), ('TZ', 'America/Sao_Paulo'), ('COLCON', '1'), ('CMAKE_PREFIX_PATH', '/home/ros2_ws/install/robot_description:/home/ros2_ws/install/puma560_description:/home/ros2_ws/install/puma560_controller:/opt/ros/humble')]), 'shell': False}
[0.043534] (robot_description) CommandEnded: {'returncode': 0}
[0.047273] (puma560_controller) CommandEnded: {'returncode': 0}
[0.049772] (puma560_description) CommandEnded: {'returncode': 0}
[0.076619] (robot_description) JobProgress: {'identifier': 'robot_description', 'progress': 'install'}
[0.088086] (robot_description) Command: {'cmd': ['/usr/bin/cmake', '--install', '/home/ros2_ws/build/robot_description'], 'cwd': '/home/ros2_ws/build/robot_description', 'env': OrderedDict([('HOSTNAME', 'thallys'), ('SHLVL', '1'), ('LD_LIBRARY_PATH', '/opt/ros/humble/opt/rviz_ogre_vendor/lib:/opt/ros/humble/lib/x86_64-linux-gnu:/opt/ros/humble/lib'), ('HOME', '/home/ros2_ws'), ('ROS_PYTHON_VERSION', '3'), ('COLCON_PREFIX_PATH', '/home/ros2_ws/install'), ('ROS_DISTRO', 'humble'), ('_', '/usr/bin/colcon'), ('ROS_VERSION', '2'), ('TERM', 'xterm'), ('ROS_LOCALHOST_ONLY', '0'), ('QT_X11_NO_MITSHM', '1'), ('PATH', '/opt/ros/humble/bin:/usr/local/sbin:/usr/local/bin:/usr/sbin:/usr/bin:/sbin:/bin'), ('XDG_RUNTIME_DIR', '/tmp/runtime-ros2_ws'), ('DISPLAY', ':1'), ('LANG', 'C.UTF-8'), ('AMENT_PREFIX_PATH', '/home/ros2_ws/install/robot_description:/home/ros2_ws/install/puma560_description:/home/ros2_ws/install/puma560_controller:/opt/ros/humble'), ('PWD', '/home/ros2_ws/build/robot_description'), ('LC_ALL', 'C.UTF-8'), ('GAZEBO_PLUGIN_PATH', '/usr/lib/x86_64-linux-gnu/gazebo-11/plugins:'), ('PYTHONPATH', '/opt/ros/humble/lib/python3.10/site-packages:/opt/ros/humble/local/lib/python3.10/dist-packages'), ('TZ', 'America/Sao_Paulo'), ('COLCON', '1'), ('CMAKE_PREFIX_PATH', '/home/ros2_ws/install/robot_description:/home/ros2_ws/install/puma560_description:/home/ros2_ws/install/puma560_controller:/opt/ros/humble')]), 'shell': False}
[0.089988] (puma560_description) JobProgress: {'identifier': 'puma560_description', 'progress': 'install'}
[0.091035] (puma560_description) Command: {'cmd': ['/usr/bin/cmake', '--install', '/home/ros2_ws/build/puma560_description'], 'cwd': '/home/ros2_ws/build/puma560_description', 'env': OrderedDict([('HOSTNAME', 'thallys'), ('SHLVL', '1'), ('LD_LIBRARY_PATH', '/opt/ros/humble/opt/rviz_ogre_vendor/lib:/opt/ros/humble/lib/x86_64-linux-gnu:/opt/ros/humble/lib'), ('HOME', '/home/ros2_ws'), ('ROS_PYTHON_VERSION', '3'), ('COLCON_PREFIX_PATH', '/home/ros2_ws/install'), ('ROS_DISTRO', 'humble'), ('_', '/usr/bin/colcon'), ('ROS_VERSION', '2'), ('TERM', 'xterm'), ('ROS_LOCALHOST_ONLY', '0'), ('QT_X11_NO_MITSHM', '1'), ('PATH', '/opt/ros/humble/bin:/usr/local/sbin:/usr/local/bin:/usr/sbin:/usr/bin:/sbin:/bin'), ('XDG_RUNTIME_DIR', '/tmp/runtime-ros2_ws'), ('DISPLAY', ':1'), ('LANG', 'C.UTF-8'), ('AMENT_PREFIX_PATH', '/home/ros2_ws/install/robot_description:/home/ros2_ws/install/puma560_description:/home/ros2_ws/install/puma560_controller:/opt/ros/humble'), ('PWD', '/home/ros2_ws/build/puma560_description'), ('LC_ALL', 'C.UTF-8'), ('GAZEBO_PLUGIN_PATH', '/usr/lib/x86_64-linux-gnu/gazebo-11/plugins:'), ('PYTHONPATH', '/opt/ros/humble/lib/python3.10/site-packages:/opt/ros/humble/local/lib/python3.10/dist-packages'), ('TZ', 'America/Sao_Paulo'), ('COLCON', '1'), ('CMAKE_PREFIX_PATH', '/home/ros2_ws/install/robot_description:/home/ros2_ws/install/puma560_description:/home/ros2_ws/install/puma560_controller:/opt/ros/humble')]), 'shell': False}
[0.091664] (puma560_controller) JobProgress: {'identifier': 'puma560_controller', 'progress': 'install'}
[0.092204] (puma560_controller) Command: {'cmd': ['/usr/bin/cmake', '--install', '/home/ros2_ws/build/puma560_controller'], 'cwd': '/home/ros2_ws/build/puma560_controller', 'env': OrderedDict([('HOSTNAME', 'thallys'), ('SHLVL', '1'), ('LD_LIBRARY_PATH', '/opt/ros/humble/opt/rviz_ogre_vendor/lib:/opt/ros/humble/lib/x86_64-linux-gnu:/opt/ros/humble/lib'), ('HOME', '/home/ros2_ws'), ('ROS_PYTHON_VERSION', '3'), ('COLCON_PREFIX_PATH', '/home/ros2_ws/install'), ('ROS_DISTRO', 'humble'), ('_', '/usr/bin/colcon'), ('ROS_VERSION', '2'), ('TERM', 'xterm'), ('ROS_LOCALHOST_ONLY', '0'), ('QT_X11_NO_MITSHM', '1'), ('PATH', '/opt/ros/humble/bin:/usr/local/sbin:/usr/local/bin:/usr/sbin:/usr/bin:/sbin:/bin'), ('XDG_RUNTIME_DIR', '/tmp/runtime-ros2_ws'), ('DISPLAY', ':1'), ('LANG', 'C.UTF-8'), ('AMENT_PREFIX_PATH', '/home/ros2_ws/install/robot_description:/home/ros2_ws/install/puma560_description:/home/ros2_ws/install/puma560_controller:/opt/ros/humble'), ('PWD', '/home/ros2_ws/build/puma560_controller'), ('LC_ALL', 'C.UTF-8'), ('GAZEBO_PLUGIN_PATH', '/usr/lib/x86_64-linux-gnu/gazebo-11/plugins:'), ('PYTHONPATH', '/opt/ros/humble/lib/python3.10/site-packages:/opt/ros/humble/local/lib/python3.10/dist-packages'), ('TZ', 'America/Sao_Paulo'), ('COLCON', '1'), ('CMAKE_PREFIX_PATH', '/home/ros2_ws/install/robot_description:/home/ros2_ws/install/puma560_description:/home/ros2_ws/install/puma560_controller:/opt/ros/humble')]), 'shell': False}
[0.097569] (puma560_description) StdoutLine: {'line': b'-- Install configuration: ""\n'}
[0.097793] (puma560_description) StdoutLine: {'line': b'-- Up-to-date: /home/ros2_ws/install/puma560_description/share/puma560_description/launch\n'}
[0.097964] (puma560_description) StdoutLine: {'line': b'-- Up-to-date: /home/ros2_ws/install/puma560_description/share/puma560_description/launch/puma_display.launch.py\n'}
[0.098059] (robot_description) StdoutLine: {'line': b'-- Install configuration: ""\n'}
[0.098177] (robot_description) StdoutLine: {'line': b'-- Up-to-date: /home/ros2_ws/install/robot_description/share/robot_description/launch\n'}
[0.098287] (puma560_description) StdoutLine: {'line': b'-- Up-to-date: /home/ros2_ws/install/puma560_description/share/puma560_description/launch/puma_gazebo.launch.py\n'}
[0.098354] (puma560_description) StdoutLine: {'line': b'-- Up-to-date: /home/ros2_ws/install/puma560_description/share/puma560_description/urdf\n'}
[0.098409] (puma560_description) StdoutLine: {'line': b'-- Installing: /home/ros2_ws/install/puma560_description/share/puma560_description/urdf/puma560_gazebo.xacro\n'}
[0.098463] (robot_description) StdoutLine: {'line': b'-- Up-to-date: /home/ros2_ws/install/robot_description/share/robot_description/launch/display.launch.py\n'}
[0.098532] (robot_description) StdoutLine: {'line': b'-- Up-to-date: /home/ros2_ws/install/robot_description/share/robot_description/launch/display.launch.yaml\n'}
[0.098603] (puma560_description) StdoutLine: {'line': b'-- Up-to-date: /home/ros2_ws/install/puma560_description/share/puma560_description/urdf/puma560_cores.xacro\n'}
[0.098657] (puma560_description) StdoutLine: {'line': b'-- Up-to-date: /home/ros2_ws/install/puma560_description/share/puma560_description/urdf/puma560_description.urdf.xacro\n'}
[0.098710] (puma560_description) StdoutLine: {'line': b'-- Up-to-date: /home/ros2_ws/install/puma560_description/share/puma560_description/urdf/puma560_control.xacro\n'}
[0.098772] (robot_description) StdoutLine: {'line': b'-- Up-to-date: /home/ros2_ws/install/robot_description/share/robot_description/launch/test.py\n'}
[0.098878] (robot_description) StdoutLine: {'line': b'-- Up-to-date: /home/ros2_ws/install/robot_description/share/robot_description/urdf\n'}
[0.099161] (puma560_description) StdoutLine: {'line': b'-- Up-to-date: /home/ros2_ws/install/puma560_description/share/puma560_description/config\n'}
[0.099522] (puma560_description) StdoutLine: {'line': b'-- Up-to-date: /home/ros2_ws/install/puma560_description/share/puma560_description/config/link2_inertia.yaml\n'}
[0.099810] (-) TimerEvent: {}
[0.099914] (puma560_description) StdoutLine: {'line': b'-- Up-to-date: /home/ros2_ws/install/puma560_description/share/puma560_description/meshes\n'}
[0.100265] (robot_description) StdoutLine: {'line': b'-- Up-to-date: /home/ros2_ws/install/robot_description/share/robot_description/urdf/robot_example.urdf\n'}
[0.100379] (robot_description) StdoutLine: {'line': b'-- Up-to-date: /home/ros2_ws/install/robot_description/share/robot_description/config\n'}
[0.100489] (robot_description) StdoutLine: {'line': b'-- Up-to-date: /home/ros2_ws/install/robot_description/share/robot_description/config/config.rviz\n'}
[0.100590] (puma560_description) StdoutLine: {'line': b'-- Up-to-date: /home/ros2_ws/install/puma560_description/share/puma560_description/meshes/link_5.STL\n'}
[0.100687] (puma560_description) StdoutLine: {'line': b'-- Up-to-date: /home/ros2_ws/install/puma560_description/share/puma560_description/meshes/link_1.STL\n'}
[0.100751] (puma560_description) StdoutLine: {'line': b'-- Up-to-date: /home/ros2_ws/install/puma560_description/share/puma560_description/meshes/link_4.STL\n'}
[0.100891] (puma560_description) StdoutLine: {'line': b'-- Up-to-date: /home/ros2_ws/install/puma560_description/share/puma560_description/meshes/base_link.STL\n'}
[0.101031] (puma560_description) StdoutLine: {'line': b'-- Up-to-date: /home/ros2_ws/install/puma560_description/share/puma560_description/meshes/link_3.STL\n'}
[0.101114] (puma560_description) StdoutLine: {'line': b'-- Up-to-date: /home/ros2_ws/install/puma560_description/share/puma560_description/meshes/link_2.STL\n'}
[0.101215] (puma560_description) StdoutLine: {'line': b'-- Up-to-date: /home/ros2_ws/install/puma560_description/share/puma560_description/rviz2\n'}
[0.101431] (puma560_description) StdoutLine: {'line': b'-- Up-to-date: /home/ros2_ws/install/puma560_description/share/puma560_description/rviz2/display_puma560.rviz\n'}
[0.101473] (robot_description) StdoutLine: {'line': b'-- Up-to-date: /home/ros2_ws/install/robot_description/share/ament_index/resource_index/package_run_dependencies/robot_description\n'}
[0.101583] (puma560_description) StdoutLine: {'line': b'-- Up-to-date: /home/ros2_ws/install/puma560_description/share/ament_index/resource_index/package_run_dependencies/puma560_description\n'}
[0.101673] (robot_description) StdoutLine: {'line': b'-- Up-to-date: /home/ros2_ws/install/robot_description/share/ament_index/resource_index/parent_prefix_path/robot_description\n'}
[0.101745] (puma560_description) StdoutLine: {'line': b'-- Up-to-date: /home/ros2_ws/install/puma560_description/share/ament_index/resource_index/parent_prefix_path/puma560_description\n'}
[0.101910] (puma560_description) StdoutLine: {'line': b'-- Up-to-date: /home/ros2_ws/install/puma560_description/share/puma560_description/environment/ament_prefix_path.sh\n'}
[0.102253] (puma560_description) StdoutLine: {'line': b'-- Up-to-date: /home/ros2_ws/install/puma560_description/share/puma560_description/environment/ament_prefix_path.dsv\n'}
[0.102310] (robot_description) StdoutLine: {'line': b'-- Up-to-date: /home/ros2_ws/install/robot_description/share/robot_description/environment/ament_prefix_path.sh\n'}
[0.102431] (robot_description) StdoutLine: {'line': b'-- Up-to-date: /home/ros2_ws/install/robot_description/share/robot_description/environment/ament_prefix_path.dsv\n'}
[0.102506] (robot_description) StdoutLine: {'line': b'-- Up-to-date: /home/ros2_ws/install/robot_description/share/robot_description/environment/path.sh\n'}
[0.102546] (robot_description) StdoutLine: {'line': b'-- Up-to-date: /home/ros2_ws/install/robot_description/share/robot_description/environment/path.dsv\n'}
[0.102584] (puma560_description) StdoutLine: {'line': b'-- Up-to-date: /home/ros2_ws/install/puma560_description/share/puma560_description/environment/path.sh\n'}
[0.102622] (puma560_description) StdoutLine: {'line': b'-- Up-to-date: /home/ros2_ws/install/puma560_description/share/puma560_description/environment/path.dsv\n'}
[0.102659] (puma560_description) StdoutLine: {'line': b'-- Up-to-date: /home/ros2_ws/install/puma560_description/share/puma560_description/local_setup.bash\n'}
[0.102697] (puma560_description) StdoutLine: {'line': b'-- Up-to-date: /home/ros2_ws/install/puma560_description/share/puma560_description/local_setup.sh\n'}
[0.102733] (puma560_description) StdoutLine: {'line': b'-- Up-to-date: /home/ros2_ws/install/puma560_description/share/puma560_description/local_setup.zsh\n'}
[0.102770] (puma560_description) StdoutLine: {'line': b'-- Up-to-date: /home/ros2_ws/install/puma560_description/share/puma560_description/local_setup.dsv\n'}
[0.102813] (puma560_description) StdoutLine: {'line': b'-- Installing: /home/ros2_ws/install/puma560_description/share/puma560_description/package.dsv\n'}
[0.102853] (robot_description) StdoutLine: {'line': b'-- Up-to-date: /home/ros2_ws/install/robot_description/share/robot_description/local_setup.bash\n'}
[0.102892] (robot_description) StdoutLine: {'line': b'-- Up-to-date: /home/ros2_ws/install/robot_description/share/robot_description/local_setup.sh\n'}
[0.102928] (robot_description) StdoutLine: {'line': b'-- Up-to-date: /home/ros2_ws/install/robot_description/share/robot_description/local_setup.zsh\n'}
[0.102965] (puma560_description) StdoutLine: {'line': b'-- Up-to-date: /home/ros2_ws/install/puma560_description/share/ament_index/resource_index/packages/puma560_description\n'}
[0.103030] (puma560_description) StdoutLine: {'line': b'-- Up-to-date: /home/ros2_ws/install/puma560_description/share/puma560_description/cmake/puma560_descriptionConfig.cmake\n'}
[0.103070] (puma560_description) StdoutLine: {'line': b'-- Up-to-date: /home/ros2_ws/install/puma560_description/share/puma560_description/cmake/puma560_descriptionConfig-version.cmake\n'}
[0.103108] (robot_description) StdoutLine: {'line': b'-- Up-to-date: /home/ros2_ws/install/robot_description/share/robot_description/local_setup.dsv\n'}
[0.103146] (puma560_description) StdoutLine: {'line': b'-- Up-to-date: /home/ros2_ws/install/puma560_description/share/puma560_description/package.xml\n'}
[0.103183] (robot_description) StdoutLine: {'line': b'-- Installing: /home/ros2_ws/install/robot_description/share/robot_description/package.dsv\n'}
[0.103219] (robot_description) StdoutLine: {'line': b'-- Up-to-date: /home/ros2_ws/install/robot_description/share/ament_index/resource_index/packages/robot_description\n'}
[0.103255] (robot_description) StdoutLine: {'line': b'-- Up-to-date: /home/ros2_ws/install/robot_description/share/robot_description/cmake/robot_descriptionConfig.cmake\n'}
[0.103291] (robot_description) StdoutLine: {'line': b'-- Up-to-date: /home/ros2_ws/install/robot_description/share/robot_description/cmake/robot_descriptionConfig-version.cmake\n'}
[0.103327] (robot_description) StdoutLine: {'line': b'-- Up-to-date: /home/ros2_ws/install/robot_description/share/robot_description/package.xml\n'}
[0.103363] (puma560_controller) StdoutLine: {'line': b'-- Install configuration: ""\n'}
[0.103451] (puma560_controller) StdoutLine: {'line': b'-- Up-to-date: /home/ros2_ws/install/puma560_controller/share/puma560_controller/config\n'}
[0.103496] (puma560_controller) StdoutLine: {'line': b'-- Up-to-date: /home/ros2_ws/install/puma560_controller/share/puma560_controller/config/puma560_controller.yaml\n'}
[0.103536] (puma560_controller) StdoutLine: {'line': b'-- Up-to-date: /home/ros2_ws/install/puma560_controller/share/ament_index/resource_index/package_run_dependencies/puma560_controller\n'}
[0.103636] (puma560_controller) StdoutLine: {'line': b'-- Up-to-date: /home/ros2_ws/install/puma560_controller/share/ament_index/resource_index/parent_prefix_path/puma560_controller\n'}
[0.103675] (puma560_controller) StdoutLine: {'line': b'-- Up-to-date: /home/ros2_ws/install/puma560_controller/share/puma560_controller/environment/ament_prefix_path.sh\n'}
[0.103714] (puma560_controller) StdoutLine: {'line': b'-- Up-to-date: /home/ros2_ws/install/puma560_controller/share/puma560_controller/environment/ament_prefix_path.dsv\n'}
[0.103752] (puma560_controller) StdoutLine: {'line': b'-- Up-to-date: /home/ros2_ws/install/puma560_controller/share/puma560_controller/environment/path.sh\n'}
[0.103789] (puma560_controller) StdoutLine: {'line': b'-- Up-to-date: /home/ros2_ws/install/puma560_controller/share/puma560_controller/environment/path.dsv\n'}
[0.103836] (puma560_controller) StdoutLine: {'line': b'-- Up-to-date: /home/ros2_ws/install/puma560_controller/share/puma560_controller/local_setup.bash\n'}
[0.103874] (puma560_controller) StdoutLine: {'line': b'-- Up-to-date: /home/ros2_ws/install/puma560_controller/share/puma560_controller/local_setup.sh\n'}
[0.103911] (puma560_controller) StdoutLine: {'line': b'-- Up-to-date: /home/ros2_ws/install/puma560_controller/share/puma560_controller/local_setup.zsh\n'}
[0.103948] (puma560_controller) StdoutLine: {'line': b'-- Up-to-date: /home/ros2_ws/install/puma560_controller/share/puma560_controller/local_setup.dsv\n'}
[0.103985] (puma560_controller) StdoutLine: {'line': b'-- Installing: /home/ros2_ws/install/puma560_controller/share/puma560_controller/package.dsv\n'}
[0.104021] (puma560_controller) StdoutLine: {'line': b'-- Up-to-date: /home/ros2_ws/install/puma560_controller/share/ament_index/resource_index/packages/puma560_controller\n'}
[0.104058] (puma560_controller) StdoutLine: {'line': b'-- Up-to-date: /home/ros2_ws/install/puma560_controller/share/puma560_controller/cmake/puma560_controllerConfig.cmake\n'}
[0.104098] (puma560_controller) StdoutLine: {'line': b'-- Up-to-date: /home/ros2_ws/install/puma560_controller/share/puma560_controller/cmake/puma560_controllerConfig-version.cmake\n'}
[0.104140] (puma560_controller) StdoutLine: {'line': b'-- Up-to-date: /home/ros2_ws/install/puma560_controller/share/puma560_controller/package.xml\n'}
[0.104178] (robot_description) CommandEnded: {'returncode': 0}
[0.113500] (puma560_description) CommandEnded: {'returncode': 0}
[0.117840] (puma560_controller) CommandEnded: {'returncode': 0}
[0.132338] (robot_description) JobEnded: {'identifier': 'robot_description', 'rc': 0}
[0.135319] (puma560_description) JobEnded: {'identifier': 'puma560_description', 'rc': 0}
[0.138441] (puma560_controller) JobEnded: {'identifier': 'puma560_controller', 'rc': 0}
[0.138742] (-) EventReactorShutdown: {}
