[0.007s] Invoking command in '/home/ros2_ws/build/puma560_controller': CMAKE_PREFIX_PATH=${CMAKE_PREFIX_PATH}:/opt/ros/humble /usr/bin/cmake --build /home/ros2_ws/build/puma560_controller -- -j20 -l20
[0.029s] -- Found ament_cmake: 1.3.10 (/opt/ros/humble/share/ament_cmake/cmake)
[0.113s] -- Found ament_lint_auto: 0.12.11 (/opt/ros/humble/share/ament_lint_auto/cmake)
[0.169s] -- Added test 'flake8' to check Python code syntax and style conventions
[0.170s] -- Added test 'lint_cmake' to check CMake code style
[0.170s] -- Added test 'pep257' to check Python code against some of the docstring style conventions in PEP 257
[0.171s] -- Added test 'xmllint' to check XML markup files
[0.172s] -- Configuring done
[0.176s] -- Generating done
[0.176s] -- Build files have been written to: /home/ros2_ws/build/puma560_controller
[0.195s] Invoked command in '/home/ros2_ws/build/puma560_controller' returned '0': CMAKE_PREFIX_PATH=${CMAKE_PREFIX_PATH}:/opt/ros/humble /usr/bin/cmake --build /home/ros2_ws/build/puma560_controller -- -j20 -l20
[0.227s] Invoking command in '/home/ros2_ws/build/puma560_controller': CMAKE_PREFIX_PATH=${CMAKE_PREFIX_PATH}:/opt/ros/humble /usr/bin/cmake --install /home/ros2_ws/build/puma560_controller
[0.237s] -- Install configuration: ""
[0.237s] -- Up-to-date: /home/ros2_ws/install/puma560_controller/share/puma560_controller/config
[0.237s] -- Up-to-date: /home/ros2_ws/install/puma560_controller/share/puma560_controller/config/puma560_controller.yaml
[0.237s] -- Installing: /home/ros2_ws/install/puma560_controller/share/puma560_controller/launch
[0.238s] -- Installing: /home/ros2_ws/install/puma560_controller/share/puma560_controller/launch/puma560_controller.launch.py
[0.238s] -- Installing: /home/ros2_ws/install/puma560_controller/share/ament_index/resource_index/package_run_dependencies/puma560_controller
[0.238s] -- Up-to-date: /home/ros2_ws/install/puma560_controller/share/ament_index/resource_index/parent_prefix_path/puma560_controller
[0.238s] -- Up-to-date: /home/ros2_ws/install/puma560_controller/share/puma560_controller/environment/ament_prefix_path.sh
[0.238s] -- Installing: /home/ros2_ws/install/puma560_controller/share/puma560_controller/environment/ament_prefix_path.dsv
[0.238s] -- Up-to-date: /home/ros2_ws/install/puma560_controller/share/puma560_controller/environment/path.sh
[0.238s] -- Installing: /home/ros2_ws/install/puma560_controller/share/puma560_controller/environment/path.dsv
[0.238s] -- Up-to-date: /home/ros2_ws/install/puma560_controller/share/puma560_controller/local_setup.bash
[0.238s] -- Up-to-date: /home/ros2_ws/install/puma560_controller/share/puma560_controller/local_setup.sh
[0.239s] -- Up-to-date: /home/ros2_ws/install/puma560_controller/share/puma560_controller/local_setup.zsh
[0.239s] -- Installing: /home/ros2_ws/install/puma560_controller/share/puma560_controller/local_setup.dsv
[0.239s] -- Installing: /home/ros2_ws/install/puma560_controller/share/puma560_controller/package.dsv
[0.239s] -- Up-to-date: /home/ros2_ws/install/puma560_controller/share/ament_index/resource_index/packages/puma560_controller
[0.239s] -- Up-to-date: /home/ros2_ws/install/puma560_controller/share/puma560_controller/cmake/puma560_controllerConfig.cmake
[0.239s] -- Up-to-date: /home/ros2_ws/install/puma560_controller/share/puma560_controller/cmake/puma560_controllerConfig-version.cmake
[0.239s] -- Installing: /home/ros2_ws/install/puma560_controller/share/puma560_controller/package.xml
[0.242s] Invoked command in '/home/ros2_ws/build/puma560_controller' returned '0': CMAKE_PREFIX_PATH=${CMAKE_PREFIX_PATH}:/opt/ros/humble /usr/bin/cmake --install /home/ros2_ws/build/puma560_controller
