[0.000000] (-) TimerEvent: {}
[0.000272] (puma560_description) JobQueued: {'identifier': 'puma560_description', 'dependencies': OrderedDict()}
[0.000354] (robot_description) JobQueued: {'identifier': 'robot_description', 'dependencies': OrderedDict()}
[0.000366] (puma560_description) JobStarted: {'identifier': 'puma560_description'}
[0.005118] (robot_description) JobStarted: {'identifier': 'robot_description'}
[0.007576] (puma560_description) JobProgress: {'identifier': 'puma560_description', 'progress': 'cmake'}
[0.007644] (puma560_description) Command: {'cmd': ['/usr/bin/cmake', '/home/ROS/ros2_ws/src/puma560_description', '-DCMAKE_INSTALL_PREFIX=/home/ROS/ros2_ws/install/puma560_description'], 'cwd': '/home/ROS/ros2_ws/build/puma560_description', 'env': OrderedDict([('HOSTNAME', 'thallys'), ('SHLVL', '1'), ('LIBGL_ALWAYS_SOFTWARE', '1'), ('LD_LIBRARY_PATH', '/opt/ros/humble/opt/rviz_ogre_vendor/lib:/opt/ros/humble/lib/x86_64-linux-gnu:/opt/ros/humble/lib'), ('HOME', '/home/ros2_ws'), ('OLDPWD', '/home/ROS/ros2_ws/src'), ('ROS_PYTHON_VERSION', '3'), ('COLCON_PREFIX_PATH', '/home/ROS/ros2_ws/install'), ('ROS_DISTRO', 'humble'), ('_', '/usr/bin/colcon'), ('ROS_VERSION', '2'), ('TERM', 'xterm'), ('ROS_LOCALHOST_ONLY', '0'), ('QT_X11_NO_MITSHM', '1'), ('PATH', '/opt/ros/humble/bin:/usr/local/sbin:/usr/local/bin:/usr/sbin:/usr/bin:/sbin:/bin'), ('XDG_RUNTIME_DIR', '/tmp/runtime-ros_ws'), ('DISPLAY', ':1'), ('LANG', 'C.UTF-8'), ('AMENT_PREFIX_PATH', '/home/ROS/ros2_ws/install/robot_description:/opt/ros/humble'), ('PWD', '/home/ROS/ros2_ws/build/puma560_description'), ('LC_ALL', 'C.UTF-8'), ('PYTHONPATH', '/opt/ros/humble/lib/python3.10/site-packages:/opt/ros/humble/local/lib/python3.10/dist-packages'), ('NVIDIA_VISIBLE_DEVICES', 'all'), ('TZ', 'America/Sao_Paulo'), ('COLCON', '1'), ('CMAKE_PREFIX_PATH', '/home/ROS/ros2_ws/install/robot_description:/opt/ros/humble')]), 'shell': False}
[0.009388] (robot_description) JobProgress: {'identifier': 'robot_description', 'progress': 'cmake'}
[0.009620] (robot_description) JobProgress: {'identifier': 'robot_description', 'progress': 'build'}
[0.009966] (robot_description) Command: {'cmd': ['/usr/bin/cmake', '--build', '/home/ROS/ros2_ws/build/robot_description', '--', '-j20', '-l20'], 'cwd': '/home/ROS/ros2_ws/build/robot_description', 'env': OrderedDict([('HOSTNAME', 'thallys'), ('SHLVL', '1'), ('LIBGL_ALWAYS_SOFTWARE', '1'), ('LD_LIBRARY_PATH', '/opt/ros/humble/opt/rviz_ogre_vendor/lib:/opt/ros/humble/lib/x86_64-linux-gnu:/opt/ros/humble/lib'), ('HOME', '/home/ros2_ws'), ('OLDPWD', '/home/ROS/ros2_ws/src'), ('ROS_PYTHON_VERSION', '3'), ('COLCON_PREFIX_PATH', '/home/ROS/ros2_ws/install'), ('ROS_DISTRO', 'humble'), ('_', '/usr/bin/colcon'), ('ROS_VERSION', '2'), ('TERM', 'xterm'), ('ROS_LOCALHOST_ONLY', '0'), ('QT_X11_NO_MITSHM', '1'), ('PATH', '/opt/ros/humble/bin:/usr/local/sbin:/usr/local/bin:/usr/sbin:/usr/bin:/sbin:/bin'), ('XDG_RUNTIME_DIR', '/tmp/runtime-ros_ws'), ('DISPLAY', ':1'), ('LANG', 'C.UTF-8'), ('AMENT_PREFIX_PATH', '/home/ROS/ros2_ws/install/robot_description:/opt/ros/humble'), ('PWD', '/home/ROS/ros2_ws/build/robot_description'), ('LC_ALL', 'C.UTF-8'), ('PYTHONPATH', '/opt/ros/humble/lib/python3.10/site-packages:/opt/ros/humble/local/lib/python3.10/dist-packages'), ('NVIDIA_VISIBLE_DEVICES', 'all'), ('TZ', 'America/Sao_Paulo'), ('COLCON', '1'), ('CMAKE_PREFIX_PATH', '/home/ROS/ros2_ws/install/robot_description:/opt/ros/humble')]), 'shell': False}
[0.027474] (robot_description) CommandEnded: {'returncode': 0}
[0.036020] (puma560_description) StdoutLine: {'line': b'-- The C compiler identification is GNU 11.4.0\n'}
[0.037659] (robot_description) JobProgress: {'identifier': 'robot_description', 'progress': 'install'}
[0.041810] (robot_description) Command: {'cmd': ['/usr/bin/cmake', '--install', '/home/ROS/ros2_ws/build/robot_description'], 'cwd': '/home/ROS/ros2_ws/build/robot_description', 'env': OrderedDict([('HOSTNAME', 'thallys'), ('SHLVL', '1'), ('LIBGL_ALWAYS_SOFTWARE', '1'), ('LD_LIBRARY_PATH', '/opt/ros/humble/opt/rviz_ogre_vendor/lib:/opt/ros/humble/lib/x86_64-linux-gnu:/opt/ros/humble/lib'), ('HOME', '/home/ros2_ws'), ('OLDPWD', '/home/ROS/ros2_ws/src'), ('ROS_PYTHON_VERSION', '3'), ('COLCON_PREFIX_PATH', '/home/ROS/ros2_ws/install'), ('ROS_DISTRO', 'humble'), ('_', '/usr/bin/colcon'), ('ROS_VERSION', '2'), ('TERM', 'xterm'), ('ROS_LOCALHOST_ONLY', '0'), ('QT_X11_NO_MITSHM', '1'), ('PATH', '/opt/ros/humble/bin:/usr/local/sbin:/usr/local/bin:/usr/sbin:/usr/bin:/sbin:/bin'), ('XDG_RUNTIME_DIR', '/tmp/runtime-ros_ws'), ('DISPLAY', ':1'), ('LANG', 'C.UTF-8'), ('AMENT_PREFIX_PATH', '/home/ROS/ros2_ws/install/robot_description:/opt/ros/humble'), ('PWD', '/home/ROS/ros2_ws/build/robot_description'), ('LC_ALL', 'C.UTF-8'), ('PYTHONPATH', '/opt/ros/humble/lib/python3.10/site-packages:/opt/ros/humble/local/lib/python3.10/dist-packages'), ('NVIDIA_VISIBLE_DEVICES', 'all'), ('TZ', 'America/Sao_Paulo'), ('COLCON', '1'), ('CMAKE_PREFIX_PATH', '/home/ROS/ros2_ws/install/robot_description:/opt/ros/humble')]), 'shell': False}
[0.045316] (robot_description) StdoutLine: {'line': b'-- Install configuration: ""\n'}
[0.045430] (robot_description) StdoutLine: {'line': b'-- Up-to-date: /home/ROS/ros2_ws/install/robot_description/share/robot_description/launch\n'}
[0.045489] (robot_description) StdoutLine: {'line': b'-- Up-to-date: /home/ROS/ros2_ws/install/robot_description/share/robot_description/launch/display.launch.py\n'}
[0.045546] (robot_description) StdoutLine: {'line': b'-- Up-to-date: /home/ROS/ros2_ws/install/robot_description/share/robot_description/launch/test.py\n'}
[0.045577] (robot_description) StdoutLine: {'line': b'-- Up-to-date: /home/ROS/ros2_ws/install/robot_description/share/robot_description/launch/display.launch.yaml\n'}
[0.045607] (robot_description) StdoutLine: {'line': b'-- Up-to-date: /home/ROS/ros2_ws/install/robot_description/share/robot_description/urdf\n'}
[0.045643] (robot_description) StdoutLine: {'line': b'-- Up-to-date: /home/ROS/ros2_ws/install/robot_description/share/robot_description/urdf/robot_example.urdf\n'}
[0.045689] (robot_description) StdoutLine: {'line': b'-- Up-to-date: /home/ROS/ros2_ws/install/robot_description/share/robot_description/config\n'}
[0.045718] (robot_description) StdoutLine: {'line': b'-- Up-to-date: /home/ROS/ros2_ws/install/robot_description/share/robot_description/config/config.rviz\n'}
[0.045746] (robot_description) StdoutLine: {'line': b'-- Up-to-date: /home/ROS/ros2_ws/install/robot_description/share/ament_index/resource_index/package_run_dependencies/robot_description\n'}
[0.045775] (robot_description) StdoutLine: {'line': b'-- Up-to-date: /home/ROS/ros2_ws/install/robot_description/share/ament_index/resource_index/parent_prefix_path/robot_description\n'}
[0.045806] (robot_description) StdoutLine: {'line': b'-- Up-to-date: /home/ROS/ros2_ws/install/robot_description/share/robot_description/environment/ament_prefix_path.sh\n'}
[0.045837] (robot_description) StdoutLine: {'line': b'-- Up-to-date: /home/ROS/ros2_ws/install/robot_description/share/robot_description/environment/ament_prefix_path.dsv\n'}
[0.045866] (robot_description) StdoutLine: {'line': b'-- Up-to-date: /home/ROS/ros2_ws/install/robot_description/share/robot_description/environment/path.sh\n'}
[0.045897] (robot_description) StdoutLine: {'line': b'-- Up-to-date: /home/ROS/ros2_ws/install/robot_description/share/robot_description/environment/path.dsv\n'}
[0.045928] (robot_description) StdoutLine: {'line': b'-- Up-to-date: /home/ROS/ros2_ws/install/robot_description/share/robot_description/local_setup.bash\n'}
[0.045958] (robot_description) StdoutLine: {'line': b'-- Up-to-date: /home/ROS/ros2_ws/install/robot_description/share/robot_description/local_setup.sh\n'}
[0.045988] (robot_description) StdoutLine: {'line': b'-- Up-to-date: /home/ROS/ros2_ws/install/robot_description/share/robot_description/local_setup.zsh\n'}
[0.046018] (robot_description) StdoutLine: {'line': b'-- Up-to-date: /home/ROS/ros2_ws/install/robot_description/share/robot_description/local_setup.dsv\n'}
[0.046048] (robot_description) StdoutLine: {'line': b'-- Installing: /home/ROS/ros2_ws/install/robot_description/share/robot_description/package.dsv\n'}
[0.046081] (robot_description) StdoutLine: {'line': b'-- Up-to-date: /home/ROS/ros2_ws/install/robot_description/share/ament_index/resource_index/packages/robot_description\n'}
[0.046112] (robot_description) StdoutLine: {'line': b'-- Up-to-date: /home/ROS/ros2_ws/install/robot_description/share/robot_description/cmake/robot_descriptionConfig.cmake\n'}
[0.046144] (robot_description) StdoutLine: {'line': b'-- Up-to-date: /home/ROS/ros2_ws/install/robot_description/share/robot_description/cmake/robot_descriptionConfig-version.cmake\n'}
[0.046173] (robot_description) StdoutLine: {'line': b'-- Up-to-date: /home/ROS/ros2_ws/install/robot_description/share/robot_description/package.xml\n'}
[0.046642] (robot_description) CommandEnded: {'returncode': 0}
[0.066838] (puma560_description) StdoutLine: {'line': b'-- The CXX compiler identification is GNU 11.4.0\n'}
[0.067562] (robot_description) JobEnded: {'identifier': 'robot_description', 'rc': 0}
[0.071753] (puma560_description) StdoutLine: {'line': b'-- Detecting C compiler ABI info\n'}
[0.099929] (-) TimerEvent: {}
[0.134427] (puma560_description) StdoutLine: {'line': b'-- Detecting C compiler ABI info - done\n'}
[0.143006] (puma560_description) StdoutLine: {'line': b'-- Check for working C compiler: /usr/bin/cc - skipped\n'}
[0.143538] (puma560_description) StdoutLine: {'line': b'-- Detecting C compile features\n'}
[0.143952] (puma560_description) StdoutLine: {'line': b'-- Detecting C compile features - done\n'}
[0.147027] (puma560_description) StdoutLine: {'line': b'-- Detecting CXX compiler ABI info\n'}
[0.200146] (-) TimerEvent: {}
[0.214036] (puma560_description) StdoutLine: {'line': b'-- Detecting CXX compiler ABI info - done\n'}
[0.217576] (puma560_description) StdoutLine: {'line': b'-- Check for working CXX compiler: /usr/bin/c++ - skipped\n'}
[0.217639] (puma560_description) StdoutLine: {'line': b'-- Detecting CXX compile features\n'}
[0.217858] (puma560_description) StdoutLine: {'line': b'-- Detecting CXX compile features - done\n'}
[0.219147] (puma560_description) StdoutLine: {'line': b'-- Found ament_cmake: 1.3.9 (/opt/ros/humble/share/ament_cmake/cmake)\n'}
[0.300338] (-) TimerEvent: {}
[0.322848] (puma560_description) StdoutLine: {'line': b'-- Found Python3: /usr/bin/python3 (found version "3.10.12") found components: Interpreter \n'}
[0.366971] (puma560_description) StdoutLine: {'line': b'-- Found ament_lint_auto: 0.12.11 (/opt/ros/humble/share/ament_lint_auto/cmake)\n'}
[0.400423] (-) TimerEvent: {}
[0.413742] (puma560_description) StdoutLine: {'line': b"-- Added test 'lint_cmake' to check CMake code style\n"}
[0.414557] (puma560_description) StdoutLine: {'line': b"-- Added test 'xmllint' to check XML markup files\n"}
[0.415073] (puma560_description) StdoutLine: {'line': b'-- Configuring done\n'}
[0.416660] (puma560_description) StdoutLine: {'line': b'-- Generating done\n'}
[0.416952] (puma560_description) StdoutLine: {'line': b'-- Build files have been written to: /home/ROS/ros2_ws/build/puma560_description\n'}
[0.419121] (puma560_description) CommandEnded: {'returncode': 0}
[0.419390] (puma560_description) JobProgress: {'identifier': 'puma560_description', 'progress': 'build'}
[0.419587] (puma560_description) Command: {'cmd': ['/usr/bin/cmake', '--build', '/home/ROS/ros2_ws/build/puma560_description', '--', '-j20', '-l20'], 'cwd': '/home/ROS/ros2_ws/build/puma560_description', 'env': OrderedDict([('HOSTNAME', 'thallys'), ('SHLVL', '1'), ('LIBGL_ALWAYS_SOFTWARE', '1'), ('LD_LIBRARY_PATH', '/opt/ros/humble/opt/rviz_ogre_vendor/lib:/opt/ros/humble/lib/x86_64-linux-gnu:/opt/ros/humble/lib'), ('HOME', '/home/ros2_ws'), ('OLDPWD', '/home/ROS/ros2_ws/src'), ('ROS_PYTHON_VERSION', '3'), ('COLCON_PREFIX_PATH', '/home/ROS/ros2_ws/install'), ('ROS_DISTRO', 'humble'), ('_', '/usr/bin/colcon'), ('ROS_VERSION', '2'), ('TERM', 'xterm'), ('ROS_LOCALHOST_ONLY', '0'), ('QT_X11_NO_MITSHM', '1'), ('PATH', '/opt/ros/humble/bin:/usr/local/sbin:/usr/local/bin:/usr/sbin:/usr/bin:/sbin:/bin'), ('XDG_RUNTIME_DIR', '/tmp/runtime-ros_ws'), ('DISPLAY', ':1'), ('LANG', 'C.UTF-8'), ('AMENT_PREFIX_PATH', '/home/ROS/ros2_ws/install/robot_description:/opt/ros/humble'), ('PWD', '/home/ROS/ros2_ws/build/puma560_description'), ('LC_ALL', 'C.UTF-8'), ('PYTHONPATH', '/opt/ros/humble/lib/python3.10/site-packages:/opt/ros/humble/local/lib/python3.10/dist-packages'), ('NVIDIA_VISIBLE_DEVICES', 'all'), ('TZ', 'America/Sao_Paulo'), ('COLCON', '1'), ('CMAKE_PREFIX_PATH', '/home/ROS/ros2_ws/install/robot_description:/opt/ros/humble')]), 'shell': False}
[0.449538] (puma560_description) CommandEnded: {'returncode': 0}
[0.473929] (puma560_description) JobProgress: {'identifier': 'puma560_description', 'progress': 'install'}
[0.474374] (puma560_description) Command: {'cmd': ['/usr/bin/cmake', '--install', '/home/ROS/ros2_ws/build/puma560_description'], 'cwd': '/home/ROS/ros2_ws/build/puma560_description', 'env': OrderedDict([('HOSTNAME', 'thallys'), ('SHLVL', '1'), ('LIBGL_ALWAYS_SOFTWARE', '1'), ('LD_LIBRARY_PATH', '/opt/ros/humble/opt/rviz_ogre_vendor/lib:/opt/ros/humble/lib/x86_64-linux-gnu:/opt/ros/humble/lib'), ('HOME', '/home/ros2_ws'), ('OLDPWD', '/home/ROS/ros2_ws/src'), ('ROS_PYTHON_VERSION', '3'), ('COLCON_PREFIX_PATH', '/home/ROS/ros2_ws/install'), ('ROS_DISTRO', 'humble'), ('_', '/usr/bin/colcon'), ('ROS_VERSION', '2'), ('TERM', 'xterm'), ('ROS_LOCALHOST_ONLY', '0'), ('QT_X11_NO_MITSHM', '1'), ('PATH', '/opt/ros/humble/bin:/usr/local/sbin:/usr/local/bin:/usr/sbin:/usr/bin:/sbin:/bin'), ('XDG_RUNTIME_DIR', '/tmp/runtime-ros_ws'), ('DISPLAY', ':1'), ('LANG', 'C.UTF-8'), ('AMENT_PREFIX_PATH', '/home/ROS/ros2_ws/install/robot_description:/opt/ros/humble'), ('PWD', '/home/ROS/ros2_ws/build/puma560_description'), ('LC_ALL', 'C.UTF-8'), ('PYTHONPATH', '/opt/ros/humble/lib/python3.10/site-packages:/opt/ros/humble/local/lib/python3.10/dist-packages'), ('NVIDIA_VISIBLE_DEVICES', 'all'), ('TZ', 'America/Sao_Paulo'), ('COLCON', '1'), ('CMAKE_PREFIX_PATH', '/home/ROS/ros2_ws/install/robot_description:/opt/ros/humble')]), 'shell': False}
[0.483033] (puma560_description) StdoutLine: {'line': b'-- Install configuration: ""\n'}
[0.483326] (puma560_description) StdoutLine: {'line': b'-- Installing: /home/ROS/ros2_ws/install/puma560_description/share/ament_index/resource_index/package_run_dependencies/puma560_description\n'}
[0.483601] (puma560_description) StdoutLine: {'line': b'-- Installing: /home/ROS/ros2_ws/install/puma560_description/share/ament_index/resource_index/parent_prefix_path/puma560_description\n'}
[0.483868] (puma560_description) StdoutLine: {'line': b'-- Installing: /home/ROS/ros2_ws/install/puma560_description/share/puma560_description/environment/ament_prefix_path.sh\n'}
[0.484052] (puma560_description) StdoutLine: {'line': b'-- Installing: /home/ROS/ros2_ws/install/puma560_description/share/puma560_description/environment/ament_prefix_path.dsv\n'}
[0.484218] (puma560_description) StdoutLine: {'line': b'-- Installing: /home/ROS/ros2_ws/install/puma560_description/share/puma560_description/environment/path.sh\n'}
[0.484360] (puma560_description) StdoutLine: {'line': b'-- Installing: /home/ROS/ros2_ws/install/puma560_description/share/puma560_description/environment/path.dsv\n'}
[0.484507] (puma560_description) StdoutLine: {'line': b'-- Installing: /home/ROS/ros2_ws/install/puma560_description/share/puma560_description/local_setup.bash\n'}
[0.484639] (puma560_description) StdoutLine: {'line': b'-- Installing: /home/ROS/ros2_ws/install/puma560_description/share/puma560_description/local_setup.sh\n'}
[0.484748] (puma560_description) StdoutLine: {'line': b'-- Installing: /home/ROS/ros2_ws/install/puma560_description/share/puma560_description/local_setup.zsh\n'}
[0.484855] (puma560_description) StdoutLine: {'line': b'-- Installing: /home/ROS/ros2_ws/install/puma560_description/share/puma560_description/local_setup.dsv\n'}
[0.484961] (puma560_description) StdoutLine: {'line': b'-- Installing: /home/ROS/ros2_ws/install/puma560_description/share/puma560_description/package.dsv\n'}
[0.485066] (puma560_description) StdoutLine: {'line': b'-- Installing: /home/ROS/ros2_ws/install/puma560_description/share/ament_index/resource_index/packages/puma560_description\n'}
[0.485187] (puma560_description) StdoutLine: {'line': b'-- Installing: /home/ROS/ros2_ws/install/puma560_description/share/puma560_description/cmake/puma560_descriptionConfig.cmake\n'}
[0.485295] (puma560_description) StdoutLine: {'line': b'-- Installing: /home/ROS/ros2_ws/install/puma560_description/share/puma560_description/cmake/puma560_descriptionConfig-version.cmake\n'}
[0.485402] (puma560_description) StdoutLine: {'line': b'-- Installing: /home/ROS/ros2_ws/install/puma560_description/share/puma560_description/package.xml\n'}
[0.486494] (puma560_description) CommandEnded: {'returncode': 0}
[0.500536] (-) TimerEvent: {}
[0.526282] (puma560_description) JobEnded: {'identifier': 'puma560_description', 'rc': 0}
[0.527016] (-) EventReactorShutdown: {}
